Copyright 1986-2022 Xilinx, Inc. All Rights Reserved. Copyright 2022-2025 Advanced Micro Devices, Inc. All Rights Reserved.
---------------------------------------------------------------------------------------------------------------------------------------------
| Tool Version : Vivado v.2025.2 (lin64) Build 6299465 Fri Nov 14 12:34:56 MST 2025
| Date         : Sat Feb 28 22:45:10 2026
| Host         : A2R-lab2 running 64-bit Ubuntu 24.04.4 LTS
| Command      : report_timing_summary -file /home/agrillo/ADMM_FPGA/build/reports/post_place_timing.rpt
| Design       : top_spi
| Device       : 7a100t-csg324
| Speed File   : -1  PRODUCTION 1.23 2018-06-13
| Design State : Fully Placed
---------------------------------------------------------------------------------------------------------------------------------------------

Timing Summary Report

------------------------------------------------------------------------------------------------
| Timer Settings
| --------------
------------------------------------------------------------------------------------------------

  Enable Multi Corner Analysis               :  Yes
  Enable Pessimism Removal                   :  Yes
  Pessimism Removal Resolution               :  Nearest Common Node
  Enable Input Delay Default Clock           :  No
  Enable Preset / Clear Arcs                 :  No
  Disable Flight Delays                      :  No
  Ignore I/O Paths                           :  No
  Timing Early Launch at Borrowing Latches   :  No
  Borrow Time for Max Delay Exceptions       :  Yes
  Merge Timing Exceptions                    :  Yes
  Inter-SLR Compensation                     :  Conservative

  Corner  Analyze    Analyze    
  Name    Max Paths  Min Paths  
  ------  ---------  ---------  
  Slow    Yes        Yes        
  Fast    Yes        Yes        


------------------------------------------------------------------------------------------------
| Report Methodology
| ------------------
------------------------------------------------------------------------------------------------

No report available as report_methodology has not been run prior. Run report_methodology on the current design for the summary of methodology violations.



check_timing report

Table of Contents
-----------------
1. checking no_clock (0)
2. checking constant_clock (0)
3. checking pulse_width_clock (0)
4. checking unconstrained_internal_endpoints (0)
5. checking no_input_delay (1)
6. checking no_output_delay (3)
7. checking multiple_clock (0)
8. checking generated_clocks (0)
9. checking loops (0)
10. checking partial_input_delay (0)
11. checking partial_output_delay (0)
12. checking latch_loops (0)

1. checking no_clock (0)
------------------------
 There are 0 register/latch pins with no clock.


2. checking constant_clock (0)
------------------------------
 There are 0 register/latch pins with constant_clock.


3. checking pulse_width_clock (0)
---------------------------------
 There are 0 register/latch pins which need pulse_width check


4. checking unconstrained_internal_endpoints (0)
------------------------------------------------
 There are 0 pins that are not constrained for maximum delay.

 There are 0 pins that are not constrained for maximum delay due to constant clock.


5. checking no_input_delay (1)
------------------------------
 There is 1 input port with no input delay specified. (HIGH)

 There are 0 input ports with no input delay but user has a false path constraint.


6. checking no_output_delay (3)
-------------------------------
 There are 3 ports with no output delay specified. (HIGH)

 There are 0 ports with no output delay but user has a false path constraint

 There are 0 ports with no output delay but with a timing clock defined on it or propagating through it


7. checking multiple_clock (0)
------------------------------
 There are 0 register/latch pins with multiple clocks.


8. checking generated_clocks (0)
--------------------------------
 There are 0 generated clocks that are not connected to a clock source.


9. checking loops (0)
---------------------
 There are 0 combinational loops in the design.


10. checking partial_input_delay (0)
------------------------------------
 There are 0 input ports with partial input delay specified.


11. checking partial_output_delay (0)
-------------------------------------
 There are 0 ports with partial output delay specified.


12. checking latch_loops (0)
----------------------------
 There are 0 combinational latch loops in the design through latch input



------------------------------------------------------------------------------------------------
| Design Timing Summary
| ---------------------
------------------------------------------------------------------------------------------------

    WNS(ns)      TNS(ns)  TNS Failing Endpoints  TNS Total Endpoints      WHS(ns)      THS(ns)  THS Failing Endpoints  THS Total Endpoints     WPWS(ns)     TPWS(ns)  TPWS Failing Endpoints  TPWS Total Endpoints  
    -------      -------  ---------------------  -------------------      -------      -------  ---------------------  -------------------     --------     --------  ----------------------  --------------------  
      0.973        0.000                      0                34935       -0.040       -0.312                     15                34935        3.750        0.000                       0                 18807  


Timing constraints are not met.


------------------------------------------------------------------------------------------------
| Clock Summary
| -------------
------------------------------------------------------------------------------------------------

Clock    Waveform(ns)         Period(ns)      Frequency(MHz)
-----    ------------         ----------      --------------
spi_sck  {0.000 50.000}       100.000         10.000          
sys_clk  {0.000 5.000}        10.000          100.000         


------------------------------------------------------------------------------------------------
| Intra Clock Table
| -----------------
------------------------------------------------------------------------------------------------

Clock             WNS(ns)      TNS(ns)  TNS Failing Endpoints  TNS Total Endpoints      WHS(ns)      THS(ns)  THS Failing Endpoints  THS Total Endpoints     WPWS(ns)     TPWS(ns)  TPWS Failing Endpoints  TPWS Total Endpoints  
-----             -------      -------  ---------------------  -------------------      -------      -------  ---------------------  -------------------     --------     --------  ----------------------  --------------------  
sys_clk             0.973        0.000                      0                34935       -0.040       -0.312                     15                34935        3.750        0.000                       0                 18807  


------------------------------------------------------------------------------------------------
| Inter Clock Table
| -----------------
------------------------------------------------------------------------------------------------

From Clock    To Clock          WNS(ns)      TNS(ns)  TNS Failing Endpoints  TNS Total Endpoints      WHS(ns)      THS(ns)  THS Failing Endpoints  THS Total Endpoints  
----------    --------          -------      -------  ---------------------  -------------------      -------      -------  ---------------------  -------------------  


------------------------------------------------------------------------------------------------
| Other Path Groups Table
| -----------------------
------------------------------------------------------------------------------------------------

Path Group    From Clock    To Clock          WNS(ns)      TNS(ns)  TNS Failing Endpoints  TNS Total Endpoints      WHS(ns)      THS(ns)  THS Failing Endpoints  THS Total Endpoints  
----------    ----------    --------          -------      -------  ---------------------  -------------------      -------      -------  ---------------------  -------------------  


------------------------------------------------------------------------------------------------
| Timing Details
| --------------
------------------------------------------------------------------------------------------------


---------------------------------------------------------------------------------------------------
From Clock:  sys_clk
  To Clock:  sys_clk

Setup :            0  Failing Endpoints,  Worst Slack        0.973ns,  Total Violation        0.000ns
Hold  :           15  Failing Endpoints,  Worst Slack       -0.040ns,  Total Violation       -0.312ns
PW    :            0  Failing Endpoints,  Worst Slack        3.750ns,  Total Violation        0.000ns
---------------------------------------------------------------------------------------------------


Max Delay Paths
--------------------------------------------------------------------------------------
Slack (MET) :             0.973ns  (required time - arrival time)
  Source:                 dut/grp_ADMM_solver_Pipeline_BACK_SUBST_EXTERN_LOOP_fu_812/ap_CS_fsm_reg[8]/C
                            (rising edge-triggered cell FDRE clocked by sys_clk  {rise@0.000ns fall@5.000ns period=10.000ns})
  Destination:            dut/fmul_32ns_32ns_32_4_max_dsp_1_U174/din1_buf1_reg[21]/D
                            (rising edge-triggered cell FDRE clocked by sys_clk  {rise@0.000ns fall@5.000ns period=10.000ns})
  Path Group:             sys_clk
  Path Type:              Setup (Max at Slow Process Corner)
  Requirement:            10.000ns  (sys_clk rise@10.000ns - sys_clk rise@0.000ns)
  Data Path Delay:        8.939ns  (logic 1.785ns (19.969%)  route 7.154ns (80.031%))
  Logic Levels:           7  (LUT2=1 LUT4=1 LUT5=1 LUT6=4)
  Clock Path Skew:        -0.082ns (DCD - SCD + CPR)
    Destination Clock Delay (DCD):    5.135ns = ( 15.135 - 10.000 ) 
    Source Clock Delay      (SCD):    5.410ns
    Clock Pessimism Removal (CPR):    0.192ns
  Clock Uncertainty:      0.035ns  ((TSJ^2 + TIJ^2)^1/2 + DJ) / 2 + PE
    Total System Jitter     (TSJ):    0.071ns
    Total Input Jitter      (TIJ):    0.000ns
    Discrete Jitter          (DJ):    0.000ns
    Phase Error              (PE):    0.000ns

    Location             Delay type                Incr(ns)  Path(ns)    Netlist Resource(s)
  -------------------------------------------------------------------    -------------------
                         (clock sys_clk rise edge)    0.000     0.000 r  
    P17                                               0.000     0.000 r  clk (IN)
                         net (fo=0)                   0.000     0.000    clk
    P17                  IBUF (Prop_ibuf_I_O)         1.488     1.488 r  clk_IBUF_inst/O
                         net (fo=1, estimated)        2.016     3.504    clk_IBUF
    BUFGCTRL_X0Y0        BUFG (Prop_bufg_I_O)         0.096     3.600 r  clk_IBUF_BUFG_inst/O
                         net (fo=18864, estimated)    1.810     5.410    dut/grp_ADMM_solver_Pipeline_BACK_SUBST_EXTERN_LOOP_fu_812/clk_IBUF_BUFG
    SLICE_X21Y16         FDRE                                         r  dut/grp_ADMM_solver_Pipeline_BACK_SUBST_EXTERN_LOOP_fu_812/ap_CS_fsm_reg[8]/C
  -------------------------------------------------------------------    -------------------
    SLICE_X21Y16         FDRE (Prop_fdre_C_Q)         0.456     5.866 f  dut/grp_ADMM_solver_Pipeline_BACK_SUBST_EXTERN_LOOP_fu_812/ap_CS_fsm_reg[8]/Q
                         net (fo=199, estimated)      1.206     7.072    dut/grp_ADMM_solver_Pipeline_BACK_SUBST_EXTERN_LOOP_fu_812/ap_CS_fsm_pp0_stage8
    SLICE_X29Y23         LUT2 (Prop_lut2_I1_O)        0.150     7.222 f  dut/grp_ADMM_solver_Pipeline_BACK_SUBST_EXTERN_LOOP_fu_812/mul_i26_7_reg_1405[31]_i_1/O
                         net (fo=128, estimated)      0.964     8.186    dut/grp_ADMM_solver_Pipeline_BACK_SUBST_EXTERN_LOOP_fu_812/mul_i26_6_reg_14000
    SLICE_X27Y21         LUT4 (Prop_lut4_I2_O)        0.326     8.512 r  dut/grp_ADMM_solver_Pipeline_BACK_SUBST_EXTERN_LOOP_fu_812/din0_buf1[30]_i_16/O
                         net (fo=44, estimated)       1.095     9.607    dut/grp_ADMM_solver_Pipeline_BACK_SUBST_EXTERN_LOOP_fu_812/din0_buf1[30]_i_16_n_4
    SLICE_X33Y17         LUT5 (Prop_lut5_I0_O)        0.154     9.761 r  dut/grp_ADMM_solver_Pipeline_BACK_SUBST_EXTERN_LOOP_fu_812/din0_buf1[20]_i_9__0/O
                         net (fo=51, estimated)       1.757    11.518    dut/grp_ADMM_solver_Pipeline_BACK_SUBST_EXTERN_LOOP_fu_812/din0_buf1[20]_i_9__0_n_4
    SLICE_X72Y12         LUT6 (Prop_lut6_I4_O)        0.327    11.845 r  dut/grp_ADMM_solver_Pipeline_BACK_SUBST_EXTERN_LOOP_fu_812/din1_buf1[21]_i_7/O
                         net (fo=1, estimated)        0.601    12.446    dut/grp_ADMM_solver_Pipeline_BACK_SUBST_EXTERN_LOOP_fu_812/din1_buf1[21]_i_7_n_4
    SLICE_X71Y15         LUT6 (Prop_lut6_I0_O)        0.124    12.570 r  dut/grp_ADMM_solver_Pipeline_BACK_SUBST_EXTERN_LOOP_fu_812/din1_buf1[21]_i_5/O
                         net (fo=1, estimated)        0.601    13.171    dut/grp_ADMM_solver_Pipeline_BACK_SUBST_EXTERN_LOOP_fu_812/grp_ADMM_solver_Pipeline_BACK_SUBST_EXTERN_LOOP_fu_812_grp_fu_1644_p_din1[21]
    SLICE_X71Y15         LUT6 (Prop_lut6_I0_O)        0.124    13.295 r  dut/grp_ADMM_solver_Pipeline_BACK_SUBST_EXTERN_LOOP_fu_812/din1_buf1[21]_i_4__0/O
                         net (fo=1, estimated)        0.930    14.225    dut/grp_ADMM_solver_Pipeline_ADMM_IT_ZY_UPDATE_LOOP_fu_883/din1_buf1_reg[21]
    SLICE_X73Y27         LUT6 (Prop_lut6_I5_O)        0.124    14.349 r  dut/grp_ADMM_solver_Pipeline_ADMM_IT_ZY_UPDATE_LOOP_fu_883/din1_buf1[21]_i_1__0/O
                         net (fo=1, routed)           0.000    14.349    dut/fmul_32ns_32ns_32_4_max_dsp_1_U174/grp_fu_1644_p1[21]
    SLICE_X73Y27         FDRE                                         r  dut/fmul_32ns_32ns_32_4_max_dsp_1_U174/din1_buf1_reg[21]/D
  -------------------------------------------------------------------    -------------------

                         (clock sys_clk rise edge)   10.000    10.000 r  
    P17                                               0.000    10.000 r  clk (IN)
                         net (fo=0)                   0.000    10.000    clk
    P17                  IBUF (Prop_ibuf_I_O)         1.417    11.417 r  clk_IBUF_inst/O
                         net (fo=1, estimated)        1.915    13.332    clk_IBUF
    BUFGCTRL_X0Y0        BUFG (Prop_bufg_I_O)         0.091    13.423 r  clk_IBUF_BUFG_inst/O
                         net (fo=18864, estimated)    1.712    15.135    dut/fmul_32ns_32ns_32_4_max_dsp_1_U174/clk_IBUF_BUFG
    SLICE_X73Y27         FDRE                                         r  dut/fmul_32ns_32ns_32_4_max_dsp_1_U174/din1_buf1_reg[21]/C
                         clock pessimism              0.192    15.328    
                         clock uncertainty           -0.035    15.293    
    SLICE_X73Y27         FDRE (Setup_fdre_C_D)        0.029    15.322    dut/fmul_32ns_32ns_32_4_max_dsp_1_U174/din1_buf1_reg[21]
  -------------------------------------------------------------------
                         required time                         15.322    
                         arrival time                         -14.349    
  -------------------------------------------------------------------
                         slack                                  0.973    





Min Delay Paths
--------------------------------------------------------------------------------------
Slack (VIOLATED) :        -0.040ns  (arrival time - required time)
  Source:                 dut/current_state_vec_U/q0_reg[27]/C
                            (rising edge-triggered cell FDRE clocked by sys_clk  {rise@0.000ns fall@5.000ns period=10.000ns})
  Destination:            dut/grp_ADMM_solver_Pipeline_ADMM_IT_ZY_UPDATE_LOOP_fu_883/zi_reg_1192_reg[27]/D
                            (rising edge-triggered cell FDRE clocked by sys_clk  {rise@0.000ns fall@5.000ns period=10.000ns})
  Path Group:             sys_clk
  Path Type:              Hold (Min at Fast Process Corner)
  Requirement:            0.000ns  (sys_clk rise@0.000ns - sys_clk rise@0.000ns)
  Data Path Delay:        0.366ns  (logic 0.164ns (44.768%)  route 0.202ns (55.232%))
  Logic Levels:           0  
  Clock Path Skew:        0.336ns (DCD - SCD - CPR)
    Destination Clock Delay (DCD):    2.279ns
    Source Clock Delay      (SCD):    1.702ns
    Clock Pessimism Removal (CPR):    0.241ns

    Location             Delay type                Incr(ns)  Path(ns)    Netlist Resource(s)
  -------------------------------------------------------------------    -------------------
                         (clock sys_clk rise edge)    0.000     0.000 r  
    P17                                               0.000     0.000 r  clk (IN)
                         net (fo=0)                   0.000     0.000    clk
    P17                  IBUF (Prop_ibuf_I_O)         0.256     0.256 r  clk_IBUF_inst/O
                         net (fo=1, estimated)        0.850     1.105    clk_IBUF
    BUFGCTRL_X0Y0        BUFG (Prop_bufg_I_O)         0.026     1.131 r  clk_IBUF_BUFG_inst/O
                         net (fo=18864, estimated)    0.571     1.702    dut/current_state_vec_U/clk_IBUF_BUFG
    SLICE_X30Y52         FDRE                                         r  dut/current_state_vec_U/q0_reg[27]/C
  -------------------------------------------------------------------    -------------------
    SLICE_X30Y52         FDRE (Prop_fdre_C_Q)         0.164     1.866 r  dut/current_state_vec_U/q0_reg[27]/Q
                         net (fo=1, estimated)        0.202     2.069    dut/grp_ADMM_solver_Pipeline_ADMM_IT_ZY_UPDATE_LOOP_fu_883/zi_reg_1192_reg[31]_0[27]
    SLICE_X32Y49         FDRE                                         r  dut/grp_ADMM_solver_Pipeline_ADMM_IT_ZY_UPDATE_LOOP_fu_883/zi_reg_1192_reg[27]/D
  -------------------------------------------------------------------    -------------------

                         (clock sys_clk rise edge)    0.000     0.000 r  
    P17                                               0.000     0.000 r  clk (IN)
                         net (fo=0)                   0.000     0.000    clk
    P17                  IBUF (Prop_ibuf_I_O)         0.444     0.444 r  clk_IBUF_inst/O
                         net (fo=1, estimated)        0.895     1.338    clk_IBUF
    BUFGCTRL_X0Y0        BUFG (Prop_bufg_I_O)         0.029     1.367 r  clk_IBUF_BUFG_inst/O
                         net (fo=18864, estimated)    0.912     2.279    dut/grp_ADMM_solver_Pipeline_ADMM_IT_ZY_UPDATE_LOOP_fu_883/clk_IBUF_BUFG
    SLICE_X32Y49         FDRE                                         r  dut/grp_ADMM_solver_Pipeline_ADMM_IT_ZY_UPDATE_LOOP_fu_883/zi_reg_1192_reg[27]/C
                         clock pessimism             -0.241     2.038    
    SLICE_X32Y49         FDRE (Hold_fdre_C_D)         0.070     2.108    dut/grp_ADMM_solver_Pipeline_ADMM_IT_ZY_UPDATE_LOOP_fu_883/zi_reg_1192_reg[27]
  -------------------------------------------------------------------
                         required time                         -2.108    
                         arrival time                           2.069    
  -------------------------------------------------------------------
                         slack                                 -0.040    





Pulse Width Checks
--------------------------------------------------------------------------------------
Clock Name:         sys_clk
Waveform(ns):       { 0.000 5.000 }
Period(ns):         10.000
Sources:            { clk }

Check Type        Corner  Lib Pin      Reference Pin  Required(ns)  Actual(ns)  Slack(ns)  Location      Pin
Min Period        n/a     DSP48E1/CLK  n/a            3.884         10.000      6.116      DSP48_X0Y4    top_spi/ADMM_solver/ADMM_solver_ADMM_solver_Pipeline_ADMM_IT_ZY_UPDATE_LOOP/ADMM_solver_dmul_64ns_64ns_64_7_max_dsp_1/ADMM_solver_dmul_64ns_64ns_64_7_max_dsp_1_ip/<hidden>/<hidden>/<hidden>/<hidden>/<hidden>/<hidden>
Low Pulse Width   Slow    RAMS32/CLK   n/a            1.250         5.000       3.750      SLICE_X30Y54  dut/current_state_vec_U/ram_reg_0_15_0_0/SP/CLK
High Pulse Width  Slow    RAMS32/CLK   n/a            1.250         5.000       3.750      SLICE_X30Y54  dut/current_state_vec_U/ram_reg_0_15_0_0/SP/CLK



