Copyright 1986-2022 Xilinx, Inc. All Rights Reserved. Copyright 2022-2025 Advanced Micro Devices, Inc. All Rights Reserved.
---------------------------------------------------------------------------------------------------------------------------------------------
| Tool Version : Vivado v.2025.2 (lin64) Build 6299465 Fri Nov 14 12:34:56 MST 2025
| Date         : Sun Mar  1 00:48:34 2026
| Host         : A2R-lab2 running 64-bit Ubuntu 24.04.4 LTS
| Command      : report_timing_summary -file /home/agrillo/ADMM_FPGA/build/reports/post_route_timing.rpt
| Design       : top_spi
| Device       : 7a100t-csg324
| Speed File   : -1  PRODUCTION 1.23 2018-06-13
| Design State : Routed
---------------------------------------------------------------------------------------------------------------------------------------------

Timing Summary Report

------------------------------------------------------------------------------------------------
| Timer Settings
| --------------
------------------------------------------------------------------------------------------------

  Enable Multi Corner Analysis               :  Yes
  Enable Pessimism Removal                   :  Yes
  Pessimism Removal Resolution               :  Nearest Common Node
  Enable Input Delay Default Clock           :  No
  Enable Preset / Clear Arcs                 :  No
  Disable Flight Delays                      :  No
  Ignore I/O Paths                           :  No
  Timing Early Launch at Borrowing Latches   :  No
  Borrow Time for Max Delay Exceptions       :  Yes
  Merge Timing Exceptions                    :  Yes
  Inter-SLR Compensation                     :  Conservative

  Corner  Analyze    Analyze    
  Name    Max Paths  Min Paths  
  ------  ---------  ---------  
  Slow    Yes        Yes        
  Fast    Yes        Yes        


------------------------------------------------------------------------------------------------
| Report Methodology
| ------------------
------------------------------------------------------------------------------------------------

No report available as report_methodology has not been run prior. Run report_methodology on the current design for the summary of methodology violations.



check_timing report

Table of Contents
-----------------
1. checking no_clock (0)
2. checking constant_clock (0)
3. checking pulse_width_clock (0)
4. checking unconstrained_internal_endpoints (0)
5. checking no_input_delay (1)
6. checking no_output_delay (3)
7. checking multiple_clock (0)
8. checking generated_clocks (0)
9. checking loops (0)
10. checking partial_input_delay (0)
11. checking partial_output_delay (0)
12. checking latch_loops (0)

1. checking no_clock (0)
------------------------
 There are 0 register/latch pins with no clock.


2. checking constant_clock (0)
------------------------------
 There are 0 register/latch pins with constant_clock.


3. checking pulse_width_clock (0)
---------------------------------
 There are 0 register/latch pins which need pulse_width check


4. checking unconstrained_internal_endpoints (0)
------------------------------------------------
 There are 0 pins that are not constrained for maximum delay.

 There are 0 pins that are not constrained for maximum delay due to constant clock.


5. checking no_input_delay (1)
------------------------------
 There is 1 input port with no input delay specified. (HIGH)

 There are 0 input ports with no input delay but user has a false path constraint.


6. checking no_output_delay (3)
-------------------------------
 There are 3 ports with no output delay specified. (HIGH)

 There are 0 ports with no output delay but user has a false path constraint

 There are 0 ports with no output delay but with a timing clock defined on it or propagating through it


7. checking multiple_clock (0)
------------------------------
 There are 0 register/latch pins with multiple clocks.


8. checking generated_clocks (0)
--------------------------------
 There are 0 generated clocks that are not connected to a clock source.


9. checking loops (0)
---------------------
 There are 0 combinational loops in the design.


10. checking partial_input_delay (0)
------------------------------------
 There are 0 input ports with partial input delay specified.


11. checking partial_output_delay (0)
-------------------------------------
 There are 0 ports with partial output delay specified.


12. checking latch_loops (0)
----------------------------
 There are 0 combinational latch loops in the design through latch input



------------------------------------------------------------------------------------------------
| Design Timing Summary
| ---------------------
------------------------------------------------------------------------------------------------

    WNS(ns)      TNS(ns)  TNS Failing Endpoints  TNS Total Endpoints      WHS(ns)      THS(ns)  THS Failing Endpoints  THS Total Endpoints     WPWS(ns)     TPWS(ns)  TPWS Failing Endpoints  TPWS Total Endpoints  
    -------      -------  ---------------------  -------------------      -------      -------  ---------------------  -------------------     --------     --------  ----------------------  --------------------  
      0.698        0.000                      0                35688        0.018        0.000                      0                35688        3.750        0.000                       0                 18555  


All user specified timing constraints are met.


------------------------------------------------------------------------------------------------
| Clock Summary
| -------------
------------------------------------------------------------------------------------------------

Clock    Waveform(ns)         Period(ns)      Frequency(MHz)
-----    ------------         ----------      --------------
spi_sck  {0.000 50.000}       100.000         10.000          
sys_clk  {0.000 5.000}        10.000          100.000         


------------------------------------------------------------------------------------------------
| Intra Clock Table
| -----------------
------------------------------------------------------------------------------------------------

Clock             WNS(ns)      TNS(ns)  TNS Failing Endpoints  TNS Total Endpoints      WHS(ns)      THS(ns)  THS Failing Endpoints  THS Total Endpoints     WPWS(ns)     TPWS(ns)  TPWS Failing Endpoints  TPWS Total Endpoints  
-----             -------      -------  ---------------------  -------------------      -------      -------  ---------------------  -------------------     --------     --------  ----------------------  --------------------  
sys_clk             0.698        0.000                      0                35688        0.018        0.000                      0                35688        3.750        0.000                       0                 18555  


------------------------------------------------------------------------------------------------
| Inter Clock Table
| -----------------
------------------------------------------------------------------------------------------------

From Clock    To Clock          WNS(ns)      TNS(ns)  TNS Failing Endpoints  TNS Total Endpoints      WHS(ns)      THS(ns)  THS Failing Endpoints  THS Total Endpoints  
----------    --------          -------      -------  ---------------------  -------------------      -------      -------  ---------------------  -------------------  


------------------------------------------------------------------------------------------------
| Other Path Groups Table
| -----------------------
------------------------------------------------------------------------------------------------

Path Group    From Clock    To Clock          WNS(ns)      TNS(ns)  TNS Failing Endpoints  TNS Total Endpoints      WHS(ns)      THS(ns)  THS Failing Endpoints  THS Total Endpoints  
----------    ----------    --------          -------      -------  ---------------------  -------------------      -------      -------  ---------------------  -------------------  


------------------------------------------------------------------------------------------------
| Timing Details
| --------------
------------------------------------------------------------------------------------------------


---------------------------------------------------------------------------------------------------
From Clock:  sys_clk
  To Clock:  sys_clk

Setup :            0  Failing Endpoints,  Worst Slack        0.698ns,  Total Violation        0.000ns
Hold  :            0  Failing Endpoints,  Worst Slack        0.018ns,  Total Violation        0.000ns
PW    :            0  Failing Endpoints,  Worst Slack        3.750ns,  Total Violation        0.000ns
---------------------------------------------------------------------------------------------------


Max Delay Paths
--------------------------------------------------------------------------------------
Slack (MET) :             0.698ns  (required time - arrival time)
  Source:                 dut/grp_ADMM_solver_Pipeline_AT_MUL_EXTERN_LOOP_fu_993/fmul_32ns_32ns_32_4_max_dsp_1_U152/din0_buf1_reg[21]/C
                            (rising edge-triggered cell FDRE clocked by sys_clk  {rise@0.000ns fall@5.000ns period=10.000ns})
  Destination:            top_spi/ADMM_solver/ADMM_solver_ADMM_solver_Pipeline_AT_MUL_EXTERN_LOOP/ADMM_solver_fmul_32ns_32ns_32_4_max_dsp_1__xdcDup__6/ADMM_solver_fmul_32ns_32ns_32_4_max_dsp_1_ip__15/<hidden>/<hidden>/<hidden>/<hidden>/<hidden>/<hidden>
                            (rising edge-triggered cell DSP48E1 clocked by sys_clk  {rise@0.000ns fall@5.000ns period=10.000ns})
  Path Group:             sys_clk
  Path Type:              Setup (Max at Slow Process Corner)
  Requirement:            10.000ns  (sys_clk rise@10.000ns - sys_clk rise@0.000ns)
  Data Path Delay:        5.337ns  (logic 0.456ns (8.544%)  route 4.881ns (91.456%))
  Logic Levels:           0  
  Clock Path Skew:        0.185ns (DCD - SCD + CPR)
    Destination Clock Delay (DCD):    5.217ns = ( 15.217 - 10.000 ) 
    Source Clock Delay      (SCD):    5.219ns
    Clock Pessimism Removal (CPR):    0.187ns
  Clock Uncertainty:      0.035ns  ((TSJ^2 + TIJ^2)^1/2 + DJ) / 2 + PE
    Total System Jitter     (TSJ):    0.071ns
    Total Input Jitter      (TIJ):    0.000ns
    Discrete Jitter          (DJ):    0.000ns
    Phase Error              (PE):    0.000ns

    Location             Delay type                Incr(ns)  Path(ns)    Netlist Resource(s)
  -------------------------------------------------------------------    -------------------
                         (clock sys_clk rise edge)    0.000     0.000 r  
    P17                                               0.000     0.000 r  clk (IN)
                         net (fo=0)                   0.000     0.000    clk
    P17                  IBUF (Prop_ibuf_I_O)         1.488     1.488 r  clk_IBUF_inst/O
                         net (fo=1, routed)           2.016     3.503    clk_IBUF
    BUFGCTRL_X0Y0        BUFG (Prop_bufg_I_O)         0.096     3.599 r  clk_IBUF_BUFG_inst/O
                         net (fo=18620, routed)       1.620     5.219    dut/grp_ADMM_solver_Pipeline_AT_MUL_EXTERN_LOOP_fu_993/fmul_32ns_32ns_32_4_max_dsp_1_U152/clk_IBUF_BUFG
    SLICE_X48Y146        FDRE                                         r  dut/grp_ADMM_solver_Pipeline_AT_MUL_EXTERN_LOOP_fu_993/fmul_32ns_32ns_32_4_max_dsp_1_U152/din0_buf1_reg[21]/C
  -------------------------------------------------------------------    -------------------
    SLICE_X48Y146        FDRE (Prop_fdre_C_Q)         0.456     5.675 r  dut/grp_ADMM_solver_Pipeline_AT_MUL_EXTERN_LOOP_fu_993/fmul_32ns_32ns_32_4_max_dsp_1_U152/din0_buf1_reg[21]/Q
                         net (fo=101, routed)         4.881    10.557    top_spi/ADMM_solver/ADMM_solver_ADMM_solver_Pipeline_AT_MUL_EXTERN_LOOP/ADMM_solver_fmul_32ns_32ns_32_4_max_dsp_1__xdcDup__6/ADMM_solver_fmul_32ns_32ns_32_4_max_dsp_1_ip__15/<hidden>/<hidden>/<hidden>/<hidden>/<hidden>/<hidden>
    DSP48_X2Y69          DSP48E1                                      r  top_spi/ADMM_solver/ADMM_solver_ADMM_solver_Pipeline_AT_MUL_EXTERN_LOOP/ADMM_solver_fmul_32ns_32ns_32_4_max_dsp_1__xdcDup__6/ADMM_solver_fmul_32ns_32ns_32_4_max_dsp_1_ip__15/<hidden>/<hidden>/<hidden>/<hidden>/<hidden>/<hidden>
  -------------------------------------------------------------------    -------------------

                         (clock sys_clk rise edge)   10.000    10.000 r  
    P17                                               0.000    10.000 r  clk (IN)
                         net (fo=0)                   0.000    10.000    clk
    P17                  IBUF (Prop_ibuf_I_O)         1.417    11.417 r  clk_IBUF_inst/O
                         net (fo=1, routed)           1.911    13.328    clk_IBUF
    BUFGCTRL_X0Y0        BUFG (Prop_bufg_I_O)         0.091    13.419 r  clk_IBUF_BUFG_inst/O
                         net (fo=18620, routed)       1.798    15.217    top_spi/ADMM_solver/ADMM_solver_ADMM_solver_Pipeline_AT_MUL_EXTERN_LOOP/ADMM_solver_fmul_32ns_32ns_32_4_max_dsp_1__xdcDup__6/ADMM_solver_fmul_32ns_32ns_32_4_max_dsp_1_ip__15/<hidden>/<hidden>/<hidden>/<hidden>/<hidden>/<hidden>
    DSP48_X2Y69          DSP48E1                                      r  top_spi/ADMM_solver/ADMM_solver_ADMM_solver_Pipeline_AT_MUL_EXTERN_LOOP/ADMM_solver_fmul_32ns_32ns_32_4_max_dsp_1__xdcDup__6/ADMM_solver_fmul_32ns_32ns_32_4_max_dsp_1_ip__15/<hidden>/<hidden>/<hidden>/<hidden>/<hidden>/<hidden>
                         clock pessimism              0.187    15.404    
                         clock uncertainty           -0.035    15.369    
    DSP48_X2Y69          DSP48E1 (Setup_dsp48e1_CLK_A[21])
                                                     -4.114    11.255    top_spi/ADMM_solver/ADMM_solver_ADMM_solver_Pipeline_AT_MUL_EXTERN_LOOP/ADMM_solver_fmul_32ns_32ns_32_4_max_dsp_1__xdcDup__6/ADMM_solver_fmul_32ns_32ns_32_4_max_dsp_1_ip__15/<hidden>/<hidden>/<hidden>/<hidden>/<hidden>/<hidden>
  -------------------------------------------------------------------
                         required time                         11.255    
                         arrival time                         -10.557    
  -------------------------------------------------------------------
                         slack                                  0.698    





Min Delay Paths
--------------------------------------------------------------------------------------
Slack (MET) :             0.018ns  (arrival time - required time)
  Source:                 dut/window_1_load_19_reg_1638_reg[10]/C
                            (rising edge-triggered cell FDRE clocked by sys_clk  {rise@0.000ns fall@5.000ns period=10.000ns})
  Destination:            dut/grp_ADMM_solver_Pipeline_FORW_SUBST_EXTERN_LOOP_fu_805/mul14_i39_fu_196_reg[10]/D
                            (rising edge-triggered cell FDRE clocked by sys_clk  {rise@0.000ns fall@5.000ns period=10.000ns})
  Path Group:             sys_clk
  Path Type:              Hold (Min at Fast Process Corner)
  Requirement:            0.000ns  (sys_clk rise@0.000ns - sys_clk rise@0.000ns)
  Data Path Delay:        0.398ns  (logic 0.186ns (46.759%)  route 0.212ns (53.241%))
  Logic Levels:           1  (LUT3=1)
  Clock Path Skew:        0.260ns (DCD - SCD - CPR)
    Destination Clock Delay (DCD):    1.993ns
    Source Clock Delay      (SCD):    1.482ns
    Clock Pessimism Removal (CPR):    0.251ns

    Location             Delay type                Incr(ns)  Path(ns)    Netlist Resource(s)
  -------------------------------------------------------------------    -------------------
                         (clock sys_clk rise edge)    0.000     0.000 r  
    P17                                               0.000     0.000 r  clk (IN)
                         net (fo=0)                   0.000     0.000    clk
    P17                  IBUF (Prop_ibuf_I_O)         0.256     0.256 r  clk_IBUF_inst/O
                         net (fo=1, routed)           0.640     0.896    clk_IBUF
    BUFGCTRL_X0Y0        BUFG (Prop_bufg_I_O)         0.026     0.922 r  clk_IBUF_BUFG_inst/O
                         net (fo=18620, routed)       0.561     1.482    dut/clk_IBUF_BUFG
    SLICE_X51Y89         FDRE                                         r  dut/window_1_load_19_reg_1638_reg[10]/C
  -------------------------------------------------------------------    -------------------
    SLICE_X51Y89         FDRE (Prop_fdre_C_Q)         0.141     1.623 r  dut/window_1_load_19_reg_1638_reg[10]/Q
                         net (fo=1, routed)           0.212     1.835    dut/grp_ADMM_solver_Pipeline_FORW_SUBST_EXTERN_LOOP_fu_805/flow_control_loop_pipe_sequential_init_U/mul14_i39_fu_196_reg[31][10]
    SLICE_X54Y84         LUT3 (Prop_lut3_I0_O)        0.045     1.880 r  dut/grp_ADMM_solver_Pipeline_FORW_SUBST_EXTERN_LOOP_fu_805/flow_control_loop_pipe_sequential_init_U/mul14_i39_fu_196[10]_i_1/O
                         net (fo=1, routed)           0.000     1.880    dut/grp_ADMM_solver_Pipeline_FORW_SUBST_EXTERN_LOOP_fu_805/p_1_in[10]
    SLICE_X54Y84         FDRE                                         r  dut/grp_ADMM_solver_Pipeline_FORW_SUBST_EXTERN_LOOP_fu_805/mul14_i39_fu_196_reg[10]/D
  -------------------------------------------------------------------    -------------------

                         (clock sys_clk rise edge)    0.000     0.000 r  
    P17                                               0.000     0.000 r  clk (IN)
                         net (fo=0)                   0.000     0.000    clk
    P17                  IBUF (Prop_ibuf_I_O)         0.444     0.444 r  clk_IBUF_inst/O
                         net (fo=1, routed)           0.695     1.138    clk_IBUF
    BUFGCTRL_X0Y0        BUFG (Prop_bufg_I_O)         0.029     1.167 r  clk_IBUF_BUFG_inst/O
                         net (fo=18620, routed)       0.826     1.993    dut/grp_ADMM_solver_Pipeline_FORW_SUBST_EXTERN_LOOP_fu_805/clk_IBUF_BUFG
    SLICE_X54Y84         FDRE                                         r  dut/grp_ADMM_solver_Pipeline_FORW_SUBST_EXTERN_LOOP_fu_805/mul14_i39_fu_196_reg[10]/C
                         clock pessimism             -0.251     1.742    
    SLICE_X54Y84         FDRE (Hold_fdre_C_D)         0.120     1.862    dut/grp_ADMM_solver_Pipeline_FORW_SUBST_EXTERN_LOOP_fu_805/mul14_i39_fu_196_reg[10]
  -------------------------------------------------------------------
                         required time                         -1.862    
                         arrival time                           1.880    
  -------------------------------------------------------------------
                         slack                                  0.018    





Pulse Width Checks
--------------------------------------------------------------------------------------
Clock Name:         sys_clk
Waveform(ns):       { 0.000 5.000 }
Period(ns):         10.000
Sources:            { clk }

Check Type        Corner  Lib Pin      Reference Pin  Required(ns)  Actual(ns)  Slack(ns)  Location       Pin
Min Period        n/a     DSP48E1/CLK  n/a            3.884         10.000      6.116      DSP48_X0Y28    top_spi/ADMM_solver/ADMM_solver_ADMM_solver_Pipeline_ADMM_IT_ZY_UPDATE_LOOP/ADMM_solver_dmul_64ns_64ns_64_7_max_dsp_1/ADMM_solver_dmul_64ns_64ns_64_7_max_dsp_1_ip/<hidden>/<hidden>/<hidden>/<hidden>/<hidden>/<hidden>
Low Pulse Width   Slow    RAMS32/CLK   n/a            1.250         5.000       3.750      SLICE_X46Y111  dut/current_state_vec_U/ram_reg_0_15_0_0/SP/CLK
High Pulse Width  Slow    RAMS32/CLK   n/a            1.250         5.000       3.750      SLICE_X46Y111  dut/current_state_vec_U/ram_reg_0_15_0_0/SP/CLK



