Copyright 1986-2022 Xilinx, Inc. All Rights Reserved. Copyright 2022-2025 Advanced Micro Devices, Inc. All Rights Reserved.
---------------------------------------------------------------------------------------------------------------------------------------------
| Tool Version : Vivado v.2025.2 (lin64) Build 6299465 Fri Nov 14 12:34:56 MST 2025
| Date         : Sat Feb 28 23:39:03 2026
| Host         : A2R-lab2 running 64-bit Ubuntu 24.04.4 LTS
| Command      : report_timing_summary -file /home/agrillo/ADMM_FPGA/build/reports/post_place_timing.rpt
| Design       : top_spi
| Device       : 7a100t-csg324
| Speed File   : -1  PRODUCTION 1.23 2018-06-13
| Design State : Fully Placed
---------------------------------------------------------------------------------------------------------------------------------------------

Timing Summary Report

------------------------------------------------------------------------------------------------
| Timer Settings
| --------------
------------------------------------------------------------------------------------------------

  Enable Multi Corner Analysis               :  Yes
  Enable Pessimism Removal                   :  Yes
  Pessimism Removal Resolution               :  Nearest Common Node
  Enable Input Delay Default Clock           :  No
  Enable Preset / Clear Arcs                 :  No
  Disable Flight Delays                      :  No
  Ignore I/O Paths                           :  No
  Timing Early Launch at Borrowing Latches   :  No
  Borrow Time for Max Delay Exceptions       :  Yes
  Merge Timing Exceptions                    :  Yes
  Inter-SLR Compensation                     :  Conservative

  Corner  Analyze    Analyze    
  Name    Max Paths  Min Paths  
  ------  ---------  ---------  
  Slow    Yes        Yes        
  Fast    Yes        Yes        


------------------------------------------------------------------------------------------------
| Report Methodology
| ------------------
------------------------------------------------------------------------------------------------

No report available as report_methodology has not been run prior. Run report_methodology on the current design for the summary of methodology violations.



check_timing report

Table of Contents
-----------------
1. checking no_clock (0)
2. checking constant_clock (0)
3. checking pulse_width_clock (0)
4. checking unconstrained_internal_endpoints (0)
5. checking no_input_delay (1)
6. checking no_output_delay (3)
7. checking multiple_clock (0)
8. checking generated_clocks (0)
9. checking loops (0)
10. checking partial_input_delay (0)
11. checking partial_output_delay (0)
12. checking latch_loops (0)

1. checking no_clock (0)
------------------------
 There are 0 register/latch pins with no clock.


2. checking constant_clock (0)
------------------------------
 There are 0 register/latch pins with constant_clock.


3. checking pulse_width_clock (0)
---------------------------------
 There are 0 register/latch pins which need pulse_width check


4. checking unconstrained_internal_endpoints (0)
------------------------------------------------
 There are 0 pins that are not constrained for maximum delay.

 There are 0 pins that are not constrained for maximum delay due to constant clock.


5. checking no_input_delay (1)
------------------------------
 There is 1 input port with no input delay specified. (HIGH)

 There are 0 input ports with no input delay but user has a false path constraint.


6. checking no_output_delay (3)
-------------------------------
 There are 3 ports with no output delay specified. (HIGH)

 There are 0 ports with no output delay but user has a false path constraint

 There are 0 ports with no output delay but with a timing clock defined on it or propagating through it


7. checking multiple_clock (0)
------------------------------
 There are 0 register/latch pins with multiple clocks.


8. checking generated_clocks (0)
--------------------------------
 There are 0 generated clocks that are not connected to a clock source.


9. checking loops (0)
---------------------
 There are 0 combinational loops in the design.


10. checking partial_input_delay (0)
------------------------------------
 There are 0 input ports with partial input delay specified.


11. checking partial_output_delay (0)
-------------------------------------
 There are 0 ports with partial output delay specified.


12. checking latch_loops (0)
----------------------------
 There are 0 combinational latch loops in the design through latch input



------------------------------------------------------------------------------------------------
| Design Timing Summary
| ---------------------
------------------------------------------------------------------------------------------------

    WNS(ns)      TNS(ns)  TNS Failing Endpoints  TNS Total Endpoints      WHS(ns)      THS(ns)  THS Failing Endpoints  THS Total Endpoints     WPWS(ns)     TPWS(ns)  TPWS Failing Endpoints  TPWS Total Endpoints  
    -------      -------  ---------------------  -------------------      -------      -------  ---------------------  -------------------     --------     --------  ----------------------  --------------------  
      0.609        0.000                      0                35068       -0.231       -1.773                     22                35068        3.750        0.000                       0                 18773  


Timing constraints are not met.


------------------------------------------------------------------------------------------------
| Clock Summary
| -------------
------------------------------------------------------------------------------------------------

Clock    Waveform(ns)         Period(ns)      Frequency(MHz)
-----    ------------         ----------      --------------
spi_sck  {0.000 50.000}       100.000         10.000          
sys_clk  {0.000 5.000}        10.000          100.000         


------------------------------------------------------------------------------------------------
| Intra Clock Table
| -----------------
------------------------------------------------------------------------------------------------

Clock             WNS(ns)      TNS(ns)  TNS Failing Endpoints  TNS Total Endpoints      WHS(ns)      THS(ns)  THS Failing Endpoints  THS Total Endpoints     WPWS(ns)     TPWS(ns)  TPWS Failing Endpoints  TPWS Total Endpoints  
-----             -------      -------  ---------------------  -------------------      -------      -------  ---------------------  -------------------     --------     --------  ----------------------  --------------------  
sys_clk             0.609        0.000                      0                35068       -0.231       -1.773                     22                35068        3.750        0.000                       0                 18773  


------------------------------------------------------------------------------------------------
| Inter Clock Table
| -----------------
------------------------------------------------------------------------------------------------

From Clock    To Clock          WNS(ns)      TNS(ns)  TNS Failing Endpoints  TNS Total Endpoints      WHS(ns)      THS(ns)  THS Failing Endpoints  THS Total Endpoints  
----------    --------          -------      -------  ---------------------  -------------------      -------      -------  ---------------------  -------------------  


------------------------------------------------------------------------------------------------
| Other Path Groups Table
| -----------------------
------------------------------------------------------------------------------------------------

Path Group    From Clock    To Clock          WNS(ns)      TNS(ns)  TNS Failing Endpoints  TNS Total Endpoints      WHS(ns)      THS(ns)  THS Failing Endpoints  THS Total Endpoints  
----------    ----------    --------          -------      -------  ---------------------  -------------------      -------      -------  ---------------------  -------------------  


------------------------------------------------------------------------------------------------
| Timing Details
| --------------
------------------------------------------------------------------------------------------------


---------------------------------------------------------------------------------------------------
From Clock:  sys_clk
  To Clock:  sys_clk

Setup :            0  Failing Endpoints,  Worst Slack        0.609ns,  Total Violation        0.000ns
Hold  :           22  Failing Endpoints,  Worst Slack       -0.231ns,  Total Violation       -1.773ns
PW    :            0  Failing Endpoints,  Worst Slack        3.750ns,  Total Violation        0.000ns
---------------------------------------------------------------------------------------------------


Max Delay Paths
--------------------------------------------------------------------------------------
Slack (MET) :             0.609ns  (required time - arrival time)
  Source:                 dut/grp_ADMM_solver_Pipeline_FORW_SUBST_EXTERN_LOOP_fu_741/ap_CS_fsm_reg[1]/C
                            (rising edge-triggered cell FDRE clocked by sys_clk  {rise@0.000ns fall@5.000ns period=10.000ns})
  Destination:            dut/fmul_32ns_32ns_32_4_max_dsp_1_U174/din0_buf1_reg[1]/D
                            (rising edge-triggered cell FDRE clocked by sys_clk  {rise@0.000ns fall@5.000ns period=10.000ns})
  Path Group:             sys_clk
  Path Type:              Setup (Max at Slow Process Corner)
  Requirement:            10.000ns  (sys_clk rise@10.000ns - sys_clk rise@0.000ns)
  Data Path Delay:        9.438ns  (logic 1.554ns (16.465%)  route 7.884ns (83.535%))
  Logic Levels:           7  (LUT3=2 LUT5=1 LUT6=4)
  Clock Path Skew:        0.051ns (DCD - SCD + CPR)
    Destination Clock Delay (DCD):    5.107ns = ( 15.107 - 10.000 ) 
    Source Clock Delay      (SCD):    5.240ns
    Clock Pessimism Removal (CPR):    0.183ns
  Clock Uncertainty:      0.035ns  ((TSJ^2 + TIJ^2)^1/2 + DJ) / 2 + PE
    Total System Jitter     (TSJ):    0.071ns
    Total Input Jitter      (TIJ):    0.000ns
    Discrete Jitter          (DJ):    0.000ns
    Phase Error              (PE):    0.000ns

    Location             Delay type                Incr(ns)  Path(ns)    Netlist Resource(s)
  -------------------------------------------------------------------    -------------------
                         (clock sys_clk rise edge)    0.000     0.000 r  
    P17                                               0.000     0.000 r  clk (IN)
                         net (fo=0)                   0.000     0.000    clk
    P17                  IBUF (Prop_ibuf_I_O)         1.488     1.488 r  clk_IBUF_inst/O
                         net (fo=1, estimated)        2.016     3.504    clk_IBUF
    BUFGCTRL_X0Y0        BUFG (Prop_bufg_I_O)         0.096     3.600 r  clk_IBUF_BUFG_inst/O
                         net (fo=18830, estimated)    1.640     5.240    dut/grp_ADMM_solver_Pipeline_FORW_SUBST_EXTERN_LOOP_fu_741/clk_IBUF_BUFG
    SLICE_X40Y52         FDRE                                         r  dut/grp_ADMM_solver_Pipeline_FORW_SUBST_EXTERN_LOOP_fu_741/ap_CS_fsm_reg[1]/C
  -------------------------------------------------------------------    -------------------
    SLICE_X40Y52         FDRE (Prop_fdre_C_Q)         0.456     5.696 f  dut/grp_ADMM_solver_Pipeline_FORW_SUBST_EXTERN_LOOP_fu_741/ap_CS_fsm_reg[1]/Q
                         net (fo=463, estimated)      1.834     7.530    dut/grp_ADMM_solver_Pipeline_FORW_SUBST_EXTERN_LOOP_fu_741/ap_CS_fsm_reg[1]_0[0]
    SLICE_X35Y26         LUT6 (Prop_lut6_I5_O)        0.124     7.654 r  dut/grp_ADMM_solver_Pipeline_FORW_SUBST_EXTERN_LOOP_fu_741/din0_buf1[30]_i_13/O
                         net (fo=38, estimated)       0.704     8.358    dut/grp_ADMM_solver_Pipeline_FORW_SUBST_EXTERN_LOOP_fu_741/din0_buf1[30]_i_13_n_4
    SLICE_X38Y20         LUT5 (Prop_lut5_I4_O)        0.124     8.482 f  dut/grp_ADMM_solver_Pipeline_FORW_SUBST_EXTERN_LOOP_fu_741/din0_buf1[27]_i_12__0/O
                         net (fo=26, estimated)       1.194     9.676    dut/grp_ADMM_solver_Pipeline_FORW_SUBST_EXTERN_LOOP_fu_741/p_ZL8L_banded_8_U/din0_buf1[26]_i_5__1
    SLICE_X20Y5          LUT6 (Prop_lut6_I5_O)        0.124     9.800 f  dut/grp_ADMM_solver_Pipeline_FORW_SUBST_EXTERN_LOOP_fu_741/p_ZL8L_banded_8_U/din0_buf1[1]_i_11__0/O
                         net (fo=1, estimated)        1.371    11.171    dut/grp_ADMM_solver_Pipeline_FORW_SUBST_EXTERN_LOOP_fu_741/p_ZL8L_banded_8_U/din0_buf1[1]_i_11__0_n_4
    SLICE_X23Y27         LUT6 (Prop_lut6_I0_O)        0.124    11.295 r  dut/grp_ADMM_solver_Pipeline_FORW_SUBST_EXTERN_LOOP_fu_741/p_ZL8L_banded_8_U/din0_buf1[1]_i_6__0/O
                         net (fo=1, estimated)        1.542    12.837    dut/grp_ADMM_solver_Pipeline_BACK_SUBST_EXTERN_LOOP_fu_812/p_ZL9LT_banded_16_U/grp_ADMM_solver_Pipeline_FORW_SUBST_EXTERN_LOOP_fu_741_grp_fu_1644_p_din0[1]
    SLICE_X27Y46         LUT3 (Prop_lut3_I2_O)        0.152    12.989 r  dut/grp_ADMM_solver_Pipeline_BACK_SUBST_EXTERN_LOOP_fu_812/p_ZL9LT_banded_16_U/din0_buf1[1]_i_4__0/O
                         net (fo=1, estimated)        0.817    13.806    dut/grp_ADMM_solver_Pipeline_ADMM_IT_ZY_UPDATE_LOOP_fu_883/p_ZL13A_sparse_data_5_U/din0_buf1_reg[1]_0
    SLICE_X40Y49         LUT6 (Prop_lut6_I5_O)        0.326    14.132 r  dut/grp_ADMM_solver_Pipeline_ADMM_IT_ZY_UPDATE_LOOP_fu_883/p_ZL13A_sparse_data_5_U/din0_buf1[1]_i_2__2/O
                         net (fo=1, estimated)        0.422    14.554    dut/grp_ADMM_solver_Pipeline_AT_MUL_EXTERN_LOOP_fu_913/din0_buf1_reg[1]
    SLICE_X40Y48         LUT3 (Prop_lut3_I2_O)        0.124    14.678 r  dut/grp_ADMM_solver_Pipeline_AT_MUL_EXTERN_LOOP_fu_913/din0_buf1[1]_i_1__0/O
                         net (fo=1, routed)           0.000    14.678    dut/fmul_32ns_32ns_32_4_max_dsp_1_U174/grp_fu_1644_p0[1]
    SLICE_X40Y48         FDRE                                         r  dut/fmul_32ns_32ns_32_4_max_dsp_1_U174/din0_buf1_reg[1]/D
  -------------------------------------------------------------------    -------------------

                         (clock sys_clk rise edge)   10.000    10.000 r  
    P17                                               0.000    10.000 r  clk (IN)
                         net (fo=0)                   0.000    10.000    clk
    P17                  IBUF (Prop_ibuf_I_O)         1.417    11.417 r  clk_IBUF_inst/O
                         net (fo=1, estimated)        1.915    13.332    clk_IBUF
    BUFGCTRL_X0Y0        BUFG (Prop_bufg_I_O)         0.091    13.423 r  clk_IBUF_BUFG_inst/O
                         net (fo=18830, estimated)    1.684    15.107    dut/fmul_32ns_32ns_32_4_max_dsp_1_U174/clk_IBUF_BUFG
    SLICE_X40Y48         FDRE                                         r  dut/fmul_32ns_32ns_32_4_max_dsp_1_U174/din0_buf1_reg[1]/C
                         clock pessimism              0.183    15.291    
                         clock uncertainty           -0.035    15.256    
    SLICE_X40Y48         FDRE (Setup_fdre_C_D)        0.031    15.287    dut/fmul_32ns_32ns_32_4_max_dsp_1_U174/din0_buf1_reg[1]
  -------------------------------------------------------------------
                         required time                         15.287    
                         arrival time                         -14.678    
  -------------------------------------------------------------------
                         slack                                  0.609    





Min Delay Paths
--------------------------------------------------------------------------------------
Slack (VIOLATED) :        -0.231ns  (arrival time - required time)
  Source:                 dut/grp_ADMM_solver_Pipeline_ADMM_IT_ZY_UPDATE_LOOP_fu_883/Axi_8_reg_1170_reg[7]/C
                            (rising edge-triggered cell FDRE clocked by sys_clk  {rise@0.000ns fall@5.000ns period=10.000ns})
  Destination:            dut/grp_ADMM_solver_Pipeline_ADMM_IT_ZY_UPDATE_LOOP_fu_883/Axi_8_reg_1170_pp0_iter15_reg_reg[7]_srl2/D
                            (rising edge-triggered cell SRL16E clocked by sys_clk  {rise@0.000ns fall@5.000ns period=10.000ns})
  Path Group:             sys_clk
  Path Type:              Hold (Min at Fast Process Corner)
  Requirement:            0.000ns  (sys_clk rise@0.000ns - sys_clk rise@0.000ns)
  Data Path Delay:        0.289ns  (logic 0.141ns (48.726%)  route 0.148ns (51.274%))
  Logic Levels:           0  
  Clock Path Skew:        0.337ns (DCD - SCD - CPR)
    Destination Clock Delay (DCD):    2.277ns
    Source Clock Delay      (SCD):    1.699ns
    Clock Pessimism Removal (CPR):    0.241ns

    Location             Delay type                Incr(ns)  Path(ns)    Netlist Resource(s)
  -------------------------------------------------------------------    -------------------
                         (clock sys_clk rise edge)    0.000     0.000 r  
    P17                                               0.000     0.000 r  clk (IN)
                         net (fo=0)                   0.000     0.000    clk
    P17                  IBUF (Prop_ibuf_I_O)         0.256     0.256 r  clk_IBUF_inst/O
                         net (fo=1, estimated)        0.850     1.105    clk_IBUF
    BUFGCTRL_X0Y0        BUFG (Prop_bufg_I_O)         0.026     1.131 r  clk_IBUF_BUFG_inst/O
                         net (fo=18830, estimated)    0.568     1.699    dut/grp_ADMM_solver_Pipeline_ADMM_IT_ZY_UPDATE_LOOP_fu_883/clk_IBUF_BUFG
    SLICE_X68Y50         FDRE                                         r  dut/grp_ADMM_solver_Pipeline_ADMM_IT_ZY_UPDATE_LOOP_fu_883/Axi_8_reg_1170_reg[7]/C
  -------------------------------------------------------------------    -------------------
    SLICE_X68Y50         FDRE (Prop_fdre_C_Q)         0.141     1.840 r  dut/grp_ADMM_solver_Pipeline_ADMM_IT_ZY_UPDATE_LOOP_fu_883/Axi_8_reg_1170_reg[7]/Q
                         net (fo=2, estimated)        0.148     1.989    dut/grp_ADMM_solver_Pipeline_ADMM_IT_ZY_UPDATE_LOOP_fu_883/Axi_8_reg_1170[7]
    SLICE_X70Y49         SRL16E                                       r  dut/grp_ADMM_solver_Pipeline_ADMM_IT_ZY_UPDATE_LOOP_fu_883/Axi_8_reg_1170_pp0_iter15_reg_reg[7]_srl2/D
  -------------------------------------------------------------------    -------------------

                         (clock sys_clk rise edge)    0.000     0.000 r  
    P17                                               0.000     0.000 r  clk (IN)
                         net (fo=0)                   0.000     0.000    clk
    P17                  IBUF (Prop_ibuf_I_O)         0.444     0.444 r  clk_IBUF_inst/O
                         net (fo=1, estimated)        0.895     1.338    clk_IBUF
    BUFGCTRL_X0Y0        BUFG (Prop_bufg_I_O)         0.029     1.367 r  clk_IBUF_BUFG_inst/O
                         net (fo=18830, estimated)    0.910     2.277    dut/grp_ADMM_solver_Pipeline_ADMM_IT_ZY_UPDATE_LOOP_fu_883/clk_IBUF_BUFG
    SLICE_X70Y49         SRL16E                                       r  dut/grp_ADMM_solver_Pipeline_ADMM_IT_ZY_UPDATE_LOOP_fu_883/Axi_8_reg_1170_pp0_iter15_reg_reg[7]_srl2/CLK
                         clock pessimism             -0.241     2.036    
    SLICE_X70Y49         SRL16E (Hold_srl16e_CLK_D)
                                                      0.183     2.219    dut/grp_ADMM_solver_Pipeline_ADMM_IT_ZY_UPDATE_LOOP_fu_883/Axi_8_reg_1170_pp0_iter15_reg_reg[7]_srl2
  -------------------------------------------------------------------
                         required time                         -2.219    
                         arrival time                           1.989    
  -------------------------------------------------------------------
                         slack                                 -0.231    





Pulse Width Checks
--------------------------------------------------------------------------------------
Clock Name:         sys_clk
Waveform(ns):       { 0.000 5.000 }
Period(ns):         10.000
Sources:            { clk }

Check Type        Corner  Lib Pin      Reference Pin  Required(ns)  Actual(ns)  Slack(ns)  Location      Pin
Min Period        n/a     DSP48E1/CLK  n/a            3.884         10.000      6.116      DSP48_X1Y4    top_spi/ADMM_solver/ADMM_solver_ADMM_solver_Pipeline_ADMM_IT_ZY_UPDATE_LOOP/ADMM_solver_dmul_64ns_64ns_64_7_max_dsp_1/ADMM_solver_dmul_64ns_64ns_64_7_max_dsp_1_ip/<hidden>/<hidden>/<hidden>/<hidden>/<hidden>/<hidden>
Low Pulse Width   Slow    RAMS32/CLK   n/a            1.250         5.000       3.750      SLICE_X34Y78  dut/current_state_vec_U/ram_reg_0_15_0_0/SP/CLK
High Pulse Width  Slow    RAMS32/CLK   n/a            1.250         5.000       3.750      SLICE_X34Y78  dut/current_state_vec_U/ram_reg_0_15_0_0/SP/CLK



