Copyright 1986-2022 Xilinx, Inc. All Rights Reserved. Copyright 2022-2025 Advanced Micro Devices, Inc. All Rights Reserved.
---------------------------------------------------------------------------------------------------------------------------------------------
| Tool Version : Vivado v.2025.2 (lin64) Build 6299465 Fri Nov 14 12:34:56 MST 2025
| Date         : Sat Feb 28 23:39:33 2026
| Host         : A2R-lab2 running 64-bit Ubuntu 24.04.4 LTS
| Command      : report_timing_summary -file /home/agrillo/ADMM_FPGA/build/reports/post_route_timing.rpt
| Design       : top_spi
| Device       : 7a100t-csg324
| Speed File   : -1  PRODUCTION 1.23 2018-06-13
| Design State : Routed
---------------------------------------------------------------------------------------------------------------------------------------------

Timing Summary Report

------------------------------------------------------------------------------------------------
| Timer Settings
| --------------
------------------------------------------------------------------------------------------------

  Enable Multi Corner Analysis               :  Yes
  Enable Pessimism Removal                   :  Yes
  Pessimism Removal Resolution               :  Nearest Common Node
  Enable Input Delay Default Clock           :  No
  Enable Preset / Clear Arcs                 :  No
  Disable Flight Delays                      :  No
  Ignore I/O Paths                           :  No
  Timing Early Launch at Borrowing Latches   :  No
  Borrow Time for Max Delay Exceptions       :  Yes
  Merge Timing Exceptions                    :  Yes
  Inter-SLR Compensation                     :  Conservative

  Corner  Analyze    Analyze    
  Name    Max Paths  Min Paths  
  ------  ---------  ---------  
  Slow    Yes        Yes        
  Fast    Yes        Yes        


------------------------------------------------------------------------------------------------
| Report Methodology
| ------------------
------------------------------------------------------------------------------------------------

No report available as report_methodology has not been run prior. Run report_methodology on the current design for the summary of methodology violations.



check_timing report

Table of Contents
-----------------
1. checking no_clock (0)
2. checking constant_clock (0)
3. checking pulse_width_clock (0)
4. checking unconstrained_internal_endpoints (0)
5. checking no_input_delay (1)
6. checking no_output_delay (3)
7. checking multiple_clock (0)
8. checking generated_clocks (0)
9. checking loops (0)
10. checking partial_input_delay (0)
11. checking partial_output_delay (0)
12. checking latch_loops (0)

1. checking no_clock (0)
------------------------
 There are 0 register/latch pins with no clock.


2. checking constant_clock (0)
------------------------------
 There are 0 register/latch pins with constant_clock.


3. checking pulse_width_clock (0)
---------------------------------
 There are 0 register/latch pins which need pulse_width check


4. checking unconstrained_internal_endpoints (0)
------------------------------------------------
 There are 0 pins that are not constrained for maximum delay.

 There are 0 pins that are not constrained for maximum delay due to constant clock.


5. checking no_input_delay (1)
------------------------------
 There is 1 input port with no input delay specified. (HIGH)

 There are 0 input ports with no input delay but user has a false path constraint.


6. checking no_output_delay (3)
-------------------------------
 There are 3 ports with no output delay specified. (HIGH)

 There are 0 ports with no output delay but user has a false path constraint

 There are 0 ports with no output delay but with a timing clock defined on it or propagating through it


7. checking multiple_clock (0)
------------------------------
 There are 0 register/latch pins with multiple clocks.


8. checking generated_clocks (0)
--------------------------------
 There are 0 generated clocks that are not connected to a clock source.


9. checking loops (0)
---------------------
 There are 0 combinational loops in the design.


10. checking partial_input_delay (0)
------------------------------------
 There are 0 input ports with partial input delay specified.


11. checking partial_output_delay (0)
-------------------------------------
 There are 0 ports with partial output delay specified.


12. checking latch_loops (0)
----------------------------
 There are 0 combinational latch loops in the design through latch input



------------------------------------------------------------------------------------------------
| Design Timing Summary
| ---------------------
------------------------------------------------------------------------------------------------

    WNS(ns)      TNS(ns)  TNS Failing Endpoints  TNS Total Endpoints      WHS(ns)      THS(ns)  THS Failing Endpoints  THS Total Endpoints     WPWS(ns)     TPWS(ns)  TPWS Failing Endpoints  TPWS Total Endpoints  
    -------      -------  ---------------------  -------------------      -------      -------  ---------------------  -------------------     --------     --------  ----------------------  --------------------  
      1.139        0.000                      0                35068        0.010        0.000                      0                35068        3.750        0.000                       0                 18773  


All user specified timing constraints are met.


------------------------------------------------------------------------------------------------
| Clock Summary
| -------------
------------------------------------------------------------------------------------------------

Clock    Waveform(ns)         Period(ns)      Frequency(MHz)
-----    ------------         ----------      --------------
spi_sck  {0.000 50.000}       100.000         10.000          
sys_clk  {0.000 5.000}        10.000          100.000         


------------------------------------------------------------------------------------------------
| Intra Clock Table
| -----------------
------------------------------------------------------------------------------------------------

Clock             WNS(ns)      TNS(ns)  TNS Failing Endpoints  TNS Total Endpoints      WHS(ns)      THS(ns)  THS Failing Endpoints  THS Total Endpoints     WPWS(ns)     TPWS(ns)  TPWS Failing Endpoints  TPWS Total Endpoints  
-----             -------      -------  ---------------------  -------------------      -------      -------  ---------------------  -------------------     --------     --------  ----------------------  --------------------  
sys_clk             1.139        0.000                      0                35068        0.010        0.000                      0                35068        3.750        0.000                       0                 18773  


------------------------------------------------------------------------------------------------
| Inter Clock Table
| -----------------
------------------------------------------------------------------------------------------------

From Clock    To Clock          WNS(ns)      TNS(ns)  TNS Failing Endpoints  TNS Total Endpoints      WHS(ns)      THS(ns)  THS Failing Endpoints  THS Total Endpoints  
----------    --------          -------      -------  ---------------------  -------------------      -------      -------  ---------------------  -------------------  


------------------------------------------------------------------------------------------------
| Other Path Groups Table
| -----------------------
------------------------------------------------------------------------------------------------

Path Group    From Clock    To Clock          WNS(ns)      TNS(ns)  TNS Failing Endpoints  TNS Total Endpoints      WHS(ns)      THS(ns)  THS Failing Endpoints  THS Total Endpoints  
----------    ----------    --------          -------      -------  ---------------------  -------------------      -------      -------  ---------------------  -------------------  


------------------------------------------------------------------------------------------------
| Timing Details
| --------------
------------------------------------------------------------------------------------------------


---------------------------------------------------------------------------------------------------
From Clock:  sys_clk
  To Clock:  sys_clk

Setup :            0  Failing Endpoints,  Worst Slack        1.139ns,  Total Violation        0.000ns
Hold  :            0  Failing Endpoints,  Worst Slack        0.010ns,  Total Violation        0.000ns
PW    :            0  Failing Endpoints,  Worst Slack        3.750ns,  Total Violation        0.000ns
---------------------------------------------------------------------------------------------------


Max Delay Paths
--------------------------------------------------------------------------------------
Slack (MET) :             1.139ns  (required time - arrival time)
  Source:                 dut/grp_ADMM_solver_Pipeline_BACK_SUBST_EXTERN_LOOP_fu_812/ap_CS_fsm_reg[21]/C
                            (rising edge-triggered cell FDRE clocked by sys_clk  {rise@0.000ns fall@5.000ns period=10.000ns})
  Destination:            dut/fmul_32ns_32ns_32_4_max_dsp_1_U174/din0_buf1_reg[27]/D
                            (rising edge-triggered cell FDRE clocked by sys_clk  {rise@0.000ns fall@5.000ns period=10.000ns})
  Path Group:             sys_clk
  Path Type:              Setup (Max at Slow Process Corner)
  Requirement:            10.000ns  (sys_clk rise@10.000ns - sys_clk rise@0.000ns)
  Data Path Delay:        8.567ns  (logic 1.262ns (14.732%)  route 7.305ns (85.268%))
  Logic Levels:           6  (LUT2=1 LUT3=1 LUT6=4)
  Clock Path Skew:        -0.288ns (DCD - SCD + CPR)
    Destination Clock Delay (DCD):    4.927ns = ( 14.927 - 10.000 ) 
    Source Clock Delay      (SCD):    5.403ns
    Clock Pessimism Removal (CPR):    0.188ns
  Clock Uncertainty:      0.035ns  ((TSJ^2 + TIJ^2)^1/2 + DJ) / 2 + PE
    Total System Jitter     (TSJ):    0.071ns
    Total Input Jitter      (TIJ):    0.000ns
    Discrete Jitter          (DJ):    0.000ns
    Phase Error              (PE):    0.000ns

    Location             Delay type                Incr(ns)  Path(ns)    Netlist Resource(s)
  -------------------------------------------------------------------    -------------------
                         (clock sys_clk rise edge)    0.000     0.000 r  
    P17                                               0.000     0.000 r  clk (IN)
                         net (fo=0)                   0.000     0.000    clk
    P17                  IBUF (Prop_ibuf_I_O)         1.488     1.488 r  clk_IBUF_inst/O
                         net (fo=1, routed)           2.016     3.503    clk_IBUF
    BUFGCTRL_X0Y0        BUFG (Prop_bufg_I_O)         0.096     3.599 r  clk_IBUF_BUFG_inst/O
                         net (fo=18830, routed)       1.803     5.403    dut/grp_ADMM_solver_Pipeline_BACK_SUBST_EXTERN_LOOP_fu_812/clk_IBUF_BUFG
    SLICE_X46Y40         FDRE                                         r  dut/grp_ADMM_solver_Pipeline_BACK_SUBST_EXTERN_LOOP_fu_812/ap_CS_fsm_reg[21]/C
  -------------------------------------------------------------------    -------------------
    SLICE_X46Y40         FDRE (Prop_fdre_C_Q)         0.518     5.921 r  dut/grp_ADMM_solver_Pipeline_BACK_SUBST_EXTERN_LOOP_fu_812/ap_CS_fsm_reg[21]/Q
                         net (fo=64, routed)          0.800     6.721    dut/grp_ADMM_solver_Pipeline_BACK_SUBST_EXTERN_LOOP_fu_812/ap_CS_fsm_pp0_stage21
    SLICE_X45Y38         LUT2 (Prop_lut2_I0_O)        0.124     6.845 r  dut/grp_ADMM_solver_Pipeline_BACK_SUBST_EXTERN_LOOP_fu_812/din0_buf1[21]_i_8/O
                         net (fo=59, routed)          2.074     8.919    dut/grp_ADMM_solver_Pipeline_BACK_SUBST_EXTERN_LOOP_fu_812/din0_buf1[21]_i_8_n_4
    SLICE_X10Y58         LUT6 (Prop_lut6_I1_O)        0.124     9.043 r  dut/grp_ADMM_solver_Pipeline_BACK_SUBST_EXTERN_LOOP_fu_812/din0_buf1[27]_i_15/O
                         net (fo=1, routed)           0.900     9.943    dut/grp_ADMM_solver_Pipeline_BACK_SUBST_EXTERN_LOOP_fu_812/din0_buf1[27]_i_15_n_4
    SLICE_X20Y49         LUT6 (Prop_lut6_I0_O)        0.124    10.067 r  dut/grp_ADMM_solver_Pipeline_BACK_SUBST_EXTERN_LOOP_fu_812/din0_buf1[27]_i_7/O
                         net (fo=1, routed)           1.020    11.087    dut/grp_ADMM_solver_Pipeline_BACK_SUBST_EXTERN_LOOP_fu_812/p_ZL9LT_banded_10_U/din0_buf1[27]_i_4__0_0
    SLICE_X15Y47         LUT6 (Prop_lut6_I0_O)        0.124    11.211 r  dut/grp_ADMM_solver_Pipeline_BACK_SUBST_EXTERN_LOOP_fu_812/p_ZL9LT_banded_10_U/din0_buf1[27]_i_5__0/O
                         net (fo=1, routed)           0.975    12.186    dut/grp_ADMM_solver_Pipeline_BACK_SUBST_EXTERN_LOOP_fu_812/p_ZL9LT_banded_10_U/grp_ADMM_solver_Pipeline_BACK_SUBST_EXTERN_LOOP_fu_812_grp_fu_1644_p_din0[27]
    SLICE_X21Y46         LUT3 (Prop_lut3_I0_O)        0.124    12.310 r  dut/grp_ADMM_solver_Pipeline_BACK_SUBST_EXTERN_LOOP_fu_812/p_ZL9LT_banded_10_U/din0_buf1[27]_i_4__0/O
                         net (fo=1, routed)           1.535    13.845    dut/grp_ADMM_solver_Pipeline_ADMM_IT_ZY_UPDATE_LOOP_fu_883/p_ZL13A_sparse_data_1_U/din0_buf1_reg[27]_2
    SLICE_X61Y51         LUT6 (Prop_lut6_I5_O)        0.124    13.969 r  dut/grp_ADMM_solver_Pipeline_ADMM_IT_ZY_UPDATE_LOOP_fu_883/p_ZL13A_sparse_data_1_U/din0_buf1[27]_i_1__0/O
                         net (fo=1, routed)           0.000    13.969    dut/fmul_32ns_32ns_32_4_max_dsp_1_U174/grp_fu_1644_p0[14]
    SLICE_X61Y51         FDRE                                         r  dut/fmul_32ns_32ns_32_4_max_dsp_1_U174/din0_buf1_reg[27]/D
  -------------------------------------------------------------------    -------------------

                         (clock sys_clk rise edge)   10.000    10.000 r  
    P17                                               0.000    10.000 r  clk (IN)
                         net (fo=0)                   0.000    10.000    clk
    P17                  IBUF (Prop_ibuf_I_O)         1.417    11.417 r  clk_IBUF_inst/O
                         net (fo=1, routed)           1.911    13.328    clk_IBUF
    BUFGCTRL_X0Y0        BUFG (Prop_bufg_I_O)         0.091    13.419 r  clk_IBUF_BUFG_inst/O
                         net (fo=18830, routed)       1.507    14.927    dut/fmul_32ns_32ns_32_4_max_dsp_1_U174/clk_IBUF_BUFG
    SLICE_X61Y51         FDRE                                         r  dut/fmul_32ns_32ns_32_4_max_dsp_1_U174/din0_buf1_reg[27]/C
                         clock pessimism              0.188    15.115    
                         clock uncertainty           -0.035    15.079    
    SLICE_X61Y51         FDRE (Setup_fdre_C_D)        0.029    15.108    dut/fmul_32ns_32ns_32_4_max_dsp_1_U174/din0_buf1_reg[27]
  -------------------------------------------------------------------
                         required time                         15.108    
                         arrival time                         -13.969    
  -------------------------------------------------------------------
                         slack                                  1.139    





Min Delay Paths
--------------------------------------------------------------------------------------
Slack (MET) :             0.010ns  (arrival time - required time)
  Source:                 top_spi/ADMM_solver/ADMM_solver_ADMM_solver_Pipeline_AT_MUL_EXTERN_LOOP/ADMM_solver_fadd_32ns_32ns_32_7_full_dsp_1__xdcDup__8/ADMM_solver_fadd_32ns_32ns_32_7_full_dsp_1_ip__18/<hidden>/<hidden>/<hidden>/<hidden>/<hidden>
                            (rising edge-triggered cell FDRE clocked by sys_clk  {rise@0.000ns fall@5.000ns period=10.000ns})
  Destination:            dut/grp_ADMM_solver_Pipeline_AT_MUL_EXTERN_LOOP_fu_913/fadd_32ns_32ns_32_7_full_dsp_1_U139/dout_r_reg[4]/D
                            (rising edge-triggered cell FDRE clocked by sys_clk  {rise@0.000ns fall@5.000ns period=10.000ns})
  Path Group:             sys_clk
  Path Type:              Hold (Min at Fast Process Corner)
  Requirement:            0.000ns  (sys_clk rise@0.000ns - sys_clk rise@0.000ns)
  Data Path Delay:        0.349ns  (logic 0.164ns (47.023%)  route 0.185ns (52.977%))
  Logic Levels:           0  
  Clock Path Skew:        0.269ns (DCD - SCD - CPR)
    Destination Clock Delay (DCD):    2.008ns
    Source Clock Delay      (SCD):    1.493ns
    Clock Pessimism Removal (CPR):    0.246ns

    Location             Delay type                Incr(ns)  Path(ns)    Netlist Resource(s)
  -------------------------------------------------------------------    -------------------
                         (clock sys_clk rise edge)    0.000     0.000 r  
    P17                                               0.000     0.000 r  clk (IN)
                         net (fo=0)                   0.000     0.000    clk
    P17                  IBUF (Prop_ibuf_I_O)         0.256     0.256 r  clk_IBUF_inst/O
                         net (fo=1, routed)           0.640     0.896    clk_IBUF
    BUFGCTRL_X0Y0        BUFG (Prop_bufg_I_O)         0.026     0.922 r  clk_IBUF_BUFG_inst/O
                         net (fo=18830, routed)       0.572     1.493    top_spi/ADMM_solver/ADMM_solver_ADMM_solver_Pipeline_AT_MUL_EXTERN_LOOP/ADMM_solver_fadd_32ns_32ns_32_7_full_dsp_1__xdcDup__8/ADMM_solver_fadd_32ns_32ns_32_7_full_dsp_1_ip__18/<hidden>/<hidden>/<hidden>/<hidden>/<hidden>
    SLICE_X14Y100        FDRE                                         r  top_spi/ADMM_solver/ADMM_solver_ADMM_solver_Pipeline_AT_MUL_EXTERN_LOOP/ADMM_solver_fadd_32ns_32ns_32_7_full_dsp_1__xdcDup__8/ADMM_solver_fadd_32ns_32ns_32_7_full_dsp_1_ip__18/<hidden>/<hidden>/<hidden>/<hidden>/<hidden>
  -------------------------------------------------------------------    -------------------
    SLICE_X14Y100        FDRE (Prop_fdre_C_Q)         0.164     1.657 r  top_spi/ADMM_solver/ADMM_solver_ADMM_solver_Pipeline_AT_MUL_EXTERN_LOOP/ADMM_solver_fadd_32ns_32ns_32_7_full_dsp_1__xdcDup__8/ADMM_solver_fadd_32ns_32ns_32_7_full_dsp_1_ip__18/<hidden>/<hidden>/<hidden>/<hidden>/<hidden>
                         net (fo=1, routed)           0.185     1.842    dut/grp_ADMM_solver_Pipeline_AT_MUL_EXTERN_LOOP_fu_913/fadd_32ns_32ns_32_7_full_dsp_1_U139/r_tdata[4]
    SLICE_X31Y99         FDRE                                         r  dut/grp_ADMM_solver_Pipeline_AT_MUL_EXTERN_LOOP_fu_913/fadd_32ns_32ns_32_7_full_dsp_1_U139/dout_r_reg[4]/D
  -------------------------------------------------------------------    -------------------

                         (clock sys_clk rise edge)    0.000     0.000 r  
    P17                                               0.000     0.000 r  clk (IN)
                         net (fo=0)                   0.000     0.000    clk
    P17                  IBUF (Prop_ibuf_I_O)         0.444     0.444 r  clk_IBUF_inst/O
                         net (fo=1, routed)           0.695     1.138    clk_IBUF
    BUFGCTRL_X0Y0        BUFG (Prop_bufg_I_O)         0.029     1.167 r  clk_IBUF_BUFG_inst/O
                         net (fo=18830, routed)       0.841     2.008    dut/grp_ADMM_solver_Pipeline_AT_MUL_EXTERN_LOOP_fu_913/fadd_32ns_32ns_32_7_full_dsp_1_U139/clk_IBUF_BUFG
    SLICE_X31Y99         FDRE                                         r  dut/grp_ADMM_solver_Pipeline_AT_MUL_EXTERN_LOOP_fu_913/fadd_32ns_32ns_32_7_full_dsp_1_U139/dout_r_reg[4]/C
                         clock pessimism             -0.246     1.762    
    SLICE_X31Y99         FDRE (Hold_fdre_C_D)         0.070     1.832    dut/grp_ADMM_solver_Pipeline_AT_MUL_EXTERN_LOOP_fu_913/fadd_32ns_32ns_32_7_full_dsp_1_U139/dout_r_reg[4]
  -------------------------------------------------------------------
                         required time                         -1.832    
                         arrival time                           1.842    
  -------------------------------------------------------------------
                         slack                                  0.010    





Pulse Width Checks
--------------------------------------------------------------------------------------
Clock Name:         sys_clk
Waveform(ns):       { 0.000 5.000 }
Period(ns):         10.000
Sources:            { clk }

Check Type        Corner  Lib Pin      Reference Pin  Required(ns)  Actual(ns)  Slack(ns)  Location      Pin
Min Period        n/a     DSP48E1/CLK  n/a            3.884         10.000      6.116      DSP48_X1Y4    top_spi/ADMM_solver/ADMM_solver_ADMM_solver_Pipeline_ADMM_IT_ZY_UPDATE_LOOP/ADMM_solver_dmul_64ns_64ns_64_7_max_dsp_1/ADMM_solver_dmul_64ns_64ns_64_7_max_dsp_1_ip/<hidden>/<hidden>/<hidden>/<hidden>/<hidden>/<hidden>
Low Pulse Width   Slow    RAMS32/CLK   n/a            1.250         5.000       3.750      SLICE_X34Y78  dut/current_state_vec_U/ram_reg_0_15_0_0/SP/CLK
High Pulse Width  Slow    RAMS32/CLK   n/a            1.250         5.000       3.750      SLICE_X34Y78  dut/current_state_vec_U/ram_reg_0_15_0_0/SP/CLK



