Execute       source -notrace -encoding utf-8 /media/andrea/48a1bd03-3653-4c55-8d37-cd7d804e2212/amdfpga/2025.2/Vitis/tps/tcl/tcl8.6/clock.tcl 
Execute         source -encoding utf-8 /media/andrea/48a1bd03-3653-4c55-8d37-cd7d804e2212/amdfpga/2025.2/tps/tcl/tcl8/8.5/msgcat-1.6.1.tm 
INFO-FLOW: Workspace /home/andrea/ADMM_FPGA/vitis_projects/forward_subst/forward_subst/hls opened at Thu Dec 11 08:32:03 EST 2025
Execute       send_msg_by_id INFO @200-1505@%s%s default  vivado 
INFO: [HLS 200-1505] Using default flow_target 'vivado'
Execute       send_msg_by_id INFO @200-2174@%s%s component hls_config.cfg 
INFO: [HLS 200-2174] Applying component config ini file hls_config.cfg
Execute       apply_ini hls_config.cfg 
Execute         send_msg_by_id INFO @200-1465@%s 'syn.file=forward.cpp' from hls_config.cfg(10) 
INFO: [HLS 200-1465] Applying config ini 'syn.file=forward.cpp' from hls_config.cfg(10)
Execute         add_files /home/andrea/ADMM_FPGA/vitis_projects/forward_subst/forward.cpp 
INFO: [HLS 200-10] Adding design file '/home/andrea/ADMM_FPGA/vitis_projects/forward_subst/forward.cpp' to the project
Execute         send_msg_by_id INFO @200-1465@%s 'syn.file=forward_10_3.h' from hls_config.cfg(11) 
INFO: [HLS 200-1465] Applying config ini 'syn.file=forward_10_3.h' from hls_config.cfg(11)
Execute         add_files /home/andrea/ADMM_FPGA/vitis_projects/forward_subst/forward_10_3.h 
INFO: [HLS 200-10] Adding design file '/home/andrea/ADMM_FPGA/vitis_projects/forward_subst/forward_10_3.h' to the project
Execute         send_msg_by_id INFO @200-1465@%s 'syn.file=forward_300_20.h' from hls_config.cfg(12) 
INFO: [HLS 200-1465] Applying config ini 'syn.file=forward_300_20.h' from hls_config.cfg(12)
Execute         add_files /home/andrea/ADMM_FPGA/vitis_projects/forward_subst/forward_300_20.h 
INFO: [HLS 200-10] Adding design file '/home/andrea/ADMM_FPGA/vitis_projects/forward_subst/forward_300_20.h' to the project
Execute         send_msg_by_id INFO @200-1465@%s 'tb.file=forward_test.cpp' from hls_config.cfg(7) 
INFO: [HLS 200-1465] Applying config ini 'tb.file=forward_test.cpp' from hls_config.cfg(7)
Execute         add_files -tb /home/andrea/ADMM_FPGA/vitis_projects/forward_subst/forward_test.cpp 
INFO: [HLS 200-10] Adding test bench file '/home/andrea/ADMM_FPGA/vitis_projects/forward_subst/forward_test.cpp' to the project
Execute         send_msg_by_id INFO @200-1465@%s 'syn.top=forward_substitution' from hls_config.cfg(8) 
INFO: [HLS 200-1465] Applying config ini 'syn.top=forward_substitution' from hls_config.cfg(8)
Execute         set_top forward_substitution 
Execute         send_msg_by_id INFO @200-1465@%s 'flow_target=vivado' from hls_config.cfg(4) 
INFO: [HLS 200-1465] Applying config ini 'flow_target=vivado' from hls_config.cfg(4)
Execute         send_msg_by_id INFO @200-1505@%s%s  vivado 
INFO: [HLS 200-1505] Using flow_target 'vivado'
Execute         send_msg_by_id INFO @200-1465@%s 'part=xc7a100ticsg324-1L' from hls_config.cfg(1) 
INFO: [HLS 200-1465] Applying config ini 'part=xc7a100ticsg324-1L' from hls_config.cfg(1)
Execute         set_part xc7a100ticsg324-1L 
Execute           create_platform xc7a100ticsg324-1L -board  
DBG:HLSDevice: Trying to load device library: /media/andrea/48a1bd03-3653-4c55-8d37-cd7d804e2212/amdfpga/2025.2/Vitis/lib/lnx64.o/libxv_hlsvwrap.so
DBG:HLSDevice: first parts/arch.xml in RDI_DATADIR: /media/andrea/48a1bd03-3653-4c55-8d37-cd7d804e2212/amdfpga/2025.2/Vivado/data/parts/arch.xml
DBG:HLSDevice: init success
INFO: [HLS 200-1611] Setting target device to 'xc7a100ti-csg324-1L'
Command           create_platform done; 0.27 sec.
Execute           source /media/andrea/48a1bd03-3653-4c55-8d37-cd7d804e2212/amdfpga/2025.2/Vitis/common/technology/xilinx/common/xilinx.gen 
Execute             source /media/andrea/48a1bd03-3653-4c55-8d37-cd7d804e2212/amdfpga/2025.2/Vitis/common/technology/xilinx/interface/plb46.gen 
Execute             source /media/andrea/48a1bd03-3653-4c55-8d37-cd7d804e2212/amdfpga/2025.2/Vitis/common/technology/xilinx/interface/axi4.gen 
Execute             source /media/andrea/48a1bd03-3653-4c55-8d37-cd7d804e2212/amdfpga/2025.2/Vitis/common/technology/xilinx/interface/nativeAXI4.gen 
Execute               source /media/andrea/48a1bd03-3653-4c55-8d37-cd7d804e2212/amdfpga/2025.2/Vitis/common/technology/xilinx/interface/saxilite.gen 
Execute             source /media/andrea/48a1bd03-3653-4c55-8d37-cd7d804e2212/amdfpga/2025.2/Vitis/common/technology/xilinx/scripts/xilinxcoregen.gen 
Execute             source /media/andrea/48a1bd03-3653-4c55-8d37-cd7d804e2212/amdfpga/2025.2/Vitis/common/technology/xilinx/interface/XilEDKCoreGen.gen 
Execute             source /media/andrea/48a1bd03-3653-4c55-8d37-cd7d804e2212/amdfpga/2025.2/Vitis/common/technology/xilinx/ip/dds_compiler.gen 
Execute             source /media/andrea/48a1bd03-3653-4c55-8d37-cd7d804e2212/amdfpga/2025.2/Vitis/common/technology/xilinx/ip/xfir.gen 
Execute             source /media/andrea/48a1bd03-3653-4c55-8d37-cd7d804e2212/amdfpga/2025.2/Vitis/common/technology/xilinx/ip/xfft.gen 
Execute             source /media/andrea/48a1bd03-3653-4c55-8d37-cd7d804e2212/amdfpga/2025.2/Vitis/common/technology/xilinx/ip/util.gen 
Execute             source /media/andrea/48a1bd03-3653-4c55-8d37-cd7d804e2212/amdfpga/2025.2/Vitis/common/technology/xilinx/DSP48/dsp48.gen 
Execute           ap_part_info -name xc7a100ti-csg324-1L -data info 
Execute           config_compile -quiet -complex-mul-dsp=0 
Command         set_part done; 0.37 sec.
Execute         send_msg_by_id INFO @200-1465@%s 'clock=10ns' from hls_config.cfg(9) 
INFO: [HLS 200-1465] Applying config ini 'clock=10ns' from hls_config.cfg(9)
Execute         create_clock -period 10ns 
Execute           ap_set_clock -name default -period 10 -unit ns -default=false 
INFO: [SYN 201-201] Setting up clock 'default' with a period of 10ns.
Execute         send_msg_by_id INFO @200-1465@%s 'package.output.format=rtl' from hls_config.cfg(5) 
INFO: [HLS 200-1465] Applying config ini 'package.output.format=rtl' from hls_config.cfg(5)
Execute         config_export -format=rtl 
Command       apply_ini done; 0.39 sec.
Execute       write_component -config /home/andrea/ADMM_FPGA/vitis_projects/forward_subst/hls_config.cfg 
Execute         send_msg_by_id INFO @200-2176@%s /home/andrea/ADMM_FPGA/vitis_projects/forward_subst/forward_subst/vitis-comp.json 
INFO: [HLS 200-2176] Writing Vitis IDE component file /home/andrea/ADMM_FPGA/vitis_projects/forward_subst/forward_subst/vitis-comp.json
Command     open_solution done; 0.45 sec.
Command   open_component done; 0.45 sec.
Execute   apply_ini /home/andrea/ADMM_FPGA/vitis_projects/forward_subst/forward_subst/hls/config.cmdline -iscmdline 
Execute   ::AP::init_summary_file csynth 
Execute     AP::app_get_file_relativeroot [AP::app_get_root] {}
Execute   csynth_design 
Execute     AP::msg_collection_file -open /home/andrea/ADMM_FPGA/vitis_projects/forward_subst/forward_subst/hls/.autopilot/db/be_messages.xml 
Execute     ap_part_info -name xc7a100ti-csg324-1L -data info 
INFO-FLOW: run_clang forward.cpp.xilinx-performance-pragma-detector exec: /media/andrea/48a1bd03-3653-4c55-8d37-cd7d804e2212/amdfpga/2025.2/Vitis/lnx64/tools/clang-16/bin/xilinx-performance-pragma-detector forward.cpp -- -fhls -D__VITIS_HLS__ -DAESL_SYN -D__SYNTHESIS__ -D__HLS_SYN__ -I /media/andrea/48a1bd03-3653-4c55-8d37-cd7d804e2212/amdfpga/2025.2/Vitis/common/technology/autopilot -I /media/andrea/48a1bd03-3653-4c55-8d37-cd7d804e2212/amdfpga/2025.2/Vitis/common/technology/autopilot/ap_sysc -include etc/autopilot_ssdm_op.h -D__DSP48E1__ -target fpga64-xilinx-linux-gnu -I /usr/include/x86_64-linux-gnu --gcc-toolchain=/media/andrea/48a1bd03-3653-4c55-8d37-cd7d804e2212/amdfpga/2025.2/Vitis/tps/lnx64/gcc-8.3.0 -hls-platform-db-name=/media/andrea/48a1bd03-3653-4c55-8d37-cd7d804e2212/amdfpga/2025.2/Vitis/common/technology/xilinx/common/platform.db -hls-platform-name=artix7_slow -device-resource-info=BRAM_270.000000_DSP_240.000000_FF_126800.000000_LUT_63400.000000_SLICE_15850.000000_URAM_0.000000 -device-name-info=xc7a100ticsg324-1L > /home/andrea/ADMM_FPGA/vitis_projects/forward_subst/forward_subst/hls/.autopilot/db/forward.cpp.xilinx-performance-pragma-detector.out.log 2> /home/andrea/ADMM_FPGA/vitis_projects/forward_subst/forward_subst/hls/.autopilot/db/forward.cpp.xilinx-performance-pragma-detector.err.log
INFO-FLOW: run_clang result=success num-err-msgs=0 num-stderr-lines=1
Execute     elaborate -effort=medium -skip_syncheck=0 -keep_printf=0 -skip_cdt=0 -skip_transform=0 -ng=0 -g=0 -from_csynth_design=1 
INFO: [HLS 200-111] Finished File checks and directory preparation: CPU user time: 1.99 seconds. CPU system time: 0.95 seconds. Elapsed time: 3.59 seconds; current allocated memory: 255.727 MB.
Execute       send_msg_by_id INFO @200-2191@%s%s C-Synthesis clang-16 
INFO: [HLS 200-2191] C-Synthesis will use clang-16 as the compiler
Execute       set_directive_top forward_substitution -name=forward_substitution 
INFO: [HLS 200-10] Analyzing design file 'forward.cpp' ... 
INFO-FLOW: Compiling one TU...
INFO-FLOW: Handling forward.cpp as C++
Execute       ap_part_info -name xc7a100ti-csg324-1L -data info 
INFO-FLOW: Running: GCC PP 39
INFO-FLOW: Source preprocessing
INFO-FLOW: run_clang forward.cpp.clang exec: /media/andrea/48a1bd03-3653-4c55-8d37-cd7d804e2212/amdfpga/2025.2/Vitis/lnx64/tools/clang-16/bin/clang forward.cpp -foptimization-record-file=/home/andrea/ADMM_FPGA/vitis_projects/forward_subst/forward_subst/hls/.autopilot/db/forward.cpp.clang.diag.yml -mllvm -pass-remarks-missed=reflow|pasta|unroll|inline -mllvm -pass-remarks=reflow|pasta|unroll|inline -fno-limit-debug-info --gcc-toolchain=/media/andrea/48a1bd03-3653-4c55-8d37-cd7d804e2212/amdfpga/2025.2/Vitis/tps/lnx64/gcc-8.3.0 -fhls -fno-exceptions -insert-hls-directive=/home/andrea/ADMM_FPGA/vitis_projects/forward_subst/forward_subst/hls/.autopilot/db/all.directive.json -hls-directive-location -E -fno-math-errno -c -emit-llvm -mllvm -disable-llvm-optzns -Xclang -no-opaque-pointers -Xclang -fmerge-all-constants -Werror=implicit-hls-streams -Werror=return-type -Wpragmas -Wunused-parameter -Wdump-hls-pragmas -Wno-error=dump-hls-pragmas -hls-clock-period=10 -fno-threadsafe-statics -fno-use-cxa-atexit -target fpga64-xilinx-linux-gnu -fno-threadsafe-statics -fno-use-cxa-atexit -D__VITIS_HLS__ -DAESL_SYN -D__SYNTHESIS__ -D__HLS_SYN__ -I /media/andrea/48a1bd03-3653-4c55-8d37-cd7d804e2212/amdfpga/2025.2/Vitis/common/technology/autopilot -I /media/andrea/48a1bd03-3653-4c55-8d37-cd7d804e2212/amdfpga/2025.2/Vitis/common/technology/autopilot/ap_sysc -include etc/autopilot_ssdm_op.h -D__DSP48E1__ -I /usr/include/x86_64-linux-gnu -o /home/andrea/ADMM_FPGA/vitis_projects/forward_subst/forward_subst/hls/.autopilot/db/forward.pp.0.cpp -hls-platform-db-name=/media/andrea/48a1bd03-3653-4c55-8d37-cd7d804e2212/amdfpga/2025.2/Vitis/common/technology/xilinx/common/platform.db -hls-platform-name=artix7_slow -device-resource-info=BRAM_270.000000_DSP_240.000000_FF_126800.000000_LUT_63400.000000_SLICE_15850.000000_URAM_0.000000 -device-name-info=xc7a100ticsg324-1L > /home/andrea/ADMM_FPGA/vitis_projects/forward_subst/forward_subst/hls/.autopilot/db/forward.cpp.clang.out.log 2> /home/andrea/ADMM_FPGA/vitis_projects/forward_subst/forward_subst/hls/.autopilot/db/forward.cpp.clang.err.log
INFO-FLOW: run_clang result=success num-err-msgs=0 num-stderr-lines=0
INFO-FLOW: Done: GCC PP 39 time: 0.6 seconds 
INFO-FLOW: Source syntax check for synthesis
INFO-FLOW: run_clang clang exec: /media/andrea/48a1bd03-3653-4c55-8d37-cd7d804e2212/amdfpga/2025.2/Vitis/lnx64/tools/clang-16/bin/clang -foptimization-record-file=/home/andrea/ADMM_FPGA/vitis_projects/forward_subst/forward_subst/hls/.autopilot/db/clang.diag.yml -mllvm -pass-remarks-missed=reflow|pasta|unroll|inline -mllvm -pass-remarks=reflow|pasta|unroll|inline -fsyntax-only -fhls -target fpga64-xilinx-linux-gnu /home/andrea/ADMM_FPGA/vitis_projects/forward_subst/forward_subst/hls/.autopilot/db/forward.pp.0.cpp -hls-platform-db-name=/media/andrea/48a1bd03-3653-4c55-8d37-cd7d804e2212/amdfpga/2025.2/Vitis/common/technology/xilinx/common/platform.db -hls-platform-name=artix7_slow -device-resource-info=BRAM_270.000000_DSP_240.000000_FF_126800.000000_LUT_63400.000000_SLICE_15850.000000_URAM_0.000000 -device-name-info=xc7a100ticsg324-1L > /home/andrea/ADMM_FPGA/vitis_projects/forward_subst/forward_subst/hls/.autopilot/db/clang.out.log 2> /home/andrea/ADMM_FPGA/vitis_projects/forward_subst/forward_subst/hls/.autopilot/db/clang.err.log
INFO-FLOW: run_clang result=success num-err-msgs=0 num-stderr-lines=0
Execute       clang_tidy xilinx-systemc-detector -desc systemc-detector /home/andrea/ADMM_FPGA/vitis_projects/forward_subst/forward_subst/hls/.autopilot/db/forward.pp.0.cpp  -target fpga -directive=/home/andrea/ADMM_FPGA/vitis_projects/forward_subst/forward_subst/hls/.autopilot/db/.systemc_flag 
INFO-FLOW: exec /media/andrea/48a1bd03-3653-4c55-8d37-cd7d804e2212/amdfpga/2025.2/Vitis/lnx64/tools/clang-16/bin/clang-tidy -header-filter=.* --checks=-*,xilinx-systemc-detector -import-directive=/home/andrea/ADMM_FPGA/vitis_projects/forward_subst/forward_subst/hls/.autopilot/db/.systemc_flag -fix-errors /home/andrea/ADMM_FPGA/vitis_projects/forward_subst/forward_subst/hls/.autopilot/db/forward.pp.0.cpp -- - -target fpga -fhls -ferror-limit=0
Command       clang_tidy done; 1.23 sec.
INFO-FLOW: Running: clang-tidy CDT preprocess 39
Execute       clang_tidy xilinx-directive2pragma -desc directive2pragma /home/andrea/ADMM_FPGA/vitis_projects/forward_subst/forward_subst/hls/.autopilot/db/forward.pp.0.cpp  -target fpga -directive=/home/andrea/ADMM_FPGA/vitis_projects/forward_subst/forward_subst/hls/.autopilot/db/all.directive.json 
INFO-FLOW: exec /media/andrea/48a1bd03-3653-4c55-8d37-cd7d804e2212/amdfpga/2025.2/Vitis/lnx64/tools/clang-16/bin/clang-tidy -header-filter=.* --checks=-*,xilinx-directive2pragma -import-directive=/home/andrea/ADMM_FPGA/vitis_projects/forward_subst/forward_subst/hls/.autopilot/db/all.directive.json -fix-errors /home/andrea/ADMM_FPGA/vitis_projects/forward_subst/forward_subst/hls/.autopilot/db/forward.pp.0.cpp -- - -target fpga -fhls -ferror-limit=0
Command       clang_tidy done; 1.35 sec.
INFO-FLOW: Done: clang-tidy CDT preprocess 39 time: 1.3 seconds 
INFO-FLOW: Calling xilinx-label-all-loops ... 
INFO-FLOW: Calling xilinx-aggregate-on-hls-vector ... 
Execute       clang_tidy -errorcheck -desc loop-label xilinx-label-all-loops,xilinx-aggregate-on-hls-vector,,xilinx-warn-mayneed-no-ctor-attribute /home/andrea/ADMM_FPGA/vitis_projects/forward_subst/forward_subst/hls/.autopilot/db/forward.pp.0.cpp  -target fpga 
INFO-FLOW: run_clang loop-label exec: /media/andrea/48a1bd03-3653-4c55-8d37-cd7d804e2212/amdfpga/2025.2/Vitis/lnx64/tools/clang-16/bin/clang-tidy -export-fixes=/home/andrea/ADMM_FPGA/vitis_projects/forward_subst/forward_subst/hls/.autopilot/db/forward.pp.0.cpp.clang-tidy.loop-label.diag.yml -header-filter=.* --checks=-*,xilinx-label-all-loops,xilinx-aggregate-on-hls-vector,,xilinx-warn-mayneed-no-ctor-attribute -fix-errors /home/andrea/ADMM_FPGA/vitis_projects/forward_subst/forward_subst/hls/.autopilot/db/forward.pp.0.cpp -- - -target fpga -fhls -ferror-limit=0 > /home/andrea/ADMM_FPGA/vitis_projects/forward_subst/forward_subst/hls/.autopilot/db/forward.pp.0.cpp.clang-tidy.loop-label.out.log 2> /home/andrea/ADMM_FPGA/vitis_projects/forward_subst/forward_subst/hls/.autopilot/db/forward.pp.0.cpp.clang-tidy.loop-label.err.log
Execute         source /media/andrea/48a1bd03-3653-4c55-8d37-cd7d804e2212/amdfpga/2025.2/Vitis/tps/tcl/tcllib2.0/yaml/yaml.tcl 
Execute           source /media/andrea/48a1bd03-3653-4c55-8d37-cd7d804e2212/amdfpga/2025.2/Vitis/tps/tcl/tcllib2.0/cmdline/cmdline.tcl 
INFO-FLOW: run_clang result=success num-err-msgs=0 num-stderr-lines=38
Command       clang_tidy done; 1.7 sec.
INFO-FLOW: run_clang forward.pp.0.cpp.xilinx-dataflow-lawyer exec: /media/andrea/48a1bd03-3653-4c55-8d37-cd7d804e2212/amdfpga/2025.2/Vitis/lnx64/tools/clang-16/bin/xilinx-dataflow-lawyer -export-fixes=/home/andrea/ADMM_FPGA/vitis_projects/forward_subst/forward_subst/hls/.autopilot/db/forward.pp.0.cpp.xilinx-dataflow-lawyer.diag.yml /home/andrea/ADMM_FPGA/vitis_projects/forward_subst/forward_subst/hls/.autopilot/db/forward.pp.0.cpp -- - -target fpga -fhls -ferror-limit=0 -fstrict-dataflow > /home/andrea/ADMM_FPGA/vitis_projects/forward_subst/forward_subst/hls/.autopilot/db/forward.pp.0.cpp.xilinx-dataflow-lawyer.out.log 2> /home/andrea/ADMM_FPGA/vitis_projects/forward_subst/forward_subst/hls/.autopilot/db/forward.pp.0.cpp.xilinx-dataflow-lawyer.err.log
INFO-FLOW: run_clang result=success num-err-msgs=0 num-stderr-lines=0
Execute       ap_part_info -name xc7a100ti-csg324-1L -data info 
INFO-FLOW: compiling source code to llvm bc
INFO-FLOW: run_clang forward.pp.0.cpp.clang exec: /media/andrea/48a1bd03-3653-4c55-8d37-cd7d804e2212/amdfpga/2025.2/Vitis/lnx64/tools/clang-16/bin/clang -foptimization-record-file=/home/andrea/ADMM_FPGA/vitis_projects/forward_subst/forward_subst/hls/.autopilot/db/forward.pp.0.cpp.clang.diag.yml -mllvm -pass-remarks-missed=reflow|pasta|unroll|inline -mllvm -pass-remarks=reflow|pasta|unroll|inline -flto -fno-exceptions -Wno-error=c++11-narrowing -fno-limit-debug-info -fhls -hls-emit-hint-scope /home/andrea/ADMM_FPGA/vitis_projects/forward_subst/forward_subst/hls/.autopilot/db/forward.pp.0.cpp -fno-math-errno -c -emit-llvm -mllvm -disable-llvm-optzns -Xclang -no-opaque-pointers -Xclang -fmerge-all-constants -Werror=implicit-hls-streams -Werror=return-type -Wpragmas -Wunused-parameter -Wdump-hls-pragmas -Wno-error=dump-hls-pragmas -hls-clock-period=10 -fno-threadsafe-statics -fno-use-cxa-atexit -target fpga64-xilinx-linux-gnu -D__VITIS_HLS__ -DAESL_SYN -D__SYNTHESIS__ -D__HLS_SYN__ -I /media/andrea/48a1bd03-3653-4c55-8d37-cd7d804e2212/amdfpga/2025.2/Vitis/common/technology/autopilot -I /media/andrea/48a1bd03-3653-4c55-8d37-cd7d804e2212/amdfpga/2025.2/Vitis/common/technology/autopilot/ap_sysc -include etc/autopilot_ssdm_op.h -D__DSP48E1__ -g -o /home/andrea/ADMM_FPGA/vitis_projects/forward_subst/forward_subst/hls/.autopilot/db/forward.pre.g.bc -hls-platform-db-name=/media/andrea/48a1bd03-3653-4c55-8d37-cd7d804e2212/amdfpga/2025.2/Vitis/common/technology/xilinx/common/platform.db -hls-platform-name=artix7_slow -device-resource-info=BRAM_270.000000_DSP_240.000000_FF_126800.000000_LUT_63400.000000_SLICE_15850.000000_URAM_0.000000 -device-name-info=xc7a100ticsg324-1L > /home/andrea/ADMM_FPGA/vitis_projects/forward_subst/forward_subst/hls/.autopilot/db/forward.pp.0.cpp.clang.out.log 2> /home/andrea/ADMM_FPGA/vitis_projects/forward_subst/forward_subst/hls/.autopilot/db/forward.pp.0.cpp.clang.err.log
INFO-FLOW: run_clang result=success num-err-msgs=0 num-stderr-lines=0
INFO-FLOW: converting llvm 16.0.4 bc to downstrem bc
INFO-FLOW: run_clang forward.bc.llvm-converter exec: /media/andrea/48a1bd03-3653-4c55-8d37-cd7d804e2212/amdfpga/2025.2/Vitis/lnx64/tools/clang-16/bin/llvm-converter -opaque-pointers=0 /home/andrea/ADMM_FPGA/vitis_projects/forward_subst/forward_subst/hls/.autopilot/db/forward.pre.g.bc -o /home/andrea/ADMM_FPGA/vitis_projects/forward_subst/forward_subst/hls/.autopilot/db/forward.bc > /home/andrea/ADMM_FPGA/vitis_projects/forward_subst/forward_subst/hls/.autopilot/db/forward.bc.llvm-converter.out.log 2> /home/andrea/ADMM_FPGA/vitis_projects/forward_subst/forward_subst/hls/.autopilot/db/forward.bc.llvm-converter.err.log
INFO-FLOW: run_clang result=success num-err-msgs=0 num-stderr-lines=0
INFO: [HLS 200-111] Finished Source Code Analysis and Preprocessing: CPU user time: 6.34 seconds. CPU system time: 1.04 seconds. Elapsed time: 8.24 seconds; current allocated memory: 257.137 MB.
INFO-FLOW: Linking Debug ...
INFO-FLOW: Linking dut bc code.
Execute       run_link_or_opt -out /home/andrea/ADMM_FPGA/vitis_projects/forward_subst/forward_subst/hls/.autopilot/db/a.g.ld.0.bc -args /home/andrea/ADMM_FPGA/vitis_projects/forward_subst/forward_subst/hls/.autopilot/db/forward.bc 
INFO-FLOW: run_clang a.g.ld.0.bc.llvm-link exec: /media/andrea/48a1bd03-3653-4c55-8d37-cd7d804e2212/amdfpga/2025.2/Vitis/lnx64/tools/clang-3.9-csynth/bin/llvm-link /home/andrea/ADMM_FPGA/vitis_projects/forward_subst/forward_subst/hls/.autopilot/db/forward.bc -o /home/andrea/ADMM_FPGA/vitis_projects/forward_subst/forward_subst/hls/.autopilot/db/a.g.ld.0.bc > /home/andrea/ADMM_FPGA/vitis_projects/forward_subst/forward_subst/hls/.autopilot/db/a.g.ld.0.bc.llvm-link.out.log 2> /home/andrea/ADMM_FPGA/vitis_projects/forward_subst/forward_subst/hls/.autopilot/db/a.g.ld.0.bc.llvm-link.err.log
INFO-FLOW: run_clang result=success num-err-msgs=0 num-stderr-lines=0
Execute       run_link_or_opt -opt -out /home/andrea/ADMM_FPGA/vitis_projects/forward_subst/forward_subst/hls/.autopilot/db/a.g.ld.1.lower.bc -args /home/andrea/ADMM_FPGA/vitis_projects/forward_subst/forward_subst/hls/.autopilot/db/a.g.ld.0.bc -reflow-lower-math-intrinsics 
INFO-FLOW: run_clang a.g.ld.1.lower.bc.opt exec: /media/andrea/48a1bd03-3653-4c55-8d37-cd7d804e2212/amdfpga/2025.2/Vitis/lnx64/tools/clang-3.9-csynth/bin/opt -pass-remarks-missed=reflow|pasta|unroll|inline -pass-remarks=reflow|pasta|unroll|inline -pass-remarks-output=/home/andrea/ADMM_FPGA/vitis_projects/forward_subst/forward_subst/hls/.autopilot/db/a.g.ld.1.lower.bc.opt.diag.yml /home/andrea/ADMM_FPGA/vitis_projects/forward_subst/forward_subst/hls/.autopilot/db/a.g.ld.0.bc -reflow-lower-math-intrinsics -o /home/andrea/ADMM_FPGA/vitis_projects/forward_subst/forward_subst/hls/.autopilot/db/a.g.ld.1.lower.bc > /home/andrea/ADMM_FPGA/vitis_projects/forward_subst/forward_subst/hls/.autopilot/db/a.g.ld.1.lower.bc.opt.out.log 2> /home/andrea/ADMM_FPGA/vitis_projects/forward_subst/forward_subst/hls/.autopilot/db/a.g.ld.1.lower.bc.opt.err.log
INFO-FLOW: run_clang result=success num-err-msgs=0 num-stderr-lines=0
INFO-FLOW: Running: gen_design_size_report post-opt
INFO-FLOW: Done: gen_design_size_report post-opt time: 0 seconds 
Command       run_link_or_opt done; 0.26 sec.
INFO-FLOW: Linking math bc lib
Execute       run_link_or_opt -out /home/andrea/ADMM_FPGA/vitis_projects/forward_subst/forward_subst/hls/.autopilot/db/a.g.ld.2.m1.bc -args /home/andrea/ADMM_FPGA/vitis_projects/forward_subst/forward_subst/hls/.autopilot/db/a.g.ld.1.lower.bc -only-needed /media/andrea/48a1bd03-3653-4c55-8d37-cd7d804e2212/amdfpga/2025.2/Vitis/lnx64/lib/libhlsm_39.bc /media/andrea/48a1bd03-3653-4c55-8d37-cd7d804e2212/amdfpga/2025.2/Vitis/lnx64/lib/libhlsmc++_39.bc 
INFO-FLOW: run_clang a.g.ld.2.m1.bc.llvm-link exec: /media/andrea/48a1bd03-3653-4c55-8d37-cd7d804e2212/amdfpga/2025.2/Vitis/lnx64/tools/clang-3.9-csynth/bin/llvm-link /home/andrea/ADMM_FPGA/vitis_projects/forward_subst/forward_subst/hls/.autopilot/db/a.g.ld.1.lower.bc -only-needed /media/andrea/48a1bd03-3653-4c55-8d37-cd7d804e2212/amdfpga/2025.2/Vitis/lnx64/lib/libhlsm_39.bc /media/andrea/48a1bd03-3653-4c55-8d37-cd7d804e2212/amdfpga/2025.2/Vitis/lnx64/lib/libhlsmc++_39.bc -o /home/andrea/ADMM_FPGA/vitis_projects/forward_subst/forward_subst/hls/.autopilot/db/a.g.ld.2.m1.bc > /home/andrea/ADMM_FPGA/vitis_projects/forward_subst/forward_subst/hls/.autopilot/db/a.g.ld.2.m1.bc.llvm-link.out.log 2> /home/andrea/ADMM_FPGA/vitis_projects/forward_subst/forward_subst/hls/.autopilot/db/a.g.ld.2.m1.bc.llvm-link.err.log
INFO-FLOW: run_clang result=success num-err-msgs=0 num-stderr-lines=0
Command       run_link_or_opt done; 1.76 sec.
Execute       run_link_or_opt -opt -out /home/andrea/ADMM_FPGA/vitis_projects/forward_subst/forward_subst/hls/.autopilot/db/a.g.ld.3.fpc.bc -args /home/andrea/ADMM_FPGA/vitis_projects/forward_subst/forward_subst/hls/.autopilot/db/a.g.ld.2.m1.bc -reflow-globaldce -hls-top-function-name=forward_substitution -reflow-float-conversion 
INFO-FLOW: run_clang a.g.ld.3.fpc.bc.opt exec: /media/andrea/48a1bd03-3653-4c55-8d37-cd7d804e2212/amdfpga/2025.2/Vitis/lnx64/tools/clang-3.9-csynth/bin/opt -pass-remarks-missed=reflow|pasta|unroll|inline -pass-remarks=reflow|pasta|unroll|inline -pass-remarks-output=/home/andrea/ADMM_FPGA/vitis_projects/forward_subst/forward_subst/hls/.autopilot/db/a.g.ld.3.fpc.bc.opt.diag.yml /home/andrea/ADMM_FPGA/vitis_projects/forward_subst/forward_subst/hls/.autopilot/db/a.g.ld.2.m1.bc -reflow-globaldce -hls-top-function-name=forward_substitution -reflow-float-conversion -o /home/andrea/ADMM_FPGA/vitis_projects/forward_subst/forward_subst/hls/.autopilot/db/a.g.ld.3.fpc.bc > /home/andrea/ADMM_FPGA/vitis_projects/forward_subst/forward_subst/hls/.autopilot/db/a.g.ld.3.fpc.bc.opt.out.log 2> /home/andrea/ADMM_FPGA/vitis_projects/forward_subst/forward_subst/hls/.autopilot/db/a.g.ld.3.fpc.bc.opt.err.log
INFO-FLOW: run_clang result=success num-err-msgs=0 num-stderr-lines=0
INFO-FLOW: Running: gen_design_size_report post-opt
INFO-FLOW: Done: gen_design_size_report post-opt time: 0 seconds 
Command       run_link_or_opt done; 0.72 sec.
Execute       run_link_or_opt -out /home/andrea/ADMM_FPGA/vitis_projects/forward_subst/forward_subst/hls/.autopilot/db/a.g.ld.4.m2.bc -args /home/andrea/ADMM_FPGA/vitis_projects/forward_subst/forward_subst/hls/.autopilot/db/a.g.ld.3.fpc.bc -only-needed /media/andrea/48a1bd03-3653-4c55-8d37-cd7d804e2212/amdfpga/2025.2/Vitis/lnx64/lib/libfloatconversion_39.bc 
INFO-FLOW: run_clang a.g.ld.4.m2.bc.llvm-link exec: /media/andrea/48a1bd03-3653-4c55-8d37-cd7d804e2212/amdfpga/2025.2/Vitis/lnx64/tools/clang-3.9-csynth/bin/llvm-link /home/andrea/ADMM_FPGA/vitis_projects/forward_subst/forward_subst/hls/.autopilot/db/a.g.ld.3.fpc.bc -only-needed /media/andrea/48a1bd03-3653-4c55-8d37-cd7d804e2212/amdfpga/2025.2/Vitis/lnx64/lib/libfloatconversion_39.bc -o /home/andrea/ADMM_FPGA/vitis_projects/forward_subst/forward_subst/hls/.autopilot/db/a.g.ld.4.m2.bc > /home/andrea/ADMM_FPGA/vitis_projects/forward_subst/forward_subst/hls/.autopilot/db/a.g.ld.4.m2.bc.llvm-link.out.log 2> /home/andrea/ADMM_FPGA/vitis_projects/forward_subst/forward_subst/hls/.autopilot/db/a.g.ld.4.m2.bc.llvm-link.err.log
INFO-FLOW: run_clang result=success num-err-msgs=0 num-stderr-lines=0
Execute       run_link_or_opt -opt -out /home/andrea/ADMM_FPGA/vitis_projects/forward_subst/forward_subst/hls/.autopilot/db/a.g.ld.5.gdce.bc -args /home/andrea/ADMM_FPGA/vitis_projects/forward_subst/forward_subst/hls/.autopilot/db/a.g.ld.4.m2.bc -reflow-globaldce -hls-top-function-name=forward_substitution 
INFO-FLOW: run_clang a.g.ld.5.gdce.bc.opt exec: /media/andrea/48a1bd03-3653-4c55-8d37-cd7d804e2212/amdfpga/2025.2/Vitis/lnx64/tools/clang-3.9-csynth/bin/opt -pass-remarks-missed=reflow|pasta|unroll|inline -pass-remarks=reflow|pasta|unroll|inline -pass-remarks-output=/home/andrea/ADMM_FPGA/vitis_projects/forward_subst/forward_subst/hls/.autopilot/db/a.g.ld.5.gdce.bc.opt.diag.yml /home/andrea/ADMM_FPGA/vitis_projects/forward_subst/forward_subst/hls/.autopilot/db/a.g.ld.4.m2.bc -reflow-globaldce -hls-top-function-name=forward_substitution -o /home/andrea/ADMM_FPGA/vitis_projects/forward_subst/forward_subst/hls/.autopilot/db/a.g.ld.5.gdce.bc > /home/andrea/ADMM_FPGA/vitis_projects/forward_subst/forward_subst/hls/.autopilot/db/a.g.ld.5.gdce.bc.opt.out.log 2> /home/andrea/ADMM_FPGA/vitis_projects/forward_subst/forward_subst/hls/.autopilot/db/a.g.ld.5.gdce.bc.opt.err.log
INFO-FLOW: run_clang result=success num-err-msgs=0 num-stderr-lines=0
INFO-FLOW: Running: gen_design_size_report post-opt
INFO-FLOW: Done: gen_design_size_report post-opt time: 0 seconds 
Execute       send_msg_by_id INFO @200-777@%s Vivado 
INFO: [HLS 200-777] Using interface defaults for 'Vivado' flow target.
Execute       is_m_axi_addr64 
INFO-FLOW: Doing LTO.
INFO-FLOW: run_clang reflow (background poll_ms 5000) exec: /media/andrea/48a1bd03-3653-4c55-8d37-cd7d804e2212/amdfpga/2025.2/Vitis/lnx64/tools/clang-3.9-csynth/bin/clang -foptimization-record-file=/home/andrea/ADMM_FPGA/vitis_projects/forward_subst/forward_subst/hls/.autopilot/db/a.g.ld.0.bc.clang.reflow.diag.yml -mllvm -pass-remarks-missed=reflow|pasta|unroll|inline -mllvm -pass-remarks=reflow|pasta|unroll|inline -fhls -mllvm -hls-top-function-name=forward_substitution -mllvm -hls-db-dir -mllvm /home/andrea/ADMM_FPGA/vitis_projects/forward_subst/forward_subst/hls/.autopilot/db -emit-llvm -c -target fpga64-xilinx-none -mllvm -xcl-xmlinfo=/home/andrea/ADMM_FPGA/vitis_projects/forward_subst/forward_subst/hls/.autopilot/db/kernel.internal.xml -mllvm -top-io-mapping-info=/home/andrea/ADMM_FPGA/vitis_projects/forward_subst/forward_subst/hls/.autopilot/db/top-io-fe.xml -mllvm -hls-bitcode-version=3.1 -mllvm -reflow-enable-slave-interface-default-setting=true -mllvm -gen-kernel-xml=false -mllvm -default-maxi-offset=slave -mllvm -reflow-unroll-size-threshold=10000 -mllvm -reflow-unroll-cost-threshold=1000000 -mllvm -maxi-latency=0 -mllvm -hls-maxi-data-size-in-bits=8 -mllvm -hls-maxi-max-data-size-in-bits=1024 -mllvm -hls-max-widen-size-in-bits=0 -mllvm -xcl-kernel-max-mem-ports=0 -mllvm -maxi-read-trans=16 -mllvm -maxi-write-trans=16 -mllvm -maxi-read-burst-len=16 -mllvm -maxi-write-burst-len=16 -mllvm -reflow-enable-saxi-64bits=0 -mllvm -reflow-basic-block-instr-threshold=200000 -mllvm -reflow-auto-pipeline-threshold=64 -mllvm -reflow-enable-maxi-auto-id-channel=0 -mllvm -reflow-bdd-simplify-threshold=1048576 -mllvm -reflow-fanout-threshold=16 -mllvm -reflow-force-aggressive-unroll=0 -mllvm -reflow-aggressive-unroll-adjust-factor=1.000000 -mllvm -reflow-complete-threshold=4 -mllvm -reflow-array-promotion-threshold=64 -mllvm -reflow-enable-critical-path-for-performance=1 -mllvm -assume-maxi-align=1 -mllvm -reflow-enable-dataflow-strict-mode-checking=1 -ftime-report -mllvm -time-passes -mllvm -reflow-auto-array-partition-mode=default -mllvm -reflow-enable-auto-small-array-partition=true -mllvm -reflow-enable-auto-array-promotion=true -mllvm -reflow-enable-auto-array-partition-for-flatten=true -mllvm -reflow-enable-auto-parallel-performance-driven=true -mllvm -reflow-enable-partition-for-automation=true -mllvm -reflow-aggregate-bitwidth-threshold=4096 -mllvm -reflow-reserved-saxilite-registers=0 -mllvm -enable-reflow-auto-loop-pipeline -mllvm -reflow-max-unroll-threshold=409600 -mllvm -auto-unroll-tripcount-threshold=0 -mllvm -reflow-assume-no-address-wrap=true -mllvm -reflow-enable-occurrence-inference=true -mllvm -reflow-emit-hint-scope=true -mllvm -reflow-enable-codegen-with-if=true -mllvm -reflow-enable-dataflow-canon=true -mllvm -reflow-enable-dataflow-canon2=true -mllvm -reflow-dump-extra-complexity-metric=true -mllvm -reflow-enable-dse-loop-nest-extraction=false -mllvm -hls -mllvm -disable-inlined-alloca-merging=true -mllvm -default-clock-period=10 -mllvm -use_read_first_ram_in_loop=1 -mllvm -default-clock-uncertainty=2.7 -x ir /home/andrea/ADMM_FPGA/vitis_projects/forward_subst/forward_subst/hls/.autopilot/db/a.g.ld.5.gdce.bc -o /home/andrea/ADMM_FPGA/vitis_projects/forward_subst/forward_subst/hls/.autopilot/db/a.g.lto.bc -hls-platform-db-name=/media/andrea/48a1bd03-3653-4c55-8d37-cd7d804e2212/amdfpga/2025.2/Vitis/common/technology/xilinx/common/platform.db -hls-platform-name=artix7_slow -device-resource-info=BRAM_270.000000_DSP_240.000000_FF_126800.000000_LUT_63400.000000_SLICE_15850.000000_URAM_0.000000 -device-name-info=xc7a100ticsg324-1L 2> /home/andrea/ADMM_FPGA/vitis_projects/forward_subst/forward_subst/hls/.autopilot/db/a.g.ld.0.bc.clang.reflow.err.log bg_poll_cmd: ::AP::poll_clang_39_closed_source
Execute       send_msg_by_id INFO @200-1995@%s%s%s 945 Compile/Link (/home/andrea/ADMM_FPGA/vitis_projects/forward_subst/forward_subst/hls/syn/report/csynth_design_size.rpt:2) 
INFO: [HLS 200-1995] There were 945 instructions in the design after the 'Compile/Link' phase of compilation. See the Design Size Report for more details (/home/andrea/ADMM_FPGA/vitis_projects/forward_subst/forward_subst/hls/syn/report/csynth_design_size.rpt:2)
Execute       send_msg_by_id INFO @200-1995@%s%s%s 154 Unroll/Inline (step 1) (/home/andrea/ADMM_FPGA/vitis_projects/forward_subst/forward_subst/hls/syn/report/csynth_design_size.rpt:2) 
INFO: [HLS 200-1995] There were 154 instructions in the design after the 'Unroll/Inline (step 1)' phase of compilation. See the Design Size Report for more details (/home/andrea/ADMM_FPGA/vitis_projects/forward_subst/forward_subst/hls/syn/report/csynth_design_size.rpt:2)
Execute       send_msg_by_id INFO @200-1995@%s%s%s 42 Unroll/Inline (step 2) (/home/andrea/ADMM_FPGA/vitis_projects/forward_subst/forward_subst/hls/syn/report/csynth_design_size.rpt:2) 
INFO: [HLS 200-1995] There were 42 instructions in the design after the 'Unroll/Inline (step 2)' phase of compilation. See the Design Size Report for more details (/home/andrea/ADMM_FPGA/vitis_projects/forward_subst/forward_subst/hls/syn/report/csynth_design_size.rpt:2)
Execute       send_msg_by_id INFO @200-1995@%s%s%s 40 Unroll/Inline (step 3) (/home/andrea/ADMM_FPGA/vitis_projects/forward_subst/forward_subst/hls/syn/report/csynth_design_size.rpt:2) 
INFO: [HLS 200-1995] There were 40 instructions in the design after the 'Unroll/Inline (step 3)' phase of compilation. See the Design Size Report for more details (/home/andrea/ADMM_FPGA/vitis_projects/forward_subst/forward_subst/hls/syn/report/csynth_design_size.rpt:2)
Execute       send_msg_by_id INFO @200-1995@%s%s%s 40 Unroll/Inline (step 4) (/home/andrea/ADMM_FPGA/vitis_projects/forward_subst/forward_subst/hls/syn/report/csynth_design_size.rpt:2) 
INFO: [HLS 200-1995] There were 40 instructions in the design after the 'Unroll/Inline (step 4)' phase of compilation. See the Design Size Report for more details (/home/andrea/ADMM_FPGA/vitis_projects/forward_subst/forward_subst/hls/syn/report/csynth_design_size.rpt:2)
Execute       send_msg_by_id INFO @200-1995@%s%s%s 40 Array/Struct (step 1) (/home/andrea/ADMM_FPGA/vitis_projects/forward_subst/forward_subst/hls/syn/report/csynth_design_size.rpt:2) 
INFO: [HLS 200-1995] There were 40 instructions in the design after the 'Array/Struct (step 1)' phase of compilation. See the Design Size Report for more details (/home/andrea/ADMM_FPGA/vitis_projects/forward_subst/forward_subst/hls/syn/report/csynth_design_size.rpt:2)
Execute       send_msg_by_id INFO @200-1995@%s%s%s 40 Array/Struct (step 2) (/home/andrea/ADMM_FPGA/vitis_projects/forward_subst/forward_subst/hls/syn/report/csynth_design_size.rpt:2) 
INFO: [HLS 200-1995] There were 40 instructions in the design after the 'Array/Struct (step 2)' phase of compilation. See the Design Size Report for more details (/home/andrea/ADMM_FPGA/vitis_projects/forward_subst/forward_subst/hls/syn/report/csynth_design_size.rpt:2)
Execute       send_msg_by_id INFO @200-1995@%s%s%s 40 Array/Struct (step 3) (/home/andrea/ADMM_FPGA/vitis_projects/forward_subst/forward_subst/hls/syn/report/csynth_design_size.rpt:2) 
INFO: [HLS 200-1995] There were 40 instructions in the design after the 'Array/Struct (step 3)' phase of compilation. See the Design Size Report for more details (/home/andrea/ADMM_FPGA/vitis_projects/forward_subst/forward_subst/hls/syn/report/csynth_design_size.rpt:2)
Execute       send_msg_by_id INFO @200-1995@%s%s%s 40 Array/Struct (step 4) (/home/andrea/ADMM_FPGA/vitis_projects/forward_subst/forward_subst/hls/syn/report/csynth_design_size.rpt:2) 
INFO: [HLS 200-1995] There were 40 instructions in the design after the 'Array/Struct (step 4)' phase of compilation. See the Design Size Report for more details (/home/andrea/ADMM_FPGA/vitis_projects/forward_subst/forward_subst/hls/syn/report/csynth_design_size.rpt:2)
Execute       send_msg_by_id INFO @200-1995@%s%s%s 40 Array/Struct (step 5) (/home/andrea/ADMM_FPGA/vitis_projects/forward_subst/forward_subst/hls/syn/report/csynth_design_size.rpt:2) 
INFO: [HLS 200-1995] There were 40 instructions in the design after the 'Array/Struct (step 5)' phase of compilation. See the Design Size Report for more details (/home/andrea/ADMM_FPGA/vitis_projects/forward_subst/forward_subst/hls/syn/report/csynth_design_size.rpt:2)
Execute       send_msg_by_id INFO @200-1995@%s%s%s 40 Performance (step 1) (/home/andrea/ADMM_FPGA/vitis_projects/forward_subst/forward_subst/hls/syn/report/csynth_design_size.rpt:2) 
INFO: [HLS 200-1995] There were 40 instructions in the design after the 'Performance (step 1)' phase of compilation. See the Design Size Report for more details (/home/andrea/ADMM_FPGA/vitis_projects/forward_subst/forward_subst/hls/syn/report/csynth_design_size.rpt:2)
Execute       send_msg_by_id INFO @200-1995@%s%s%s 40 Performance (step 2) (/home/andrea/ADMM_FPGA/vitis_projects/forward_subst/forward_subst/hls/syn/report/csynth_design_size.rpt:2) 
INFO: [HLS 200-1995] There were 40 instructions in the design after the 'Performance (step 2)' phase of compilation. See the Design Size Report for more details (/home/andrea/ADMM_FPGA/vitis_projects/forward_subst/forward_subst/hls/syn/report/csynth_design_size.rpt:2)
Execute       send_msg_by_id INFO @200-1995@%s%s%s 49 Performance (step 3) (/home/andrea/ADMM_FPGA/vitis_projects/forward_subst/forward_subst/hls/syn/report/csynth_design_size.rpt:2) 
INFO: [HLS 200-1995] There were 49 instructions in the design after the 'Performance (step 3)' phase of compilation. See the Design Size Report for more details (/home/andrea/ADMM_FPGA/vitis_projects/forward_subst/forward_subst/hls/syn/report/csynth_design_size.rpt:2)
Execute       send_msg_by_id INFO @200-1995@%s%s%s 43 Performance (step 4) (/home/andrea/ADMM_FPGA/vitis_projects/forward_subst/forward_subst/hls/syn/report/csynth_design_size.rpt:2) 
INFO: [HLS 200-1995] There were 43 instructions in the design after the 'Performance (step 4)' phase of compilation. See the Design Size Report for more details (/home/andrea/ADMM_FPGA/vitis_projects/forward_subst/forward_subst/hls/syn/report/csynth_design_size.rpt:2)
Execute       send_msg_by_id INFO @200-1995@%s%s%s 47 HW Transforms (step 1) (/home/andrea/ADMM_FPGA/vitis_projects/forward_subst/forward_subst/hls/syn/report/csynth_design_size.rpt:2) 
INFO: [HLS 200-1995] There were 47 instructions in the design after the 'HW Transforms (step 1)' phase of compilation. See the Design Size Report for more details (/home/andrea/ADMM_FPGA/vitis_projects/forward_subst/forward_subst/hls/syn/report/csynth_design_size.rpt:2)
Execute       send_msg_by_id INFO @200-1995@%s%s%s 52 HW Transforms (step 2) (/home/andrea/ADMM_FPGA/vitis_projects/forward_subst/forward_subst/hls/syn/report/csynth_design_size.rpt:2) 
INFO: [HLS 200-1995] There were 52 instructions in the design after the 'HW Transforms (step 2)' phase of compilation. See the Design Size Report for more details (/home/andrea/ADMM_FPGA/vitis_projects/forward_subst/forward_subst/hls/syn/report/csynth_design_size.rpt:2)
INFO: [HLS 214-291] Loop 'VITIS_LOOP_18_2' is marked as complete unroll implied by the pipeline pragma (forward.cpp:18:30)
INFO: [HLS 214-291] Loop 'VITIS_LOOP_27_3' is marked as complete unroll implied by the pipeline pragma (forward.cpp:27:30)
INFO: [HLS 214-186] Unrolling loop 'VITIS_LOOP_18_2' (forward.cpp:18:30) in function 'forward_substitution' completely with a factor of 2 (forward.cpp:8:0)
INFO: [HLS 214-186] Unrolling loop 'VITIS_LOOP_27_3' (forward.cpp:27:30) in function 'forward_substitution' completely with a factor of 1 (forward.cpp:8:0)
INFO: [HLS 214-449] Partitioning array 'L_row' dimension 2 due to constant index. (./forward_10_3.h:11:0)
INFO: [HLS 214-248] Applying array_partition to '_ZL5L_row': Complete partitioning on dimension 2. (./forward_10_3.h:11:0)
INFO-FLOW: run_clang result=success num-err-msgs=0 num-stderr-lines=21
INFO-FLOW: DBG:PUTS: copy_raw_kernel_xml ap_link_39: kernel.xml not generated: /home/andrea/ADMM_FPGA/vitis_projects/forward_subst/forward_subst/hls/.autopilot/db/kernel.internal.xml
INFO: [HLS 200-111] Finished Compiling Optimization and Transform: CPU user time: 2.5 seconds. CPU system time: 0.77 seconds. Elapsed time: 8.03 seconds; current allocated memory: 258.719 MB.
INFO: [HLS 200-111] Finished Checking Pragmas: CPU user time: 0 seconds. CPU system time: 0 seconds. Elapsed time: 0 seconds; current allocated memory: 258.719 MB.
Execute       opt_and_import_c a -opt_level=2 -skip_syncheck=0 -ng=0 -keep_printf=0 
Execute         cleanup_all_models 
INFO: [HLS 200-10] Starting code transformations ...
INFO-FLOW: Running Standard Transforms...
Execute         transform -hls -share-std-xform -demangle-name -inline-byval-memcpy -always-inline -promote-dbg-pointer -interface-preproc -mem2reg -reassociate -gvn -reassociate -scalarrepl -mem2reg -keep-read-access -instcombine -dce -promote-dbg-pointer -bitop-raise -loop-simplify -indvarspre -indvars -loop-simplify -constprop -instcombine -simplifycfg -indvars -simplifycfg -dce -globaldce -basicaa -simplifycfg -mem2reg -globalopt -global-constprop -deadargelim -instcombine -simplifycfg -scalarrepl -instcombine -reassociate -licm -simplifycfg -loop-simplify -indvars -instcombine -simplifycfg -mem2reg -loop-simplify -indvars -instcombine -gvn -gvn -instcombine -adce -break-crit-edges -simplifycfg -loop-delete -global-array-opt -dce -dse -adce -find-syn-modules -top forward_substitution -deadargelim -mem2reg -instcombine -dce -presyn-prepare -interface-preproc -syn-check -check-rec-only -find-region -simplifycfg -func-extr -function-inline -globaldce -mem2reg -instcombine -dce -gvn -globaldce -adce -adse -constprop -instcombine -bit-constprop -instcombine -dce -simplifycfg -bitop-raise -simplifycfg -dce -loop-delete -reassociate -globalopt -global-privatize -mem2reg -dce -global-constprop -pointer-simplify -constprop -dce -promote-dbg-pointer -norm-name /home/andrea/ADMM_FPGA/vitis_projects/forward_subst/forward_subst/hls/.autopilot/db/a.g.0.bc -o /home/andrea/ADMM_FPGA/vitis_projects/forward_subst/forward_subst/hls/.autopilot/db/a.g.1.bc -f -phase std-opt 
Command         transform done; 0.12 sec.
INFO: [HLS 200-111] Finished Standard Transforms: CPU user time: 0.01 seconds. CPU system time: 0.02 seconds. Elapsed time: 0.12 seconds; current allocated memory: 258.809 MB.
INFO: [HLS 200-10] Checking synthesizability ...
INFO-FLOW: Checking Synthesizability 1/2..
Execute         transform -hls -syn-check -check-rec-only -scalarrepl -norm-name -dce -mem2reg -instcombine -directive-preproc -mem2reg -dse -dce -dce -pag -array-normalize -instcombine -dce -array-seg-normalize -instcombine -dce -data-pack -instcombine -dce -inst-simplify -array-flatten -instcombine -dce -array-burst -dce -deadargelim -promote-global-argument -simplifycfg -mem2reg -globaldce -dce -deadargelim -dce -instcombine -function-inline -globaldce -dce -doublePtrSimplify -doublePtrElim -dce -doublePtrSimplify -promote-dbg-pointer -dce -scalarrepl -dse -adse -instcombine -ptrLegalization -simplifycfg -dce -instcombine -pointer-simplify -ptrArgReplace -dce -instcombine -resolve-double-ptr -scalarrepl -norm-name -dce -mem2reg -instcombine -ptrLegalization -simplifycfg -deadargelim -instcombine -dce -inst-simplify -directive-preproc -mem2reg -dse -dce -globaldce /home/andrea/ADMM_FPGA/vitis_projects/forward_subst/forward_subst/hls/.autopilot/db/a.g.1.bc -o /home/andrea/ADMM_FPGA/vitis_projects/forward_subst/forward_subst/hls/.autopilot/db/a.g.2.prechk.bc -f 
INFO-FLOW: Checking Synthesizability 2/2..
Execute         transform -syn-check /home/andrea/ADMM_FPGA/vitis_projects/forward_subst/forward_subst/hls/.autopilot/db/a.g.2.prechk.bc -o /home/andrea/ADMM_FPGA/vitis_projects/forward_subst/forward_subst/hls/.autopilot/db/a.g.2.bc -f -phase syn-check 
INFO: [HLS 200-111] Finished Checking Synthesizability: CPU user time: 0.01 seconds. CPU system time: 0 seconds. Elapsed time: 0.01 seconds; current allocated memory: 258.809 MB.
INFO-FLOW: Compiler optimizing ...
INFO-FLOW: Share syncheck's 1.bc for syn flow: copy /home/andrea/ADMM_FPGA/vitis_projects/forward_subst/forward_subst/hls/.autopilot/db/a.g.1.bc to /home/andrea/ADMM_FPGA/vitis_projects/forward_subst/forward_subst/hls/.autopilot/db/a.o.1.bc
INFO-FLOW: Presyn 1...
Execute         transform -hls -tmp /home/andrea/ADMM_FPGA/vitis_projects/forward_subst/forward_subst/hls/.autopilot/db -interface-port-rename -directive-preproc -mem2reg -dse -dce -scalarrepl -norm-name -deadargelim -dce -hls-dead-arg-elim -deadargelim -mem2reg -instcombine -dce -simplifycfg -dce -resource-proc -clib-intrinsic-prepare -dce -func-buffer -dce -pag -array-normalize -func-legal -instcombine -gvn -constprop -dce -simplifycfg -mem2reg -globaldce -resolve-double-ptr -dce -deadargelim -dce -instcombine -ptrArgReplace -mem2reg -dce -array-seg-normalize -deadargelim -instcombine -dce -directive-preproc -mem2reg -dse -dce -pointer-simplify -dce -dce -interface-preproc -data-pack -instcombine -dce -basicaa -aggr-aa -aggrmodref-aa -aggr-aa -gvn -gvn -basicaa -aggr-aa -aggrmodref-aa -aggr-aa -dse -adse -adce -loop-simplify -indvars -instcombine -gvn -loop-simplify -mem2reg -dce -find-region -instcombine -inst-simplify -interface-preproc -cfgopt -instcombine -indvars -loop-simplify -loop-bound -constprop -instcombine -simplifycfg -indvars -simplifycfg -dce -globaldce -clean-region -attach-range -gvn -inst-simplify -constprop -simplifycfg -dce -pointer-simplify -dce -globalopt -constprop -dce -ptrArgReplace -mem2reg -simplifycfg -dce -instcombine -dce -array-transform-check -array-reshape -instcombine -simplifycfg -dce -ptrArgReplace -deadargelim -mem2reg -instcombine -simplifycfg -dce -indvars -loop-simplify -loop-bound -constprop -instcombine -simplifycfg -indvars -simplifycfg -dce -globaldce -basicaa -aggr-aa -aggrmodref-aa -aggr-aa -dse -duplicate-dataflow-processes -globaldce -instcombine -array-partition -prepare-dynamic-array-partition -instcombine -simplifycfg -dce -ptrArgReplace -global-constprop -deadargelim -mem2reg -func-legal -dce -global-constprop -deadargelim -mem2reg -simplifycfg -dce -merge-param -deadargelim -globalopt -constprop -dce -ptrArgReplace -mem2reg -simplifycfg -dce -mem-intrinsic-preproc -dce -global-internalize -global-privatize -mem2reg -globaldce -lcssa -loop-simplify -phi-select-elim -promote-global-argument -ptrArgReplace -mem2reg -dce -globalopt -mergereturn -simplify-global-access -mem2reg -dce -pointer-simplify -dce -basicaa -aggr-aa -aggrmodref-aa -aggr-aa -functionattrs -basicaa -aggr-aa -aggrmodref-aa -aggr-aa -gvn -gvn -basicaa -aggr-aa -aggrmodref-aa -aggr-aa -dse -adse -adce -dce -norm-name -basicaa -aggr-aa -aggrmodref-aa -aggr-aa -accesses-merge -function-inline -complex-op-raise -inst-simplify -globaldce -func-legal -dce -loop-bound -arraycheck -bitwidthmin2 -bitwidthmin2 -on-by-dataflow -loop-delete -instcombine -simplifycfg -globaldce -dce -gvn -deadargelim -dce -loop-simplify -clean-region -simplifycfg -propagate-stable-arguments -instcombine -simplifycfg -dce -globaldce -duplicate-dataflow-processes -stream-intrinsic-preproc -dce -check-ap-stream -loop-simplify -eliminate-keepreads -extract-dataflow-in-loop -loop-simplify -dce -gvn -deadargelim -dse -duplicate-dataflow-processes -check-dataflow-syntax -legalize-stream-variable -globaldce -extract-subproc -global-constprop -deadargelim -globaldce -legalize-global -dce -dead-channel-elimination -canonicalize-gep -globaldce -dce -gvn -hls-dead-arg-elim -deadargelim -canonicalize-dataflow -directive-preproc -dce -globaldce -scalar-preprocessing -scalar-propagation2 -scalar-stream -deadargelim -globaldce -mem2reg -check-dataflow-channels -function-stream -dce -globaldce -prop-fifo-spec -internal-stream-gen -canonicalize-gep -globaldce -dce -gvn -deadargelim -mergereturn -indvars -loop-simplify -instcombine -array-stream -array-seg-normalize -array-partition -clean-array-spec -func-legal -instcombine -simplifycfg -dce -bundle-memfifo-ops -deadargelim -directive-preproc -mem2reg -dse -dce -group-axi-access -licm -simplifycfg -dce -loop-delete -hls-display -norm-name /home/andrea/ADMM_FPGA/vitis_projects/forward_subst/forward_subst/hls/.autopilot/db/a.o.1.bc -o /home/andrea/ADMM_FPGA/vitis_projects/forward_subst/forward_subst/hls/.autopilot/db/a.o.1.tmp.bc -f 
INFO-FLOW: Presyn 2...
Execute         transform -hls -keep-callgraph -scalarrepl -mem2reg -attach-range -dce -pipe-mux-gen -indvars -loop-bound -inst-simplify -instcombine -dce -merge-array-access -mem2reg -dce -clean-region -mergereturn -if-conv -instcombine -dce -constprop -basicaa -aggr-aa -aggrmodref-aa -aggr-aa -gvn -gvn -basicaa -aggr-aa -aggrmodref-aa -aggr-aa -dse -adse -adce -scalarrepl -mem2reg -global-constprop -deadargelim -deadargelim -instcombine -dce -simplifycfg -ptrArgReplace -mem2reg -function-inline -globaldce -mem2reg -instcombine -dce -expr-balance -instcombine -dce -bitwidthmin2 -bitwidthmin2 -interface-preproc -directive-preproc -inst-rectify -instcombine -dce -basicaa -aggr-aa -aggrmodref-aa -aggr-aa -functionattrs -constprop -instcombine -bit-constprop -simplify-global-access -globalopt -globaldce -inst-simplify -instcombine -elimdeaddata -dce -loop-delete -simplifycfg -loop-simplify -barrier -norm-name /home/andrea/ADMM_FPGA/vitis_projects/forward_subst/forward_subst/hls/.autopilot/db/a.o.1.tmp.bc -o /home/andrea/ADMM_FPGA/vitis_projects/forward_subst/forward_subst/hls/.autopilot/db/a.o.2.bc -f -phase presyn 
INFO: [HLS 200-111] Finished Loop, function and other optimizations: CPU user time: 0.04 seconds. CPU system time: 0 seconds. Elapsed time: 0.05 seconds; current allocated memory: 279.762 MB.
Execute         transform -hls -auto-function-inline -globaldce -ptrArgReplace -mem2reg -dce -reset-lda -loop-simplify -indvars -aggr-aa -licm -loop-dep -loop-bound -licm -loop-simplify -loop-sink-hoist -flattenloopnest -array-flatten -gvn -instcombine -dce -array-map -dce -func-legal -gvn -adce -instcombine -cfgopt -simplifycfg-lite -loop-simplify -array-burst -promote-global-argument -dce -array-seg-normalize -basicaa -aggrmodref-aa -globalsmodref-aa -aggr-aa -gvn -gvn -basicaa -aggrmodref-aa -globalsmodref-aa -aggr-aa -dse -adse -adce -licm -inst-simplify -dce -globaldce -instcombine -array-stream -eliminate-keepreads -instcombine -dce -deadargelim -doublePtrSimplify -doublePtrElim -dce -doublePtrSimplify -promote-dbg-pointer -dce -scalarrepl -mem2reg -norm-name -mem2reg -instcombine -dse -adse -adce -ptrLegalization -dce -array-flatten -dce -instcombine -check-doubleptr -loop-rot -constprop -inst-simplify -cfgopt -simplifycfg-lite -loop-simplify -indvars -pointer-simplify -dce -loop-bound -loop-simplify -loop-preproc -constprop -global-constprop -gvn -mem2reg -instcombine -dce -loop-bound -loop-merge -dce -deadargelim -dce -canonicalize-dataflow -dce -deadargelim -globaldce -mem2reg -bram-byte-enable -inst-simplify -inst-rectify -instcombine -adce -deadargelim -load-elim -read-loop-dep -loop-simplify -loop-rewind-sink-hoist -loop-outline -hls-dead-arg-elim -directive-preproc -bitwidthmin2 -bitwidthmin2 -read-loop-dep -interface-preproc -directive-preproc -interface-gen -bram-byte-enable-spec-prop -mul2addshift -deadargelim -inst-simplify -dce -mem2reg -instcombine -gvn -dce -adse -loop-bound -instcombine -cfgopt -simplifycfg-lite -loop-simplify -clean-region -io-protocol -find-region -mem2reg -bitop-raise -complex-op-raise -inst-simplify -inst-rectify -instcombine -gvn -adce -deadargelim -float-op-raise -loop-simplify -phi-opt -bitop-raise -cfgopt -simplifycfg-lite -strip-dead-prototypes -interface-lower -bitop-lower -intrinsic-lower -auto-function-inline -basicaa -aggrmodref-aa -globalsmodref-aa -aggr-aa -inst-simplify -simplifycfg-lite -loop-simplify -mergereturn -inst-simplify -inst-rectify -globaldce -dce -load-elim -bitop-lower -float-op-raise -fma-raise -loop-rewind -pointer-simplify -dce -cfgopt -dce -loop-bound -loop-dep -read-loop-dep -dce -dyn-mem-reuse -dce -recurrence-min -dce -share-scalar-alloca -deadargelim -dce -check-stream -norm-name -legalize -inst-clarity -bitwidth -dce -validate-dataflow -dump-loop-dep-to-ir -check-all-ssdm -drop-inferred-ii -dump-complexity-metric /home/andrea/ADMM_FPGA/vitis_projects/forward_subst/forward_subst/hls/.autopilot/db/a.o.2.bc -o /home/andrea/ADMM_FPGA/vitis_projects/forward_subst/forward_subst/hls/.autopilot/db/a.o.3.bc -f -phase build-ssdm 
Execute           AP::auto_get_db
INFO-FLOW: Building ssdm...
Execute         transform -hls -cdfg-build /home/andrea/ADMM_FPGA/vitis_projects/forward_subst/forward_subst/hls/.autopilot/db/a.o.3.bc -o /home/andrea/ADMM_FPGA/vitis_projects/forward_subst/forward_subst/hls/.autopilot/db/a.o.3.bc -f -phase build-ssdm 
INFO: [HLS 200-111] Finished Architecture Synthesis: CPU user time: 0.03 seconds. CPU system time: 0.01 seconds. Elapsed time: 0.04 seconds; current allocated memory: 279.762 MB.
INFO-FLOW: Finish building internal data model.
Command       opt_and_import_c done; 0.22 sec.
Command     elaborate done; 16.49 sec.
Execute     ap_eval exec zip -j /home/andrea/ADMM_FPGA/vitis_projects/forward_subst/forward_subst/hls/.autopilot/db/dut.hcp $dbDir/a.o.3.bc $dbDir/${topname}.rtl_wrap.cfg.tcl $dbDir/apatb_${topname}.cpp $dbDir/apatb_${topname}_util.cpp $dbDir/apatb_${topname}_ir.ll $dbDir/mapper_${topname}.cpp $dbDir/top-io-fe.xml $dbDir/kernel.internal.xml $workdir/../hls.app 
INFO: [HLS 200-10] Starting hardware synthesis ...
INFO-FLOW: Synthesizing C/C++ design AP::SynTopModule=forward_substitution
INFO: [HLS 200-10] Synthesizing 'forward_substitution' ...
Execute     ap_set_top_model forward_substitution 
Execute     get_model_list forward_substitution -filter all-wo-channel -topdown 
Execute     preproc_iomode -model forward_substitution 
Execute     get_model_list forward_substitution -filter all-wo-channel 
INFO-FLOW: Model list for configure: forward_substitution
INFO-FLOW: Configuring Module : forward_substitution ...
Execute     set_default_model forward_substitution 
Execute     apply_spec_resource_limit forward_substitution 
INFO-FLOW: Model list for preprocess: forward_substitution
INFO-FLOW: Preprocessing Module: forward_substitution ...
Execute     set_default_model forward_substitution 
Execute     cdfg_preprocess -model forward_substitution 
Execute     rtl_gen_preprocess forward_substitution 
INFO-FLOW: Model list for synthesis: forward_substitution
INFO: [HLS 200-10] ----------------------------------------------------------------
INFO: [HLS 200-42] -- Implementing module 'forward_substitution' 
INFO: [HLS 200-10] ----------------------------------------------------------------
Execute     set_default_model forward_substitution 
Execute     schedule -model forward_substitution 
INFO: [SCHED 204-11] Starting scheduling ...
INFO: [SCHED 204-61] Pipelining loop 'VITIS_LOOP_12_1'.
INFO: [HLS 200-1470] Pipelining result : Target II = 11, Final II = 9, Depth = 9, loop 'VITIS_LOOP_12_1'
INFO: [SCHED 204-11] Finished scheduling.
INFO: [HLS 200-111] Finished Scheduling: CPU user time: 0.04 seconds. CPU system time: 0.03 seconds. Elapsed time: 0.11 seconds; current allocated memory: 279.762 MB.
Execute     syn_report -verbosereport -o /home/andrea/ADMM_FPGA/vitis_projects/forward_subst/forward_subst/hls/.autopilot/db/forward_substitution.verbose.sched.rpt 
Execute       list_part -family xc7a100ti-csg324-1L 
Execute         ap_family_info -name xc7a100ti-csg324-1L -data names 
Execute         ap_part_info -quiet -name xc7a100ti-csg324-1L -data family 
INFO: [HLS 200-2250] Rewind delay = 7 for the pipelined loop 'VITIS_LOOP_12_1' due to a write-after-write dependence on variable 'window_1 (forward.cpp:9)'.
Execute     db_write -o /home/andrea/ADMM_FPGA/vitis_projects/forward_subst/forward_subst/hls/.autopilot/db/forward_substitution.sched.adb -f 
INFO-FLOW: Finish scheduling forward_substitution.
Execute     set_default_model forward_substitution 
Execute     bind -model forward_substitution 
INFO: [BIND 205-100] Starting micro-architecture generation ...
INFO: [BIND 205-101] Performing variable lifetime analysis.
INFO: [BIND 205-101] Exploring resource sharing.
INFO: [BIND 205-101] Binding ...
INFO: [BIND 205-100] Finished micro-architecture generation.
INFO: [HLS 200-111] Finished Binding: CPU user time: 0.02 seconds. CPU system time: 0.01 seconds. Elapsed time: 0.02 seconds; current allocated memory: 279.762 MB.
Execute     syn_report -verbosereport -o /home/andrea/ADMM_FPGA/vitis_projects/forward_subst/forward_subst/hls/.autopilot/db/forward_substitution.verbose.bind.rpt 
Execute       list_part -family xc7a100ti-csg324-1L 
Execute         ap_family_info -name xc7a100ti-csg324-1L -data names 
Execute         ap_part_info -quiet -name xc7a100ti-csg324-1L -data family 
Execute     db_write -o /home/andrea/ADMM_FPGA/vitis_projects/forward_subst/forward_subst/hls/.autopilot/db/forward_substitution.bind.adb -f 
INFO-FLOW: Finish binding forward_substitution.
Execute     get_model_list forward_substitution -filter all-wo-channel 
INFO-FLOW: Preprocessing for RTLGen ...
Execute     rtl_gen_preprocess forward_substitution 
INFO-FLOW: Model list for RTL generation: forward_substitution
INFO: [HLS 200-10] ----------------------------------------------------------------
INFO: [HLS 200-10] -- Generating RTL for module 'forward_substitution' 
INFO: [HLS 200-10] ----------------------------------------------------------------
Execute     create_rtl_model forward_substitution -top_prefix  -sub_prefix forward_substitution_ -mg_file /home/andrea/ADMM_FPGA/vitis_projects/forward_subst/forward_subst/hls/.autopilot/db/forward_substitution.compgen.tcl 
INFO: [RTGEN 206-500] Setting interface mode on port 'forward_substitution/b' to 'ap_memory'.
INFO: [RTGEN 206-500] Setting interface mode on port 'forward_substitution/x' to 'ap_memory'.
INFO: [RTGEN 206-500] Setting interface mode on function 'forward_substitution' to 'ap_ctrl_hs'.
INFO: [RTGEN 206-100] Generating core module 'mul_16s_32s_48_2_1': 1 instance(s).
INFO: [RTGEN 206-100] Generating core module 'mul_33s_16ns_48_2_1': 1 instance(s).
INFO: [RTGEN 206-100] Finished creating RTL model for 'forward_substitution'.
INFO: [RTMG 210-279] Implementing memory 'forward_substitution_p_ZL5L_row_0_ROM_AUTO_1R' using auto ROMs.
INFO: [RTMG 210-279] Implementing memory 'forward_substitution_p_ZL5L_row_1_ROM_AUTO_1R' using auto ROMs.
INFO: [RTMG 210-279] Implementing memory 'forward_substitution_p_ZL5L_row_2_ROM_AUTO_1R' using auto ROMs.
INFO: [HLS 200-111] Finished Creating RTL model: CPU user time: 0.03 seconds. CPU system time: 0 seconds. Elapsed time: 0.04 seconds; current allocated memory: 279.762 MB.
Execute     source /home/andrea/ADMM_FPGA/vitis_projects/forward_subst/forward_subst/hls/.autopilot/db/forward_substitution.rtl_wrap.cfg.tcl 
Execute     gen_rtl forward_substitution -istop -style xilinx -f -lang vhdl -o /home/andrea/ADMM_FPGA/vitis_projects/forward_subst/forward_subst/hls/syn/vhdl/forward_substitution 
Execute     gen_rtl forward_substitution -istop -style xilinx -f -lang vlog -o /home/andrea/ADMM_FPGA/vitis_projects/forward_subst/forward_subst/hls/syn/verilog/forward_substitution 
Execute     syn_report -csynth -model forward_substitution -o /home/andrea/ADMM_FPGA/vitis_projects/forward_subst/forward_subst/hls/syn/report/forward_substitution_csynth.rpt 
Execute       list_part -family xc7a100ti-csg324-1L 
Execute         ap_family_info -name xc7a100ti-csg324-1L -data names 
Execute         ap_part_info -quiet -name xc7a100ti-csg324-1L -data family 
Execute     syn_report -rtlxml -model forward_substitution -o /home/andrea/ADMM_FPGA/vitis_projects/forward_subst/forward_subst/hls/syn/report/forward_substitution_csynth.xml 
Execute       list_part -family xc7a100ti-csg324-1L 
Execute         ap_family_info -name xc7a100ti-csg324-1L -data names 
Execute         ap_part_info -quiet -name xc7a100ti-csg324-1L -data family 
Execute     syn_report -verbosereport -model forward_substitution -o /home/andrea/ADMM_FPGA/vitis_projects/forward_subst/forward_subst/hls/.autopilot/db/forward_substitution.verbose.rpt 
Execute       list_part -family xc7a100ti-csg324-1L 
Execute         ap_family_info -name xc7a100ti-csg324-1L -data names 
Execute         ap_part_info -quiet -name xc7a100ti-csg324-1L -data family 
Execute     db_write -model forward_substitution -f -o /home/andrea/ADMM_FPGA/vitis_projects/forward_subst/forward_subst/hls/.autopilot/db/forward_substitution.adb 
Execute     db_write -model forward_substitution -bindview -o /home/andrea/ADMM_FPGA/vitis_projects/forward_subst/forward_subst/hls/.autopilot/db/design.bindinfo.xml 
Execute     gen_tb_info forward_substitution -p /home/andrea/ADMM_FPGA/vitis_projects/forward_subst/forward_subst/hls/.autopilot/db -o /home/andrea/ADMM_FPGA/vitis_projects/forward_subst/forward_subst/hls/.autopilot/db/forward_substitution 
Execute     export_constraint_db -f -tool general -o /home/andrea/ADMM_FPGA/vitis_projects/forward_subst/forward_subst/hls/.autopilot/db/forward_substitution.constraint.tcl 
Execute     syn_report -designview -model forward_substitution -o /home/andrea/ADMM_FPGA/vitis_projects/forward_subst/forward_subst/hls/.autopilot/db/forward_substitution.design.xml 
Execute     syn_report -csynthDesign -model forward_substitution -o /home/andrea/ADMM_FPGA/vitis_projects/forward_subst/forward_subst/hls/syn/report/csynth.rpt -MHOut /home/andrea/ADMM_FPGA/vitis_projects/forward_subst/forward_subst/hls/.autopilot/db/kernel_module_hierarchy.tcl 
Execute       list_part -family xc7a100ti-csg324-1L 
Execute         ap_family_info -name xc7a100ti-csg324-1L -data names 
Execute         ap_part_info -quiet -name xc7a100ti-csg324-1L -data family 
Execute     syn_report -wcfg -model forward_substitution -o /home/andrea/ADMM_FPGA/vitis_projects/forward_subst/forward_subst/hls/.autopilot/db/forward_substitution_dataflow_ana.wcfg 
Execute     syn_report -protoinst -model forward_substitution -o /home/andrea/ADMM_FPGA/vitis_projects/forward_subst/forward_subst/hls/.autopilot/db/forward_substitution.protoinst 
Execute     sc_get_clocks forward_substitution 
Execute     sc_get_portdomain forward_substitution 
INFO-FLOW: Model list for RTL component generation: forward_substitution
INFO-FLOW: Handling components in module [forward_substitution] ... 
Execute     source /home/andrea/ADMM_FPGA/vitis_projects/forward_subst/forward_subst/hls/.autopilot/db/forward_substitution.compgen.tcl 
INFO-FLOW: Found component forward_substitution_mul_16s_32s_48_2_1.
INFO-FLOW: Append model forward_substitution_mul_16s_32s_48_2_1
INFO-FLOW: Found component forward_substitution_mul_33s_16ns_48_2_1.
INFO-FLOW: Append model forward_substitution_mul_33s_16ns_48_2_1
INFO-FLOW: Found component forward_substitution_p_ZL5L_row_0_ROM_AUTO_1R.
INFO-FLOW: Append model forward_substitution_p_ZL5L_row_0_ROM_AUTO_1R
INFO-FLOW: Found component forward_substitution_p_ZL5L_row_1_ROM_AUTO_1R.
INFO-FLOW: Append model forward_substitution_p_ZL5L_row_1_ROM_AUTO_1R
INFO-FLOW: Found component forward_substitution_p_ZL5L_row_2_ROM_AUTO_1R.
INFO-FLOW: Append model forward_substitution_p_ZL5L_row_2_ROM_AUTO_1R
INFO-FLOW: Found component forward_substitution_flow_control_loop_pipe.
INFO-FLOW: Append model forward_substitution_flow_control_loop_pipe
INFO-FLOW: Append model forward_substitution
INFO-FLOW: Generating RTL model list ...
INFO-FLOW: All models in this session: forward_substitution_mul_16s_32s_48_2_1 forward_substitution_mul_33s_16ns_48_2_1 forward_substitution_p_ZL5L_row_0_ROM_AUTO_1R forward_substitution_p_ZL5L_row_1_ROM_AUTO_1R forward_substitution_p_ZL5L_row_2_ROM_AUTO_1R forward_substitution_flow_control_loop_pipe forward_substitution
INFO-FLOW: Generating /home/andrea/ADMM_FPGA/vitis_projects/forward_subst/forward_subst/hls/.autopilot/db/autopilot.rtl.models.txt file...
INFO-FLOW: To file: write model forward_substitution_mul_16s_32s_48_2_1
INFO-FLOW: To file: write model forward_substitution_mul_33s_16ns_48_2_1
INFO-FLOW: To file: write model forward_substitution_p_ZL5L_row_0_ROM_AUTO_1R
INFO-FLOW: To file: write model forward_substitution_p_ZL5L_row_1_ROM_AUTO_1R
INFO-FLOW: To file: write model forward_substitution_p_ZL5L_row_2_ROM_AUTO_1R
INFO-FLOW: To file: write model forward_substitution_flow_control_loop_pipe
INFO-FLOW: To file: write model forward_substitution
INFO-FLOW: Generating /home/andrea/ADMM_FPGA/vitis_projects/forward_subst/forward_subst/hls/.autopilot/db/autopilot.rtl.models.tcl file...
INFO-FLOW: Finished generating RTL model list.


INFO-FLOW: RTL Generation done.
INFO-FLOW: CAS Generation done.
INFO-FLOW: CBC Generation done.
Execute     AP::msg_collection_file -close 
INFO-FLOW: DBG:PROC: ::AESL_AUTOMG::auto_generate_csynth_design
INFO-FLOW: DBG:PUTS: read_platform_lib /home/andrea/ADMM_FPGA/vitis_projects/forward_subst/forward_subst/hls/.autopilot/db/global.setting.tcl
Execute     source /media/andrea/48a1bd03-3653-4c55-8d37-cd7d804e2212/amdfpga/2025.2/Vitis/common/technology/generic/autopilot/common.gen 
Execute       source /media/andrea/48a1bd03-3653-4c55-8d37-cd7d804e2212/amdfpga/2025.2/Vitis/common/technology/generic/autopilot/APCoreGen.gen 
Execute     source /media/andrea/48a1bd03-3653-4c55-8d37-cd7d804e2212/amdfpga/2025.2/Vitis/common/technology/generic/autopilot/op.gen 
Execute     source /media/andrea/48a1bd03-3653-4c55-8d37-cd7d804e2212/amdfpga/2025.2/Vitis/common/technology/generic/autopilot/op_simcore.gen 
Execute     source /media/andrea/48a1bd03-3653-4c55-8d37-cd7d804e2212/amdfpga/2025.2/Vitis/common/technology/generic/autopilot/interface.gen 
Execute     source /home/andrea/ADMM_FPGA/vitis_projects/forward_subst/forward_subst/hls/.autopilot/db/global.setting.tcl 
Execute     ap_family_info -name artix7 -data parts 
Execute     ap_part_info -name xc7a12ticsg325-1L -data info 
Execute     source /media/andrea/48a1bd03-3653-4c55-8d37-cd7d804e2212/amdfpga/2025.2/Vitis/common/technology/xilinx/common/xilinx.gen 
Execute       source /media/andrea/48a1bd03-3653-4c55-8d37-cd7d804e2212/amdfpga/2025.2/Vitis/common/technology/xilinx/interface/plb46.gen 
Execute       source /media/andrea/48a1bd03-3653-4c55-8d37-cd7d804e2212/amdfpga/2025.2/Vitis/common/technology/xilinx/interface/axi4.gen 
Execute       source /media/andrea/48a1bd03-3653-4c55-8d37-cd7d804e2212/amdfpga/2025.2/Vitis/common/technology/xilinx/interface/nativeAXI4.gen 
Execute         source /media/andrea/48a1bd03-3653-4c55-8d37-cd7d804e2212/amdfpga/2025.2/Vitis/common/technology/xilinx/interface/saxilite.gen 
Execute       source /media/andrea/48a1bd03-3653-4c55-8d37-cd7d804e2212/amdfpga/2025.2/Vitis/common/technology/xilinx/scripts/xilinxcoregen.gen 
Execute       source /media/andrea/48a1bd03-3653-4c55-8d37-cd7d804e2212/amdfpga/2025.2/Vitis/common/technology/xilinx/interface/XilEDKCoreGen.gen 
Execute       source /media/andrea/48a1bd03-3653-4c55-8d37-cd7d804e2212/amdfpga/2025.2/Vitis/common/technology/xilinx/ip/dds_compiler.gen 
Execute       source /media/andrea/48a1bd03-3653-4c55-8d37-cd7d804e2212/amdfpga/2025.2/Vitis/common/technology/xilinx/ip/xfir.gen 
Execute       source /media/andrea/48a1bd03-3653-4c55-8d37-cd7d804e2212/amdfpga/2025.2/Vitis/common/technology/xilinx/ip/xfft.gen 
Execute       source /media/andrea/48a1bd03-3653-4c55-8d37-cd7d804e2212/amdfpga/2025.2/Vitis/common/technology/xilinx/ip/util.gen 
Execute       source /media/andrea/48a1bd03-3653-4c55-8d37-cd7d804e2212/amdfpga/2025.2/Vitis/common/technology/xilinx/DSP48/dsp48.gen 
INFO-FLOW: DBG:PUTS:   using AESL_AUTOCG::g_clock_period=10.000 (was NA)
INFO-FLOW: DBG:PROC: ::AESL_AUTOMG::generate_ip_cores gen_sim_model='1' gen_fp_models='0' gen_for_export='0' dstSCDir='' dstVhdlDir='/home/andrea/ADMM_FPGA/vitis_projects/forward_subst/forward_subst/hls/.autopilot/db/vhdl' dstVlogDir='/home/andrea/ADMM_FPGA/vitis_projects/forward_subst/forward_subst/hls/.autopilot/db/vlog' tclDir='/home/andrea/ADMM_FPGA/vitis_projects/forward_subst/forward_subst/hls/.autopilot/db' modelList='forward_substitution_mul_16s_32s_48_2_1
forward_substitution_mul_33s_16ns_48_2_1
forward_substitution_p_ZL5L_row_0_ROM_AUTO_1R
forward_substitution_p_ZL5L_row_1_ROM_AUTO_1R
forward_substitution_p_ZL5L_row_2_ROM_AUTO_1R
forward_substitution_flow_control_loop_pipe
forward_substitution
' expOnly='0'
Execute     source /home/andrea/ADMM_FPGA/vitis_projects/forward_subst/forward_subst/hls/.autopilot/db/global.setting.tcl 
Execute     ap_part_info -name xc7a100ti-csg324-1L -data names -quiet 
Execute     ap_part_info -name xc7a100ti-csg324-1L -data info -quiet 
Execute     source /home/andrea/ADMM_FPGA/vitis_projects/forward_subst/forward_subst/hls/.autopilot/db/global.setting.tcl 
Execute     source /home/andrea/ADMM_FPGA/vitis_projects/forward_subst/forward_subst/hls/.autopilot/db/global.setting.tcl 
Execute     source /home/andrea/ADMM_FPGA/vitis_projects/forward_subst/forward_subst/hls/.autopilot/db/forward_substitution.compgen.tcl 
INFO: [HLS 200-111] Finished Generating all RTL models: CPU user time: 0.16 seconds. CPU system time: 0.02 seconds. Elapsed time: 0.2 seconds; current allocated memory: 279.762 MB.
INFO-FLOW: DBG:PROC: ::HLSREPORTS::create_csynth_xml bind_info_var='bind_info' RtlSubPrefix='forward_substitution_' outfile=''
INFO-FLOW: Running: create_csynth_xml read xml data
INFO-FLOW: Done: create_csynth_xml read xml data time: 0 seconds 
INFO-FLOW: create_csynth_xml: all_module_nodes count=1
INFO-FLOW: Running: create_csynth_xml bind info
INFO-FLOW: create_csynth_xml: all_bind_nodes count=12
INFO-FLOW: Done: create_csynth_xml bind info time: 0 seconds 
INFO-FLOW: create_csynth_xml: bind_instances counts: modules=1 instances=10
INFO-FLOW: Running: create_csynth_xml update csynth_xml_module_hier
INFO-FLOW: Done: create_csynth_xml update csynth_xml_module_hier time: 0 seconds 
INFO-FLOW: create_csynth_xml: csynth_xml_module_hier max_depth=2
INFO-FLOW: Running: create_csynth_xml gen bind_report_dict
INFO-FLOW: Done: create_csynth_xml gen bind_report_dict time: 0 seconds 
INFO-FLOW: Running: create_csynth_xml config info
INFO-FLOW: Done: create_csynth_xml config info time: 0.2 seconds 
INFO-FLOW: Running: create_csynth_xml write xml
INFO-FLOW: Done: create_csynth_xml write xml time: 0 seconds 
INFO-FLOW: DBG:PUTS:      create_csynth_xml wrote csynth_xml=/home/andrea/ADMM_FPGA/vitis_projects/forward_subst/forward_subst/hls/syn/report/csynth.xml
INFO-FLOW: Running: generate_json
INFO-FLOW: DBG:PROC: ::AP::DESIGN_DATA::generate_json generate_bd_files='0' generate_xo_files='0' modelList='forward_substitution_mul_16s_32s_48_2_1
forward_substitution_mul_33s_16ns_48_2_1
forward_substitution_p_ZL5L_row_0_ROM_AUTO_1R
forward_substitution_p_ZL5L_row_1_ROM_AUTO_1R
forward_substitution_p_ZL5L_row_2_ROM_AUTO_1R
forward_substitution_flow_control_loop_pipe
forward_substitution
' rtl_lang='both' bootstrap_tcl='false' outdir='' outfilename=''
Execute     source /home/andrea/ADMM_FPGA/vitis_projects/forward_subst/forward_subst/hls/.autopilot/db/global.setting.tcl 
Execute     source /home/andrea/ADMM_FPGA/vitis_projects/forward_subst/forward_subst/hls/.autopilot/db/global.setting.tcl 
Execute     source /home/andrea/ADMM_FPGA/vitis_projects/forward_subst/forward_subst/hls/.autopilot/db/top-io-be.tcl 
Execute     source /home/andrea/ADMM_FPGA/vitis_projects/forward_subst/forward_subst/hls/.autopilot/db/forward_substitution.tbgen.tcl 
Execute     source /home/andrea/ADMM_FPGA/vitis_projects/forward_subst/forward_subst/hls/.autopilot/db/forward_substitution.rtl_wrap.cfg.tcl 
Execute     source /home/andrea/ADMM_FPGA/vitis_projects/forward_subst/forward_subst/hls/.autopilot/db/forward_substitution.compgen.dataonly.tcl 
Execute     source /home/andrea/ADMM_FPGA/vitis_projects/forward_subst/forward_subst/hls/.autopilot/db/forward_substitution.tbgen.tcl 
Execute     source /home/andrea/ADMM_FPGA/vitis_projects/forward_subst/forward_subst/hls/.autopilot/db/global.setting.tcl 
Execute     ap_part_info -name xc7a100ti-csg324-1L -data names -quiet 
Execute     ap_part_info -name xc7a100ti-csg324-1L -data info -quiet 
Execute     source /home/andrea/ADMM_FPGA/vitis_projects/forward_subst/forward_subst/hls/.autopilot/db/forward_substitution.constraint.tcl 
Execute     sc_get_clocks forward_substitution 
Execute     source /home/andrea/ADMM_FPGA/vitis_projects/forward_subst/forward_subst/hls/.autopilot/db/global.setting.tcl 
Execute     source /media/andrea/48a1bd03-3653-4c55-8d37-cd7d804e2212/amdfpga/2025.2/Vitis/tps/tcl/tcllib2.0/fileutil/fileutil.tcl 
INFO-FLOW: Done: generate_json time: 0.1 seconds 
INFO-FLOW: Running: add_csynth_report_sections
INFO-FLOW: DBG:PROC: ::HLSREPORTS::add_csynth_report_sections bind_info_dict='adapter_nodes {} cache_nodes {} report_dict {TOPINST forward_substitution MODULE2INSTS {forward_substitution forward_substitution} INST2MODULE {forward_substitution forward_substitution} INSTDATA {forward_substitution {DEPTH 1 CHILDREN {}}} MODULEDATA {forward_substitution {BINDINFO {{BINDTYPE op ID {} IMPL auto LATENCY 1 OPTYPE mul PRAGMA {} RTLNAME mul_16s_32s_48_2_1_U1 SOURCE forward.cpp:20 VARIABLE mul_ln20 LOOP VITIS_LOOP_12_1 BUNDLEDNAME {} DSP 2 BRAM 0 URAM 0 STORAGESUBTYPE {} DISPNAME {bind_op mul} VISIBLE true} {BINDTYPE op ID {} IMPL auto LATENCY 1 OPTYPE mul PRAGMA {} RTLNAME mul_16s_32s_48_2_1_U1 SOURCE forward.cpp:20 VARIABLE mul_ln20_1 LOOP VITIS_LOOP_12_1 BUNDLEDNAME {} DSP 2 BRAM 0 URAM 0 STORAGESUBTYPE {} DISPNAME {bind_op mul} VISIBLE true} {BINDTYPE op ID {} IMPL fabric LATENCY 0 OPTYPE add PRAGMA {} RTLNAME add_ln20_fu_232_p2 SOURCE forward.cpp:20 VARIABLE add_ln20 LOOP VITIS_LOOP_12_1 BUNDLEDNAME {} DSP 0 BRAM 0 URAM 0 STORAGESUBTYPE {} DISPNAME {bind_op add} VISIBLE true} {BINDTYPE op ID {} IMPL fabric LATENCY 0 OPTYPE sub PRAGMA {} RTLNAME sub_ln23_fu_254_p2 SOURCE forward.cpp:23 VARIABLE sub_ln23 LOOP VITIS_LOOP_12_1 BUNDLEDNAME {} DSP 0 BRAM 0 URAM 0 STORAGESUBTYPE {} DISPNAME {bind_op sub} VISIBLE true} {BINDTYPE op ID {} IMPL auto LATENCY 1 OPTYPE mul PRAGMA {} RTLNAME mul_33s_16ns_48_2_1_U2 SOURCE forward.cpp:23 VARIABLE mul_ln23 LOOP VITIS_LOOP_12_1 BUNDLEDNAME {} DSP 2 BRAM 0 URAM 0 STORAGESUBTYPE {} DISPNAME {bind_op mul} VISIBLE true} {BINDTYPE op ID {} IMPL fabric LATENCY 0 OPTYPE add PRAGMA {} RTLNAME i_3_fu_169_p2 SOURCE forward.cpp:12 VARIABLE i_3 LOOP VITIS_LOOP_12_1 BUNDLEDNAME {} DSP 0 BRAM 0 URAM 0 STORAGESUBTYPE {} DISPNAME {bind_op add} VISIBLE true} {BINDTYPE op ID {} IMPL auto LATENCY 0 OPTYPE seteq PRAGMA {} RTLNAME icmp_ln12_fu_175_p2 SOURCE forward.cpp:12 VARIABLE icmp_ln12 LOOP VITIS_LOOP_12_1 BUNDLEDNAME {} DSP 0 BRAM 0 URAM 0 STORAGESUBTYPE {} DISPNAME {bind_op seteq} VISIBLE false} {BINDTYPE storage ID {} IMPL auto LATENCY 1 OPTYPE rom_1p PRAGMA {} RTLNAME p_ZL5L_row_0_U SOURCE {} VARIABLE p_ZL5L_row_0 LOOP {} BUNDLEDNAME {} DSP 0 BRAM 0 URAM 0 STORAGESUBTYPE {} STORAGESIZE {16 10 1} STORAGEUSAGE rom_1p DISPNAME {bind_storage rom_1p} VISIBLE true} {BINDTYPE storage ID {} IMPL auto LATENCY 1 OPTYPE rom_1p PRAGMA {} RTLNAME p_ZL5L_row_1_U SOURCE {} VARIABLE p_ZL5L_row_1 LOOP {} BUNDLEDNAME {} DSP 0 BRAM 0 URAM 0 STORAGESUBTYPE {} STORAGESIZE {16 10 1} STORAGEUSAGE rom_1p DISPNAME {bind_storage rom_1p} VISIBLE true} {BINDTYPE storage ID {} IMPL auto LATENCY 1 OPTYPE rom_1p PRAGMA {} RTLNAME p_ZL5L_row_2_U SOURCE {} VARIABLE p_ZL5L_row_2 LOOP {} BUNDLEDNAME {} DSP 0 BRAM 0 URAM 0 STORAGESUBTYPE {} STORAGESIZE {16 10 1} STORAGEUSAGE rom_1p DISPNAME {bind_storage rom_1p} VISIBLE true}} AREA {DSP 4 BRAM 0 URAM 0}}}}'
INFO-FLOW: DBG:PUTS:      update_csynth_reports json2rpt_hw_sw_interfaces
INFO-FLOW: Running: gen_csynth_sec_pragma
INFO-FLOW: Done: gen_csynth_sec_pragma time: 0 seconds 
Execute     send_msg_by_id INFO @200-2225@%s /home/andrea/ADMM_FPGA/vitis_projects/forward_subst/forward_subst/hls/syn/inferred_directives.ini 
INFO: [HLS 200-2225] Wrote inferred directives to file /home/andrea/ADMM_FPGA/vitis_projects/forward_subst/forward_subst/hls/syn/inferred_directives.ini
INFO-FLOW: DBG:PUTS:      update_csynth_reports wrote xml
INFO-FLOW: DBG:PUTS:      update_csynth_reports appended to csynth rpt file
INFO-FLOW: Done: add_csynth_report_sections time: 0 seconds 
INFO: [HLS 200-111] Finished Updating report files: CPU user time: 0.25 seconds. CPU system time: 0.08 seconds. Elapsed time: 0.33 seconds; current allocated memory: 279.762 MB.
INFO: [VHDL 208-304] Generating VHDL RTL for forward_substitution.
INFO: [VLOG 209-307] Generating Verilog RTL for forward_substitution.
Execute     syn_report -model forward_substitution -printsummary 
INFO: [HLS 200-790] **** Loop Constraint Status: All loop constraints were NOT satisfied.
INFO: [HLS 200-789] **** Estimated Fmax: 145.77 MHz
Execute     AP::msg_collection_file -close 
Command   csynth_design done; 18.51 sec.
Execute   close_project 
Execute     close_solution 
Execute       cleanup_all 
Execute       cleanup_all 
