

================================================================
== Vitis HLS Report for 'forward_substitution'
================================================================
* Date:           Thu Dec 11 08:32:21 2025

* Version:        2025.2 (Build 6295257 on Nov 14 2025)
* Project:        forward_subst
* Solution:       hls (Vivado IP Flow Target)
* Product family: artix7
* Target device:  xc7a100ti-csg324-1L


================================================================
== Performance Estimates
================================================================
+ Timing: 
    * Summary: 
    +--------+----------+----------+------------+
    |  Clock |  Target  | Estimated| Uncertainty|
    +--------+----------+----------+------------+
    |ap_clk  |  10.00 ns|  6.860 ns|     2.70 ns|
    +--------+----------+----------+------------+

+ Latency: 
    * Summary: 
    +---------+---------+----------+----------+-----+-----+------------------------------------------------+
    |  Latency (cycles) |  Latency (absolute) |  Interval |                    Pipeline                    |
    |   min   |   max   |    min   |    max   | min | max |                      Type                      |
    +---------+---------+----------+----------+-----+-----+------------------------------------------------+
    |       91|       91|  0.910 us|  0.910 us|   90|   90|  loop auto-rewind stp (delay=0 clock cycles(s))|
    +---------+---------+----------+----------+-----+-----+------------------------------------------------+

    + Detail: 
        * Instance: 
        N/A

        * Loop: 
        +-------------------+---------+---------+----------+-----------+-----------+------+----------+
        |                   |  Latency (cycles) | Iteration|  Initiation Interval  | Trip |          |
        |     Loop Name     |   min   |   max   |  Latency |  achieved |   target  | Count| Pipelined|
        +-------------------+---------+---------+----------+-----------+-----------+------+----------+
        |- VITIS_LOOP_12_1  |       89|       89|         9|          9|         11|    10|       yes|
        +-------------------+---------+---------+----------+-----------+-----------+------+----------+

============================================================
+ Verbose Summary: Synthesis Manager
============================================================
InlineROM: 1
ExposeGlobal: 0
============================================================
+ Verbose Summary: CDFG Model
============================================================
IsTopModel: 1
ResetActiveHigh: 1
IsCombinational: 0
IsDatapathOnly: 0
HasWiredReturn: 1
HasMFsm: 2
HasVarLatency: 1
IsPipeline: 0
IsRtlPipelined: 0
IsInstanceOverlapped: 0
IsDontTouch: 0
HasImplIP: 0
IsGatedGlobalClock: 0

+ Individual pipeline summary: 
  * Pipeline-0: initiation interval (II) = 9, depth = 9


============================================================
+ Verbose Summary: Schedule
============================================================
* Number of FSM states : 9
* Pipeline : 1
  Pipeline-0 : II = 9, D = 9, States = { 1 2 3 4 5 6 7 8 9 }
* Dataflow Pipeline: 0

* FSM state transitions: 
1 --> 2 
2 --> 3 
3 --> 4 
4 --> 5 
5 --> 6 
6 --> 7 
7 --> 8 
8 --> 9 
9 --> 

* FSM state operations: 

State 1 <SV = 0> <Delay = 4.99>
ST_1 : Operation 12 [1/1] (0.00ns)   --->   "%i = alloca i32 1" [forward.cpp:12]   --->   Operation 12 'alloca' 'i' <Predicate = true> <Delay = 0.00>
ST_1 : Operation 13 [1/1] (0.00ns)   --->   "%window = alloca i32 1" [forward.cpp:9]   --->   Operation 13 'alloca' 'window' <Predicate = true> <Delay = 0.00>
ST_1 : Operation 14 [1/1] (0.00ns)   --->   "%window_1 = alloca i32 1" [forward.cpp:9]   --->   Operation 14 'alloca' 'window_1' <Predicate = true> <Delay = 0.00>
ST_1 : Operation 15 [1/1] (0.00ns)   --->   "%spectopmodule_ln5 = spectopmodule void @_ssdm_op_SpecTopModule, void @empty_1" [forward.cpp:5]   --->   Operation 15 'spectopmodule' 'spectopmodule_ln5' <Predicate = true> <Delay = 0.00>
ST_1 : Operation 16 [1/1] (0.00ns)   --->   "%specinterface_ln0 = specinterface void @_ssdm_op_SpecInterface, i32 %b, void @empty, i32 0, i32 0, void @empty_0, i32 4294967295, i32 0, void @empty_0, void @empty_0, void @empty_0, i32 0, i32 0, i32 0, i32 0, void @empty_0, void @empty_0, i32 4294967295, i32 0, i32 0, i32 0"   --->   Operation 16 'specinterface' 'specinterface_ln0' <Predicate = true> <Delay = 0.00>
ST_1 : Operation 17 [1/1] (0.00ns)   --->   "%specbitsmap_ln0 = specbitsmap void @_ssdm_op_SpecBitsMap, i32 %b"   --->   Operation 17 'specbitsmap' 'specbitsmap_ln0' <Predicate = true> <Delay = 0.00>
ST_1 : Operation 18 [1/1] (0.00ns)   --->   "%specinterface_ln0 = specinterface void @_ssdm_op_SpecInterface, i32 %x, void @empty, i32 0, i32 0, void @empty_0, i32 4294967295, i32 0, void @empty_0, void @empty_0, void @empty_0, i32 0, i32 0, i32 0, i32 0, void @empty_0, void @empty_0, i32 4294967295, i32 0, i32 0, i32 0"   --->   Operation 18 'specinterface' 'specinterface_ln0' <Predicate = true> <Delay = 0.00>
ST_1 : Operation 19 [1/1] (0.00ns)   --->   "%specbitsmap_ln0 = specbitsmap void @_ssdm_op_SpecBitsMap, i32 %x"   --->   Operation 19 'specbitsmap' 'specbitsmap_ln0' <Predicate = true> <Delay = 0.00>
ST_1 : Operation 20 [1/1] (1.61ns)   --->   "%store_ln9 = store i32 0, i32 %window_1" [forward.cpp:9]   --->   Operation 20 'store' 'store_ln9' <Predicate = true> <Delay = 1.61>
ST_1 : Operation 21 [1/1] (1.61ns)   --->   "%store_ln9 = store i32 0, i32 %window" [forward.cpp:9]   --->   Operation 21 'store' 'store_ln9' <Predicate = true> <Delay = 1.61>
ST_1 : Operation 22 [1/1] (1.61ns)   --->   "%store_ln12 = store i4 0, i4 %i" [forward.cpp:12]   --->   Operation 22 'store' 'store_ln12' <Predicate = true> <Delay = 1.61>
ST_1 : Operation 23 [1/1] (0.00ns)   --->   "%br_ln12 = br void %for.body.split" [forward.cpp:12]   --->   Operation 23 'br' 'br_ln12' <Predicate = true> <Delay = 0.00>
ST_1 : Operation 24 [1/1] (0.00ns)   --->   "%i_1 = load i4 %i" [forward.cpp:12]   --->   Operation 24 'load' 'i_1' <Predicate = true> <Delay = 0.00>
ST_1 : Operation 25 [1/1] (0.00ns)   --->   "%zext_ln12 = zext i4 %i_1" [forward.cpp:12]   --->   Operation 25 'zext' 'zext_ln12' <Predicate = true> <Delay = 0.00>
ST_1 : Operation 26 [1/1] (0.00ns)   --->   "%p_ZL5L_row_0_addr = getelementptr i16 %p_ZL5L_row_0, i64 0, i64 %zext_ln12" [forward.cpp:20]   --->   Operation 26 'getelementptr' 'p_ZL5L_row_0_addr' <Predicate = true> <Delay = 0.00>
ST_1 : Operation 27 [2/2] (2.15ns)   --->   "%p_ZL5L_row_0_load = load i4 %p_ZL5L_row_0_addr" [forward.cpp:20]   --->   Operation 27 'load' 'p_ZL5L_row_0_load' <Predicate = true> <Delay = 2.15> <CoreInst = "ROM">   --->   Core 94 'ROM' <Latency = 1> <II = 1> <Delay = 2.15> <Storage> <Opcode : 'load'> <Ports = 0> <Width = 16> <Depth = 10> <ROM>
ST_1 : Operation 28 [1/1] (0.00ns)   --->   "%p_ZL5L_row_1_addr = getelementptr i16 %p_ZL5L_row_1, i64 0, i64 %zext_ln12" [forward.cpp:20]   --->   Operation 28 'getelementptr' 'p_ZL5L_row_1_addr' <Predicate = true> <Delay = 0.00>
ST_1 : Operation 29 [2/2] (2.15ns)   --->   "%p_ZL5L_row_1_load = load i4 %p_ZL5L_row_1_addr" [forward.cpp:20]   --->   Operation 29 'load' 'p_ZL5L_row_1_load' <Predicate = true> <Delay = 2.15> <CoreInst = "ROM">   --->   Core 94 'ROM' <Latency = 1> <II = 1> <Delay = 2.15> <Storage> <Opcode : 'load'> <Ports = 0> <Width = 16> <Depth = 10> <ROM>
ST_1 : Operation 30 [1/1] (0.00ns)   --->   "%b_addr = getelementptr i32 %b, i64 0, i64 %zext_ln12" [forward.cpp:23]   --->   Operation 30 'getelementptr' 'b_addr' <Predicate = true> <Delay = 0.00>
ST_1 : Operation 31 [2/2] (0.00ns)   --->   "%b_load = load i4 %b_addr" [forward.cpp:23]   --->   Operation 31 'load' 'b_load' <Predicate = true> <Delay = 0.00> <CoreInst = "RAM">   --->   Core 81 'RAM' <Latency = 1> <II = 1> <Delay = 2.15> <Storage> <Opcode : 'load' 'store'> <Ports = 2> <Width = 32> <Depth = 10> <RAM>
ST_1 : Operation 32 [1/1] (0.00ns)   --->   "%p_ZL5L_row_2_addr = getelementptr i16 %p_ZL5L_row_2, i64 0, i64 %zext_ln12" [forward.cpp:23]   --->   Operation 32 'getelementptr' 'p_ZL5L_row_2_addr' <Predicate = true> <Delay = 0.00>
ST_1 : Operation 33 [2/2] (2.15ns)   --->   "%p_ZL5L_row_2_load = load i4 %p_ZL5L_row_2_addr" [forward.cpp:23]   --->   Operation 33 'load' 'p_ZL5L_row_2_load' <Predicate = true> <Delay = 2.15> <CoreInst = "ROM">   --->   Core 94 'ROM' <Latency = 1> <II = 1> <Delay = 2.15> <Storage> <Opcode : 'load'> <Ports = 0> <Width = 16> <Depth = 10> <ROM>
ST_1 : Operation 34 [1/1] (1.77ns)   --->   "%i_3 = add i4 %i_1, i4 1" [forward.cpp:12]   --->   Operation 34 'add' 'i_3' <Predicate = true> <Delay = 1.77> <CoreInst = "Adder">   --->   Core 1 'Adder' <Latency = 0> <II = 1> <Delay = 1.77> <FuncUnit> <Opcode : 'add' 'sub'> <InPorts = 2> <OutPorts = 1>
ST_1 : Operation 35 [1/1] (1.77ns)   --->   "%icmp_ln12 = icmp_eq  i4 %i_1, i4 9" [forward.cpp:12]   --->   Operation 35 'icmp' 'icmp_ln12' <Predicate = true> <Delay = 1.77> <CoreInst = "Cmp">   --->   Core 9 'Cmp' <Latency = 0> <II = 1> <Delay = 1.77> <FuncUnit> <Opcode : 'seteq' 'setne' 'setle' 'setge' 'setlt' 'setgt'> <InPorts = 2> <OutPorts = 1>
ST_1 : Operation 36 [1/1] (1.61ns)   --->   "%store_ln12 = store i4 %i_3, i4 %i" [forward.cpp:12]   --->   Operation 36 'store' 'store_ln12' <Predicate = true> <Delay = 1.61>

State 2 <SV = 1> <Delay = 2.15>
ST_2 : Operation 37 [1/2] ( I:2.15ns O:2.15ns )   --->   "%p_ZL5L_row_0_load = load i4 %p_ZL5L_row_0_addr" [forward.cpp:20]   --->   Operation 37 'load' 'p_ZL5L_row_0_load' <Predicate = true> <Delay = 2.15> <CoreInst = "ROM">   --->   Core 94 'ROM' <Latency = 1> <II = 1> <Delay = 2.15> <Storage> <Opcode : 'load'> <Ports = 0> <Width = 16> <Depth = 10> <ROM>
ST_2 : Operation 38 [1/2] ( I:2.15ns O:2.15ns )   --->   "%p_ZL5L_row_1_load = load i4 %p_ZL5L_row_1_addr" [forward.cpp:20]   --->   Operation 38 'load' 'p_ZL5L_row_1_load' <Predicate = true> <Delay = 2.15> <CoreInst = "ROM">   --->   Core 94 'ROM' <Latency = 1> <II = 1> <Delay = 2.15> <Storage> <Opcode : 'load'> <Ports = 0> <Width = 16> <Depth = 10> <ROM>
ST_2 : Operation 39 [1/2] ( I:0.00ns O:0.00ns )   --->   "%b_load = load i4 %b_addr" [forward.cpp:23]   --->   Operation 39 'load' 'b_load' <Predicate = true> <Delay = 0.00> <CoreInst = "RAM">   --->   Core 81 'RAM' <Latency = 1> <II = 1> <Delay = 2.15> <Storage> <Opcode : 'load' 'store'> <Ports = 2> <Width = 32> <Depth = 10> <RAM>
ST_2 : Operation 40 [1/2] ( I:2.15ns O:2.15ns )   --->   "%p_ZL5L_row_2_load = load i4 %p_ZL5L_row_2_addr" [forward.cpp:23]   --->   Operation 40 'load' 'p_ZL5L_row_2_load' <Predicate = true> <Delay = 2.15> <CoreInst = "ROM">   --->   Core 94 'ROM' <Latency = 1> <II = 1> <Delay = 2.15> <Storage> <Opcode : 'load'> <Ports = 0> <Width = 16> <Depth = 10> <ROM>

State 3 <SV = 2> <Delay = 6.86>
ST_3 : Operation 41 [1/1] (0.00ns)   --->   "%window_3 = load i32 %window" [forward.cpp:20]   --->   Operation 41 'load' 'window_3' <Predicate = true> <Delay = 0.00>
ST_3 : Operation 42 [1/1] (0.00ns)   --->   "%sext_ln20 = sext i16 %p_ZL5L_row_0_load" [forward.cpp:20]   --->   Operation 42 'sext' 'sext_ln20' <Predicate = true> <Delay = 0.00>
ST_3 : Operation 43 [1/1] (0.00ns)   --->   "%sext_ln20_1 = sext i32 %window_3" [forward.cpp:20]   --->   Operation 43 'sext' 'sext_ln20_1' <Predicate = true> <Delay = 0.00>
ST_3 : Operation 44 [2/2] (6.86ns)   --->   "%mul_ln20 = mul i48 %sext_ln20, i48 %sext_ln20_1" [forward.cpp:20]   --->   Operation 44 'mul' 'mul_ln20' <Predicate = true> <Delay = 6.86> <CoreInst = "Multiplier">   --->   Core 3 'Multiplier' <Latency = 1> <II = 1> <Delay = 6.86> <FuncUnit> <Opcode : 'mul'> <InPorts = 2> <OutPorts = 1>

State 4 <SV = 3> <Delay = 6.86>
ST_4 : Operation 45 [1/1] (0.00ns)   --->   "%window_2 = load i32 %window_1" [forward.cpp:20]   --->   Operation 45 'load' 'window_2' <Predicate = true> <Delay = 0.00>
ST_4 : Operation 46 [1/2] (6.86ns)   --->   "%mul_ln20 = mul i48 %sext_ln20, i48 %sext_ln20_1" [forward.cpp:20]   --->   Operation 46 'mul' 'mul_ln20' <Predicate = true> <Delay = 6.86> <CoreInst = "Multiplier">   --->   Core 3 'Multiplier' <Latency = 1> <II = 1> <Delay = 6.86> <FuncUnit> <Opcode : 'mul'> <InPorts = 2> <OutPorts = 1>
ST_4 : Operation 47 [1/1] (0.00ns)   --->   "%sext_ln20_2 = sext i16 %p_ZL5L_row_1_load" [forward.cpp:20]   --->   Operation 47 'sext' 'sext_ln20_2' <Predicate = true> <Delay = 0.00>
ST_4 : Operation 48 [1/1] (0.00ns)   --->   "%sext_ln20_3 = sext i32 %window_2" [forward.cpp:20]   --->   Operation 48 'sext' 'sext_ln20_3' <Predicate = true> <Delay = 0.00>
ST_4 : Operation 49 [2/2] (6.86ns)   --->   "%mul_ln20_1 = mul i48 %sext_ln20_2, i48 %sext_ln20_3" [forward.cpp:20]   --->   Operation 49 'mul' 'mul_ln20_1' <Predicate = true> <Delay = 6.86> <CoreInst = "Multiplier">   --->   Core 3 'Multiplier' <Latency = 1> <II = 1> <Delay = 6.86> <FuncUnit> <Opcode : 'mul'> <InPorts = 2> <OutPorts = 1>
ST_4 : Operation 50 [1/1] (0.00ns)   --->   "%tmp = partselect i32 @_ssdm_op_PartSelect.i32.i48.i32.i32, i48 %mul_ln20, i32 16, i32 47" [forward.cpp:20]   --->   Operation 50 'partselect' 'tmp' <Predicate = true> <Delay = 0.00>
ST_4 : Operation 51 [1/1] (1.61ns)   --->   "%store_ln9 = store i32 %window_2, i32 %window" [forward.cpp:9]   --->   Operation 51 'store' 'store_ln9' <Predicate = true> <Delay = 1.61>

State 5 <SV = 4> <Delay = 6.86>
ST_5 : Operation 52 [1/2] (6.86ns)   --->   "%mul_ln20_1 = mul i48 %sext_ln20_2, i48 %sext_ln20_3" [forward.cpp:20]   --->   Operation 52 'mul' 'mul_ln20_1' <Predicate = true> <Delay = 6.86> <CoreInst = "Multiplier">   --->   Core 3 'Multiplier' <Latency = 1> <II = 1> <Delay = 6.86> <FuncUnit> <Opcode : 'mul'> <InPorts = 2> <OutPorts = 1>

State 6 <SV = 5> <Delay = 5.83>
ST_6 : Operation 53 [1/1] (0.00ns)   --->   "%shl_ln = bitconcatenate i48 @_ssdm_op_BitConcatenate.i48.i32.i16, i32 %tmp, i16 0" [forward.cpp:20]   --->   Operation 53 'bitconcatenate' 'shl_ln' <Predicate = true> <Delay = 0.00>
ST_6 : Operation 54 [1/1] (3.13ns)   --->   "%add_ln20 = add i48 %shl_ln, i48 %mul_ln20_1" [forward.cpp:20]   --->   Operation 54 'add' 'add_ln20' <Predicate = true> <Delay = 3.13> <CoreInst = "Adder">   --->   Core 1 'Adder' <Latency = 0> <II = 1> <Delay = 3.13> <FuncUnit> <Opcode : 'add' 'sub'> <InPorts = 2> <OutPorts = 1>
ST_6 : Operation 55 [1/1] (0.00ns)   --->   "%trunc_ln = partselect i32 @_ssdm_op_PartSelect.i32.i48.i32.i32, i48 %add_ln20, i32 16, i32 47" [forward.cpp:20]   --->   Operation 55 'partselect' 'trunc_ln' <Predicate = true> <Delay = 0.00>
ST_6 : Operation 56 [1/1] (0.00ns)   --->   "%sext_ln23 = sext i32 %b_load" [forward.cpp:23]   --->   Operation 56 'sext' 'sext_ln23' <Predicate = true> <Delay = 0.00>
ST_6 : Operation 57 [1/1] (0.00ns)   --->   "%sext_ln23_1 = sext i32 %trunc_ln" [forward.cpp:23]   --->   Operation 57 'sext' 'sext_ln23_1' <Predicate = true> <Delay = 0.00>
ST_6 : Operation 58 [1/1] (2.70ns)   --->   "%sub_ln23 = sub i33 %sext_ln23, i33 %sext_ln23_1" [forward.cpp:23]   --->   Operation 58 'sub' 'sub_ln23' <Predicate = true> <Delay = 2.70> <CoreInst = "Adder">   --->   Core 1 'Adder' <Latency = 0> <II = 1> <Delay = 2.70> <FuncUnit> <Opcode : 'add' 'sub'> <InPorts = 2> <OutPorts = 1>

State 7 <SV = 6> <Delay = 6.86>
ST_7 : Operation 59 [1/1] (0.00ns)   --->   "%sext_ln23_2 = sext i33 %sub_ln23" [forward.cpp:23]   --->   Operation 59 'sext' 'sext_ln23_2' <Predicate = true> <Delay = 0.00>
ST_7 : Operation 60 [1/1] (0.00ns)   --->   "%zext_ln23 = zext i16 %p_ZL5L_row_2_load" [forward.cpp:23]   --->   Operation 60 'zext' 'zext_ln23' <Predicate = true> <Delay = 0.00>
ST_7 : Operation 61 [2/2] (6.86ns)   --->   "%mul_ln23 = mul i48 %sext_ln23_2, i48 %zext_ln23" [forward.cpp:23]   --->   Operation 61 'mul' 'mul_ln23' <Predicate = true> <Delay = 6.86> <CoreInst = "Multiplier">   --->   Core 3 'Multiplier' <Latency = 1> <II = 1> <Delay = 6.86> <FuncUnit> <Opcode : 'mul'> <InPorts = 2> <OutPorts = 1>

State 8 <SV = 7> <Delay = 6.86>
ST_8 : Operation 62 [1/2] (6.86ns)   --->   "%mul_ln23 = mul i48 %sext_ln23_2, i48 %zext_ln23" [forward.cpp:23]   --->   Operation 62 'mul' 'mul_ln23' <Predicate = true> <Delay = 6.86> <CoreInst = "Multiplier">   --->   Core 3 'Multiplier' <Latency = 1> <II = 1> <Delay = 6.86> <FuncUnit> <Opcode : 'mul'> <InPorts = 2> <OutPorts = 1>
ST_8 : Operation 63 [1/1] (0.00ns)   --->   "%window_5 = partselect i32 @_ssdm_op_PartSelect.i32.i48.i32.i32, i48 %mul_ln23, i32 16, i32 47" [forward.cpp:23]   --->   Operation 63 'partselect' 'window_5' <Predicate = true> <Delay = 0.00>
ST_8 : Operation 64 [1/1] (0.00ns)   --->   "%x_addr = getelementptr i32 %x, i64 0, i64 %zext_ln12" [forward.cpp:24]   --->   Operation 64 'getelementptr' 'x_addr' <Predicate = true> <Delay = 0.00>
ST_8 : Operation 65 [1/1] ( I:0.00ns O:0.00ns )   --->   "%store_ln24 = store i32 %window_5, i4 %x_addr" [forward.cpp:24]   --->   Operation 65 'store' 'store_ln24' <Predicate = true> <Delay = 0.00> <CoreInst = "RAM">   --->   Core 81 'RAM' <Latency = 1> <II = 1> <Delay = 2.15> <Storage> <Opcode : 'load' 'store'> <Ports = 2> <Width = 32> <Depth = 10> <RAM>

State 9 <SV = 8> <Delay = 1.61>
ST_9 : Operation 66 [1/1] (0.00ns)   --->   "%specpipeline_ln13 = specpipeline void @_ssdm_op_SpecPipeline, i32 11, i32 0, i32 0, i32 0, i32 4294967295, void @empty_0" [forward.cpp:13]   --->   Operation 66 'specpipeline' 'specpipeline_ln13' <Predicate = true> <Delay = 0.00>
ST_9 : Operation 67 [1/1] (0.00ns)   --->   "%speclooptripcount_ln9 = speclooptripcount void @_ssdm_op_SpecLoopTripCount, i64 10, i64 10, i64 10" [forward.cpp:9]   --->   Operation 67 'speclooptripcount' 'speclooptripcount_ln9' <Predicate = true> <Delay = 0.00>
ST_9 : Operation 68 [1/1] (0.00ns)   --->   "%specloopname_ln12 = specloopname void @_ssdm_op_SpecLoopName, void @empty_2" [forward.cpp:12]   --->   Operation 68 'specloopname' 'specloopname_ln12' <Predicate = true> <Delay = 0.00>
ST_9 : Operation 69 [1/1] (1.61ns)   --->   "%store_ln9 = store i32 %window_5, i32 %window_1" [forward.cpp:9]   --->   Operation 69 'store' 'store_ln9' <Predicate = true> <Delay = 1.61>
ST_9 : Operation 70 [1/1] (0.00ns)   --->   "%br_ln12 = br i1 %icmp_ln12, void %for.body.split, void %for.end32" [forward.cpp:12]   --->   Operation 70 'br' 'br_ln12' <Predicate = true> <Delay = 0.00>
ST_9 : Operation 71 [1/1] (1.61ns)   --->   "%ret_ln33 = ret" [forward.cpp:33]   --->   Operation 71 'ret' 'ret_ln33' <Predicate = (icmp_ln12)> <Delay = 1.61>


============================================================
+ Verbose Summary: Binding
============================================================
STG Binding: 
---------------- STG Properties BEGIN ----------------
- Is combinational: 0
- Is one-state seq: 0
- Is datapath-only: 0
- Is pipelined: 0
- Is top level: 1
Port [ Return ] is wired: 1; IO mode=ap_ctrl_hs:ce=0
Port [ b]:  wired=1; compound=1; hidden=0; nouse=0; global=0; static=0; extern=0; dir=0; type=1; pingpong=0; private_global=0; MemPort=[13]; IO mode=ap_memory:ce=0
Port [ x]:  wired=1; compound=1; hidden=0; nouse=0; global=0; static=0; extern=0; dir=1; type=1; pingpong=0; private_global=0; MemPort=[03]; IO mode=ap_memory:ce=0
Port [ p_ZL5L_row_0]:  wired=0; compound=1; hidden=1; nouse=0; global=1; static=1; extern=0; dir=0; type=1; pingpong=0; private_global=1; MemPort=[1]; IO mode=ap_memory:ce=0
Port [ p_ZL5L_row_1]:  wired=0; compound=1; hidden=1; nouse=0; global=1; static=1; extern=0; dir=0; type=1; pingpong=0; private_global=1; MemPort=[1]; IO mode=ap_memory:ce=0
Port [ p_ZL5L_row_2]:  wired=0; compound=1; hidden=1; nouse=0; global=1; static=1; extern=0; dir=0; type=1; pingpong=0; private_global=1; MemPort=[1]; IO mode=ap_memory:ce=0
---------------- STG Properties END ------------------

---------------- Datapath Model BEGIN ----------------

<LifeTime>
<method=bitvector/>
i                     (alloca           ) [ 0100000000]
window                (alloca           ) [ 0111100000]
window_1              (alloca           ) [ 0111111111]
spectopmodule_ln5     (spectopmodule    ) [ 0000000000]
specinterface_ln0     (specinterface    ) [ 0000000000]
specbitsmap_ln0       (specbitsmap      ) [ 0000000000]
specinterface_ln0     (specinterface    ) [ 0000000000]
specbitsmap_ln0       (specbitsmap      ) [ 0000000000]
store_ln9             (store            ) [ 0000000000]
store_ln9             (store            ) [ 0000000000]
store_ln12            (store            ) [ 0000000000]
br_ln12               (br               ) [ 0000000000]
i_1                   (load             ) [ 0000000000]
zext_ln12             (zext             ) [ 0011111110]
p_ZL5L_row_0_addr     (getelementptr    ) [ 0010000000]
p_ZL5L_row_1_addr     (getelementptr    ) [ 0010000000]
b_addr                (getelementptr    ) [ 0010000000]
p_ZL5L_row_2_addr     (getelementptr    ) [ 0010000000]
i_3                   (add              ) [ 0000000000]
icmp_ln12             (icmp             ) [ 0011111111]
store_ln12            (store            ) [ 0000000000]
p_ZL5L_row_0_load     (load             ) [ 0001000000]
p_ZL5L_row_1_load     (load             ) [ 0001100000]
b_load                (load             ) [ 0001111000]
p_ZL5L_row_2_load     (load             ) [ 0001111100]
window_3              (load             ) [ 0000000000]
sext_ln20             (sext             ) [ 0000100000]
sext_ln20_1           (sext             ) [ 0000100000]
window_2              (load             ) [ 0000000000]
mul_ln20              (mul              ) [ 0000000000]
sext_ln20_2           (sext             ) [ 0000010000]
sext_ln20_3           (sext             ) [ 0000010000]
tmp                   (partselect       ) [ 0000011000]
store_ln9             (store            ) [ 0000000000]
mul_ln20_1            (mul              ) [ 0000001000]
shl_ln                (bitconcatenate   ) [ 0000000000]
add_ln20              (add              ) [ 0000000000]
trunc_ln              (partselect       ) [ 0000000000]
sext_ln23             (sext             ) [ 0000000000]
sext_ln23_1           (sext             ) [ 0000000000]
sub_ln23              (sub              ) [ 0000000100]
sext_ln23_2           (sext             ) [ 0000000010]
zext_ln23             (zext             ) [ 0000000010]
mul_ln23              (mul              ) [ 0000000000]
window_5              (partselect       ) [ 0000000001]
x_addr                (getelementptr    ) [ 0000000000]
store_ln24            (store            ) [ 0000000000]
specpipeline_ln13     (specpipeline     ) [ 0000000000]
speclooptripcount_ln9 (speclooptripcount) [ 0000000000]
specloopname_ln12     (specloopname     ) [ 0000000000]
store_ln9             (store            ) [ 0000000000]
br_ln12               (br               ) [ 0000000000]
ret_ln33              (ret              ) [ 0000000000]
</LifeTime>

<model>

<comp_list>
<comp id="0" class="1000" name="b">
<pin_list>
<pin id="1" dir="1" index="0" bw="1" slack="0"/>
</pin_list>
<bind>
<StgValue><ssdm name="b"/><MemPortTyVec>1 3 </MemPortTyVec>
</StgValue>
</bind>
</comp>

<comp id="2" class="1000" name="x">
<pin_list>
<pin id="3" dir="1" index="0" bw="1" slack="0"/>
</pin_list>
<bind>
<StgValue><ssdm name="x"/><MemPortTyVec>0 3 </MemPortTyVec>
</StgValue>
</bind>
</comp>

<comp id="4" class="1000" name="p_ZL5L_row_0">
<pin_list>
<pin id="5" dir="1" index="0" bw="1" slack="0"/>
</pin_list>
<bind>
<StgValue><ssdm name="p_ZL5L_row_0"/><MemPortTyVec>1 </MemPortTyVec>
</StgValue>
</bind>
</comp>

<comp id="6" class="1000" name="p_ZL5L_row_1">
<pin_list>
<pin id="7" dir="1" index="0" bw="1" slack="0"/>
</pin_list>
<bind>
<StgValue><ssdm name="p_ZL5L_row_1"/><MemPortTyVec>1 </MemPortTyVec>
</StgValue>
</bind>
</comp>

<comp id="8" class="1000" name="p_ZL5L_row_2">
<pin_list>
<pin id="9" dir="1" index="0" bw="1" slack="0"/>
</pin_list>
<bind>
<StgValue><ssdm name="p_ZL5L_row_2"/><MemPortTyVec>1 </MemPortTyVec>
</StgValue>
</bind>
</comp>

<comp id="10" class="1001" name="const_10">
<pin_list>
<pin id="11" dir="1" index="0" bw="1" slack="0"/>
</pin_list>
<bind>
<StgValue><ssdm name=""/></StgValue>
</bind>
</comp>

<comp id="12" class="1001" name="const_12">
<pin_list>
<pin id="13" dir="1" index="0" bw="1" slack="2147483647"/>
</pin_list>
<bind>
<StgValue><ssdm name="_ssdm_op_SpecTopModule"/></StgValue>
</bind>
</comp>

<comp id="14" class="1001" name="const_14">
<pin_list>
<pin id="15" dir="1" index="0" bw="1" slack="2147483647"/>
</pin_list>
<bind>
<StgValue><ssdm name="empty_1"/></StgValue>
</bind>
</comp>

<comp id="16" class="1001" name="const_16">
<pin_list>
<pin id="17" dir="1" index="0" bw="1" slack="2147483647"/>
</pin_list>
<bind>
<StgValue><ssdm name="_ssdm_op_SpecInterface"/></StgValue>
</bind>
</comp>

<comp id="18" class="1001" name="const_18">
<pin_list>
<pin id="19" dir="1" index="0" bw="1" slack="2147483647"/>
</pin_list>
<bind>
<StgValue><ssdm name="empty"/></StgValue>
</bind>
</comp>

<comp id="20" class="1001" name="const_20">
<pin_list>
<pin id="21" dir="1" index="0" bw="1" slack="0"/>
</pin_list>
<bind>
<StgValue><ssdm name=""/></StgValue>
</bind>
</comp>

<comp id="22" class="1001" name="const_22">
<pin_list>
<pin id="23" dir="1" index="0" bw="1" slack="2147483647"/>
</pin_list>
<bind>
<StgValue><ssdm name="empty_0"/></StgValue>
</bind>
</comp>

<comp id="24" class="1001" name="const_24">
<pin_list>
<pin id="25" dir="1" index="0" bw="1" slack="2147483647"/>
</pin_list>
<bind>
<StgValue><ssdm name=""/></StgValue>
</bind>
</comp>

<comp id="26" class="1001" name="const_26">
<pin_list>
<pin id="27" dir="1" index="0" bw="1" slack="2147483647"/>
</pin_list>
<bind>
<StgValue><ssdm name="_ssdm_op_SpecBitsMap"/></StgValue>
</bind>
</comp>

<comp id="28" class="1001" name="const_28">
<pin_list>
<pin id="29" dir="1" index="0" bw="1" slack="0"/>
</pin_list>
<bind>
<StgValue><ssdm name=""/></StgValue>
</bind>
</comp>

<comp id="30" class="1001" name="const_30">
<pin_list>
<pin id="31" dir="1" index="0" bw="1" slack="0"/>
</pin_list>
<bind>
<StgValue><ssdm name=""/></StgValue>
</bind>
</comp>

<comp id="32" class="1001" name="const_32">
<pin_list>
<pin id="33" dir="1" index="0" bw="1" slack="0"/>
</pin_list>
<bind>
<StgValue><ssdm name=""/></StgValue>
</bind>
</comp>

<comp id="34" class="1001" name="const_34">
<pin_list>
<pin id="35" dir="1" index="0" bw="1" slack="0"/>
</pin_list>
<bind>
<StgValue><ssdm name=""/></StgValue>
</bind>
</comp>

<comp id="36" class="1001" name="const_36">
<pin_list>
<pin id="37" dir="1" index="0" bw="1" slack="0"/>
</pin_list>
<bind>
<StgValue><ssdm name="_ssdm_op_PartSelect.i32.i48.i32.i32"/></StgValue>
</bind>
</comp>

<comp id="38" class="1001" name="const_38">
<pin_list>
<pin id="39" dir="1" index="0" bw="1" slack="0"/>
</pin_list>
<bind>
<StgValue><ssdm name=""/></StgValue>
</bind>
</comp>

<comp id="40" class="1001" name="const_40">
<pin_list>
<pin id="41" dir="1" index="0" bw="1" slack="0"/>
</pin_list>
<bind>
<StgValue><ssdm name=""/></StgValue>
</bind>
</comp>

<comp id="42" class="1001" name="const_42">
<pin_list>
<pin id="43" dir="1" index="0" bw="1" slack="0"/>
</pin_list>
<bind>
<StgValue><ssdm name="_ssdm_op_BitConcatenate.i48.i32.i16"/></StgValue>
</bind>
</comp>

<comp id="44" class="1001" name="const_44">
<pin_list>
<pin id="45" dir="1" index="0" bw="1" slack="0"/>
</pin_list>
<bind>
<StgValue><ssdm name=""/></StgValue>
</bind>
</comp>

<comp id="46" class="1001" name="const_46">
<pin_list>
<pin id="47" dir="1" index="0" bw="1" slack="2147483647"/>
</pin_list>
<bind>
<StgValue><ssdm name="_ssdm_op_SpecPipeline"/></StgValue>
</bind>
</comp>

<comp id="48" class="1001" name="const_48">
<pin_list>
<pin id="49" dir="1" index="0" bw="1" slack="2147483647"/>
</pin_list>
<bind>
<StgValue><ssdm name=""/></StgValue>
</bind>
</comp>

<comp id="50" class="1001" name="const_50">
<pin_list>
<pin id="51" dir="1" index="0" bw="1" slack="2147483647"/>
</pin_list>
<bind>
<StgValue><ssdm name="_ssdm_op_SpecLoopTripCount"/></StgValue>
</bind>
</comp>

<comp id="52" class="1001" name="const_52">
<pin_list>
<pin id="53" dir="1" index="0" bw="1" slack="2147483647"/>
</pin_list>
<bind>
<StgValue><ssdm name=""/></StgValue>
</bind>
</comp>

<comp id="54" class="1001" name="const_54">
<pin_list>
<pin id="55" dir="1" index="0" bw="1" slack="2147483647"/>
</pin_list>
<bind>
<StgValue><ssdm name="_ssdm_op_SpecLoopName"/></StgValue>
</bind>
</comp>

<comp id="56" class="1001" name="const_56">
<pin_list>
<pin id="57" dir="1" index="0" bw="1" slack="2147483647"/>
</pin_list>
<bind>
<StgValue><ssdm name="empty_2"/></StgValue>
</bind>
</comp>

<comp id="58" class="1004" name="i_fu_58">
<pin_list>
<pin id="59" dir="0" index="0" bw="1" slack="0"/>
<pin id="60" dir="1" index="1" bw="4" slack="0"/>
</pin_list>
<bind>
<opcode="alloca(26) " fcode="alloca"/>
<opset="i/1 "/>
</bind>
</comp>

<comp id="62" class="1004" name="window_fu_62">
<pin_list>
<pin id="63" dir="0" index="0" bw="1" slack="0"/>
<pin id="64" dir="1" index="1" bw="32" slack="0"/>
</pin_list>
<bind>
<opcode="alloca(26) " fcode="alloca"/>
<opset="window/1 "/>
</bind>
</comp>

<comp id="66" class="1004" name="window_1_fu_66">
<pin_list>
<pin id="67" dir="0" index="0" bw="1" slack="0"/>
<pin id="68" dir="1" index="1" bw="32" slack="0"/>
</pin_list>
<bind>
<opcode="alloca(26) " fcode="alloca"/>
<opset="window_1/1 "/>
</bind>
</comp>

<comp id="70" class="1004" name="p_ZL5L_row_0_addr_gep_fu_70">
<pin_list>
<pin id="71" dir="0" index="0" bw="16" slack="0"/>
<pin id="72" dir="0" index="1" bw="1" slack="0"/>
<pin id="73" dir="0" index="2" bw="4" slack="0"/>
<pin id="74" dir="1" index="3" bw="4" slack="0"/>
</pin_list>
<bind>
<opcode="getelementptr(29) " fcode="getelementptr"/>
<opset="p_ZL5L_row_0_addr/1 "/>
</bind>
</comp>

<comp id="77" class="1004" name="grp_access_fu_77">
<pin_list>
<pin id="78" dir="0" index="0" bw="4" slack="0"/>
<pin id="79" dir="0" index="1" bw="16" slack="2147483647"/>
<pin id="80" dir="0" index="2" bw="0" slack="2147483647"/>
<pin id="81" dir="1" index="3" bw="16" slack="1"/>
</pin_list>
<bind>
<opcode="load(27) " fcode="load"/>
<opset="p_ZL5L_row_0_load/1 "/>
</bind>
</comp>

<comp id="83" class="1004" name="p_ZL5L_row_1_addr_gep_fu_83">
<pin_list>
<pin id="84" dir="0" index="0" bw="16" slack="0"/>
<pin id="85" dir="0" index="1" bw="1" slack="0"/>
<pin id="86" dir="0" index="2" bw="4" slack="0"/>
<pin id="87" dir="1" index="3" bw="4" slack="0"/>
</pin_list>
<bind>
<opcode="getelementptr(29) " fcode="getelementptr"/>
<opset="p_ZL5L_row_1_addr/1 "/>
</bind>
</comp>

<comp id="90" class="1004" name="grp_access_fu_90">
<pin_list>
<pin id="91" dir="0" index="0" bw="4" slack="0"/>
<pin id="92" dir="0" index="1" bw="16" slack="2147483647"/>
<pin id="93" dir="0" index="2" bw="0" slack="2147483647"/>
<pin id="94" dir="1" index="3" bw="16" slack="2"/>
</pin_list>
<bind>
<opcode="load(27) " fcode="load"/>
<opset="p_ZL5L_row_1_load/1 "/>
</bind>
</comp>

<comp id="96" class="1004" name="b_addr_gep_fu_96">
<pin_list>
<pin id="97" dir="0" index="0" bw="32" slack="0"/>
<pin id="98" dir="0" index="1" bw="1" slack="0"/>
<pin id="99" dir="0" index="2" bw="4" slack="0"/>
<pin id="100" dir="1" index="3" bw="4" slack="0"/>
</pin_list>
<bind>
<opcode="getelementptr(29) " fcode="getelementptr"/>
<opset="b_addr/1 "/>
</bind>
</comp>

<comp id="103" class="1004" name="grp_access_fu_103">
<pin_list>
<pin id="104" dir="0" index="0" bw="4" slack="0"/>
<pin id="105" dir="0" index="1" bw="32" slack="2147483647"/>
<pin id="106" dir="0" index="2" bw="0" slack="2147483647"/>
<pin id="107" dir="1" index="3" bw="32" slack="4"/>
</pin_list>
<bind>
<opcode="load(27) " fcode="load"/>
<opset="b_load/1 "/>
</bind>
</comp>

<comp id="109" class="1004" name="p_ZL5L_row_2_addr_gep_fu_109">
<pin_list>
<pin id="110" dir="0" index="0" bw="16" slack="0"/>
<pin id="111" dir="0" index="1" bw="1" slack="0"/>
<pin id="112" dir="0" index="2" bw="4" slack="0"/>
<pin id="113" dir="1" index="3" bw="4" slack="0"/>
</pin_list>
<bind>
<opcode="getelementptr(29) " fcode="getelementptr"/>
<opset="p_ZL5L_row_2_addr/1 "/>
</bind>
</comp>

<comp id="116" class="1004" name="grp_access_fu_116">
<pin_list>
<pin id="117" dir="0" index="0" bw="4" slack="0"/>
<pin id="118" dir="0" index="1" bw="16" slack="2147483647"/>
<pin id="119" dir="0" index="2" bw="0" slack="2147483647"/>
<pin id="120" dir="1" index="3" bw="16" slack="5"/>
</pin_list>
<bind>
<opcode="load(27) " fcode="load"/>
<opset="p_ZL5L_row_2_load/1 "/>
</bind>
</comp>

<comp id="122" class="1004" name="x_addr_gep_fu_122">
<pin_list>
<pin id="123" dir="0" index="0" bw="32" slack="0"/>
<pin id="124" dir="0" index="1" bw="1" slack="0"/>
<pin id="125" dir="0" index="2" bw="4" slack="7"/>
<pin id="126" dir="1" index="3" bw="4" slack="0"/>
</pin_list>
<bind>
<opcode="getelementptr(29) " fcode="getelementptr"/>
<opset="x_addr/8 "/>
</bind>
</comp>

<comp id="129" class="1004" name="store_ln24_access_fu_129">
<pin_list>
<pin id="130" dir="0" index="0" bw="4" slack="0"/>
<pin id="131" dir="0" index="1" bw="32" slack="0"/>
<pin id="132" dir="0" index="2" bw="0" slack="2147483647"/>
<pin id="133" dir="1" index="3" bw="32" slack="2147483647"/>
</pin_list>
<bind>
<opcode="store(28) " fcode="store"/>
<opset="store_ln24/8 "/>
</bind>
</comp>

<comp id="135" class="1004" name="grp_fu_135">
<pin_list>
<pin id="136" dir="0" index="0" bw="16" slack="0"/>
<pin id="137" dir="0" index="1" bw="32" slack="0"/>
<pin id="138" dir="1" index="2" bw="48" slack="0"/>
</pin_list>
<bind>
<opcode="mul(12) " fcode="mul"/>
<opset="mul_ln20/3 mul_ln20_1/4 "/>
</bind>
</comp>

<comp id="139" class="1004" name="grp_fu_139">
<pin_list>
<pin id="140" dir="0" index="0" bw="33" slack="0"/>
<pin id="141" dir="0" index="1" bw="16" slack="0"/>
<pin id="142" dir="1" index="2" bw="48" slack="0"/>
</pin_list>
<bind>
<opcode="mul(12) " fcode="mul"/>
<opset="mul_ln23/7 "/>
</bind>
</comp>

<comp id="143" class="1004" name="store_ln9_store_fu_143">
<pin_list>
<pin id="144" dir="0" index="0" bw="1" slack="0"/>
<pin id="145" dir="0" index="1" bw="32" slack="0"/>
<pin id="146" dir="1" index="2" bw="0" slack="2147483647"/>
</pin_list>
<bind>
<opcode="store(28) " fcode="store"/>
<opset="store_ln9/1 "/>
</bind>
</comp>

<comp id="148" class="1004" name="store_ln9_store_fu_148">
<pin_list>
<pin id="149" dir="0" index="0" bw="1" slack="0"/>
<pin id="150" dir="0" index="1" bw="32" slack="0"/>
<pin id="151" dir="1" index="2" bw="0" slack="2147483647"/>
</pin_list>
<bind>
<opcode="store(28) " fcode="store"/>
<opset="store_ln9/1 "/>
</bind>
</comp>

<comp id="153" class="1004" name="store_ln12_store_fu_153">
<pin_list>
<pin id="154" dir="0" index="0" bw="1" slack="0"/>
<pin id="155" dir="0" index="1" bw="4" slack="0"/>
<pin id="156" dir="1" index="2" bw="0" slack="2147483647"/>
</pin_list>
<bind>
<opcode="store(28) " fcode="store"/>
<opset="store_ln12/1 "/>
</bind>
</comp>

<comp id="158" class="1004" name="i_1_load_fu_158">
<pin_list>
<pin id="159" dir="0" index="0" bw="4" slack="0"/>
<pin id="160" dir="1" index="1" bw="4" slack="0"/>
</pin_list>
<bind>
<opcode="load(27) " fcode="load"/>
<opset="i_1/1 "/>
</bind>
</comp>

<comp id="161" class="1004" name="zext_ln12_fu_161">
<pin_list>
<pin id="162" dir="0" index="0" bw="4" slack="0"/>
<pin id="163" dir="1" index="1" bw="64" slack="0"/>
</pin_list>
<bind>
<opcode="zext(34) " fcode="zext"/>
<opset="zext_ln12/1 "/>
</bind>
</comp>

<comp id="169" class="1004" name="i_3_fu_169">
<pin_list>
<pin id="170" dir="0" index="0" bw="4" slack="0"/>
<pin id="171" dir="0" index="1" bw="1" slack="0"/>
<pin id="172" dir="1" index="2" bw="4" slack="0"/>
</pin_list>
<bind>
<opcode="add(8) " fcode="add"/>
<opset="i_3/1 "/>
</bind>
</comp>

<comp id="175" class="1004" name="icmp_ln12_fu_175">
<pin_list>
<pin id="176" dir="0" index="0" bw="4" slack="0"/>
<pin id="177" dir="0" index="1" bw="4" slack="0"/>
<pin id="178" dir="1" index="2" bw="1" slack="8"/>
</pin_list>
<bind>
<opcode="icmp(45) " fcode="icmp"/>
<opset="icmp_ln12/1 "/>
</bind>
</comp>

<comp id="181" class="1004" name="store_ln12_store_fu_181">
<pin_list>
<pin id="182" dir="0" index="0" bw="4" slack="0"/>
<pin id="183" dir="0" index="1" bw="4" slack="0"/>
<pin id="184" dir="1" index="2" bw="0" slack="2147483647"/>
</pin_list>
<bind>
<opcode="store(28) " fcode="store"/>
<opset="store_ln12/1 "/>
</bind>
</comp>

<comp id="186" class="1004" name="window_3_load_fu_186">
<pin_list>
<pin id="187" dir="0" index="0" bw="32" slack="2"/>
<pin id="188" dir="1" index="1" bw="32" slack="0"/>
</pin_list>
<bind>
<opcode="load(27) " fcode="load"/>
<opset="window_3/3 "/>
</bind>
</comp>

<comp id="189" class="1004" name="sext_ln20_fu_189">
<pin_list>
<pin id="190" dir="0" index="0" bw="16" slack="1"/>
<pin id="191" dir="1" index="1" bw="48" slack="0"/>
</pin_list>
<bind>
<opcode="sext(35) " fcode="sext"/>
<opset="sext_ln20/3 "/>
</bind>
</comp>

<comp id="193" class="1004" name="sext_ln20_1_fu_193">
<pin_list>
<pin id="194" dir="0" index="0" bw="32" slack="0"/>
<pin id="195" dir="1" index="1" bw="48" slack="0"/>
</pin_list>
<bind>
<opcode="sext(35) " fcode="sext"/>
<opset="sext_ln20_1/3 "/>
</bind>
</comp>

<comp id="198" class="1004" name="window_2_load_fu_198">
<pin_list>
<pin id="199" dir="0" index="0" bw="32" slack="3"/>
<pin id="200" dir="1" index="1" bw="32" slack="0"/>
</pin_list>
<bind>
<opcode="load(27) " fcode="load"/>
<opset="window_2/4 "/>
</bind>
</comp>

<comp id="201" class="1004" name="sext_ln20_2_fu_201">
<pin_list>
<pin id="202" dir="0" index="0" bw="16" slack="2"/>
<pin id="203" dir="1" index="1" bw="48" slack="0"/>
</pin_list>
<bind>
<opcode="sext(35) " fcode="sext"/>
<opset="sext_ln20_2/4 "/>
</bind>
</comp>

<comp id="205" class="1004" name="sext_ln20_3_fu_205">
<pin_list>
<pin id="206" dir="0" index="0" bw="32" slack="0"/>
<pin id="207" dir="1" index="1" bw="48" slack="0"/>
</pin_list>
<bind>
<opcode="sext(35) " fcode="sext"/>
<opset="sext_ln20_3/4 "/>
</bind>
</comp>

<comp id="210" class="1004" name="tmp_fu_210">
<pin_list>
<pin id="211" dir="0" index="0" bw="32" slack="0"/>
<pin id="212" dir="0" index="1" bw="48" slack="0"/>
<pin id="213" dir="0" index="2" bw="6" slack="0"/>
<pin id="214" dir="0" index="3" bw="7" slack="0"/>
<pin id="215" dir="1" index="4" bw="32" slack="2"/>
</pin_list>
<bind>
<opcode="partselect(1002) " fcode="partselect"/>
<opset="tmp/4 "/>
</bind>
</comp>

<comp id="220" class="1004" name="store_ln9_store_fu_220">
<pin_list>
<pin id="221" dir="0" index="0" bw="32" slack="0"/>
<pin id="222" dir="0" index="1" bw="32" slack="3"/>
<pin id="223" dir="1" index="2" bw="0" slack="2147483647"/>
</pin_list>
<bind>
<opcode="store(28) " fcode="store"/>
<opset="store_ln9/4 "/>
</bind>
</comp>

<comp id="225" class="1004" name="shl_ln_fu_225">
<pin_list>
<pin id="226" dir="0" index="0" bw="48" slack="0"/>
<pin id="227" dir="0" index="1" bw="32" slack="2"/>
<pin id="228" dir="0" index="2" bw="1" slack="0"/>
<pin id="229" dir="1" index="3" bw="48" slack="0"/>
</pin_list>
<bind>
<opcode="bitconcatenate(1004) " fcode="bitconcatenate"/>
<opset="shl_ln/6 "/>
</bind>
</comp>

<comp id="232" class="1004" name="add_ln20_fu_232">
<pin_list>
<pin id="233" dir="0" index="0" bw="48" slack="0"/>
<pin id="234" dir="0" index="1" bw="48" slack="1"/>
<pin id="235" dir="1" index="2" bw="48" slack="0"/>
</pin_list>
<bind>
<opcode="add(8) " fcode="add"/>
<opset="add_ln20/6 "/>
</bind>
</comp>

<comp id="237" class="1004" name="trunc_ln_fu_237">
<pin_list>
<pin id="238" dir="0" index="0" bw="32" slack="0"/>
<pin id="239" dir="0" index="1" bw="48" slack="0"/>
<pin id="240" dir="0" index="2" bw="6" slack="0"/>
<pin id="241" dir="0" index="3" bw="7" slack="0"/>
<pin id="242" dir="1" index="4" bw="32" slack="0"/>
</pin_list>
<bind>
<opcode="partselect(1002) " fcode="partselect"/>
<opset="trunc_ln/6 "/>
</bind>
</comp>

<comp id="247" class="1004" name="sext_ln23_fu_247">
<pin_list>
<pin id="248" dir="0" index="0" bw="32" slack="4"/>
<pin id="249" dir="1" index="1" bw="33" slack="0"/>
</pin_list>
<bind>
<opcode="sext(35) " fcode="sext"/>
<opset="sext_ln23/6 "/>
</bind>
</comp>

<comp id="250" class="1004" name="sext_ln23_1_fu_250">
<pin_list>
<pin id="251" dir="0" index="0" bw="32" slack="0"/>
<pin id="252" dir="1" index="1" bw="33" slack="0"/>
</pin_list>
<bind>
<opcode="sext(35) " fcode="sext"/>
<opset="sext_ln23_1/6 "/>
</bind>
</comp>

<comp id="254" class="1004" name="sub_ln23_fu_254">
<pin_list>
<pin id="255" dir="0" index="0" bw="32" slack="0"/>
<pin id="256" dir="0" index="1" bw="32" slack="0"/>
<pin id="257" dir="1" index="2" bw="33" slack="1"/>
</pin_list>
<bind>
<opcode="sub(10) " fcode="sub"/>
<opset="sub_ln23/6 "/>
</bind>
</comp>

<comp id="260" class="1004" name="sext_ln23_2_fu_260">
<pin_list>
<pin id="261" dir="0" index="0" bw="33" slack="1"/>
<pin id="262" dir="1" index="1" bw="48" slack="0"/>
</pin_list>
<bind>
<opcode="sext(35) " fcode="sext"/>
<opset="sext_ln23_2/7 "/>
</bind>
</comp>

<comp id="264" class="1004" name="zext_ln23_fu_264">
<pin_list>
<pin id="265" dir="0" index="0" bw="16" slack="5"/>
<pin id="266" dir="1" index="1" bw="48" slack="0"/>
</pin_list>
<bind>
<opcode="zext(34) " fcode="zext"/>
<opset="zext_ln23/7 "/>
</bind>
</comp>

<comp id="268" class="1004" name="window_5_fu_268">
<pin_list>
<pin id="269" dir="0" index="0" bw="32" slack="0"/>
<pin id="270" dir="0" index="1" bw="48" slack="0"/>
<pin id="271" dir="0" index="2" bw="6" slack="0"/>
<pin id="272" dir="0" index="3" bw="7" slack="0"/>
<pin id="273" dir="1" index="4" bw="32" slack="0"/>
</pin_list>
<bind>
<opcode="partselect(1002) " fcode="partselect"/>
<opset="window_5/8 "/>
</bind>
</comp>

<comp id="279" class="1004" name="store_ln9_store_fu_279">
<pin_list>
<pin id="280" dir="0" index="0" bw="32" slack="1"/>
<pin id="281" dir="0" index="1" bw="32" slack="8"/>
<pin id="282" dir="1" index="2" bw="0" slack="2147483647"/>
</pin_list>
<bind>
<opcode="store(28) " fcode="store"/>
<opset="store_ln9/9 "/>
</bind>
</comp>

<comp id="283" class="1005" name="i_reg_283">
<pin_list>
<pin id="284" dir="0" index="0" bw="4" slack="0"/>
<pin id="285" dir="1" index="1" bw="4" slack="0"/>
</pin_list>
<bind>
<opset="i "/>
</bind>
</comp>

<comp id="290" class="1005" name="window_reg_290">
<pin_list>
<pin id="291" dir="0" index="0" bw="32" slack="0"/>
<pin id="292" dir="1" index="1" bw="32" slack="0"/>
</pin_list>
<bind>
<opset="window "/>
</bind>
</comp>

<comp id="297" class="1005" name="window_1_reg_297">
<pin_list>
<pin id="298" dir="0" index="0" bw="32" slack="0"/>
<pin id="299" dir="1" index="1" bw="32" slack="0"/>
</pin_list>
<bind>
<opset="window_1 "/>
</bind>
</comp>

<comp id="304" class="1005" name="zext_ln12_reg_304">
<pin_list>
<pin id="305" dir="0" index="0" bw="64" slack="7"/>
<pin id="306" dir="1" index="1" bw="64" slack="7"/>
</pin_list>
<bind>
<opset="zext_ln12 "/>
</bind>
</comp>

<comp id="309" class="1005" name="p_ZL5L_row_0_addr_reg_309">
<pin_list>
<pin id="310" dir="0" index="0" bw="4" slack="1"/>
<pin id="311" dir="1" index="1" bw="4" slack="1"/>
</pin_list>
<bind>
<opset="p_ZL5L_row_0_addr "/>
</bind>
</comp>

<comp id="314" class="1005" name="p_ZL5L_row_1_addr_reg_314">
<pin_list>
<pin id="315" dir="0" index="0" bw="4" slack="1"/>
<pin id="316" dir="1" index="1" bw="4" slack="1"/>
</pin_list>
<bind>
<opset="p_ZL5L_row_1_addr "/>
</bind>
</comp>

<comp id="319" class="1005" name="b_addr_reg_319">
<pin_list>
<pin id="320" dir="0" index="0" bw="4" slack="1"/>
<pin id="321" dir="1" index="1" bw="4" slack="1"/>
</pin_list>
<bind>
<opset="b_addr "/>
</bind>
</comp>

<comp id="324" class="1005" name="p_ZL5L_row_2_addr_reg_324">
<pin_list>
<pin id="325" dir="0" index="0" bw="4" slack="1"/>
<pin id="326" dir="1" index="1" bw="4" slack="1"/>
</pin_list>
<bind>
<opset="p_ZL5L_row_2_addr "/>
</bind>
</comp>

<comp id="329" class="1005" name="icmp_ln12_reg_329">
<pin_list>
<pin id="330" dir="0" index="0" bw="1" slack="8"/>
<pin id="331" dir="1" index="1" bw="1" slack="2147483647"/>
</pin_list>
<bind>
<opset="icmp_ln12 "/>
</bind>
</comp>

<comp id="333" class="1005" name="p_ZL5L_row_0_load_reg_333">
<pin_list>
<pin id="334" dir="0" index="0" bw="16" slack="1"/>
<pin id="335" dir="1" index="1" bw="16" slack="1"/>
</pin_list>
<bind>
<opset="p_ZL5L_row_0_load "/>
</bind>
</comp>

<comp id="338" class="1005" name="p_ZL5L_row_1_load_reg_338">
<pin_list>
<pin id="339" dir="0" index="0" bw="16" slack="2"/>
<pin id="340" dir="1" index="1" bw="16" slack="2"/>
</pin_list>
<bind>
<opset="p_ZL5L_row_1_load "/>
</bind>
</comp>

<comp id="343" class="1005" name="b_load_reg_343">
<pin_list>
<pin id="344" dir="0" index="0" bw="32" slack="4"/>
<pin id="345" dir="1" index="1" bw="32" slack="4"/>
</pin_list>
<bind>
<opset="b_load "/>
</bind>
</comp>

<comp id="348" class="1005" name="p_ZL5L_row_2_load_reg_348">
<pin_list>
<pin id="349" dir="0" index="0" bw="16" slack="5"/>
<pin id="350" dir="1" index="1" bw="16" slack="5"/>
</pin_list>
<bind>
<opset="p_ZL5L_row_2_load "/>
</bind>
</comp>

<comp id="353" class="1005" name="sext_ln20_reg_353">
<pin_list>
<pin id="354" dir="0" index="0" bw="48" slack="1"/>
<pin id="355" dir="1" index="1" bw="48" slack="1"/>
</pin_list>
<bind>
<opset="sext_ln20 "/>
</bind>
</comp>

<comp id="358" class="1005" name="sext_ln20_1_reg_358">
<pin_list>
<pin id="359" dir="0" index="0" bw="48" slack="1"/>
<pin id="360" dir="1" index="1" bw="48" slack="1"/>
</pin_list>
<bind>
<opset="sext_ln20_1 "/>
</bind>
</comp>

<comp id="363" class="1005" name="sext_ln20_2_reg_363">
<pin_list>
<pin id="364" dir="0" index="0" bw="48" slack="1"/>
<pin id="365" dir="1" index="1" bw="48" slack="1"/>
</pin_list>
<bind>
<opset="sext_ln20_2 "/>
</bind>
</comp>

<comp id="368" class="1005" name="sext_ln20_3_reg_368">
<pin_list>
<pin id="369" dir="0" index="0" bw="48" slack="1"/>
<pin id="370" dir="1" index="1" bw="48" slack="1"/>
</pin_list>
<bind>
<opset="sext_ln20_3 "/>
</bind>
</comp>

<comp id="373" class="1005" name="tmp_reg_373">
<pin_list>
<pin id="374" dir="0" index="0" bw="32" slack="2"/>
<pin id="375" dir="1" index="1" bw="32" slack="2"/>
</pin_list>
<bind>
<opset="tmp "/>
</bind>
</comp>

<comp id="378" class="1005" name="mul_ln20_1_reg_378">
<pin_list>
<pin id="379" dir="0" index="0" bw="48" slack="1"/>
<pin id="380" dir="1" index="1" bw="48" slack="1"/>
</pin_list>
<bind>
<opset="mul_ln20_1 "/>
</bind>
</comp>

<comp id="383" class="1005" name="sub_ln23_reg_383">
<pin_list>
<pin id="384" dir="0" index="0" bw="33" slack="1"/>
<pin id="385" dir="1" index="1" bw="33" slack="1"/>
</pin_list>
<bind>
<opset="sub_ln23 "/>
</bind>
</comp>

<comp id="388" class="1005" name="sext_ln23_2_reg_388">
<pin_list>
<pin id="389" dir="0" index="0" bw="48" slack="1"/>
<pin id="390" dir="1" index="1" bw="48" slack="1"/>
</pin_list>
<bind>
<opset="sext_ln23_2 "/>
</bind>
</comp>

<comp id="393" class="1005" name="zext_ln23_reg_393">
<pin_list>
<pin id="394" dir="0" index="0" bw="48" slack="1"/>
<pin id="395" dir="1" index="1" bw="48" slack="1"/>
</pin_list>
<bind>
<opset="zext_ln23 "/>
</bind>
</comp>

<comp id="398" class="1005" name="window_5_reg_398">
<pin_list>
<pin id="399" dir="0" index="0" bw="32" slack="1"/>
<pin id="400" dir="1" index="1" bw="32" slack="1"/>
</pin_list>
<bind>
<opset="window_5 "/>
</bind>
</comp>

</comp_list>

<net_list>
<net id="61"><net_src comp="10" pin="0"/><net_sink comp="58" pin=0"/></net>

<net id="65"><net_src comp="10" pin="0"/><net_sink comp="62" pin=0"/></net>

<net id="69"><net_src comp="10" pin="0"/><net_sink comp="66" pin=0"/></net>

<net id="75"><net_src comp="4" pin="0"/><net_sink comp="70" pin=0"/></net>

<net id="76"><net_src comp="30" pin="0"/><net_sink comp="70" pin=1"/></net>

<net id="82"><net_src comp="70" pin="3"/><net_sink comp="77" pin=0"/></net>

<net id="88"><net_src comp="6" pin="0"/><net_sink comp="83" pin=0"/></net>

<net id="89"><net_src comp="30" pin="0"/><net_sink comp="83" pin=1"/></net>

<net id="95"><net_src comp="83" pin="3"/><net_sink comp="90" pin=0"/></net>

<net id="101"><net_src comp="0" pin="0"/><net_sink comp="96" pin=0"/></net>

<net id="102"><net_src comp="30" pin="0"/><net_sink comp="96" pin=1"/></net>

<net id="108"><net_src comp="96" pin="3"/><net_sink comp="103" pin=0"/></net>

<net id="114"><net_src comp="8" pin="0"/><net_sink comp="109" pin=0"/></net>

<net id="115"><net_src comp="30" pin="0"/><net_sink comp="109" pin=1"/></net>

<net id="121"><net_src comp="109" pin="3"/><net_sink comp="116" pin=0"/></net>

<net id="127"><net_src comp="2" pin="0"/><net_sink comp="122" pin=0"/></net>

<net id="128"><net_src comp="30" pin="0"/><net_sink comp="122" pin=1"/></net>

<net id="134"><net_src comp="122" pin="3"/><net_sink comp="129" pin=0"/></net>

<net id="147"><net_src comp="20" pin="0"/><net_sink comp="143" pin=0"/></net>

<net id="152"><net_src comp="20" pin="0"/><net_sink comp="148" pin=0"/></net>

<net id="157"><net_src comp="28" pin="0"/><net_sink comp="153" pin=0"/></net>

<net id="164"><net_src comp="158" pin="1"/><net_sink comp="161" pin=0"/></net>

<net id="165"><net_src comp="161" pin="1"/><net_sink comp="70" pin=2"/></net>

<net id="166"><net_src comp="161" pin="1"/><net_sink comp="83" pin=2"/></net>

<net id="167"><net_src comp="161" pin="1"/><net_sink comp="96" pin=2"/></net>

<net id="168"><net_src comp="161" pin="1"/><net_sink comp="109" pin=2"/></net>

<net id="173"><net_src comp="158" pin="1"/><net_sink comp="169" pin=0"/></net>

<net id="174"><net_src comp="32" pin="0"/><net_sink comp="169" pin=1"/></net>

<net id="179"><net_src comp="158" pin="1"/><net_sink comp="175" pin=0"/></net>

<net id="180"><net_src comp="34" pin="0"/><net_sink comp="175" pin=1"/></net>

<net id="185"><net_src comp="169" pin="2"/><net_sink comp="181" pin=0"/></net>

<net id="192"><net_src comp="189" pin="1"/><net_sink comp="135" pin=0"/></net>

<net id="196"><net_src comp="186" pin="1"/><net_sink comp="193" pin=0"/></net>

<net id="197"><net_src comp="193" pin="1"/><net_sink comp="135" pin=1"/></net>

<net id="204"><net_src comp="201" pin="1"/><net_sink comp="135" pin=0"/></net>

<net id="208"><net_src comp="198" pin="1"/><net_sink comp="205" pin=0"/></net>

<net id="209"><net_src comp="205" pin="1"/><net_sink comp="135" pin=1"/></net>

<net id="216"><net_src comp="36" pin="0"/><net_sink comp="210" pin=0"/></net>

<net id="217"><net_src comp="135" pin="2"/><net_sink comp="210" pin=1"/></net>

<net id="218"><net_src comp="38" pin="0"/><net_sink comp="210" pin=2"/></net>

<net id="219"><net_src comp="40" pin="0"/><net_sink comp="210" pin=3"/></net>

<net id="224"><net_src comp="198" pin="1"/><net_sink comp="220" pin=0"/></net>

<net id="230"><net_src comp="42" pin="0"/><net_sink comp="225" pin=0"/></net>

<net id="231"><net_src comp="44" pin="0"/><net_sink comp="225" pin=2"/></net>

<net id="236"><net_src comp="225" pin="3"/><net_sink comp="232" pin=0"/></net>

<net id="243"><net_src comp="36" pin="0"/><net_sink comp="237" pin=0"/></net>

<net id="244"><net_src comp="232" pin="2"/><net_sink comp="237" pin=1"/></net>

<net id="245"><net_src comp="38" pin="0"/><net_sink comp="237" pin=2"/></net>

<net id="246"><net_src comp="40" pin="0"/><net_sink comp="237" pin=3"/></net>

<net id="253"><net_src comp="237" pin="4"/><net_sink comp="250" pin=0"/></net>

<net id="258"><net_src comp="247" pin="1"/><net_sink comp="254" pin=0"/></net>

<net id="259"><net_src comp="250" pin="1"/><net_sink comp="254" pin=1"/></net>

<net id="263"><net_src comp="260" pin="1"/><net_sink comp="139" pin=0"/></net>

<net id="267"><net_src comp="264" pin="1"/><net_sink comp="139" pin=1"/></net>

<net id="274"><net_src comp="36" pin="0"/><net_sink comp="268" pin=0"/></net>

<net id="275"><net_src comp="139" pin="2"/><net_sink comp="268" pin=1"/></net>

<net id="276"><net_src comp="38" pin="0"/><net_sink comp="268" pin=2"/></net>

<net id="277"><net_src comp="40" pin="0"/><net_sink comp="268" pin=3"/></net>

<net id="278"><net_src comp="268" pin="4"/><net_sink comp="129" pin=1"/></net>

<net id="286"><net_src comp="58" pin="1"/><net_sink comp="283" pin=0"/></net>

<net id="287"><net_src comp="283" pin="1"/><net_sink comp="153" pin=1"/></net>

<net id="288"><net_src comp="283" pin="1"/><net_sink comp="158" pin=0"/></net>

<net id="289"><net_src comp="283" pin="1"/><net_sink comp="181" pin=1"/></net>

<net id="293"><net_src comp="62" pin="1"/><net_sink comp="290" pin=0"/></net>

<net id="294"><net_src comp="290" pin="1"/><net_sink comp="148" pin=1"/></net>

<net id="295"><net_src comp="290" pin="1"/><net_sink comp="186" pin=0"/></net>

<net id="296"><net_src comp="290" pin="1"/><net_sink comp="220" pin=1"/></net>

<net id="300"><net_src comp="66" pin="1"/><net_sink comp="297" pin=0"/></net>

<net id="301"><net_src comp="297" pin="1"/><net_sink comp="143" pin=1"/></net>

<net id="302"><net_src comp="297" pin="1"/><net_sink comp="198" pin=0"/></net>

<net id="303"><net_src comp="297" pin="1"/><net_sink comp="279" pin=1"/></net>

<net id="307"><net_src comp="161" pin="1"/><net_sink comp="304" pin=0"/></net>

<net id="308"><net_src comp="304" pin="1"/><net_sink comp="122" pin=2"/></net>

<net id="312"><net_src comp="70" pin="3"/><net_sink comp="309" pin=0"/></net>

<net id="313"><net_src comp="309" pin="1"/><net_sink comp="77" pin=0"/></net>

<net id="317"><net_src comp="83" pin="3"/><net_sink comp="314" pin=0"/></net>

<net id="318"><net_src comp="314" pin="1"/><net_sink comp="90" pin=0"/></net>

<net id="322"><net_src comp="96" pin="3"/><net_sink comp="319" pin=0"/></net>

<net id="323"><net_src comp="319" pin="1"/><net_sink comp="103" pin=0"/></net>

<net id="327"><net_src comp="109" pin="3"/><net_sink comp="324" pin=0"/></net>

<net id="328"><net_src comp="324" pin="1"/><net_sink comp="116" pin=0"/></net>

<net id="332"><net_src comp="175" pin="2"/><net_sink comp="329" pin=0"/></net>

<net id="336"><net_src comp="77" pin="3"/><net_sink comp="333" pin=0"/></net>

<net id="337"><net_src comp="333" pin="1"/><net_sink comp="189" pin=0"/></net>

<net id="341"><net_src comp="90" pin="3"/><net_sink comp="338" pin=0"/></net>

<net id="342"><net_src comp="338" pin="1"/><net_sink comp="201" pin=0"/></net>

<net id="346"><net_src comp="103" pin="3"/><net_sink comp="343" pin=0"/></net>

<net id="347"><net_src comp="343" pin="1"/><net_sink comp="247" pin=0"/></net>

<net id="351"><net_src comp="116" pin="3"/><net_sink comp="348" pin=0"/></net>

<net id="352"><net_src comp="348" pin="1"/><net_sink comp="264" pin=0"/></net>

<net id="356"><net_src comp="189" pin="1"/><net_sink comp="353" pin=0"/></net>

<net id="357"><net_src comp="353" pin="1"/><net_sink comp="135" pin=0"/></net>

<net id="361"><net_src comp="193" pin="1"/><net_sink comp="358" pin=0"/></net>

<net id="362"><net_src comp="358" pin="1"/><net_sink comp="135" pin=1"/></net>

<net id="366"><net_src comp="201" pin="1"/><net_sink comp="363" pin=0"/></net>

<net id="367"><net_src comp="363" pin="1"/><net_sink comp="135" pin=0"/></net>

<net id="371"><net_src comp="205" pin="1"/><net_sink comp="368" pin=0"/></net>

<net id="372"><net_src comp="368" pin="1"/><net_sink comp="135" pin=1"/></net>

<net id="376"><net_src comp="210" pin="4"/><net_sink comp="373" pin=0"/></net>

<net id="377"><net_src comp="373" pin="1"/><net_sink comp="225" pin=1"/></net>

<net id="381"><net_src comp="135" pin="2"/><net_sink comp="378" pin=0"/></net>

<net id="382"><net_src comp="378" pin="1"/><net_sink comp="232" pin=1"/></net>

<net id="386"><net_src comp="254" pin="2"/><net_sink comp="383" pin=0"/></net>

<net id="387"><net_src comp="383" pin="1"/><net_sink comp="260" pin=0"/></net>

<net id="391"><net_src comp="260" pin="1"/><net_sink comp="388" pin=0"/></net>

<net id="392"><net_src comp="388" pin="1"/><net_sink comp="139" pin=0"/></net>

<net id="396"><net_src comp="264" pin="1"/><net_sink comp="393" pin=0"/></net>

<net id="397"><net_src comp="393" pin="1"/><net_sink comp="139" pin=1"/></net>

<net id="401"><net_src comp="268" pin="4"/><net_sink comp="398" pin=0"/></net>

<net id="402"><net_src comp="398" pin="1"/><net_sink comp="279" pin=0"/></net>

</net_list>

</model> 
---------------- Datapath Model END ------------------

* FSMD analyzer results:
  - Output states:
	Port: x | {8 }
 - Input state : 
	Port: forward_substitution : b | {1 2 }
	Port: forward_substitution : p_ZL5L_row_0 | {1 2 }
	Port: forward_substitution : p_ZL5L_row_1 | {1 2 }
	Port: forward_substitution : p_ZL5L_row_2 | {1 2 }
  - Chain level:
	State 1
		store_ln9 : 1
		store_ln9 : 1
		store_ln12 : 1
		i_1 : 1
		zext_ln12 : 2
		p_ZL5L_row_0_addr : 3
		p_ZL5L_row_0_load : 4
		p_ZL5L_row_1_addr : 3
		p_ZL5L_row_1_load : 4
		b_addr : 3
		b_load : 4
		p_ZL5L_row_2_addr : 3
		p_ZL5L_row_2_load : 4
		i_3 : 2
		icmp_ln12 : 2
		store_ln12 : 3
	State 2
	State 3
		sext_ln20_1 : 1
		mul_ln20 : 2
	State 4
		sext_ln20_3 : 1
		mul_ln20_1 : 2
		tmp : 1
		store_ln9 : 1
	State 5
	State 6
		add_ln20 : 1
		trunc_ln : 2
		sext_ln23_1 : 3
		sub_ln23 : 4
	State 7
		mul_ln23 : 1
	State 8
		window_5 : 1
		store_ln24 : 2
	State 9


============================================================
+ Verbose Summary: Datapath Resource usage 
============================================================

* Functional unit list:
|----------|--------------------|---------|---------|---------|
| Operation|   Functional Unit  |   DSP   |    FF   |   LUT   |
|----------|--------------------|---------|---------|---------|
|    mul   |     grp_fu_135     |    2    |   165   |    50   |
|          |     grp_fu_139     |    2    |   169   |    52   |
|----------|--------------------|---------|---------|---------|
|    add   |     i_3_fu_169     |    0    |    0    |    13   |
|          |   add_ln20_fu_232  |    0    |    0    |    55   |
|----------|--------------------|---------|---------|---------|
|    sub   |   sub_ln23_fu_254  |    0    |    0    |    39   |
|----------|--------------------|---------|---------|---------|
|   icmp   |  icmp_ln12_fu_175  |    0    |    0    |    13   |
|----------|--------------------|---------|---------|---------|
|   zext   |  zext_ln12_fu_161  |    0    |    0    |    0    |
|          |  zext_ln23_fu_264  |    0    |    0    |    0    |
|----------|--------------------|---------|---------|---------|
|          |  sext_ln20_fu_189  |    0    |    0    |    0    |
|          | sext_ln20_1_fu_193 |    0    |    0    |    0    |
|          | sext_ln20_2_fu_201 |    0    |    0    |    0    |
|   sext   | sext_ln20_3_fu_205 |    0    |    0    |    0    |
|          |  sext_ln23_fu_247  |    0    |    0    |    0    |
|          | sext_ln23_1_fu_250 |    0    |    0    |    0    |
|          | sext_ln23_2_fu_260 |    0    |    0    |    0    |
|----------|--------------------|---------|---------|---------|
|          |     tmp_fu_210     |    0    |    0    |    0    |
|partselect|   trunc_ln_fu_237  |    0    |    0    |    0    |
|          |   window_5_fu_268  |    0    |    0    |    0    |
|----------|--------------------|---------|---------|---------|
|bitconcatenate|    shl_ln_fu_225   |    0    |    0    |    0    |
|----------|--------------------|---------|---------|---------|
|   Total  |                    |    4    |   334   |   222   |
|----------|--------------------|---------|---------|---------|

Memories:
+------------+--------+--------+--------+
|            |  BRAM  |   FF   |   LUT  |
+------------+--------+--------+--------+
|p_ZL5L_row_0|    0   |   16   |    3   |
|p_ZL5L_row_1|    0   |   16   |    3   |
|p_ZL5L_row_2|    0   |   16   |    3   |
+------------+--------+--------+--------+
|    Total   |    0   |   48   |    9   |
+------------+--------+--------+--------+

* Register list:
+-------------------------+--------+
|                         |   FF   |
+-------------------------+--------+
|      b_addr_reg_319     |    4   |
|      b_load_reg_343     |   32   |
|        i_reg_283        |    4   |
|    icmp_ln12_reg_329    |    1   |
|    mul_ln20_1_reg_378   |   48   |
|p_ZL5L_row_0_addr_reg_309|    4   |
|p_ZL5L_row_0_load_reg_333|   16   |
|p_ZL5L_row_1_addr_reg_314|    4   |
|p_ZL5L_row_1_load_reg_338|   16   |
|p_ZL5L_row_2_addr_reg_324|    4   |
|p_ZL5L_row_2_load_reg_348|   16   |
|   sext_ln20_1_reg_358   |   48   |
|   sext_ln20_2_reg_363   |   48   |
|   sext_ln20_3_reg_368   |   48   |
|    sext_ln20_reg_353    |   48   |
|   sext_ln23_2_reg_388   |   48   |
|     sub_ln23_reg_383    |   33   |
|       tmp_reg_373       |   32   |
|     window_1_reg_297    |   32   |
|     window_5_reg_398    |   32   |
|      window_reg_290     |   32   |
|    zext_ln12_reg_304    |   64   |
|    zext_ln23_reg_393    |   48   |
+-------------------------+--------+
|          Total          |   662  |
+-------------------------+--------+

* Multiplexer (MUX) list: 
|-------------------|------|------|------|--------||---------||---------||---------|
|        Comp       |  Pin | Size |  BW  | S x BW ||  Delay  ||    FF   ||   LUT   |
|-------------------|------|------|------|--------||---------||---------||---------|
|  grp_access_fu_77 |  p0  |   2  |   4  |    8   ||    0    ||    9    |
|  grp_access_fu_90 |  p0  |   2  |   4  |    8   ||    0    ||    9    |
| grp_access_fu_103 |  p0  |   2  |   4  |    8   ||    0    ||    9    |
| grp_access_fu_116 |  p0  |   2  |   4  |    8   ||    0    ||    9    |
|     grp_fu_135    |  p0  |   4  |  16  |   64   ||    0    ||    17   |
|     grp_fu_135    |  p1  |   4  |  32  |   128  ||    0    ||    17   |
|     grp_fu_139    |  p0  |   2  |  33  |   66   ||    0    ||    9    |
|     grp_fu_139    |  p1  |   2  |  16  |   32   ||    0    ||    9    |
|-------------------|------|------|------|--------||---------||---------||---------|
|       Total       |      |      |      |   322  || 13.0097 ||    0    ||    88   |
|-------------------|------|------|------|--------||---------||---------||---------|



* Summary:
+-----------+--------+--------+--------+--------+--------+
|           |  BRAM  |   DSP  |  Delay |   FF   |   LUT  |
+-----------+--------+--------+--------+--------+--------+
|  Function |    -   |    4   |    -   |   334  |   222  |
|   Memory  |    0   |    -   |    -   |   48   |    9   |
|Multiplexer|    -   |    -   |   13   |    0   |   88   |
|  Register |    -   |    -   |    -   |   662  |    -   |
+-----------+--------+--------+--------+--------+--------+
|   Total   |    0   |    4   |   13   |  1044  |   319  |
+-----------+--------+--------+--------+--------+--------+
