

================================================================
== Vitis HLS Report for 'forward_substitution'
================================================================
* Date:           Thu Dec 11 08:32:21 2025

* Version:        2025.2 (Build 6295257 on Nov 14 2025)
* Project:        forward_subst
* Solution:       hls (Vivado IP Flow Target)
* Product family: artix7
* Target device:  xc7a100ti-csg324-1L


================================================================
== Performance Estimates
================================================================
+ Timing: 
    * Summary: 
    +--------+----------+----------+------------+
    |  Clock |  Target  | Estimated| Uncertainty|
    +--------+----------+----------+------------+
    |ap_clk  |  10.00 ns|  6.860 ns|     2.70 ns|
    +--------+----------+----------+------------+

+ Latency: 
    * Summary: 
    +---------+---------+----------+----------+-----+-----+------------------------------------------------+
    |  Latency (cycles) |  Latency (absolute) |  Interval |                    Pipeline                    |
    |   min   |   max   |    min   |    max   | min | max |                      Type                      |
    +---------+---------+----------+----------+-----+-----+------------------------------------------------+
    |       91|       91|  0.910 us|  0.910 us|   90|   90|  loop auto-rewind stp (delay=0 clock cycles(s))|
    +---------+---------+----------+----------+-----+-----+------------------------------------------------+

    + Detail: 
        * Instance: 
        N/A

        * Loop: 
        +-------------------+---------+---------+----------+-----------+-----------+------+----------+
        |                   |  Latency (cycles) | Iteration|  Initiation Interval  | Trip |          |
        |     Loop Name     |   min   |   max   |  Latency |  achieved |   target  | Count| Pipelined|
        +-------------------+---------+---------+----------+-----------+-----------+------+----------+
        |- VITIS_LOOP_12_1  |       89|       89|         9|          9|         11|    10|       yes|
        +-------------------+---------+---------+----------+-----------+-----------+------+----------+

============================================================
+ Verbose Summary: Synthesis Manager
============================================================
InlineROM: 1
ExposeGlobal: 0
============================================================
+ Verbose Summary: CDFG Model
============================================================
IsTopModel: 1
ResetActiveHigh: 1
IsCombinational: 0
IsDatapathOnly: 0
HasWiredReturn: 1
HasMFsm: 2
HasVarLatency: 1
IsPipeline: 0
IsRtlPipelined: 0
IsInstanceOverlapped: 0
IsDontTouch: 0
HasImplIP: 0
IsGatedGlobalClock: 0

+ Individual pipeline summary: 
  * Pipeline-0: initiation interval (II) = 9, depth = 9


============================================================
+ Verbose Summary: Schedule
============================================================
* Number of FSM states : 9
* Pipeline : 1
  Pipeline-0 : II = 9, D = 9, States = { 1 2 3 4 5 6 7 8 9 }
* Dataflow Pipeline: 0

* FSM state transitions: 
1 --> 2 
2 --> 3 
3 --> 4 
4 --> 5 
5 --> 6 
6 --> 7 
7 --> 8 
8 --> 9 
9 --> 

* FSM state operations: 

State 1 <SV = 0> <Delay = 4.99>
ST_1 : Operation 12 [1/1] (0.00ns)   --->   "%i = alloca i32 1" [forward.cpp:12]   --->   Operation 12 'alloca' 'i' <Predicate = true> <Delay = 0.00>
ST_1 : Operation 13 [1/1] (0.00ns)   --->   "%window = alloca i32 1" [forward.cpp:9]   --->   Operation 13 'alloca' 'window' <Predicate = true> <Delay = 0.00>
ST_1 : Operation 14 [1/1] (0.00ns)   --->   "%window_1 = alloca i32 1" [forward.cpp:9]   --->   Operation 14 'alloca' 'window_1' <Predicate = true> <Delay = 0.00>
ST_1 : Operation 15 [1/1] (0.00ns)   --->   "%spectopmodule_ln5 = spectopmodule void @_ssdm_op_SpecTopModule, void @empty_1" [forward.cpp:5]   --->   Operation 15 'spectopmodule' 'spectopmodule_ln5' <Predicate = true> <Delay = 0.00>
ST_1 : Operation 16 [1/1] (0.00ns)   --->   "%specinterface_ln0 = specinterface void @_ssdm_op_SpecInterface, i32 %b, void @empty, i32 0, i32 0, void @empty_0, i32 4294967295, i32 0, void @empty_0, void @empty_0, void @empty_0, i32 0, i32 0, i32 0, i32 0, void @empty_0, void @empty_0, i32 4294967295, i32 0, i32 0, i32 0"   --->   Operation 16 'specinterface' 'specinterface_ln0' <Predicate = true> <Delay = 0.00>
ST_1 : Operation 17 [1/1] (0.00ns)   --->   "%specbitsmap_ln0 = specbitsmap void @_ssdm_op_SpecBitsMap, i32 %b"   --->   Operation 17 'specbitsmap' 'specbitsmap_ln0' <Predicate = true> <Delay = 0.00>
ST_1 : Operation 18 [1/1] (0.00ns)   --->   "%specinterface_ln0 = specinterface void @_ssdm_op_SpecInterface, i32 %x, void @empty, i32 0, i32 0, void @empty_0, i32 4294967295, i32 0, void @empty_0, void @empty_0, void @empty_0, i32 0, i32 0, i32 0, i32 0, void @empty_0, void @empty_0, i32 4294967295, i32 0, i32 0, i32 0"   --->   Operation 18 'specinterface' 'specinterface_ln0' <Predicate = true> <Delay = 0.00>
ST_1 : Operation 19 [1/1] (0.00ns)   --->   "%specbitsmap_ln0 = specbitsmap void @_ssdm_op_SpecBitsMap, i32 %x"   --->   Operation 19 'specbitsmap' 'specbitsmap_ln0' <Predicate = true> <Delay = 0.00>
ST_1 : Operation 20 [1/1] (1.61ns)   --->   "%store_ln9 = store i32 0, i32 %window_1" [forward.cpp:9]   --->   Operation 20 'store' 'store_ln9' <Predicate = true> <Delay = 1.61>
ST_1 : Operation 21 [1/1] (1.61ns)   --->   "%store_ln9 = store i32 0, i32 %window" [forward.cpp:9]   --->   Operation 21 'store' 'store_ln9' <Predicate = true> <Delay = 1.61>
ST_1 : Operation 22 [1/1] (1.61ns)   --->   "%store_ln12 = store i4 0, i4 %i" [forward.cpp:12]   --->   Operation 22 'store' 'store_ln12' <Predicate = true> <Delay = 1.61>
ST_1 : Operation 23 [1/1] (0.00ns)   --->   "%br_ln12 = br void %for.body.split" [forward.cpp:12]   --->   Operation 23 'br' 'br_ln12' <Predicate = true> <Delay = 0.00>
ST_1 : Operation 24 [1/1] (0.00ns)   --->   "%i_1 = load i4 %i" [forward.cpp:12]   --->   Operation 24 'load' 'i_1' <Predicate = true> <Delay = 0.00>
ST_1 : Operation 25 [1/1] (0.00ns)   --->   "%zext_ln12 = zext i4 %i_1" [forward.cpp:12]   --->   Operation 25 'zext' 'zext_ln12' <Predicate = true> <Delay = 0.00>
ST_1 : Operation 26 [1/1] (0.00ns)   --->   "%p_ZL5L_row_0_addr = getelementptr i16 %p_ZL5L_row_0, i64 0, i64 %zext_ln12" [forward.cpp:20]   --->   Operation 26 'getelementptr' 'p_ZL5L_row_0_addr' <Predicate = true> <Delay = 0.00>
ST_1 : Operation 27 [2/2] (2.15ns)   --->   "%p_ZL5L_row_0_load = load i4 %p_ZL5L_row_0_addr" [forward.cpp:20]   --->   Operation 27 'load' 'p_ZL5L_row_0_load' <Predicate = true> <Delay = 2.15> <CoreInst = "ROM">   --->   Core 94 'ROM' <Latency = 1> <II = 1> <Delay = 2.15> <Storage> <Opcode : 'load'> <Ports = 0> <Width = 16> <Depth = 10> <ROM>
ST_1 : Operation 28 [1/1] (0.00ns)   --->   "%p_ZL5L_row_1_addr = getelementptr i16 %p_ZL5L_row_1, i64 0, i64 %zext_ln12" [forward.cpp:20]   --->   Operation 28 'getelementptr' 'p_ZL5L_row_1_addr' <Predicate = true> <Delay = 0.00>
ST_1 : Operation 29 [2/2] (2.15ns)   --->   "%p_ZL5L_row_1_load = load i4 %p_ZL5L_row_1_addr" [forward.cpp:20]   --->   Operation 29 'load' 'p_ZL5L_row_1_load' <Predicate = true> <Delay = 2.15> <CoreInst = "ROM">   --->   Core 94 'ROM' <Latency = 1> <II = 1> <Delay = 2.15> <Storage> <Opcode : 'load'> <Ports = 0> <Width = 16> <Depth = 10> <ROM>
ST_1 : Operation 30 [1/1] (0.00ns)   --->   "%b_addr = getelementptr i32 %b, i64 0, i64 %zext_ln12" [forward.cpp:23]   --->   Operation 30 'getelementptr' 'b_addr' <Predicate = true> <Delay = 0.00>
ST_1 : Operation 31 [2/2] (0.00ns)   --->   "%b_load = load i4 %b_addr" [forward.cpp:23]   --->   Operation 31 'load' 'b_load' <Predicate = true> <Delay = 0.00> <CoreInst = "RAM">   --->   Core 81 'RAM' <Latency = 1> <II = 1> <Delay = 2.15> <Storage> <Opcode : 'load' 'store'> <Ports = 2> <Width = 32> <Depth = 10> <RAM>
ST_1 : Operation 32 [1/1] (0.00ns)   --->   "%p_ZL5L_row_2_addr = getelementptr i16 %p_ZL5L_row_2, i64 0, i64 %zext_ln12" [forward.cpp:23]   --->   Operation 32 'getelementptr' 'p_ZL5L_row_2_addr' <Predicate = true> <Delay = 0.00>
ST_1 : Operation 33 [2/2] (2.15ns)   --->   "%p_ZL5L_row_2_load = load i4 %p_ZL5L_row_2_addr" [forward.cpp:23]   --->   Operation 33 'load' 'p_ZL5L_row_2_load' <Predicate = true> <Delay = 2.15> <CoreInst = "ROM">   --->   Core 94 'ROM' <Latency = 1> <II = 1> <Delay = 2.15> <Storage> <Opcode : 'load'> <Ports = 0> <Width = 16> <Depth = 10> <ROM>
ST_1 : Operation 34 [1/1] (1.77ns)   --->   "%i_3 = add i4 %i_1, i4 1" [forward.cpp:12]   --->   Operation 34 'add' 'i_3' <Predicate = true> <Delay = 1.77> <CoreInst = "Adder">   --->   Core 1 'Adder' <Latency = 0> <II = 1> <Delay = 1.77> <FuncUnit> <Opcode : 'add' 'sub'> <InPorts = 2> <OutPorts = 1>
ST_1 : Operation 35 [1/1] (1.77ns)   --->   "%icmp_ln12 = icmp_eq  i4 %i_1, i4 9" [forward.cpp:12]   --->   Operation 35 'icmp' 'icmp_ln12' <Predicate = true> <Delay = 1.77> <CoreInst = "Cmp">   --->   Core 9 'Cmp' <Latency = 0> <II = 1> <Delay = 1.77> <FuncUnit> <Opcode : 'seteq' 'setne' 'setle' 'setge' 'setlt' 'setgt'> <InPorts = 2> <OutPorts = 1>
ST_1 : Operation 36 [1/1] (1.61ns)   --->   "%store_ln12 = store i4 %i_3, i4 %i" [forward.cpp:12]   --->   Operation 36 'store' 'store_ln12' <Predicate = true> <Delay = 1.61>

State 2 <SV = 1> <Delay = 2.15>
ST_2 : Operation 37 [1/2] ( I:2.15ns O:2.15ns )   --->   "%p_ZL5L_row_0_load = load i4 %p_ZL5L_row_0_addr" [forward.cpp:20]   --->   Operation 37 'load' 'p_ZL5L_row_0_load' <Predicate = true> <Delay = 2.15> <CoreInst = "ROM">   --->   Core 94 'ROM' <Latency = 1> <II = 1> <Delay = 2.15> <Storage> <Opcode : 'load'> <Ports = 0> <Width = 16> <Depth = 10> <ROM>
ST_2 : Operation 38 [1/2] ( I:2.15ns O:2.15ns )   --->   "%p_ZL5L_row_1_load = load i4 %p_ZL5L_row_1_addr" [forward.cpp:20]   --->   Operation 38 'load' 'p_ZL5L_row_1_load' <Predicate = true> <Delay = 2.15> <CoreInst = "ROM">   --->   Core 94 'ROM' <Latency = 1> <II = 1> <Delay = 2.15> <Storage> <Opcode : 'load'> <Ports = 0> <Width = 16> <Depth = 10> <ROM>
ST_2 : Operation 39 [1/2] ( I:0.00ns O:0.00ns )   --->   "%b_load = load i4 %b_addr" [forward.cpp:23]   --->   Operation 39 'load' 'b_load' <Predicate = true> <Delay = 0.00> <CoreInst = "RAM">   --->   Core 81 'RAM' <Latency = 1> <II = 1> <Delay = 2.15> <Storage> <Opcode : 'load' 'store'> <Ports = 2> <Width = 32> <Depth = 10> <RAM>
ST_2 : Operation 40 [1/2] ( I:2.15ns O:2.15ns )   --->   "%p_ZL5L_row_2_load = load i4 %p_ZL5L_row_2_addr" [forward.cpp:23]   --->   Operation 40 'load' 'p_ZL5L_row_2_load' <Predicate = true> <Delay = 2.15> <CoreInst = "ROM">   --->   Core 94 'ROM' <Latency = 1> <II = 1> <Delay = 2.15> <Storage> <Opcode : 'load'> <Ports = 0> <Width = 16> <Depth = 10> <ROM>

State 3 <SV = 2> <Delay = 6.86>
ST_3 : Operation 41 [1/1] (0.00ns)   --->   "%window_3 = load i32 %window" [forward.cpp:20]   --->   Operation 41 'load' 'window_3' <Predicate = true> <Delay = 0.00>
ST_3 : Operation 42 [1/1] (0.00ns)   --->   "%sext_ln20 = sext i16 %p_ZL5L_row_0_load" [forward.cpp:20]   --->   Operation 42 'sext' 'sext_ln20' <Predicate = true> <Delay = 0.00>
ST_3 : Operation 43 [1/1] (0.00ns)   --->   "%sext_ln20_1 = sext i32 %window_3" [forward.cpp:20]   --->   Operation 43 'sext' 'sext_ln20_1' <Predicate = true> <Delay = 0.00>
ST_3 : Operation 44 [2/2] (6.86ns)   --->   "%mul_ln20 = mul i48 %sext_ln20, i48 %sext_ln20_1" [forward.cpp:20]   --->   Operation 44 'mul' 'mul_ln20' <Predicate = true> <Delay = 6.86> <CoreInst = "Multiplier">   --->   Core 3 'Multiplier' <Latency = 1> <II = 1> <Delay = 6.86> <FuncUnit> <Opcode : 'mul'> <InPorts = 2> <OutPorts = 1>

State 4 <SV = 3> <Delay = 6.86>
ST_4 : Operation 45 [1/1] (0.00ns)   --->   "%window_2 = load i32 %window_1" [forward.cpp:20]   --->   Operation 45 'load' 'window_2' <Predicate = true> <Delay = 0.00>
ST_4 : Operation 46 [1/2] (6.86ns)   --->   "%mul_ln20 = mul i48 %sext_ln20, i48 %sext_ln20_1" [forward.cpp:20]   --->   Operation 46 'mul' 'mul_ln20' <Predicate = true> <Delay = 6.86> <CoreInst = "Multiplier">   --->   Core 3 'Multiplier' <Latency = 1> <II = 1> <Delay = 6.86> <FuncUnit> <Opcode : 'mul'> <InPorts = 2> <OutPorts = 1>
ST_4 : Operation 47 [1/1] (0.00ns)   --->   "%sext_ln20_2 = sext i16 %p_ZL5L_row_1_load" [forward.cpp:20]   --->   Operation 47 'sext' 'sext_ln20_2' <Predicate = true> <Delay = 0.00>
ST_4 : Operation 48 [1/1] (0.00ns)   --->   "%sext_ln20_3 = sext i32 %window_2" [forward.cpp:20]   --->   Operation 48 'sext' 'sext_ln20_3' <Predicate = true> <Delay = 0.00>
ST_4 : Operation 49 [2/2] (6.86ns)   --->   "%mul_ln20_1 = mul i48 %sext_ln20_2, i48 %sext_ln20_3" [forward.cpp:20]   --->   Operation 49 'mul' 'mul_ln20_1' <Predicate = true> <Delay = 6.86> <CoreInst = "Multiplier">   --->   Core 3 'Multiplier' <Latency = 1> <II = 1> <Delay = 6.86> <FuncUnit> <Opcode : 'mul'> <InPorts = 2> <OutPorts = 1>
ST_4 : Operation 50 [1/1] (0.00ns)   --->   "%tmp = partselect i32 @_ssdm_op_PartSelect.i32.i48.i32.i32, i48 %mul_ln20, i32 16, i32 47" [forward.cpp:20]   --->   Operation 50 'partselect' 'tmp' <Predicate = true> <Delay = 0.00>
ST_4 : Operation 51 [1/1] (1.61ns)   --->   "%store_ln9 = store i32 %window_2, i32 %window" [forward.cpp:9]   --->   Operation 51 'store' 'store_ln9' <Predicate = true> <Delay = 1.61>

State 5 <SV = 4> <Delay = 6.86>
ST_5 : Operation 52 [1/2] (6.86ns)   --->   "%mul_ln20_1 = mul i48 %sext_ln20_2, i48 %sext_ln20_3" [forward.cpp:20]   --->   Operation 52 'mul' 'mul_ln20_1' <Predicate = true> <Delay = 6.86> <CoreInst = "Multiplier">   --->   Core 3 'Multiplier' <Latency = 1> <II = 1> <Delay = 6.86> <FuncUnit> <Opcode : 'mul'> <InPorts = 2> <OutPorts = 1>

State 6 <SV = 5> <Delay = 5.83>
ST_6 : Operation 53 [1/1] (0.00ns)   --->   "%shl_ln = bitconcatenate i48 @_ssdm_op_BitConcatenate.i48.i32.i16, i32 %tmp, i16 0" [forward.cpp:20]   --->   Operation 53 'bitconcatenate' 'shl_ln' <Predicate = true> <Delay = 0.00>
ST_6 : Operation 54 [1/1] (3.13ns)   --->   "%add_ln20 = add i48 %shl_ln, i48 %mul_ln20_1" [forward.cpp:20]   --->   Operation 54 'add' 'add_ln20' <Predicate = true> <Delay = 3.13> <CoreInst = "Adder">   --->   Core 1 'Adder' <Latency = 0> <II = 1> <Delay = 3.13> <FuncUnit> <Opcode : 'add' 'sub'> <InPorts = 2> <OutPorts = 1>
ST_6 : Operation 55 [1/1] (0.00ns)   --->   "%trunc_ln = partselect i32 @_ssdm_op_PartSelect.i32.i48.i32.i32, i48 %add_ln20, i32 16, i32 47" [forward.cpp:20]   --->   Operation 55 'partselect' 'trunc_ln' <Predicate = true> <Delay = 0.00>
ST_6 : Operation 56 [1/1] (0.00ns)   --->   "%sext_ln23 = sext i32 %b_load" [forward.cpp:23]   --->   Operation 56 'sext' 'sext_ln23' <Predicate = true> <Delay = 0.00>
ST_6 : Operation 57 [1/1] (0.00ns)   --->   "%sext_ln23_1 = sext i32 %trunc_ln" [forward.cpp:23]   --->   Operation 57 'sext' 'sext_ln23_1' <Predicate = true> <Delay = 0.00>
ST_6 : Operation 58 [1/1] (2.70ns)   --->   "%sub_ln23 = sub i33 %sext_ln23, i33 %sext_ln23_1" [forward.cpp:23]   --->   Operation 58 'sub' 'sub_ln23' <Predicate = true> <Delay = 2.70> <CoreInst = "Adder">   --->   Core 1 'Adder' <Latency = 0> <II = 1> <Delay = 2.70> <FuncUnit> <Opcode : 'add' 'sub'> <InPorts = 2> <OutPorts = 1>

State 7 <SV = 6> <Delay = 6.86>
ST_7 : Operation 59 [1/1] (0.00ns)   --->   "%sext_ln23_2 = sext i33 %sub_ln23" [forward.cpp:23]   --->   Operation 59 'sext' 'sext_ln23_2' <Predicate = true> <Delay = 0.00>
ST_7 : Operation 60 [1/1] (0.00ns)   --->   "%zext_ln23 = zext i16 %p_ZL5L_row_2_load" [forward.cpp:23]   --->   Operation 60 'zext' 'zext_ln23' <Predicate = true> <Delay = 0.00>
ST_7 : Operation 61 [2/2] (6.86ns)   --->   "%mul_ln23 = mul i48 %sext_ln23_2, i48 %zext_ln23" [forward.cpp:23]   --->   Operation 61 'mul' 'mul_ln23' <Predicate = true> <Delay = 6.86> <CoreInst = "Multiplier">   --->   Core 3 'Multiplier' <Latency = 1> <II = 1> <Delay = 6.86> <FuncUnit> <Opcode : 'mul'> <InPorts = 2> <OutPorts = 1>

State 8 <SV = 7> <Delay = 6.86>
ST_8 : Operation 62 [1/2] (6.86ns)   --->   "%mul_ln23 = mul i48 %sext_ln23_2, i48 %zext_ln23" [forward.cpp:23]   --->   Operation 62 'mul' 'mul_ln23' <Predicate = true> <Delay = 6.86> <CoreInst = "Multiplier">   --->   Core 3 'Multiplier' <Latency = 1> <II = 1> <Delay = 6.86> <FuncUnit> <Opcode : 'mul'> <InPorts = 2> <OutPorts = 1>
ST_8 : Operation 63 [1/1] (0.00ns)   --->   "%window_5 = partselect i32 @_ssdm_op_PartSelect.i32.i48.i32.i32, i48 %mul_ln23, i32 16, i32 47" [forward.cpp:23]   --->   Operation 63 'partselect' 'window_5' <Predicate = true> <Delay = 0.00>
ST_8 : Operation 64 [1/1] (0.00ns)   --->   "%x_addr = getelementptr i32 %x, i64 0, i64 %zext_ln12" [forward.cpp:24]   --->   Operation 64 'getelementptr' 'x_addr' <Predicate = true> <Delay = 0.00>
ST_8 : Operation 65 [1/1] ( I:0.00ns O:0.00ns )   --->   "%store_ln24 = store i32 %window_5, i4 %x_addr" [forward.cpp:24]   --->   Operation 65 'store' 'store_ln24' <Predicate = true> <Delay = 0.00> <CoreInst = "RAM">   --->   Core 81 'RAM' <Latency = 1> <II = 1> <Delay = 2.15> <Storage> <Opcode : 'load' 'store'> <Ports = 2> <Width = 32> <Depth = 10> <RAM>

State 9 <SV = 8> <Delay = 1.61>
ST_9 : Operation 66 [1/1] (0.00ns)   --->   "%specpipeline_ln13 = specpipeline void @_ssdm_op_SpecPipeline, i32 11, i32 0, i32 0, i32 0, i32 4294967295, void @empty_0" [forward.cpp:13]   --->   Operation 66 'specpipeline' 'specpipeline_ln13' <Predicate = true> <Delay = 0.00>
ST_9 : Operation 67 [1/1] (0.00ns)   --->   "%speclooptripcount_ln9 = speclooptripcount void @_ssdm_op_SpecLoopTripCount, i64 10, i64 10, i64 10" [forward.cpp:9]   --->   Operation 67 'speclooptripcount' 'speclooptripcount_ln9' <Predicate = true> <Delay = 0.00>
ST_9 : Operation 68 [1/1] (0.00ns)   --->   "%specloopname_ln12 = specloopname void @_ssdm_op_SpecLoopName, void @empty_2" [forward.cpp:12]   --->   Operation 68 'specloopname' 'specloopname_ln12' <Predicate = true> <Delay = 0.00>
ST_9 : Operation 69 [1/1] (1.61ns)   --->   "%store_ln9 = store i32 %window_5, i32 %window_1" [forward.cpp:9]   --->   Operation 69 'store' 'store_ln9' <Predicate = true> <Delay = 1.61>
ST_9 : Operation 70 [1/1] (0.00ns)   --->   "%br_ln12 = br i1 %icmp_ln12, void %for.body.split, void %for.end32" [forward.cpp:12]   --->   Operation 70 'br' 'br_ln12' <Predicate = true> <Delay = 0.00>
ST_9 : Operation 71 [1/1] (1.61ns)   --->   "%ret_ln33 = ret" [forward.cpp:33]   --->   Operation 71 'ret' 'ret_ln33' <Predicate = (icmp_ln12)> <Delay = 1.61>


============================================================
+ Verbose Summary: Timing violations
============================================================
Target clock period: 10.000ns, clock uncertainty: 2.700ns.

 <State 1>: 4.997ns
The critical path consists of the following:
	'store' operation ('store_ln12', forward.cpp:12) of constant 0 4 bit on local variable 'i', forward.cpp:12 [16]  (1.610 ns)
	'load' operation 4 bit ('i', forward.cpp:12) on local variable 'i', forward.cpp:12 [19]  (0.000 ns)
	'add' operation 4 bit ('i_3', forward.cpp:12) [53]  (1.777 ns)
	'store' operation ('store_ln12', forward.cpp:12) of variable 'i_3', forward.cpp:12 4 bit on local variable 'i', forward.cpp:12 [57]  (1.610 ns)

 <State 2>: 2.152ns
The critical path consists of the following:
	'load' operation 16 bit ('p_ZL5L_row_0_load', forward.cpp:20) on array 'p_ZL5L_row_0' [27]  (2.152 ns)

 <State 3>: 6.860ns
The critical path consists of the following:
	'load' operation 32 bit ('window', forward.cpp:20) on local variable 'window', forward.cpp:9 [20]  (0.000 ns)
	'mul' operation 48 bit ('mul_ln20', forward.cpp:20) [30]  (6.860 ns)

 <State 4>: 6.860ns
The critical path consists of the following:
	'mul' operation 48 bit ('mul_ln20', forward.cpp:20) [30]  (6.860 ns)

 <State 5>: 6.860ns
The critical path consists of the following:
	'mul' operation 48 bit ('mul_ln20_1', forward.cpp:20) [35]  (6.860 ns)

 <State 6>: 5.834ns
The critical path consists of the following:
	'add' operation 48 bit ('add_ln20', forward.cpp:20) [38]  (3.132 ns)
	'sub' operation 33 bit ('sub_ln23', forward.cpp:23) [44]  (2.702 ns)

 <State 7>: 6.860ns
The critical path consists of the following:
	'mul' operation 48 bit ('mul_ln23', forward.cpp:23) [49]  (6.860 ns)

 <State 8>: 6.860ns
The critical path consists of the following:
	'mul' operation 48 bit ('mul_ln23', forward.cpp:23) [49]  (6.860 ns)

 <State 9>: 1.610ns
The critical path consists of the following:


============================================================
+ Verbose Summary: Binding
============================================================
N/A
* FSMD analyzer results:
  - Output states:
 - Input state : 
  - Chain level:
	State 1
	State 2
	State 3
	State 4
	State 5
	State 6
	State 7
	State 8
	State 9


============================================================
+ Verbose Summary: Datapath Resource usage 
============================================================
N/A
