

================================================================
== Vitis HLS Report for 'ADMM_solver'
================================================================
* Date:           Sun Mar  1 00:16:53 2026

* Version:        2025.2 (Build 6295257 on Nov 14 2025)
* Project:        ADMM
* Solution:       hls (Vivado IP Flow Target)
* Product family: artix7
* Target device:  xc7a100t-csg324-1


================================================================
== Performance Estimates
================================================================
+ Timing: 
    * Summary: 
    +--------+----------+----------+------------+
    |  Clock |  Target  | Estimated| Uncertainty|
    +--------+----------+----------+------------+
    |ap_clk  |  10.00 ns|  7.916 ns|     2.70 ns|
    +--------+----------+----------+------------+

+ Latency: 
    * Summary: 
    +---------+---------+----------+----------+-------+-------+---------+
    |  Latency (cycles) |  Latency (absolute) |    Interval   | Pipeline|
    |   min   |   max   |    min   |    max   |  min  |  max  |   Type  |
    +---------+---------+----------+----------+-------+-------+---------+
    |    59394|    59394|  0.594 ms|  0.594 ms|  59395|  59395|       no|
    +---------+---------+----------+----------+-------+-------+---------+

    + Detail: 
        * Instance: 
        +--------------------------------------------------------+---------------------------------------------+---------+---------+-----------+-----------+-----+-----+-------------------+
        |                                                        |                                             |  Latency (cycles) |   Latency (absolute)  |  Interval |      Pipeline     |
        |                        Instance                        |                    Module                   |   min   |   max   |    min    |    max    | min | max |        Type       |
        +--------------------------------------------------------+---------------------------------------------+---------+---------+-----------+-----------+-----+-----+-------------------+
        |grp_ADMM_solver_Pipeline_2_fu_787                       |ADMM_solver_Pipeline_2                       |       22|       22|   0.220 us|   0.220 us|    0|    0|  loop pipeline stp|
        |grp_ADMM_solver_Pipeline_INIT_WINDOW_fu_793             |ADMM_solver_Pipeline_INIT_WINDOW             |       22|       22|   0.220 us|   0.220 us|    0|    0|  loop pipeline stp|
        |grp_ADMM_solver_Pipeline_VITIS_LOOP_137_1_fu_799        |ADMM_solver_Pipeline_VITIS_LOOP_137_1        |       14|       14|   0.140 us|   0.140 us|    0|    0|  loop pipeline stp|
        |grp_ADMM_solver_Pipeline_FORW_SUBST_EXTERN_LOOP_fu_805  |ADMM_solver_Pipeline_FORW_SUBST_EXTERN_LOOP  |    26173|    26173|   0.262 ms|   0.262 ms|    0|    0|  loop pipeline stp|
        |grp_ADMM_solver_Pipeline_BACK_SUBST_EXTERN_LOOP_fu_876  |ADMM_solver_Pipeline_BACK_SUBST_EXTERN_LOOP  |    26173|    26173|   0.262 ms|   0.262 ms|    0|    0|  loop pipeline stp|
        |grp_ADMM_solver_Pipeline_ADMM_IT_ZY_UPDATE_LOOP_fu_947  |ADMM_solver_Pipeline_ADMM_IT_ZY_UPDATE_LOOP  |     5768|     5768|  57.680 us|  57.680 us|    0|    0|  loop pipeline stp|
        |grp_ADMM_solver_Pipeline_AT_MUL_EXTERN_LOOP_fu_993      |ADMM_solver_Pipeline_AT_MUL_EXTERN_LOOP      |     1231|     1231|  12.310 us|  12.310 us|    0|    0|  loop pipeline stp|
        +--------------------------------------------------------+---------------------------------------------+---------+---------+-----------+-----------+-----+-----+-------------------+

        * Loop: 
        N/A



================================================================
== Utilization Estimates
================================================================
* Summary: 
+-----------------+---------+-----+--------+-------+-----+
|       Name      | BRAM_18K| DSP |   FF   |  LUT  | URAM|
+-----------------+---------+-----+--------+-------+-----+
|DSP              |        -|    -|       -|      -|    -|
|Expression       |        -|    -|       0|      4|    -|
|FIFO             |        -|    -|       -|      -|    -|
|Instance         |      304|   87|   20148|  10970|    0|
|Memory           |       60|    -|     224|     32|    0|
|Multiplexer      |        -|    -|       0|   1172|    -|
|Register         |        -|    -|    1763|      -|    -|
+-----------------+---------+-----+--------+-------+-----+
|Total            |      364|   87|   22135|  12178|    0|
+-----------------+---------+-----+--------+-------+-----+
|Available        |      270|  240|  126800|  63400|    0|
+-----------------+---------+-----+--------+-------+-----+
|Utilization (%)  |      134|   36|      17|     19|    0|
+-----------------+---------+-----+--------+-------+-----+

+ Detail: 
    * Instance: 
    +--------------------------------------------------------+---------------------------------------------+---------+----+------+------+-----+
    |                        Instance                        |                    Module                   | BRAM_18K| DSP|  FF  |  LUT | URAM|
    +--------------------------------------------------------+---------------------------------------------+---------+----+------+------+-----+
    |grp_ADMM_solver_Pipeline_2_fu_787                       |ADMM_solver_Pipeline_2                       |        0|   0|     7|    53|    0|
    |grp_ADMM_solver_Pipeline_ADMM_IT_ZY_UPDATE_LOOP_fu_947  |ADMM_solver_Pipeline_ADMM_IT_ZY_UPDATE_LOOP  |       58|  14|  3955|  2228|    0|
    |grp_ADMM_solver_Pipeline_AT_MUL_EXTERN_LOOP_fu_993      |ADMM_solver_Pipeline_AT_MUL_EXTERN_LOOP      |       78|  50|  7205|  4200|    0|
    |grp_ADMM_solver_Pipeline_BACK_SUBST_EXTERN_LOOP_fu_876  |ADMM_solver_Pipeline_BACK_SUBST_EXTERN_LOOP  |       84|   0|  3197|  1159|    0|
    |grp_ADMM_solver_Pipeline_FORW_SUBST_EXTERN_LOOP_fu_805  |ADMM_solver_Pipeline_FORW_SUBST_EXTERN_LOOP  |       84|   0|  3195|  1176|    0|
    |grp_ADMM_solver_Pipeline_INIT_WINDOW_fu_793             |ADMM_solver_Pipeline_INIT_WINDOW             |        0|   0|     7|    53|    0|
    |grp_ADMM_solver_Pipeline_VITIS_LOOP_137_1_fu_799        |ADMM_solver_Pipeline_VITIS_LOOP_137_1        |        0|   0|    11|    64|    0|
    |fadd_32ns_32ns_32_7_full_dsp_1_U190                     |fadd_32ns_32ns_32_7_full_dsp_1               |        0|   2|   306|   231|    0|
    |fadd_32ns_32ns_32_7_full_dsp_1_U191                     |fadd_32ns_32ns_32_7_full_dsp_1               |        0|   2|   306|   231|    0|
    |fadd_32ns_32ns_32_7_full_dsp_1_U192                     |fadd_32ns_32ns_32_7_full_dsp_1               |        0|   2|   306|   231|    0|
    |fadd_32ns_32ns_32_7_full_dsp_1_U193                     |fadd_32ns_32ns_32_7_full_dsp_1               |        0|   2|   306|   231|    0|
    |fadd_32ns_32ns_32_7_full_dsp_1_U197                     |fadd_32ns_32ns_32_7_full_dsp_1               |        0|   2|   306|   231|    0|
    |faddfsub_32ns_32ns_32_7_full_dsp_1_U194                 |faddfsub_32ns_32ns_32_7_full_dsp_1           |        0|   2|   306|   231|    0|
    |faddfsub_32ns_32ns_32_7_full_dsp_1_U198                 |faddfsub_32ns_32ns_32_7_full_dsp_1           |        0|   2|   306|   231|    0|
    |fmul_32ns_32ns_32_4_max_dsp_1_U195                      |fmul_32ns_32ns_32_4_max_dsp_1                |        0|   3|   143|   140|    0|
    |fmul_32ns_32ns_32_4_max_dsp_1_U196                      |fmul_32ns_32ns_32_4_max_dsp_1                |        0|   3|   143|   140|    0|
    |fmul_32ns_32ns_32_4_max_dsp_1_U199                      |fmul_32ns_32ns_32_4_max_dsp_1                |        0|   3|   143|   140|    0|
    +--------------------------------------------------------+---------------------------------------------+---------+----+------+------+-----+
    |Total                                                   |                                             |      304|  87| 20148| 10970|    0|
    +--------------------------------------------------------+---------------------------------------------+---------+----+------+------+-----+

    * DSP: 
    N/A

    * Memory: 
    +---------------------+-------------------------------------------------------------+---------+----+----+-----+------+-----+------+-------------+
    |        Memory       |                            Module                           | BRAM_18K| FF | LUT| URAM| Words| Bits| Banks| W*Bits*Banks|
    +---------------------+-------------------------------------------------------------+---------+----+----+-----+------+-----+------+-------------+
    |b_U                  |ADMM_solver_Pipeline_ADMM_IT_ZY_UPDATE_LOOP_y_RAM_AUTO_1R1W  |        4|   0|   0|    0|  1132|   32|     1|        36224|
    |b_tmp_U              |b_tmp_RAM_1WNR_AUTO_1R1W                                     |       48|   0|   0|    0|  1132|   32|     1|        36224|
    |current_in_1_U       |current_in_1_RAM_AUTO_1R1W                                   |        0|  64|   6|    0|    12|   32|     1|          384|
    |current_state_vec_U  |current_state_vec_RAM_AUTO_1R1W                              |        0|  32|   6|    0|    12|   32|     1|          384|
    |tmp_U                |tmp_RAM_AUTO_1R1W                                            |        4|   0|   0|    0|  1132|   32|     1|        36224|
    |window_U             |window_RAM_AUTO_1R1W                                         |        0|  64|  10|    0|    20|   32|     1|          640|
    |window_1_U           |window_RAM_AUTO_1R1W                                         |        0|  64|  10|    0|    20|   32|     1|          640|
    |x_U                  |x_RAM_AUTO_1R1W                                              |        4|   0|   0|    0|  1132|   32|     1|        36224|
    +---------------------+-------------------------------------------------------------+---------+----+----+-----+------+-----+------+-------------+
    |Total                |                                                             |       60| 224|  32|    0|  4592|  256|     8|       146944|
    +---------------------+-------------------------------------------------------------+---------+----+----+-----+------+-----+------+-------------+

    * FIFO: 
    N/A

    * Expression: 
    +----------------------------------+----------+----+---+----+------------+------------+
    |           Variable Name          | Operation| DSP| FF| LUT| Bitwidth P0| Bitwidth P1|
    +----------------------------------+----------+----+---+----+------------+------------+
    |ap_block_state14_on_subcall_done  |        or|   0|  0|   2|           1|           1|
    |ap_block_state2_on_subcall_done   |        or|   0|  0|   2|           1|           1|
    +----------------------------------+----------+----+---+----+------------+------------+
    |Total                             |          |   0|  0|   4|           2|           2|
    +----------------------------------+----------+----+---+----+------------+------------+

    * Multiplexer: 
    +-----------------------------+-----+-----------+-----+-----------+
    |             Name            | LUT | Input Size| Bits| Total Bits|
    +-----------------------------+-----+-----------+-----+-----------+
    |ap_NS_fsm                    |  137|         29|    1|         29|
    |b_address0                   |   13|          3|   11|         33|
    |b_ce0                        |   13|          3|    1|          3|
    |b_tmp_address0               |   13|          3|   11|         33|
    |b_tmp_ce0                    |   13|          3|    1|          3|
    |b_tmp_ce1                    |    9|          2|    1|          2|
    |b_tmp_ce10                   |    9|          2|    1|          2|
    |b_tmp_ce11                   |    9|          2|    1|          2|
    |b_tmp_ce12                   |    9|          2|    1|          2|
    |b_tmp_ce2                    |    9|          2|    1|          2|
    |b_tmp_ce3                    |    9|          2|    1|          2|
    |b_tmp_ce4                    |    9|          2|    1|          2|
    |b_tmp_ce5                    |    9|          2|    1|          2|
    |b_tmp_ce6                    |    9|          2|    1|          2|
    |b_tmp_ce7                    |    9|          2|    1|          2|
    |b_tmp_ce8                    |    9|          2|    1|          2|
    |b_tmp_ce9                    |    9|          2|    1|          2|
    |b_tmp_we0                    |    9|          2|    1|          2|
    |b_we0                        |    9|          2|    1|          2|
    |current_in_1_address0        |    9|          2|    4|          8|
    |current_in_1_address0_local  |   29|          7|    4|         28|
    |current_in_1_address1_local  |   29|          7|    4|         28|
    |current_in_1_ce0             |    9|          2|    1|          2|
    |current_in_1_d0_local        |   29|          7|   32|        224|
    |current_in_1_d1_local        |   29|          7|   32|        224|
    |current_state_vec_address0   |   13|          3|    4|         12|
    |current_state_vec_ce0        |   13|          3|    1|          3|
    |current_state_vec_we0        |    9|          2|    1|          2|
    |grp_fu_1713_ce               |   21|          5|    1|          5|
    |grp_fu_1713_opcode           |   21|          5|    2|         10|
    |grp_fu_1713_p0               |   21|          5|   32|        160|
    |grp_fu_1713_p1               |   21|          5|   32|        160|
    |grp_fu_1717_ce               |   21|          5|    1|          5|
    |grp_fu_1717_p0               |   21|          5|   32|        160|
    |grp_fu_1717_p1               |   21|          5|   32|        160|
    |grp_fu_1721_ce               |   21|          5|    1|          5|
    |grp_fu_1721_p0               |   21|          5|   32|        160|
    |grp_fu_1721_p1               |   21|          5|   32|        160|
    |grp_fu_1725_ce               |   13|          3|    1|          3|
    |grp_fu_1725_p0               |   13|          3|   32|         96|
    |grp_fu_1725_p1               |   13|          3|   32|         96|
    |grp_fu_1729_ce               |   13|          3|    1|          3|
    |grp_fu_1729_opcode           |   13|          3|    2|          6|
    |grp_fu_1729_p0               |   13|          3|   32|         96|
    |grp_fu_1729_p1               |   13|          3|   32|         96|
    |grp_fu_1733_ce               |   13|          3|    1|          3|
    |grp_fu_1733_p0               |   13|          3|   32|         96|
    |grp_fu_1733_p1               |   13|          3|   32|         96|
    |tmp_address0                 |   13|          3|   11|         33|
    |tmp_ce0                      |   13|          3|    1|          3|
    |tmp_we0                      |    9|          2|    1|          2|
    |window_1_address0            |    9|          2|    5|         10|
    |window_1_address0_local      |   45|         11|    5|         55|
    |window_1_address1_local      |   45|         11|    5|         55|
    |window_1_ce0                 |    9|          2|    1|          2|
    |window_1_we0                 |    9|          2|    1|          2|
    |window_address0              |    9|          2|    5|         10|
    |window_address0_local        |   45|         11|    5|         55|
    |window_address1_local        |   45|         11|    5|         55|
    |window_ce0                   |    9|          2|    1|          2|
    |window_we0                   |    9|          2|    1|          2|
    |x_address0                   |   13|          3|   11|         33|
    |x_address0_local             |   13|          3|   11|         33|
    |x_address1                   |    9|          2|   11|         22|
    |x_address1_local             |   13|          3|   11|         33|
    |x_ce0                        |   13|          3|    1|          3|
    |x_ce1                        |    9|          2|    1|          2|
    |x_we0                        |    9|          2|    1|          2|
    +-----------------------------+-----+-----------+-----+-----------+
    |Total                        | 1172|        271|  610|       2650|
    +-----------------------------+-----+-----------+-----+-----------+

    * Register: 
    +---------------------------------------------------------------------+----+----+-----+-----------+
    |                                 Name                                | FF | LUT| Bits| Const Bits|
    +---------------------------------------------------------------------+----+----+-----+-----------+
    |ap_CS_fsm                                                            |  28|   0|   28|          0|
    |grp_ADMM_solver_Pipeline_2_fu_787_ap_start_reg                       |   1|   0|    1|          0|
    |grp_ADMM_solver_Pipeline_ADMM_IT_ZY_UPDATE_LOOP_fu_947_ap_start_reg  |   1|   0|    1|          0|
    |grp_ADMM_solver_Pipeline_AT_MUL_EXTERN_LOOP_fu_993_ap_start_reg      |   1|   0|    1|          0|
    |grp_ADMM_solver_Pipeline_BACK_SUBST_EXTERN_LOOP_fu_876_ap_start_reg  |   1|   0|    1|          0|
    |grp_ADMM_solver_Pipeline_FORW_SUBST_EXTERN_LOOP_fu_805_ap_start_reg  |   1|   0|    1|          0|
    |grp_ADMM_solver_Pipeline_INIT_WINDOW_fu_793_ap_start_reg             |   1|   0|    1|          0|
    |grp_ADMM_solver_Pipeline_VITIS_LOOP_137_1_fu_799_ap_start_reg        |   1|   0|    1|          0|
    |tmp_10_reg_1288                                                      |  32|   0|   32|          0|
    |tmp_2_reg_1243                                                       |  32|   0|   32|          0|
    |tmp_3_reg_1248                                                       |  32|   0|   32|          0|
    |tmp_4_reg_1253                                                       |  32|   0|   32|          0|
    |tmp_5_reg_1258                                                       |  32|   0|   32|          0|
    |tmp_6_reg_1263                                                       |  32|   0|   32|          0|
    |tmp_7_reg_1268                                                       |  32|   0|   32|          0|
    |tmp_8_reg_1273                                                       |  32|   0|   32|          0|
    |tmp_9_reg_1278                                                       |  32|   0|   32|          0|
    |tmp_s_reg_1283                                                       |  32|   0|   32|          0|
    |window_1_load_10_reg_1483                                            |  32|   0|   32|          0|
    |window_1_load_11_reg_1488                                            |  32|   0|   32|          0|
    |window_1_load_12_reg_1523                                            |  32|   0|   32|          0|
    |window_1_load_13_reg_1528                                            |  32|   0|   32|          0|
    |window_1_load_14_reg_1563                                            |  32|   0|   32|          0|
    |window_1_load_15_reg_1568                                            |  32|   0|   32|          0|
    |window_1_load_16_reg_1603                                            |  32|   0|   32|          0|
    |window_1_load_17_reg_1608                                            |  32|   0|   32|          0|
    |window_1_load_18_reg_1633                                            |  32|   0|   32|          0|
    |window_1_load_19_reg_1638                                            |  32|   0|   32|          0|
    |window_1_load_1_reg_1318                                             |  32|   0|   32|          0|
    |window_1_load_2_reg_1333                                             |  32|   0|   32|          0|
    |window_1_load_3_reg_1338                                             |  32|   0|   32|          0|
    |window_1_load_4_reg_1363                                             |  32|   0|   32|          0|
    |window_1_load_5_reg_1368                                             |  32|   0|   32|          0|
    |window_1_load_6_reg_1403                                             |  32|   0|   32|          0|
    |window_1_load_7_reg_1408                                             |  32|   0|   32|          0|
    |window_1_load_8_reg_1443                                             |  32|   0|   32|          0|
    |window_1_load_9_reg_1448                                             |  32|   0|   32|          0|
    |window_1_load_reg_1313                                               |  32|   0|   32|          0|
    |window_load_10_reg_1583                                              |  32|   0|   32|          0|
    |window_load_11_reg_1588                                              |  32|   0|   32|          0|
    |window_load_12_reg_1623                                              |  32|   0|   32|          0|
    |window_load_13_reg_1628                                              |  32|   0|   32|          0|
    |window_load_14_reg_1653                                              |  32|   0|   32|          0|
    |window_load_15_reg_1658                                              |  32|   0|   32|          0|
    |window_load_16_reg_1673                                              |  32|   0|   32|          0|
    |window_load_17_reg_1678                                              |  32|   0|   32|          0|
    |window_load_18_reg_1683                                              |  32|   0|   32|          0|
    |window_load_19_reg_1688                                              |  32|   0|   32|          0|
    |window_load_1_reg_1388                                               |  32|   0|   32|          0|
    |window_load_2_reg_1423                                               |  32|   0|   32|          0|
    |window_load_3_reg_1428                                               |  32|   0|   32|          0|
    |window_load_4_reg_1463                                               |  32|   0|   32|          0|
    |window_load_5_reg_1468                                               |  32|   0|   32|          0|
    |window_load_6_reg_1503                                               |  32|   0|   32|          0|
    |window_load_7_reg_1508                                               |  32|   0|   32|          0|
    |window_load_8_reg_1543                                               |  32|   0|   32|          0|
    |window_load_9_reg_1548                                               |  32|   0|   32|          0|
    |window_load_reg_1383                                                 |  32|   0|   32|          0|
    |x_load_10_reg_1703                                                   |  32|   0|   32|          0|
    |x_load_11_reg_1708                                                   |  32|   0|   32|          0|
    |x_load_9_reg_1698                                                    |  32|   0|   32|          0|
    |x_load_reg_1693                                                      |  32|   0|   32|          0|
    +---------------------------------------------------------------------+----+----+-----+-----------+
    |Total                                                                |1763|   0| 1763|          0|
    +---------------------------------------------------------------------+----+----+-----+-----------+



================================================================
== Interface
================================================================
* Summary: 
+--------------------+-----+-----+------------+--------------+--------------+
|      RTL Ports     | Dir | Bits|  Protocol  | Source Object|    C Type    |
+--------------------+-----+-----+------------+--------------+--------------+
|ap_clk              |   in|    1|  ap_ctrl_hs|   ADMM_solver|  return value|
|ap_rst              |   in|    1|  ap_ctrl_hs|   ADMM_solver|  return value|
|ap_start            |   in|    1|  ap_ctrl_hs|   ADMM_solver|  return value|
|ap_done             |  out|    1|  ap_ctrl_hs|   ADMM_solver|  return value|
|ap_idle             |  out|    1|  ap_ctrl_hs|   ADMM_solver|  return value|
|ap_ready            |  out|    1|  ap_ctrl_hs|   ADMM_solver|  return value|
|current_in          |   in|  384|     ap_none|    current_in|        scalar|
|command_out         |  out|  128|      ap_vld|   command_out|       pointer|
|command_out_ap_vld  |  out|    1|      ap_vld|   command_out|       pointer|
+--------------------+-----+-----+------------+--------------+--------------+

