Copyright 1986-2022 Xilinx, Inc. All Rights Reserved. Copyright 2022-2025 Advanced Micro Devices, Inc. All Rights Reserved.
---------------------------------------------------------------------------------------------------------------------------------------------
| Tool Version : Vivado v.2025.2 (lin64) Build 6299465 Fri Nov 14 12:34:56 MST 2025
| Date         : Sun Mar  1 00:33:46 2026
| Host         : A2R-lab2 running 64-bit Ubuntu 24.04.4 LTS
| Command      : report_timing_summary -file /home/agrillo/ADMM_FPGA/build/reports/post_place_timing.rpt
| Design       : top_spi
| Device       : 7a100t-csg324
| Speed File   : -1  PRODUCTION 1.23 2018-06-13
| Design State : Fully Placed
---------------------------------------------------------------------------------------------------------------------------------------------

Timing Summary Report

------------------------------------------------------------------------------------------------
| Timer Settings
| --------------
------------------------------------------------------------------------------------------------

  Enable Multi Corner Analysis               :  Yes
  Enable Pessimism Removal                   :  Yes
  Pessimism Removal Resolution               :  Nearest Common Node
  Enable Input Delay Default Clock           :  No
  Enable Preset / Clear Arcs                 :  No
  Disable Flight Delays                      :  No
  Ignore I/O Paths                           :  No
  Timing Early Launch at Borrowing Latches   :  No
  Borrow Time for Max Delay Exceptions       :  Yes
  Merge Timing Exceptions                    :  Yes
  Inter-SLR Compensation                     :  Conservative

  Corner  Analyze    Analyze    
  Name    Max Paths  Min Paths  
  ------  ---------  ---------  
  Slow    Yes        Yes        
  Fast    Yes        Yes        


------------------------------------------------------------------------------------------------
| Report Methodology
| ------------------
------------------------------------------------------------------------------------------------

No report available as report_methodology has not been run prior. Run report_methodology on the current design for the summary of methodology violations.



check_timing report

Table of Contents
-----------------
1. checking no_clock (0)
2. checking constant_clock (0)
3. checking pulse_width_clock (0)
4. checking unconstrained_internal_endpoints (0)
5. checking no_input_delay (1)
6. checking no_output_delay (3)
7. checking multiple_clock (0)
8. checking generated_clocks (0)
9. checking loops (0)
10. checking partial_input_delay (0)
11. checking partial_output_delay (0)
12. checking latch_loops (0)

1. checking no_clock (0)
------------------------
 There are 0 register/latch pins with no clock.


2. checking constant_clock (0)
------------------------------
 There are 0 register/latch pins with constant_clock.


3. checking pulse_width_clock (0)
---------------------------------
 There are 0 register/latch pins which need pulse_width check


4. checking unconstrained_internal_endpoints (0)
------------------------------------------------
 There are 0 pins that are not constrained for maximum delay.

 There are 0 pins that are not constrained for maximum delay due to constant clock.


5. checking no_input_delay (1)
------------------------------
 There is 1 input port with no input delay specified. (HIGH)

 There are 0 input ports with no input delay but user has a false path constraint.


6. checking no_output_delay (3)
-------------------------------
 There are 3 ports with no output delay specified. (HIGH)

 There are 0 ports with no output delay but user has a false path constraint

 There are 0 ports with no output delay but with a timing clock defined on it or propagating through it


7. checking multiple_clock (0)
------------------------------
 There are 0 register/latch pins with multiple clocks.


8. checking generated_clocks (0)
--------------------------------
 There are 0 generated clocks that are not connected to a clock source.


9. checking loops (0)
---------------------
 There are 0 combinational loops in the design.


10. checking partial_input_delay (0)
------------------------------------
 There are 0 input ports with partial input delay specified.


11. checking partial_output_delay (0)
-------------------------------------
 There are 0 ports with partial output delay specified.


12. checking latch_loops (0)
----------------------------
 There are 0 combinational latch loops in the design through latch input



------------------------------------------------------------------------------------------------
| Design Timing Summary
| ---------------------
------------------------------------------------------------------------------------------------

    WNS(ns)      TNS(ns)  TNS Failing Endpoints  TNS Total Endpoints      WHS(ns)      THS(ns)  THS Failing Endpoints  THS Total Endpoints     WPWS(ns)     TPWS(ns)  TPWS Failing Endpoints  TPWS Total Endpoints  
    -------      -------  ---------------------  -------------------      -------      -------  ---------------------  -------------------     --------     --------  ----------------------  --------------------  
      0.508        0.000                      0                55923       -0.118       -1.796                     43                55923        3.750        0.000                       0                 20670  


Timing constraints are not met.


------------------------------------------------------------------------------------------------
| Clock Summary
| -------------
------------------------------------------------------------------------------------------------

Clock    Waveform(ns)         Period(ns)      Frequency(MHz)
-----    ------------         ----------      --------------
spi_sck  {0.000 50.000}       100.000         10.000          
sys_clk  {0.000 5.000}        10.000          100.000         


------------------------------------------------------------------------------------------------
| Intra Clock Table
| -----------------
------------------------------------------------------------------------------------------------

Clock             WNS(ns)      TNS(ns)  TNS Failing Endpoints  TNS Total Endpoints      WHS(ns)      THS(ns)  THS Failing Endpoints  THS Total Endpoints     WPWS(ns)     TPWS(ns)  TPWS Failing Endpoints  TPWS Total Endpoints  
-----             -------      -------  ---------------------  -------------------      -------      -------  ---------------------  -------------------     --------     --------  ----------------------  --------------------  
sys_clk             0.508        0.000                      0                55923       -0.118       -1.796                     43                55923        3.750        0.000                       0                 20670  


------------------------------------------------------------------------------------------------
| Inter Clock Table
| -----------------
------------------------------------------------------------------------------------------------

From Clock    To Clock          WNS(ns)      TNS(ns)  TNS Failing Endpoints  TNS Total Endpoints      WHS(ns)      THS(ns)  THS Failing Endpoints  THS Total Endpoints  
----------    --------          -------      -------  ---------------------  -------------------      -------      -------  ---------------------  -------------------  


------------------------------------------------------------------------------------------------
| Other Path Groups Table
| -----------------------
------------------------------------------------------------------------------------------------

Path Group    From Clock    To Clock          WNS(ns)      TNS(ns)  TNS Failing Endpoints  TNS Total Endpoints      WHS(ns)      THS(ns)  THS Failing Endpoints  THS Total Endpoints  
----------    ----------    --------          -------      -------  ---------------------  -------------------      -------      -------  ---------------------  -------------------  


------------------------------------------------------------------------------------------------
| Timing Details
| --------------
------------------------------------------------------------------------------------------------


---------------------------------------------------------------------------------------------------
From Clock:  sys_clk
  To Clock:  sys_clk

Setup :            0  Failing Endpoints,  Worst Slack        0.508ns,  Total Violation        0.000ns
Hold  :           43  Failing Endpoints,  Worst Slack       -0.118ns,  Total Violation       -1.796ns
PW    :            0  Failing Endpoints,  Worst Slack        3.750ns,  Total Violation        0.000ns
---------------------------------------------------------------------------------------------------


Max Delay Paths
--------------------------------------------------------------------------------------
Slack (MET) :             0.508ns  (required time - arrival time)
  Source:                 dut/grp_ADMM_solver_Pipeline_ADMM_IT_ZY_UPDATE_LOOP_fu_883/A_sparse_indexes_U/q0_reg_0/CLKBWRCLK
                            (rising edge-triggered cell RAMB36E1 clocked by sys_clk  {rise@0.000ns fall@5.000ns period=10.000ns})
  Destination:            dut/x_U/q0_reg[3]/D
                            (rising edge-triggered cell FDRE clocked by sys_clk  {rise@0.000ns fall@5.000ns period=10.000ns})
  Path Group:             sys_clk
  Path Type:              Setup (Max at Slow Process Corner)
  Requirement:            10.000ns  (sys_clk rise@10.000ns - sys_clk rise@0.000ns)
  Data Path Delay:        9.400ns  (logic 3.717ns (39.543%)  route 5.683ns (60.457%))
  Logic Levels:           6  (LUT5=2 LUT6=2 MUXF7=1 RAMD64E=1)
  Clock Path Skew:        -0.087ns (DCD - SCD + CPR)
    Destination Clock Delay (DCD):    4.928ns = ( 14.928 - 10.000 ) 
    Source Clock Delay      (SCD):    5.272ns
    Clock Pessimism Removal (CPR):    0.256ns
  Clock Uncertainty:      0.035ns  ((TSJ^2 + TIJ^2)^1/2 + DJ) / 2 + PE
    Total System Jitter     (TSJ):    0.071ns
    Total Input Jitter      (TIJ):    0.000ns
    Discrete Jitter          (DJ):    0.000ns
    Phase Error              (PE):    0.000ns

    Location             Delay type                Incr(ns)  Path(ns)    Netlist Resource(s)
  -------------------------------------------------------------------    -------------------
                         (clock sys_clk rise edge)    0.000     0.000 r  
    P17                                               0.000     0.000 r  clk (IN)
                         net (fo=0)                   0.000     0.000    clk
    P17                  IBUF (Prop_ibuf_I_O)         1.488     1.488 r  clk_IBUF_inst/O
                         net (fo=1, estimated)        2.016     3.504    clk_IBUF
    BUFGCTRL_X0Y0        BUFG (Prop_bufg_I_O)         0.096     3.600 r  clk_IBUF_BUFG_inst/O
                         net (fo=20727, estimated)    1.672     5.272    dut/grp_ADMM_solver_Pipeline_ADMM_IT_ZY_UPDATE_LOOP_fu_883/A_sparse_indexes_U/clk_IBUF_BUFG
    RAMB36_X0Y21         RAMB36E1                                     r  dut/grp_ADMM_solver_Pipeline_ADMM_IT_ZY_UPDATE_LOOP_fu_883/A_sparse_indexes_U/q0_reg_0/CLKBWRCLK
  -------------------------------------------------------------------    -------------------
    RAMB36_X0Y21         RAMB36E1 (Prop_ramb36e1_CLKBWRCLK_DOBDO[1])
                                                      2.454     7.726 r  dut/grp_ADMM_solver_Pipeline_ADMM_IT_ZY_UPDATE_LOOP_fu_883/A_sparse_indexes_U/q0_reg_0/DOBDO[1]
                         net (fo=8, estimated)        1.279     9.005    dut/grp_ADMM_solver_Pipeline_ADMM_IT_ZY_UPDATE_LOOP_fu_883/A_sparse_indexes_U/q1_reg[1]
    SLICE_X7Y108         LUT6 (Prop_lut6_I5_O)        0.124     9.129 r  dut/grp_ADMM_solver_Pipeline_ADMM_IT_ZY_UPDATE_LOOP_fu_883/A_sparse_indexes_U/ram_reg_0_127_0_0_i_22/O
                         net (fo=7, estimated)        0.968    10.097    dut/grp_ADMM_solver_Pipeline_ADMM_IT_ZY_UPDATE_LOOP_fu_883/A_sparse_indexes_U/grp_ADMM_solver_Pipeline_ADMM_IT_ZY_UPDATE_LOOP_fu_883_x_address0[1]
    SLICE_X9Y113         LUT5 (Prop_lut5_I2_O)        0.150    10.247 r  dut/grp_ADMM_solver_Pipeline_ADMM_IT_ZY_UPDATE_LOOP_fu_883/A_sparse_indexes_U/ram_reg_0_127_0_0_i_7/O
                         net (fo=270, estimated)      1.545    11.792    dut/x_U/ram_reg_768_895_3_3/A1
    SLICE_X14Y128        RAMD64E (Prop_ramd64e_RADR1_O)
                                                      0.326    12.118 r  dut/x_U/ram_reg_768_895_3_3/SP.LOW/O
                         net (fo=1, routed)           0.000    12.118    dut/x_U/ram_reg_768_895_3_3/SPO0
    SLICE_X14Y128        MUXF7 (Prop_muxf7_I0_O)      0.241    12.359 r  dut/x_U/ram_reg_768_895_3_3/F7.SP/O
                         net (fo=1, estimated)        0.920    13.279    dut/x_U/ram_reg_768_895_3_3_n_5
    SLICE_X15Y121        LUT6 (Prop_lut6_I1_O)        0.298    13.577 r  dut/x_U/q0[3]_i_3__0/O
                         net (fo=1, estimated)        0.971    14.548    dut/grp_ADMM_solver_Pipeline_ADMM_IT_ZY_UPDATE_LOOP_fu_883/A_sparse_indexes_U/q0_reg_3_sn_1
    SLICE_X15Y109        LUT5 (Prop_lut5_I2_O)        0.124    14.672 r  dut/grp_ADMM_solver_Pipeline_ADMM_IT_ZY_UPDATE_LOOP_fu_883/A_sparse_indexes_U/q0[3]_i_1__3/O
                         net (fo=1, routed)           0.000    14.672    dut/x_U/D[3]
    SLICE_X15Y109        FDRE                                         r  dut/x_U/q0_reg[3]/D
  -------------------------------------------------------------------    -------------------

                         (clock sys_clk rise edge)   10.000    10.000 r  
    P17                                               0.000    10.000 r  clk (IN)
                         net (fo=0)                   0.000    10.000    clk
    P17                  IBUF (Prop_ibuf_I_O)         1.417    11.417 r  clk_IBUF_inst/O
                         net (fo=1, estimated)        1.915    13.332    clk_IBUF
    BUFGCTRL_X0Y0        BUFG (Prop_bufg_I_O)         0.091    13.423 r  clk_IBUF_BUFG_inst/O
                         net (fo=20727, estimated)    1.505    14.928    dut/x_U/clk_IBUF_BUFG
    SLICE_X15Y109        FDRE                                         r  dut/x_U/q0_reg[3]/C
                         clock pessimism              0.256    15.185    
                         clock uncertainty           -0.035    15.150    
    SLICE_X15Y109        FDRE (Setup_fdre_C_D)        0.031    15.181    dut/x_U/q0_reg[3]
  -------------------------------------------------------------------
                         required time                         15.181    
                         arrival time                         -14.672    
  -------------------------------------------------------------------
                         slack                                  0.508    





Min Delay Paths
--------------------------------------------------------------------------------------
Slack (VIOLATED) :        -0.118ns  (arrival time - required time)
  Source:                 current_in_reg_reg[236]/C
                            (rising edge-triggered cell FDRE clocked by sys_clk  {rise@0.000ns fall@5.000ns period=10.000ns})
  Destination:            dut/tmp_7_reg_1196_reg[12]/D
                            (rising edge-triggered cell FDRE clocked by sys_clk  {rise@0.000ns fall@5.000ns period=10.000ns})
  Path Group:             sys_clk
  Path Type:              Hold (Min at Fast Process Corner)
  Requirement:            0.000ns  (sys_clk rise@0.000ns - sys_clk rise@0.000ns)
  Data Path Delay:        0.282ns  (logic 0.141ns (49.963%)  route 0.141ns (50.037%))
  Logic Levels:           0  
  Clock Path Skew:        0.336ns (DCD - SCD - CPR)
    Destination Clock Delay (DCD):    2.276ns
    Source Clock Delay      (SCD):    1.699ns
    Clock Pessimism Removal (CPR):    0.241ns

    Location             Delay type                Incr(ns)  Path(ns)    Netlist Resource(s)
  -------------------------------------------------------------------    -------------------
                         (clock sys_clk rise edge)    0.000     0.000 r  
    P17                                               0.000     0.000 r  clk (IN)
                         net (fo=0)                   0.000     0.000    clk
    P17                  IBUF (Prop_ibuf_I_O)         0.256     0.256 r  clk_IBUF_inst/O
                         net (fo=1, estimated)        0.850     1.105    clk_IBUF
    BUFGCTRL_X0Y0        BUFG (Prop_bufg_I_O)         0.026     1.131 r  clk_IBUF_BUFG_inst/O
                         net (fo=20727, estimated)    0.568     1.699    clk_IBUF_BUFG
    SLICE_X41Y50         FDRE                                         r  current_in_reg_reg[236]/C
  -------------------------------------------------------------------    -------------------
    SLICE_X41Y50         FDRE (Prop_fdre_C_Q)         0.141     1.840 r  current_in_reg_reg[236]/Q
                         net (fo=1, estimated)        0.141     1.982    dut/tmp_10_reg_1216_reg[31]_0[236]
    SLICE_X42Y49         FDRE                                         r  dut/tmp_7_reg_1196_reg[12]/D
  -------------------------------------------------------------------    -------------------

                         (clock sys_clk rise edge)    0.000     0.000 r  
    P17                                               0.000     0.000 r  clk (IN)
                         net (fo=0)                   0.000     0.000    clk
    P17                  IBUF (Prop_ibuf_I_O)         0.444     0.444 r  clk_IBUF_inst/O
                         net (fo=1, estimated)        0.895     1.338    clk_IBUF
    BUFGCTRL_X0Y0        BUFG (Prop_bufg_I_O)         0.029     1.367 r  clk_IBUF_BUFG_inst/O
                         net (fo=20727, estimated)    0.909     2.276    dut/clk_IBUF_BUFG
    SLICE_X42Y49         FDRE                                         r  dut/tmp_7_reg_1196_reg[12]/C
                         clock pessimism             -0.241     2.035    
    SLICE_X42Y49         FDRE (Hold_fdre_C_D)         0.064     2.099    dut/tmp_7_reg_1196_reg[12]
  -------------------------------------------------------------------
                         required time                         -2.099    
                         arrival time                           1.982    
  -------------------------------------------------------------------
                         slack                                 -0.118    





Pulse Width Checks
--------------------------------------------------------------------------------------
Clock Name:         sys_clk
Waveform(ns):       { 0.000 5.000 }
Period(ns):         10.000
Sources:            { clk }

Check Type        Corner  Lib Pin      Reference Pin  Required(ns)  Actual(ns)  Slack(ns)  Location      Pin
Min Period        n/a     DSP48E1/CLK  n/a            3.884         10.000      6.116      DSP48_X0Y10   top_spi/ADMM_solver/ADMM_solver_ADMM_solver_Pipeline_ADMM_IT_ZY_UPDATE_LOOP/ADMM_solver_dmul_64ns_64ns_64_7_max_dsp_1/ADMM_solver_dmul_64ns_64ns_64_7_max_dsp_1_ip/<hidden>/<hidden>/<hidden>/<hidden>/<hidden>/<hidden>
Low Pulse Width   Slow    RAMS32/CLK   n/a            1.250         5.000       3.750      SLICE_X42Y51  dut/current_state_vec_U/ram_reg_0_15_0_0/SP/CLK
High Pulse Width  Slow    RAMS32/CLK   n/a            1.250         5.000       3.750      SLICE_X42Y51  dut/current_state_vec_U/ram_reg_0_15_0_0/SP/CLK



