

================================================================
== Synthesis Summary Report of 'forward_substitution'
================================================================
+ General Information: 
    * Date:           Thu Dec 11 08:32:21 2025
    * Version:        2025.2 (Build 6295257 on Nov 14 2025)
    * Project:        forward_subst
    * Solution:       hls (Vivado IP Flow Target)
    * Product family: artix7
    * Target device:  xc7a100ti-csg324-1L
    

* Performance & Resource Estimates: 
+------------------------+------+---------------+----------+---------+------+----------+---------+---------+------+------+--------+-----------+-----------+-----+
|         Modules        | Issue|               | Iteration|         | Trip |          |      Latency      |      |      |        |           |           |     |
|         & Loops        | Type | Violation Type|  Latency | Interval| Count| Pipelined| (cycles)|   (ns)  | Slack| BRAM |   DSP  |     FF    |    LUT    | URAM|
+------------------------+------+---------------+----------+---------+------+----------+---------+---------+------+------+--------+-----------+-----------+-----+
|+ forward_substitution  |     -|              -|         -|       90|     -|    rewind|       91|  910.000|  0.44|     -|  4 (1%)|  690 (~0%)|  344 (~0%)|    -|
| o VITIS_LOOP_12_1      |     -|              -|         9|        9|    10|       yes|       89|  890.000|  7.30|     -|       -|          -|          -|    -|
+------------------------+------+---------------+----------+---------+------+----------+---------+---------+------+------+--------+-----------+-----------+-----+
    Name Prefix: '+' for module, 'o' for loop, '*' for dataflow


================================================================
== HW Interfaces
================================================================
* AP_MEMORY
+------------+-----------+----------+
| Port       | Direction | Bitwidth |
+------------+-----------+----------+
| b_address0 | out       | 4        |
| b_q0       | in        | 32       |
| x_address0 | out       | 4        |
| x_d0       | out       | 32       |
+------------+-----------+----------+

* TOP LEVEL CONTROL
+-----------+------------+-----------------------------------+
| Interface | Type       | Ports                             |
+-----------+------------+-----------------------------------+
| ap_clk    | clock      | ap_clk                            |
| ap_rst    | reset      | ap_rst                            |
| ap_ctrl   | ap_ctrl_hs | ap_done ap_idle ap_ready ap_start |
+-----------+------------+-----------------------------------+


================================================================
== SW I/O Information
================================================================
* Top Function Arguments
+----------+-----------+---------------------------------------------------------+
| Argument | Direction | Datatype                                                |
+----------+-----------+---------------------------------------------------------+
| b        | in        | ap_fixed<32, 16, (ap_q_mode)5, (ap_o_mode)3, 0> const * |
| x        | out       | ap_fixed<32, 16, (ap_q_mode)5, (ap_o_mode)3, 0>*        |
+----------+-----------+---------------------------------------------------------+

* SW-to-HW Mapping
+----------+--------------+---------+----------+
| Argument | HW Interface | HW Type | HW Usage |
+----------+--------------+---------+----------+
| b        | b_address0   | port    | offset   |
| b        | b_ce0        | port    |          |
| b        | b_q0         | port    |          |
| x        | x_address0   | port    | offset   |
| x        | x_ce0        | port    |          |
| x        | x_we0        | port    |          |
| x        | x_d0         | port    |          |
+----------+--------------+---------+----------+


================================================================
== Bind Op Report
================================================================
+--------------------------+-----+--------+------------+-------+--------+---------+
| Name                     | DSP | Pragma | Variable   | Op    | Impl   | Latency |
+--------------------------+-----+--------+------------+-------+--------+---------+
| + forward_substitution   | 4   |        |            |       |        |         |
|   mul_16s_32s_48_2_1_U1  | 2   |        | mul_ln20   | mul   | auto   | 1       |
|   mul_16s_32s_48_2_1_U1  | 2   |        | mul_ln20_1 | mul   | auto   | 1       |
|   add_ln20_fu_232_p2     |     |        | add_ln20   | add   | fabric | 0       |
|   sub_ln23_fu_254_p2     |     |        | sub_ln23   | sub   | fabric | 0       |
|   mul_33s_16ns_48_2_1_U2 | 2   |        | mul_ln23   | mul   | auto   | 1       |
|   i_3_fu_169_p2          |     |        | i_3        | add   | fabric | 0       |
|   icmp_ln12_fu_175_p2    |     |        | icmp_ln12  | seteq | auto   | 0       |
+--------------------------+-----+--------+------------+-------+--------+---------+


================================================================
== Storage Report
================================================================
+------------------------+--------+------+------+------+--------+--------------+------+---------+------------------+
| Name                   | Usage  | Type | BRAM | URAM | Pragma | Variable     | Impl | Latency | Bitwidth, Depth, |
|                        |        |      |      |      |        |              |      |         | Banks            |
+------------------------+--------+------+------+------+--------+--------------+------+---------+------------------+
| + forward_substitution |        |      | 0    | 0    |        |              |      |         |                  |
|   p_ZL5L_row_0_U       | rom_1p |      |      |      |        | p_ZL5L_row_0 | auto | 1       | 16, 10, 1        |
|   p_ZL5L_row_1_U       | rom_1p |      |      |      |        | p_ZL5L_row_1 | auto | 1       | 16, 10, 1        |
|   p_ZL5L_row_2_U       | rom_1p |      |      |      |        | p_ZL5L_row_2 | auto | 1       | 16, 10, 1        |
+------------------------+--------+------+------+------+--------+--------------+------+---------+------------------+


================================================================
== Pragma Report
================================================================
* Valid Pragma Syntax
+----------+---------+------------------------------------------+
| Type     | Options | Location                                 |
+----------+---------+------------------------------------------+
| PIPELINE | ii=11   | in forward_substitution (forward.cpp:13) |
+----------+---------+------------------------------------------+


