Copyright 1986-2022 Xilinx, Inc. All Rights Reserved. Copyright 2022-2025 Advanced Micro Devices, Inc. All Rights Reserved.
---------------------------------------------------------------------------------------------------------------------------------------------
| Tool Version : Vivado v.2025.2 (lin64) Build 6299465 Fri Nov 14 12:34:56 MST 2025
| Date         : Sun Mar  1 00:22:29 2026
| Host         : A2R-lab2 running 64-bit Ubuntu 24.04.4 LTS
| Command      : report_timing_summary -file /home/agrillo/ADMM_FPGA/build/reports/post_place_timing.rpt
| Design       : top_spi
| Device       : 7a100t-csg324
| Speed File   : -1  PRODUCTION 1.23 2018-06-13
| Design State : Fully Placed
---------------------------------------------------------------------------------------------------------------------------------------------

Timing Summary Report

------------------------------------------------------------------------------------------------
| Timer Settings
| --------------
------------------------------------------------------------------------------------------------

  Enable Multi Corner Analysis               :  Yes
  Enable Pessimism Removal                   :  Yes
  Pessimism Removal Resolution               :  Nearest Common Node
  Enable Input Delay Default Clock           :  No
  Enable Preset / Clear Arcs                 :  No
  Disable Flight Delays                      :  No
  Ignore I/O Paths                           :  No
  Timing Early Launch at Borrowing Latches   :  No
  Borrow Time for Max Delay Exceptions       :  Yes
  Merge Timing Exceptions                    :  Yes
  Inter-SLR Compensation                     :  Conservative

  Corner  Analyze    Analyze    
  Name    Max Paths  Min Paths  
  ------  ---------  ---------  
  Slow    Yes        Yes        
  Fast    Yes        Yes        


------------------------------------------------------------------------------------------------
| Report Methodology
| ------------------
------------------------------------------------------------------------------------------------

No report available as report_methodology has not been run prior. Run report_methodology on the current design for the summary of methodology violations.



check_timing report

Table of Contents
-----------------
1. checking no_clock (0)
2. checking constant_clock (0)
3. checking pulse_width_clock (0)
4. checking unconstrained_internal_endpoints (0)
5. checking no_input_delay (1)
6. checking no_output_delay (3)
7. checking multiple_clock (0)
8. checking generated_clocks (0)
9. checking loops (0)
10. checking partial_input_delay (0)
11. checking partial_output_delay (0)
12. checking latch_loops (0)

1. checking no_clock (0)
------------------------
 There are 0 register/latch pins with no clock.


2. checking constant_clock (0)
------------------------------
 There are 0 register/latch pins with constant_clock.


3. checking pulse_width_clock (0)
---------------------------------
 There are 0 register/latch pins which need pulse_width check


4. checking unconstrained_internal_endpoints (0)
------------------------------------------------
 There are 0 pins that are not constrained for maximum delay.

 There are 0 pins that are not constrained for maximum delay due to constant clock.


5. checking no_input_delay (1)
------------------------------
 There is 1 input port with no input delay specified. (HIGH)

 There are 0 input ports with no input delay but user has a false path constraint.


6. checking no_output_delay (3)
-------------------------------
 There are 3 ports with no output delay specified. (HIGH)

 There are 0 ports with no output delay but user has a false path constraint

 There are 0 ports with no output delay but with a timing clock defined on it or propagating through it


7. checking multiple_clock (0)
------------------------------
 There are 0 register/latch pins with multiple clocks.


8. checking generated_clocks (0)
--------------------------------
 There are 0 generated clocks that are not connected to a clock source.


9. checking loops (0)
---------------------
 There are 0 combinational loops in the design.


10. checking partial_input_delay (0)
------------------------------------
 There are 0 input ports with partial input delay specified.


11. checking partial_output_delay (0)
-------------------------------------
 There are 0 ports with partial output delay specified.


12. checking latch_loops (0)
----------------------------
 There are 0 combinational latch loops in the design through latch input



------------------------------------------------------------------------------------------------
| Design Timing Summary
| ---------------------
------------------------------------------------------------------------------------------------

    WNS(ns)      TNS(ns)  TNS Failing Endpoints  TNS Total Endpoints      WHS(ns)      THS(ns)  THS Failing Endpoints  THS Total Endpoints     WPWS(ns)     TPWS(ns)  TPWS Failing Endpoints  TPWS Total Endpoints  
    -------      -------  ---------------------  -------------------      -------      -------  ---------------------  -------------------     --------     --------  ----------------------  --------------------  
      0.514        0.000                      0                55913       -0.105       -2.829                     76                55913        3.750        0.000                       0                 20668  


Timing constraints are not met.


------------------------------------------------------------------------------------------------
| Clock Summary
| -------------
------------------------------------------------------------------------------------------------

Clock    Waveform(ns)         Period(ns)      Frequency(MHz)
-----    ------------         ----------      --------------
spi_sck  {0.000 50.000}       100.000         10.000          
sys_clk  {0.000 5.000}        10.000          100.000         


------------------------------------------------------------------------------------------------
| Intra Clock Table
| -----------------
------------------------------------------------------------------------------------------------

Clock             WNS(ns)      TNS(ns)  TNS Failing Endpoints  TNS Total Endpoints      WHS(ns)      THS(ns)  THS Failing Endpoints  THS Total Endpoints     WPWS(ns)     TPWS(ns)  TPWS Failing Endpoints  TPWS Total Endpoints  
-----             -------      -------  ---------------------  -------------------      -------      -------  ---------------------  -------------------     --------     --------  ----------------------  --------------------  
sys_clk             0.514        0.000                      0                55913       -0.105       -2.829                     76                55913        3.750        0.000                       0                 20668  


------------------------------------------------------------------------------------------------
| Inter Clock Table
| -----------------
------------------------------------------------------------------------------------------------

From Clock    To Clock          WNS(ns)      TNS(ns)  TNS Failing Endpoints  TNS Total Endpoints      WHS(ns)      THS(ns)  THS Failing Endpoints  THS Total Endpoints  
----------    --------          -------      -------  ---------------------  -------------------      -------      -------  ---------------------  -------------------  


------------------------------------------------------------------------------------------------
| Other Path Groups Table
| -----------------------
------------------------------------------------------------------------------------------------

Path Group    From Clock    To Clock          WNS(ns)      TNS(ns)  TNS Failing Endpoints  TNS Total Endpoints      WHS(ns)      THS(ns)  THS Failing Endpoints  THS Total Endpoints  
----------    ----------    --------          -------      -------  ---------------------  -------------------      -------      -------  ---------------------  -------------------  


------------------------------------------------------------------------------------------------
| Timing Details
| --------------
------------------------------------------------------------------------------------------------


---------------------------------------------------------------------------------------------------
From Clock:  sys_clk
  To Clock:  sys_clk

Setup :            0  Failing Endpoints,  Worst Slack        0.514ns,  Total Violation        0.000ns
Hold  :           76  Failing Endpoints,  Worst Slack       -0.105ns,  Total Violation       -2.829ns
PW    :            0  Failing Endpoints,  Worst Slack        3.750ns,  Total Violation        0.000ns
---------------------------------------------------------------------------------------------------


Max Delay Paths
--------------------------------------------------------------------------------------
Slack (MET) :             0.514ns  (required time - arrival time)
  Source:                 dut/grp_ADMM_solver_Pipeline_ADMM_IT_ZY_UPDATE_LOOP_fu_883/A_sparse_indexes_U/q0_reg_0/CLKARDCLK
                            (rising edge-triggered cell RAMB36E1 clocked by sys_clk  {rise@0.000ns fall@5.000ns period=10.000ns})
  Destination:            dut/x_U/q0_reg[20]/D
                            (rising edge-triggered cell FDRE clocked by sys_clk  {rise@0.000ns fall@5.000ns period=10.000ns})
  Path Group:             sys_clk
  Path Type:              Setup (Max at Slow Process Corner)
  Requirement:            10.000ns  (sys_clk rise@10.000ns - sys_clk rise@0.000ns)
  Data Path Delay:        9.324ns  (logic 3.706ns (39.747%)  route 5.618ns (60.253%))
  Logic Levels:           6  (LUT5=2 LUT6=2 MUXF7=1 RAMD64E=1)
  Clock Path Skew:        -0.155ns (DCD - SCD + CPR)
    Destination Clock Delay (DCD):    4.932ns = ( 14.932 - 10.000 ) 
    Source Clock Delay      (SCD):    5.271ns
    Clock Pessimism Removal (CPR):    0.183ns
  Clock Uncertainty:      0.035ns  ((TSJ^2 + TIJ^2)^1/2 + DJ) / 2 + PE
    Total System Jitter     (TSJ):    0.071ns
    Total Input Jitter      (TIJ):    0.000ns
    Discrete Jitter          (DJ):    0.000ns
    Phase Error              (PE):    0.000ns

    Location             Delay type                Incr(ns)  Path(ns)    Netlist Resource(s)
  -------------------------------------------------------------------    -------------------
                         (clock sys_clk rise edge)    0.000     0.000 r  
    P17                                               0.000     0.000 r  clk (IN)
                         net (fo=0)                   0.000     0.000    clk
    P17                  IBUF (Prop_ibuf_I_O)         1.488     1.488 r  clk_IBUF_inst/O
                         net (fo=1, estimated)        2.016     3.504    clk_IBUF
    BUFGCTRL_X0Y0        BUFG (Prop_bufg_I_O)         0.096     3.600 r  clk_IBUF_BUFG_inst/O
                         net (fo=20725, estimated)    1.671     5.271    dut/grp_ADMM_solver_Pipeline_ADMM_IT_ZY_UPDATE_LOOP_fu_883/A_sparse_indexes_U/clk_IBUF_BUFG
    RAMB36_X1Y17         RAMB36E1                                     r  dut/grp_ADMM_solver_Pipeline_ADMM_IT_ZY_UPDATE_LOOP_fu_883/A_sparse_indexes_U/q0_reg_0/CLKARDCLK
  -------------------------------------------------------------------    -------------------
    RAMB36_X1Y17         RAMB36E1 (Prop_ramb36e1_CLKARDCLK_DOADO[1])
                                                      2.454     7.725 r  dut/grp_ADMM_solver_Pipeline_ADMM_IT_ZY_UPDATE_LOOP_fu_883/A_sparse_indexes_U/q0_reg_0/DOADO[1]
                         net (fo=8, estimated)        1.400     9.125    dut/grp_ADMM_solver_Pipeline_ADMM_IT_ZY_UPDATE_LOOP_fu_883/A_sparse_indexes_U/q0_reg[1]
    SLICE_X63Y81         LUT6 (Prop_lut6_I0_O)        0.124     9.249 r  dut/grp_ADMM_solver_Pipeline_ADMM_IT_ZY_UPDATE_LOOP_fu_883/A_sparse_indexes_U/ram_reg_0_127_0_0_i_22/O
                         net (fo=7, estimated)        0.893    10.142    dut/grp_ADMM_solver_Pipeline_BACK_SUBST_EXTERN_LOOP_fu_812/grp_ADMM_solver_Pipeline_ADMM_IT_ZY_UPDATE_LOOP_fu_883_x_address0[0]
    SLICE_X54Y83         LUT5 (Prop_lut5_I4_O)        0.117    10.259 r  dut/grp_ADMM_solver_Pipeline_BACK_SUBST_EXTERN_LOOP_fu_812/ram_reg_0_127_20_20_i_5/O
                         net (fo=270, estimated)      1.605    11.864    dut/x_U/ram_reg_896_1023_20_20/A1
    SLICE_X42Y95         RAMD64E (Prop_ramd64e_RADR1_O)
                                                      0.348    12.212 r  dut/x_U/ram_reg_896_1023_20_20/SP.LOW/O
                         net (fo=1, routed)           0.000    12.212    dut/x_U/ram_reg_896_1023_20_20/SPO0
    SLICE_X42Y95         MUXF7 (Prop_muxf7_I0_O)      0.241    12.453 r  dut/x_U/ram_reg_896_1023_20_20/F7.SP/O
                         net (fo=1, estimated)        0.830    13.283    dut/x_U/ram_reg_896_1023_20_20_n_5
    SLICE_X43Y95         LUT6 (Prop_lut6_I0_O)        0.298    13.581 r  dut/x_U/q0[20]_i_3__1/O
                         net (fo=1, estimated)        0.890    14.471    dut/grp_ADMM_solver_Pipeline_ADMM_IT_ZY_UPDATE_LOOP_fu_883/A_sparse_indexes_U/q0_reg[20]
    SLICE_X51Y90         LUT5 (Prop_lut5_I2_O)        0.124    14.595 r  dut/grp_ADMM_solver_Pipeline_ADMM_IT_ZY_UPDATE_LOOP_fu_883/A_sparse_indexes_U/q0[20]_i_1__0/O
                         net (fo=1, routed)           0.000    14.595    dut/x_U/D[20]
    SLICE_X51Y90         FDRE                                         r  dut/x_U/q0_reg[20]/D
  -------------------------------------------------------------------    -------------------

                         (clock sys_clk rise edge)   10.000    10.000 r  
    P17                                               0.000    10.000 r  clk (IN)
                         net (fo=0)                   0.000    10.000    clk
    P17                  IBUF (Prop_ibuf_I_O)         1.417    11.417 r  clk_IBUF_inst/O
                         net (fo=1, estimated)        1.915    13.332    clk_IBUF
    BUFGCTRL_X0Y0        BUFG (Prop_bufg_I_O)         0.091    13.423 r  clk_IBUF_BUFG_inst/O
                         net (fo=20725, estimated)    1.509    14.932    dut/x_U/clk_IBUF_BUFG
    SLICE_X51Y90         FDRE                                         r  dut/x_U/q0_reg[20]/C
                         clock pessimism              0.183    15.116    
                         clock uncertainty           -0.035    15.081    
    SLICE_X51Y90         FDRE (Setup_fdre_C_D)        0.029    15.110    dut/x_U/q0_reg[20]
  -------------------------------------------------------------------
                         required time                         15.110    
                         arrival time                         -14.595    
  -------------------------------------------------------------------
                         slack                                  0.514    





Min Delay Paths
--------------------------------------------------------------------------------------
Slack (VIOLATED) :        -0.105ns  (arrival time - required time)
  Source:                 dut/grp_ADMM_solver_Pipeline_BACK_SUBST_EXTERN_LOOP_fu_812/empty_72_fu_158_reg[5]/C
                            (rising edge-triggered cell FDRE clocked by sys_clk  {rise@0.000ns fall@5.000ns period=10.000ns})
  Destination:            dut/grp_ADMM_solver_Pipeline_BACK_SUBST_EXTERN_LOOP_fu_812/empty_71_fu_154_reg[5]/D
                            (rising edge-triggered cell FDRE clocked by sys_clk  {rise@0.000ns fall@5.000ns period=10.000ns})
  Path Group:             sys_clk
  Path Type:              Hold (Min at Fast Process Corner)
  Requirement:            0.000ns  (sys_clk rise@0.000ns - sys_clk rise@0.000ns)
  Data Path Delay:        0.321ns  (logic 0.186ns (57.964%)  route 0.135ns (42.036%))
  Logic Levels:           1  (LUT5=1)
  Clock Path Skew:        0.334ns (DCD - SCD - CPR)
    Destination Clock Delay (DCD):    2.271ns
    Source Clock Delay      (SCD):    1.696ns
    Clock Pessimism Removal (CPR):    0.241ns

    Location             Delay type                Incr(ns)  Path(ns)    Netlist Resource(s)
  -------------------------------------------------------------------    -------------------
                         (clock sys_clk rise edge)    0.000     0.000 r  
    P17                                               0.000     0.000 r  clk (IN)
                         net (fo=0)                   0.000     0.000    clk
    P17                  IBUF (Prop_ibuf_I_O)         0.256     0.256 r  clk_IBUF_inst/O
                         net (fo=1, estimated)        0.850     1.105    clk_IBUF
    BUFGCTRL_X0Y0        BUFG (Prop_bufg_I_O)         0.026     1.131 r  clk_IBUF_BUFG_inst/O
                         net (fo=20725, estimated)    0.565     1.696    dut/grp_ADMM_solver_Pipeline_BACK_SUBST_EXTERN_LOOP_fu_812/clk_IBUF_BUFG
    SLICE_X57Y50         FDRE                                         r  dut/grp_ADMM_solver_Pipeline_BACK_SUBST_EXTERN_LOOP_fu_812/empty_72_fu_158_reg[5]/C
  -------------------------------------------------------------------    -------------------
    SLICE_X57Y50         FDRE (Prop_fdre_C_Q)         0.141     1.837 r  dut/grp_ADMM_solver_Pipeline_BACK_SUBST_EXTERN_LOOP_fu_812/empty_72_fu_158_reg[5]/Q
                         net (fo=2, estimated)        0.135     1.972    dut/grp_ADMM_solver_Pipeline_BACK_SUBST_EXTERN_LOOP_fu_812/flow_control_loop_pipe_sequential_init_U/empty_71_fu_154_reg[31][5]
    SLICE_X55Y49         LUT5 (Prop_lut5_I4_O)        0.045     2.017 r  dut/grp_ADMM_solver_Pipeline_BACK_SUBST_EXTERN_LOOP_fu_812/flow_control_loop_pipe_sequential_init_U/empty_71_fu_154[5]_i_1/O
                         net (fo=1, routed)           0.000     2.017    dut/grp_ADMM_solver_Pipeline_BACK_SUBST_EXTERN_LOOP_fu_812/flow_control_loop_pipe_sequential_init_U_n_380
    SLICE_X55Y49         FDRE                                         r  dut/grp_ADMM_solver_Pipeline_BACK_SUBST_EXTERN_LOOP_fu_812/empty_71_fu_154_reg[5]/D
  -------------------------------------------------------------------    -------------------

                         (clock sys_clk rise edge)    0.000     0.000 r  
    P17                                               0.000     0.000 r  clk (IN)
                         net (fo=0)                   0.000     0.000    clk
    P17                  IBUF (Prop_ibuf_I_O)         0.444     0.444 r  clk_IBUF_inst/O
                         net (fo=1, estimated)        0.895     1.338    clk_IBUF
    BUFGCTRL_X0Y0        BUFG (Prop_bufg_I_O)         0.029     1.367 r  clk_IBUF_BUFG_inst/O
                         net (fo=20725, estimated)    0.904     2.271    dut/grp_ADMM_solver_Pipeline_BACK_SUBST_EXTERN_LOOP_fu_812/clk_IBUF_BUFG
    SLICE_X55Y49         FDRE                                         r  dut/grp_ADMM_solver_Pipeline_BACK_SUBST_EXTERN_LOOP_fu_812/empty_71_fu_154_reg[5]/C
                         clock pessimism             -0.241     2.030    
    SLICE_X55Y49         FDRE (Hold_fdre_C_D)         0.092     2.122    dut/grp_ADMM_solver_Pipeline_BACK_SUBST_EXTERN_LOOP_fu_812/empty_71_fu_154_reg[5]
  -------------------------------------------------------------------
                         required time                         -2.122    
                         arrival time                           2.017    
  -------------------------------------------------------------------
                         slack                                 -0.105    





Pulse Width Checks
--------------------------------------------------------------------------------------
Clock Name:         sys_clk
Waveform(ns):       { 0.000 5.000 }
Period(ns):         10.000
Sources:            { clk }

Check Type        Corner  Lib Pin      Reference Pin  Required(ns)  Actual(ns)  Slack(ns)  Location      Pin
Min Period        n/a     DSP48E1/CLK  n/a            3.884         10.000      6.116      DSP48_X0Y4    top_spi/ADMM_solver/ADMM_solver_ADMM_solver_Pipeline_ADMM_IT_ZY_UPDATE_LOOP/ADMM_solver_dmul_64ns_64ns_64_7_max_dsp_1/ADMM_solver_dmul_64ns_64ns_64_7_max_dsp_1_ip/<hidden>/<hidden>/<hidden>/<hidden>/<hidden>/<hidden>
Low Pulse Width   Slow    RAMS32/CLK   n/a            1.250         5.000       3.750      SLICE_X30Y77  dut/current_state_vec_U/ram_reg_0_15_0_0/SP/CLK
High Pulse Width  Slow    RAMS32/CLK   n/a            1.250         5.000       3.750      SLICE_X30Y77  dut/current_state_vec_U/ram_reg_0_15_0_0/SP/CLK



