Copyright 1986-2022 Xilinx, Inc. All Rights Reserved. Copyright 2022-2025 Advanced Micro Devices, Inc. All Rights Reserved.
---------------------------------------------------------------------------------------------------------------------------------------------
| Tool Version : Vivado v.2025.2 (lin64) Build 6299465 Fri Nov 14 12:34:56 MST 2025
| Date         : Sat Feb 28 23:35:58 2026
| Host         : A2R-lab2 running 64-bit Ubuntu 24.04.4 LTS
| Command      : report_timing_summary -file /home/agrillo/ADMM_FPGA/build/reports/post_place_timing.rpt
| Design       : top_spi
| Device       : 7a100t-csg324
| Speed File   : -1  PRODUCTION 1.23 2018-06-13
| Design State : Fully Placed
---------------------------------------------------------------------------------------------------------------------------------------------

Timing Summary Report

------------------------------------------------------------------------------------------------
| Timer Settings
| --------------
------------------------------------------------------------------------------------------------

  Enable Multi Corner Analysis               :  Yes
  Enable Pessimism Removal                   :  Yes
  Pessimism Removal Resolution               :  Nearest Common Node
  Enable Input Delay Default Clock           :  No
  Enable Preset / Clear Arcs                 :  No
  Disable Flight Delays                      :  No
  Ignore I/O Paths                           :  No
  Timing Early Launch at Borrowing Latches   :  No
  Borrow Time for Max Delay Exceptions       :  Yes
  Merge Timing Exceptions                    :  Yes
  Inter-SLR Compensation                     :  Conservative

  Corner  Analyze    Analyze    
  Name    Max Paths  Min Paths  
  ------  ---------  ---------  
  Slow    Yes        Yes        
  Fast    Yes        Yes        


------------------------------------------------------------------------------------------------
| Report Methodology
| ------------------
------------------------------------------------------------------------------------------------

No report available as report_methodology has not been run prior. Run report_methodology on the current design for the summary of methodology violations.



check_timing report

Table of Contents
-----------------
1. checking no_clock (0)
2. checking constant_clock (0)
3. checking pulse_width_clock (0)
4. checking unconstrained_internal_endpoints (0)
5. checking no_input_delay (1)
6. checking no_output_delay (3)
7. checking multiple_clock (0)
8. checking generated_clocks (0)
9. checking loops (0)
10. checking partial_input_delay (0)
11. checking partial_output_delay (0)
12. checking latch_loops (0)

1. checking no_clock (0)
------------------------
 There are 0 register/latch pins with no clock.


2. checking constant_clock (0)
------------------------------
 There are 0 register/latch pins with constant_clock.


3. checking pulse_width_clock (0)
---------------------------------
 There are 0 register/latch pins which need pulse_width check


4. checking unconstrained_internal_endpoints (0)
------------------------------------------------
 There are 0 pins that are not constrained for maximum delay.

 There are 0 pins that are not constrained for maximum delay due to constant clock.


5. checking no_input_delay (1)
------------------------------
 There is 1 input port with no input delay specified. (HIGH)

 There are 0 input ports with no input delay but user has a false path constraint.


6. checking no_output_delay (3)
-------------------------------
 There are 3 ports with no output delay specified. (HIGH)

 There are 0 ports with no output delay but user has a false path constraint

 There are 0 ports with no output delay but with a timing clock defined on it or propagating through it


7. checking multiple_clock (0)
------------------------------
 There are 0 register/latch pins with multiple clocks.


8. checking generated_clocks (0)
--------------------------------
 There are 0 generated clocks that are not connected to a clock source.


9. checking loops (0)
---------------------
 There are 0 combinational loops in the design.


10. checking partial_input_delay (0)
------------------------------------
 There are 0 input ports with partial input delay specified.


11. checking partial_output_delay (0)
-------------------------------------
 There are 0 ports with partial output delay specified.


12. checking latch_loops (0)
----------------------------
 There are 0 combinational latch loops in the design through latch input



------------------------------------------------------------------------------------------------
| Design Timing Summary
| ---------------------
------------------------------------------------------------------------------------------------

    WNS(ns)      TNS(ns)  TNS Failing Endpoints  TNS Total Endpoints      WHS(ns)      THS(ns)  THS Failing Endpoints  THS Total Endpoints     WPWS(ns)     TPWS(ns)  TPWS Failing Endpoints  TPWS Total Endpoints  
    -------      -------  ---------------------  -------------------      -------      -------  ---------------------  -------------------     --------     --------  ----------------------  --------------------  
      0.620        0.000                      0                35059       -0.092       -0.904                     25                35059        3.750        0.000                       0                 18772  


Timing constraints are not met.


------------------------------------------------------------------------------------------------
| Clock Summary
| -------------
------------------------------------------------------------------------------------------------

Clock    Waveform(ns)         Period(ns)      Frequency(MHz)
-----    ------------         ----------      --------------
spi_sck  {0.000 50.000}       100.000         10.000          
sys_clk  {0.000 5.000}        10.000          100.000         


------------------------------------------------------------------------------------------------
| Intra Clock Table
| -----------------
------------------------------------------------------------------------------------------------

Clock             WNS(ns)      TNS(ns)  TNS Failing Endpoints  TNS Total Endpoints      WHS(ns)      THS(ns)  THS Failing Endpoints  THS Total Endpoints     WPWS(ns)     TPWS(ns)  TPWS Failing Endpoints  TPWS Total Endpoints  
-----             -------      -------  ---------------------  -------------------      -------      -------  ---------------------  -------------------     --------     --------  ----------------------  --------------------  
sys_clk             0.620        0.000                      0                35059       -0.092       -0.904                     25                35059        3.750        0.000                       0                 18772  


------------------------------------------------------------------------------------------------
| Inter Clock Table
| -----------------
------------------------------------------------------------------------------------------------

From Clock    To Clock          WNS(ns)      TNS(ns)  TNS Failing Endpoints  TNS Total Endpoints      WHS(ns)      THS(ns)  THS Failing Endpoints  THS Total Endpoints  
----------    --------          -------      -------  ---------------------  -------------------      -------      -------  ---------------------  -------------------  


------------------------------------------------------------------------------------------------
| Other Path Groups Table
| -----------------------
------------------------------------------------------------------------------------------------

Path Group    From Clock    To Clock          WNS(ns)      TNS(ns)  TNS Failing Endpoints  TNS Total Endpoints      WHS(ns)      THS(ns)  THS Failing Endpoints  THS Total Endpoints  
----------    ----------    --------          -------      -------  ---------------------  -------------------      -------      -------  ---------------------  -------------------  


------------------------------------------------------------------------------------------------
| Timing Details
| --------------
------------------------------------------------------------------------------------------------


---------------------------------------------------------------------------------------------------
From Clock:  sys_clk
  To Clock:  sys_clk

Setup :            0  Failing Endpoints,  Worst Slack        0.620ns,  Total Violation        0.000ns
Hold  :           25  Failing Endpoints,  Worst Slack       -0.092ns,  Total Violation       -0.904ns
PW    :            0  Failing Endpoints,  Worst Slack        3.750ns,  Total Violation        0.000ns
---------------------------------------------------------------------------------------------------


Max Delay Paths
--------------------------------------------------------------------------------------
Slack (MET) :             0.620ns  (required time - arrival time)
  Source:                 dut/grp_ADMM_solver_Pipeline_FORW_SUBST_EXTERN_LOOP_fu_741/ap_CS_fsm_reg[9]/C
                            (rising edge-triggered cell FDRE clocked by sys_clk  {rise@0.000ns fall@5.000ns period=10.000ns})
  Destination:            dut/fmul_32ns_32ns_32_4_max_dsp_1_U174/din0_buf1_reg[6]/D
                            (rising edge-triggered cell FDRE clocked by sys_clk  {rise@0.000ns fall@5.000ns period=10.000ns})
  Path Group:             sys_clk
  Path Type:              Setup (Max at Slow Process Corner)
  Requirement:            10.000ns  (sys_clk rise@10.000ns - sys_clk rise@0.000ns)
  Data Path Delay:        9.428ns  (logic 1.495ns (15.857%)  route 7.933ns (84.143%))
  Logic Levels:           6  (LUT3=1 LUT5=1 LUT6=4)
  Clock Path Skew:        0.054ns (DCD - SCD + CPR)
    Destination Clock Delay (DCD):    5.102ns = ( 15.102 - 10.000 ) 
    Source Clock Delay      (SCD):    5.232ns
    Clock Pessimism Removal (CPR):    0.183ns
  Clock Uncertainty:      0.035ns  ((TSJ^2 + TIJ^2)^1/2 + DJ) / 2 + PE
    Total System Jitter     (TSJ):    0.071ns
    Total Input Jitter      (TIJ):    0.000ns
    Discrete Jitter          (DJ):    0.000ns
    Phase Error              (PE):    0.000ns

    Location             Delay type                Incr(ns)  Path(ns)    Netlist Resource(s)
  -------------------------------------------------------------------    -------------------
                         (clock sys_clk rise edge)    0.000     0.000 r  
    P17                                               0.000     0.000 r  clk (IN)
                         net (fo=0)                   0.000     0.000    clk
    P17                  IBUF (Prop_ibuf_I_O)         1.488     1.488 r  clk_IBUF_inst/O
                         net (fo=1, estimated)        2.016     3.504    clk_IBUF
    BUFGCTRL_X0Y0        BUFG (Prop_bufg_I_O)         0.096     3.600 r  clk_IBUF_BUFG_inst/O
                         net (fo=18829, estimated)    1.632     5.232    dut/grp_ADMM_solver_Pipeline_FORW_SUBST_EXTERN_LOOP_fu_741/clk_IBUF_BUFG
    SLICE_X62Y56         FDRE                                         r  dut/grp_ADMM_solver_Pipeline_FORW_SUBST_EXTERN_LOOP_fu_741/ap_CS_fsm_reg[9]/C
  -------------------------------------------------------------------    -------------------
    SLICE_X62Y56         FDRE (Prop_fdre_C_Q)         0.518     5.750 f  dut/grp_ADMM_solver_Pipeline_FORW_SUBST_EXTERN_LOOP_fu_741/ap_CS_fsm_reg[9]/Q
                         net (fo=171, estimated)      1.610     7.360    dut/grp_ADMM_solver_Pipeline_FORW_SUBST_EXTERN_LOOP_fu_741/ap_CS_fsm_pp0_stage9
    SLICE_X62Y40         LUT6 (Prop_lut6_I1_O)        0.124     7.484 r  dut/grp_ADMM_solver_Pipeline_FORW_SUBST_EXTERN_LOOP_fu_741/din0_buf1[30]_i_13/O
                         net (fo=38, estimated)       1.103     8.587    dut/grp_ADMM_solver_Pipeline_FORW_SUBST_EXTERN_LOOP_fu_741/din0_buf1[30]_i_13_n_4
    SLICE_X61Y40         LUT5 (Prop_lut5_I0_O)        0.154     8.741 r  dut/grp_ADMM_solver_Pipeline_FORW_SUBST_EXTERN_LOOP_fu_741/din0_buf1[21]_i_13/O
                         net (fo=51, estimated)       1.471    10.212    dut/grp_ADMM_solver_Pipeline_FORW_SUBST_EXTERN_LOOP_fu_741/p_ZL8L_banded_12_U/din0_buf1_reg[21]_1
    SLICE_X72Y26         LUT6 (Prop_lut6_I4_O)        0.327    10.539 r  dut/grp_ADMM_solver_Pipeline_FORW_SUBST_EXTERN_LOOP_fu_741/p_ZL8L_banded_12_U/din0_buf1[6]_i_11__0/O
                         net (fo=1, estimated)        1.157    11.696    dut/grp_ADMM_solver_Pipeline_FORW_SUBST_EXTERN_LOOP_fu_741/p_ZL8L_banded_12_U/din0_buf1[6]_i_11__0_n_4
    SLICE_X61Y34         LUT6 (Prop_lut6_I0_O)        0.124    11.820 r  dut/grp_ADMM_solver_Pipeline_FORW_SUBST_EXTERN_LOOP_fu_741/p_ZL8L_banded_12_U/din0_buf1[6]_i_6__0/O
                         net (fo=1, estimated)        2.106    13.926    dut/grp_ADMM_solver_Pipeline_BACK_SUBST_EXTERN_LOOP_fu_812/p_ZL9LT_banded_16_U/grp_ADMM_solver_Pipeline_FORW_SUBST_EXTERN_LOOP_fu_741_grp_fu_1644_p_din0[2]
    SLICE_X13Y28         LUT3 (Prop_lut3_I2_O)        0.124    14.050 r  dut/grp_ADMM_solver_Pipeline_BACK_SUBST_EXTERN_LOOP_fu_812/p_ZL9LT_banded_16_U/din0_buf1[6]_i_4__0/O
                         net (fo=1, estimated)        0.486    14.536    dut/grp_ADMM_solver_Pipeline_ADMM_IT_ZY_UPDATE_LOOP_fu_883/p_ZL13A_sparse_data_5_U/din0_buf1_reg[6]_2
    SLICE_X13Y28         LUT6 (Prop_lut6_I5_O)        0.124    14.660 r  dut/grp_ADMM_solver_Pipeline_ADMM_IT_ZY_UPDATE_LOOP_fu_883/p_ZL13A_sparse_data_5_U/din0_buf1[6]_i_1__0/O
                         net (fo=1, routed)           0.000    14.660    dut/fmul_32ns_32ns_32_4_max_dsp_1_U174/grp_fu_1644_p0[4]
    SLICE_X13Y28         FDRE                                         r  dut/fmul_32ns_32ns_32_4_max_dsp_1_U174/din0_buf1_reg[6]/D
  -------------------------------------------------------------------    -------------------

                         (clock sys_clk rise edge)   10.000    10.000 r  
    P17                                               0.000    10.000 r  clk (IN)
                         net (fo=0)                   0.000    10.000    clk
    P17                  IBUF (Prop_ibuf_I_O)         1.417    11.417 r  clk_IBUF_inst/O
                         net (fo=1, estimated)        1.915    13.332    clk_IBUF
    BUFGCTRL_X0Y0        BUFG (Prop_bufg_I_O)         0.091    13.423 r  clk_IBUF_BUFG_inst/O
                         net (fo=18829, estimated)    1.679    15.102    dut/fmul_32ns_32ns_32_4_max_dsp_1_U174/clk_IBUF_BUFG
    SLICE_X13Y28         FDRE                                         r  dut/fmul_32ns_32ns_32_4_max_dsp_1_U174/din0_buf1_reg[6]/C
                         clock pessimism              0.183    15.286    
                         clock uncertainty           -0.035    15.251    
    SLICE_X13Y28         FDRE (Setup_fdre_C_D)        0.029    15.280    dut/fmul_32ns_32ns_32_4_max_dsp_1_U174/din0_buf1_reg[6]
  -------------------------------------------------------------------
                         required time                         15.280    
                         arrival time                         -14.660    
  -------------------------------------------------------------------
                         slack                                  0.620    





Min Delay Paths
--------------------------------------------------------------------------------------
Slack (VIOLATED) :        -0.092ns  (arrival time - required time)
  Source:                 dut/grp_ADMM_solver_Pipeline_BACK_SUBST_EXTERN_LOOP_fu_812/empty_77_fu_178_reg[30]/C
                            (rising edge-triggered cell FDRE clocked by sys_clk  {rise@0.000ns fall@5.000ns period=10.000ns})
  Destination:            dut/grp_ADMM_solver_Pipeline_BACK_SUBST_EXTERN_LOOP_fu_812/p_load25_reg_1460_reg[30]/D
                            (rising edge-triggered cell FDRE clocked by sys_clk  {rise@0.000ns fall@5.000ns period=10.000ns})
  Path Group:             sys_clk
  Path Type:              Hold (Min at Fast Process Corner)
  Requirement:            0.000ns  (sys_clk rise@0.000ns - sys_clk rise@0.000ns)
  Data Path Delay:        0.314ns  (logic 0.164ns (52.219%)  route 0.150ns (47.781%))
  Logic Levels:           0  
  Clock Path Skew:        0.336ns (DCD - SCD - CPR)
    Destination Clock Delay (DCD):    2.276ns
    Source Clock Delay      (SCD):    1.699ns
    Clock Pessimism Removal (CPR):    0.241ns

    Location             Delay type                Incr(ns)  Path(ns)    Netlist Resource(s)
  -------------------------------------------------------------------    -------------------
                         (clock sys_clk rise edge)    0.000     0.000 r  
    P17                                               0.000     0.000 r  clk (IN)
                         net (fo=0)                   0.000     0.000    clk
    P17                  IBUF (Prop_ibuf_I_O)         0.256     0.256 r  clk_IBUF_inst/O
                         net (fo=1, estimated)        0.850     1.105    clk_IBUF
    BUFGCTRL_X0Y0        BUFG (Prop_bufg_I_O)         0.026     1.131 r  clk_IBUF_BUFG_inst/O
                         net (fo=18829, estimated)    0.568     1.699    dut/grp_ADMM_solver_Pipeline_BACK_SUBST_EXTERN_LOOP_fu_812/clk_IBUF_BUFG
    SLICE_X42Y50         FDRE                                         r  dut/grp_ADMM_solver_Pipeline_BACK_SUBST_EXTERN_LOOP_fu_812/empty_77_fu_178_reg[30]/C
  -------------------------------------------------------------------    -------------------
    SLICE_X42Y50         FDRE (Prop_fdre_C_Q)         0.164     1.863 r  dut/grp_ADMM_solver_Pipeline_BACK_SUBST_EXTERN_LOOP_fu_812/empty_77_fu_178_reg[30]/Q
                         net (fo=2, estimated)        0.150     2.014    dut/grp_ADMM_solver_Pipeline_BACK_SUBST_EXTERN_LOOP_fu_812/empty_77_fu_178[30]
    SLICE_X44Y49         FDRE                                         r  dut/grp_ADMM_solver_Pipeline_BACK_SUBST_EXTERN_LOOP_fu_812/p_load25_reg_1460_reg[30]/D
  -------------------------------------------------------------------    -------------------

                         (clock sys_clk rise edge)    0.000     0.000 r  
    P17                                               0.000     0.000 r  clk (IN)
                         net (fo=0)                   0.000     0.000    clk
    P17                  IBUF (Prop_ibuf_I_O)         0.444     0.444 r  clk_IBUF_inst/O
                         net (fo=1, estimated)        0.895     1.338    clk_IBUF
    BUFGCTRL_X0Y0        BUFG (Prop_bufg_I_O)         0.029     1.367 r  clk_IBUF_BUFG_inst/O
                         net (fo=18829, estimated)    0.909     2.276    dut/grp_ADMM_solver_Pipeline_BACK_SUBST_EXTERN_LOOP_fu_812/clk_IBUF_BUFG
    SLICE_X44Y49         FDRE                                         r  dut/grp_ADMM_solver_Pipeline_BACK_SUBST_EXTERN_LOOP_fu_812/p_load25_reg_1460_reg[30]/C
                         clock pessimism             -0.241     2.035    
    SLICE_X44Y49         FDRE (Hold_fdre_C_D)         0.070     2.105    dut/grp_ADMM_solver_Pipeline_BACK_SUBST_EXTERN_LOOP_fu_812/p_load25_reg_1460_reg[30]
  -------------------------------------------------------------------
                         required time                         -2.105    
                         arrival time                           2.014    
  -------------------------------------------------------------------
                         slack                                 -0.092    





Pulse Width Checks
--------------------------------------------------------------------------------------
Clock Name:         sys_clk
Waveform(ns):       { 0.000 5.000 }
Period(ns):         10.000
Sources:            { clk }

Check Type        Corner  Lib Pin      Reference Pin  Required(ns)  Actual(ns)  Slack(ns)  Location     Pin
Min Period        n/a     DSP48E1/CLK  n/a            3.884         10.000      6.116      DSP48_X0Y7   top_spi/ADMM_solver/ADMM_solver_ADMM_solver_Pipeline_ADMM_IT_ZY_UPDATE_LOOP/ADMM_solver_dmul_64ns_64ns_64_7_max_dsp_1/ADMM_solver_dmul_64ns_64ns_64_7_max_dsp_1_ip/<hidden>/<hidden>/<hidden>/<hidden>/<hidden>/<hidden>
Low Pulse Width   Slow    RAMS32/CLK   n/a            1.250         5.000       3.750      SLICE_X8Y81  dut/current_state_vec_U/ram_reg_0_15_0_0/SP/CLK
High Pulse Width  Slow    RAMS32/CLK   n/a            1.250         5.000       3.750      SLICE_X8Y81  dut/current_state_vec_U/ram_reg_0_15_0_0/SP/CLK



