Copyright 1986-2022 Xilinx, Inc. All Rights Reserved. Copyright 2022-2025 Advanced Micro Devices, Inc. All Rights Reserved.
---------------------------------------------------------------------------------------------------------------------------------------------
| Tool Version : Vivado v.2025.2 (lin64) Build 6299465 Fri Nov 14 12:34:56 MST 2025
| Date         : Sun Mar  1 01:13:05 2026
| Host         : A2R-lab2 running 64-bit Ubuntu 24.04.4 LTS
| Command      : report_timing_summary -file /home/agrillo/ADMM_FPGA/build/reports/post_place_timing.rpt
| Design       : top_spi
| Device       : 7a100t-csg324
| Speed File   : -1  PRODUCTION 1.23 2018-06-13
| Design State : Fully Placed
---------------------------------------------------------------------------------------------------------------------------------------------

Timing Summary Report

------------------------------------------------------------------------------------------------
| Timer Settings
| --------------
------------------------------------------------------------------------------------------------

  Enable Multi Corner Analysis               :  Yes
  Enable Pessimism Removal                   :  Yes
  Pessimism Removal Resolution               :  Nearest Common Node
  Enable Input Delay Default Clock           :  No
  Enable Preset / Clear Arcs                 :  No
  Disable Flight Delays                      :  No
  Ignore I/O Paths                           :  No
  Timing Early Launch at Borrowing Latches   :  No
  Borrow Time for Max Delay Exceptions       :  Yes
  Merge Timing Exceptions                    :  Yes
  Inter-SLR Compensation                     :  Conservative

  Corner  Analyze    Analyze    
  Name    Max Paths  Min Paths  
  ------  ---------  ---------  
  Slow    Yes        Yes        
  Fast    Yes        Yes        


------------------------------------------------------------------------------------------------
| Report Methodology
| ------------------
------------------------------------------------------------------------------------------------

No report available as report_methodology has not been run prior. Run report_methodology on the current design for the summary of methodology violations.



check_timing report

Table of Contents
-----------------
1. checking no_clock (0)
2. checking constant_clock (0)
3. checking pulse_width_clock (0)
4. checking unconstrained_internal_endpoints (0)
5. checking no_input_delay (1)
6. checking no_output_delay (3)
7. checking multiple_clock (0)
8. checking generated_clocks (0)
9. checking loops (0)
10. checking partial_input_delay (0)
11. checking partial_output_delay (0)
12. checking latch_loops (0)

1. checking no_clock (0)
------------------------
 There are 0 register/latch pins with no clock.


2. checking constant_clock (0)
------------------------------
 There are 0 register/latch pins with constant_clock.


3. checking pulse_width_clock (0)
---------------------------------
 There are 0 register/latch pins which need pulse_width check


4. checking unconstrained_internal_endpoints (0)
------------------------------------------------
 There are 0 pins that are not constrained for maximum delay.

 There are 0 pins that are not constrained for maximum delay due to constant clock.


5. checking no_input_delay (1)
------------------------------
 There is 1 input port with no input delay specified. (HIGH)

 There are 0 input ports with no input delay but user has a false path constraint.


6. checking no_output_delay (3)
-------------------------------
 There are 3 ports with no output delay specified. (HIGH)

 There are 0 ports with no output delay but user has a false path constraint

 There are 0 ports with no output delay but with a timing clock defined on it or propagating through it


7. checking multiple_clock (0)
------------------------------
 There are 0 register/latch pins with multiple clocks.


8. checking generated_clocks (0)
--------------------------------
 There are 0 generated clocks that are not connected to a clock source.


9. checking loops (0)
---------------------
 There are 0 combinational loops in the design.


10. checking partial_input_delay (0)
------------------------------------
 There are 0 input ports with partial input delay specified.


11. checking partial_output_delay (0)
-------------------------------------
 There are 0 ports with partial output delay specified.


12. checking latch_loops (0)
----------------------------
 There are 0 combinational latch loops in the design through latch input



------------------------------------------------------------------------------------------------
| Design Timing Summary
| ---------------------
------------------------------------------------------------------------------------------------

    WNS(ns)      TNS(ns)  TNS Failing Endpoints  TNS Total Endpoints      WHS(ns)      THS(ns)  THS Failing Endpoints  THS Total Endpoints     WPWS(ns)     TPWS(ns)  TPWS Failing Endpoints  TPWS Total Endpoints  
    -------      -------  ---------------------  -------------------      -------      -------  ---------------------  -------------------     --------     --------  ----------------------  --------------------  
     -0.031       -0.031                      1               159130       -0.101       -2.228                     74               159130        3.750        0.000                       0                 34675  


Timing constraints are not met.


------------------------------------------------------------------------------------------------
| Clock Summary
| -------------
------------------------------------------------------------------------------------------------

Clock    Waveform(ns)         Period(ns)      Frequency(MHz)
-----    ------------         ----------      --------------
spi_sck  {0.000 50.000}       100.000         10.000          
sys_clk  {0.000 5.000}        10.000          100.000         


------------------------------------------------------------------------------------------------
| Intra Clock Table
| -----------------
------------------------------------------------------------------------------------------------

Clock             WNS(ns)      TNS(ns)  TNS Failing Endpoints  TNS Total Endpoints      WHS(ns)      THS(ns)  THS Failing Endpoints  THS Total Endpoints     WPWS(ns)     TPWS(ns)  TPWS Failing Endpoints  TPWS Total Endpoints  
-----             -------      -------  ---------------------  -------------------      -------      -------  ---------------------  -------------------     --------     --------  ----------------------  --------------------  
sys_clk            -0.031       -0.031                      1               159130       -0.101       -2.228                     74               159130        3.750        0.000                       0                 34675  


------------------------------------------------------------------------------------------------
| Inter Clock Table
| -----------------
------------------------------------------------------------------------------------------------

From Clock    To Clock          WNS(ns)      TNS(ns)  TNS Failing Endpoints  TNS Total Endpoints      WHS(ns)      THS(ns)  THS Failing Endpoints  THS Total Endpoints  
----------    --------          -------      -------  ---------------------  -------------------      -------      -------  ---------------------  -------------------  


------------------------------------------------------------------------------------------------
| Other Path Groups Table
| -----------------------
------------------------------------------------------------------------------------------------

Path Group    From Clock    To Clock          WNS(ns)      TNS(ns)  TNS Failing Endpoints  TNS Total Endpoints      WHS(ns)      THS(ns)  THS Failing Endpoints  THS Total Endpoints  
----------    ----------    --------          -------      -------  ---------------------  -------------------      -------      -------  ---------------------  -------------------  


------------------------------------------------------------------------------------------------
| Timing Details
| --------------
------------------------------------------------------------------------------------------------


---------------------------------------------------------------------------------------------------
From Clock:  sys_clk
  To Clock:  sys_clk

Setup :            1  Failing Endpoint ,  Worst Slack       -0.031ns,  Total Violation       -0.031ns
Hold  :           74  Failing Endpoints,  Worst Slack       -0.101ns,  Total Violation       -2.228ns
PW    :            0  Failing Endpoints,  Worst Slack        3.750ns,  Total Violation        0.000ns
---------------------------------------------------------------------------------------------------


Max Delay Paths
--------------------------------------------------------------------------------------
Slack (VIOLATED) :        -0.031ns  (required time - arrival time)
  Source:                 dut/grp_ADMM_solver_Pipeline_AT_MUL_EXTERN_LOOP_fu_913/AT_sparse_indexes_U/q9_reg_0_1/CLKBWRCLK
                            (rising edge-triggered cell RAMB36E1 clocked by sys_clk  {rise@0.000ns fall@5.000ns period=10.000ns})
  Destination:            dut/b_tmp_U/q10_reg[13]/D
                            (rising edge-triggered cell FDRE clocked by sys_clk  {rise@0.000ns fall@5.000ns period=10.000ns})
  Path Group:             sys_clk
  Path Type:              Setup (Max at Slow Process Corner)
  Requirement:            10.000ns  (sys_clk rise@10.000ns - sys_clk rise@0.000ns)
  Data Path Delay:        9.775ns  (logic 3.218ns (32.921%)  route 6.557ns (67.079%))
  Logic Levels:           4  (LUT5=1 LUT6=1 MUXF7=1 RAMD64E=1)
  Clock Path Skew:        -0.251ns (DCD - SCD + CPR)
    Destination Clock Delay (DCD):    5.027ns = ( 15.027 - 10.000 ) 
    Source Clock Delay      (SCD):    5.462ns
    Clock Pessimism Removal (CPR):    0.183ns
  Clock Uncertainty:      0.035ns  ((TSJ^2 + TIJ^2)^1/2 + DJ) / 2 + PE
    Total System Jitter     (TSJ):    0.071ns
    Total Input Jitter      (TIJ):    0.000ns
    Discrete Jitter          (DJ):    0.000ns
    Phase Error              (PE):    0.000ns

    Location             Delay type                Incr(ns)  Path(ns)    Netlist Resource(s)
  -------------------------------------------------------------------    -------------------
                         (clock sys_clk rise edge)    0.000     0.000 r  
    P17                                               0.000     0.000 r  clk (IN)
                         net (fo=0)                   0.000     0.000    clk
    P17                  IBUF (Prop_ibuf_I_O)         1.488     1.488 r  clk_IBUF_inst/O
                         net (fo=1, estimated)        2.016     3.504    clk_IBUF
    BUFGCTRL_X0Y0        BUFG (Prop_bufg_I_O)         0.096     3.600 r  clk_IBUF_BUFG_inst/O
                         net (fo=34732, estimated)    1.862     5.462    dut/grp_ADMM_solver_Pipeline_AT_MUL_EXTERN_LOOP_fu_913/AT_sparse_indexes_U/clk_IBUF_BUFG
    RAMB36_X0Y9          RAMB36E1                                     r  dut/grp_ADMM_solver_Pipeline_AT_MUL_EXTERN_LOOP_fu_913/AT_sparse_indexes_U/q9_reg_0_1/CLKBWRCLK
  -------------------------------------------------------------------    -------------------
    RAMB36_X0Y9          RAMB36E1 (Prop_ramb36e1_CLKBWRCLK_DOBDO[0])
                                                      2.454     7.916 r  dut/grp_ADMM_solver_Pipeline_AT_MUL_EXTERN_LOOP_fu_913/AT_sparse_indexes_U/q9_reg_0_1/DOBDO[0]
                         net (fo=693, estimated)      3.921    11.837    dut/b_tmp_U/ram9_reg_896_959_12_14/ADDRB1
    SLICE_X6Y129         RAMD64E (Prop_ramd64e_RADR1_O)
                                                      0.124    11.961 r  dut/b_tmp_U/ram9_reg_896_959_12_14/RAMB/O
                         net (fo=1, estimated)        2.235    14.196    dut/b_tmp_U/ram9_reg_896_959_12_14_n_5
    SLICE_X4Y99          LUT6 (Prop_lut6_I1_O)        0.124    14.320 r  dut/b_tmp_U/q10[13]_i_7/O
                         net (fo=1, routed)           0.000    14.320    dut/b_tmp_U/q10[13]_i_7_n_4
    SLICE_X4Y99          MUXF7 (Prop_muxf7_I1_O)      0.217    14.537 r  dut/b_tmp_U/q10_reg[13]_i_3/O
                         net (fo=1, estimated)        0.401    14.938    dut/grp_ADMM_solver_Pipeline_AT_MUL_EXTERN_LOOP_fu_913/AT_sparse_indexes_U/q10_reg[13]
    SLICE_X7Y99          LUT5 (Prop_lut5_I2_O)        0.299    15.237 r  dut/grp_ADMM_solver_Pipeline_AT_MUL_EXTERN_LOOP_fu_913/AT_sparse_indexes_U/q10[13]_i_1/O
                         net (fo=1, routed)           0.000    15.237    dut/b_tmp_U/q10_reg[31]_1[13]
    SLICE_X7Y99          FDRE                                         r  dut/b_tmp_U/q10_reg[13]/D
  -------------------------------------------------------------------    -------------------

                         (clock sys_clk rise edge)   10.000    10.000 r  
    P17                                               0.000    10.000 r  clk (IN)
                         net (fo=0)                   0.000    10.000    clk
    P17                  IBUF (Prop_ibuf_I_O)         1.417    11.417 r  clk_IBUF_inst/O
                         net (fo=1, estimated)        1.915    13.332    clk_IBUF
    BUFGCTRL_X0Y0        BUFG (Prop_bufg_I_O)         0.091    13.423 r  clk_IBUF_BUFG_inst/O
                         net (fo=34732, estimated)    1.604    15.027    dut/b_tmp_U/clk_IBUF_BUFG
    SLICE_X7Y99          FDRE                                         r  dut/b_tmp_U/q10_reg[13]/C
                         clock pessimism              0.183    15.211    
                         clock uncertainty           -0.035    15.176    
    SLICE_X7Y99          FDRE (Setup_fdre_C_D)        0.031    15.207    dut/b_tmp_U/q10_reg[13]
  -------------------------------------------------------------------
                         required time                         15.207    
                         arrival time                         -15.237    
  -------------------------------------------------------------------
                         slack                                 -0.031    





Min Delay Paths
--------------------------------------------------------------------------------------
Slack (VIOLATED) :        -0.101ns  (arrival time - required time)
  Source:                 dut/grp_ADMM_solver_Pipeline_BACK_SUBST_EXTERN_LOOP_fu_812/reg_634_reg[27]/C
                            (rising edge-triggered cell FDRE clocked by sys_clk  {rise@0.000ns fall@5.000ns period=10.000ns})
  Destination:            dut/x_U/ram_reg_0_127_27_27/SP.LOW/I
                            (rising edge-triggered cell RAMD64E clocked by sys_clk  {rise@0.000ns fall@5.000ns period=10.000ns})
  Path Group:             sys_clk
  Path Type:              Hold (Min at Fast Process Corner)
  Requirement:            0.000ns  (sys_clk rise@0.000ns - sys_clk rise@0.000ns)
  Data Path Delay:        0.395ns  (logic 0.141ns (35.680%)  route 0.254ns (64.320%))
  Logic Levels:           0  
  Clock Path Skew:        0.352ns (DCD - SCD - CPR)
    Destination Clock Delay (DCD):    2.289ns
    Source Clock Delay      (SCD):    1.696ns
    Clock Pessimism Removal (CPR):    0.241ns

    Location             Delay type                Incr(ns)  Path(ns)    Netlist Resource(s)
  -------------------------------------------------------------------    -------------------
                         (clock sys_clk rise edge)    0.000     0.000 r  
    P17                                               0.000     0.000 r  clk (IN)
                         net (fo=0)                   0.000     0.000    clk
    P17                  IBUF (Prop_ibuf_I_O)         0.256     0.256 r  clk_IBUF_inst/O
                         net (fo=1, estimated)        0.850     1.105    clk_IBUF
    BUFGCTRL_X0Y0        BUFG (Prop_bufg_I_O)         0.026     1.131 r  clk_IBUF_BUFG_inst/O
                         net (fo=34732, estimated)    0.565     1.696    dut/grp_ADMM_solver_Pipeline_BACK_SUBST_EXTERN_LOOP_fu_812/clk_IBUF_BUFG
    SLICE_X31Y147        FDRE                                         r  dut/grp_ADMM_solver_Pipeline_BACK_SUBST_EXTERN_LOOP_fu_812/reg_634_reg[27]/C
  -------------------------------------------------------------------    -------------------
    SLICE_X31Y147        FDRE (Prop_fdre_C_Q)         0.141     1.837 r  dut/grp_ADMM_solver_Pipeline_BACK_SUBST_EXTERN_LOOP_fu_812/reg_634_reg[27]/Q
                         net (fo=44, estimated)       0.254     2.092    dut/x_U/ram_reg_0_127_27_27/D
    SLICE_X30Y153        RAMD64E                                      r  dut/x_U/ram_reg_0_127_27_27/SP.LOW/I
  -------------------------------------------------------------------    -------------------

                         (clock sys_clk rise edge)    0.000     0.000 r  
    P17                                               0.000     0.000 r  clk (IN)
                         net (fo=0)                   0.000     0.000    clk
    P17                  IBUF (Prop_ibuf_I_O)         0.444     0.444 r  clk_IBUF_inst/O
                         net (fo=1, estimated)        0.895     1.338    clk_IBUF
    BUFGCTRL_X0Y0        BUFG (Prop_bufg_I_O)         0.029     1.367 r  clk_IBUF_BUFG_inst/O
                         net (fo=34732, estimated)    0.922     2.289    dut/x_U/ram_reg_0_127_27_27/WCLK
    SLICE_X30Y153        RAMD64E                                      r  dut/x_U/ram_reg_0_127_27_27/SP.LOW/CLK
                         clock pessimism             -0.241     2.048    
    SLICE_X30Y153        RAMD64E (Hold_ramd64e_CLK_I)
                                                      0.144     2.192    dut/x_U/ram_reg_0_127_27_27/SP.LOW
  -------------------------------------------------------------------
                         required time                         -2.192    
                         arrival time                           2.092    
  -------------------------------------------------------------------
                         slack                                 -0.101    





Pulse Width Checks
--------------------------------------------------------------------------------------
Clock Name:         sys_clk
Waveform(ns):       { 0.000 5.000 }
Period(ns):         10.000
Sources:            { clk }

Check Type        Corner  Lib Pin      Reference Pin  Required(ns)  Actual(ns)  Slack(ns)  Location       Pin
Min Period        n/a     DSP48E1/CLK  n/a            3.884         10.000      6.116      DSP48_X1Y40    top_spi/ADMM_solver/ADMM_solver_ADMM_solver_Pipeline_ADMM_IT_ZY_UPDATE_LOOP/ADMM_solver_dmul_64ns_64ns_64_7_max_dsp_1/ADMM_solver_dmul_64ns_64ns_64_7_max_dsp_1_ip/<hidden>/<hidden>/<hidden>/<hidden>/<hidden>/<hidden>
Low Pulse Width   Slow    RAMS64E/CLK  n/a            1.250         5.000       3.750      SLICE_X74Y141  dut/b_U/ram_reg_0_255_0_0/RAMS64E_A/CLK
High Pulse Width  Slow    RAMS64E/CLK  n/a            1.250         5.000       3.750      SLICE_X74Y141  dut/b_U/ram_reg_0_255_0_0/RAMS64E_A/CLK



