
*** Running vivado
    with args -log uart_forward_substitution_top.vdi -applog -m64 -product Vivado -messageDb vivado.pb -mode batch -source uart_forward_substitution_top.tcl -notrace


****** Vivado v2025.2 (64-bit)
  **** SW Build 6299465 on Fri Nov 14 12:34:56 MST 2025
  **** IP Build 6300035 on Fri Nov 14 10:48:45 MST 2025
  **** SharedData Build 6298862 on Thu Nov 13 04:50:51 MST 2025
  **** Start of session at: Wed Dec 10 17:26:44 2025
    ** Copyright 1986-2022 Xilinx, Inc. All Rights Reserved.
    ** Copyright 2022-2025 Advanced Micro Devices, Inc. All Rights Reserved.

source uart_forward_substitution_top.tcl -notrace
WARNING: [Common 17-1361] You have specified a new message control rule that is equivalent to an existing rule with attributes ' -id {17-179}  -suppress '. The existing rule will be replaced.
WARNING: [Common 17-1361] You have specified a new message control rule that is equivalent to an existing rule with attributes ' -id {17-179}  -suppress '. The existing rule will be replaced.
WARNING: [Common 17-1361] You have specified a new message control rule that is equivalent to an existing rule with attributes ' -id {17-179}  -suppress '. The existing rule will be replaced.
WARNING: [Common 17-1361] You have specified a new message control rule that is equivalent to an existing rule with attributes ' -id {17-179}  -suppress '. The existing rule will be replaced.
Command: link_design -top uart_forward_substitution_top -part xc7a100tcsg324-1
Design is defaulting to srcset: sources_1
Design is defaulting to constrset: constrs_1
INFO: [Device 21-403] Loading part xc7a100tcsg324-1
Netlist sorting complete. Time (s): cpu = 00:00:00.01 ; elapsed = 00:00:00.01 . Memory (MB): peak = 1797.688 ; gain = 0.000 ; free physical = 1914 ; free virtual = 8773
INFO: [Netlist 29-17] Analyzing 29 Unisim elements for replacement
INFO: [Netlist 29-28] Unisim Transformation completed in 0 CPU seconds
INFO: [Project 1-479] Netlist was created with Vivado 2025.2
INFO: [Project 1-570] Preparing netlist for logic optimization
Parsing XDC File [/home/andrea/uart_forward_subst/uart_forward_subst.srcs/constrs_1/new/design.xdc]
Finished Parsing XDC File [/home/andrea/uart_forward_subst/uart_forward_subst.srcs/constrs_1/new/design.xdc]
INFO: [Opt 31-138] Pushed 0 inverter(s) to 0 load pin(s).
Netlist sorting complete. Time (s): cpu = 00:00:00 ; elapsed = 00:00:00 . Memory (MB): peak = 1995.230 ; gain = 0.000 ; free physical = 1779 ; free virtual = 8639
INFO: [Project 1-111] Unisim Transformation Summary:
  A total of 7 instances were transformed.
  RAM32M => RAM32M (RAMD32(x6), RAMS32(x2)): 5 instances
  RAM32X1D => RAM32X1D (RAMD32(x2)): 2 instances

7 Infos, 4 Warnings, 0 Critical Warnings and 0 Errors encountered.
link_design completed successfully
Command: opt_design
Attempting to get a license for feature 'Implementation' and/or device 'xc7a100t'
INFO: [Common 17-349] Got license for feature 'Implementation' and/or device 'xc7a100t'
Running DRC as a precondition to command opt_design

Starting DRC Task
INFO: [DRC 23-27] Running DRC with 8 threads
INFO: [Project 1-461] DRC finished with 0 Errors
INFO: [Project 1-462] Please refer to the DRC report (report_drc) for more information.

Time (s): cpu = 00:00:01 ; elapsed = 00:00:00.44 . Memory (MB): peak = 2087.863 ; gain = 92.598 ; free physical = 1733 ; free virtual = 8592

Starting Cache Timing Information Task
INFO: [Timing 38-35] Done setting XDC timing constraints.
Ending Cache Timing Information Task | Checksum: 192ad1228

Time (s): cpu = 00:00:05 ; elapsed = 00:00:05 . Memory (MB): peak = 2477.754 ; gain = 389.891 ; free physical = 1292 ; free virtual = 8154

Starting Logic Optimization Task

Phase 1 Initialization

Phase 1.1 Core Generation And Design Setup
Phase 1.1 Core Generation And Design Setup | Checksum: 192ad1228

Time (s): cpu = 00:00:00 ; elapsed = 00:00:00.01 . Memory (MB): peak = 2853.473 ; gain = 0.000 ; free physical = 898 ; free virtual = 7761

Phase 1.2 Setup Constraints And Sort Netlist
Phase 1.2 Setup Constraints And Sort Netlist | Checksum: 192ad1228

Time (s): cpu = 00:00:00 ; elapsed = 00:00:00.01 . Memory (MB): peak = 2853.473 ; gain = 0.000 ; free physical = 898 ; free virtual = 7761
Phase 1 Initialization | Checksum: 192ad1228

Time (s): cpu = 00:00:00 ; elapsed = 00:00:00.01 . Memory (MB): peak = 2853.473 ; gain = 0.000 ; free physical = 898 ; free virtual = 7761

Phase 2 Timer Update And Timing Data Collection

Phase 2.1 Detect if minReqCache needed
Phase 2.1 Detect if minReqCache needed | Checksum: 192ad1228

Time (s): cpu = 00:00:00 ; elapsed = 00:00:00.02 . Memory (MB): peak = 2853.473 ; gain = 0.000 ; free physical = 898 ; free virtual = 7761

Phase 2.2 Timer Update
Phase 2.2 Timer Update | Checksum: 192ad1228

Time (s): cpu = 00:00:00.12 ; elapsed = 00:00:00.05 . Memory (MB): peak = 2853.473 ; gain = 0.000 ; free physical = 898 ; free virtual = 7761

Phase 2.3 Timing Data Collection
Phase 2.3 Timing Data Collection | Checksum: 192ad1228

Time (s): cpu = 00:00:00.12 ; elapsed = 00:00:00.05 . Memory (MB): peak = 2853.473 ; gain = 0.000 ; free physical = 898 ; free virtual = 7761
Phase 2 Timer Update And Timing Data Collection | Checksum: 192ad1228

Time (s): cpu = 00:00:00.12 ; elapsed = 00:00:00.05 . Memory (MB): peak = 2853.473 ; gain = 0.000 ; free physical = 898 ; free virtual = 7761

Phase 3 Retarget
INFO: [Opt 31-1851] Number of loadless carry chains removed were: 0
INFO: [Opt 31-1834] Total Chains To Be Transformed Were: 0 AND Number of Transformed insts Created are: 0
INFO: [Opt 31-138] Pushed 0 inverter(s) to 0 load pin(s).
INFO: [Opt 31-49] Retargeted 0 cell(s).
Phase 3 Retarget | Checksum: 192ad1228

Time (s): cpu = 00:00:00.14 ; elapsed = 00:00:00.07 . Memory (MB): peak = 2853.473 ; gain = 0.000 ; free physical = 898 ; free virtual = 7760
Retarget | Checksum: 192ad1228
INFO: [Opt 31-389] Phase Retarget created 0 cells and removed 0 cells

Phase 4 Constant propagation
INFO: [Opt 31-138] Pushed 0 inverter(s) to 0 load pin(s).
Phase 4 Constant propagation | Checksum: 1d94283ae

Time (s): cpu = 00:00:00.15 ; elapsed = 00:00:00.08 . Memory (MB): peak = 2853.473 ; gain = 0.000 ; free physical = 898 ; free virtual = 7760
Constant propagation | Checksum: 1d94283ae
INFO: [Opt 31-389] Phase Constant propagation created 0 cells and removed 0 cells

Phase 5 Sweep
INFO: [Constraints 18-11670] Building netlist checker database with flags, 0x8
Done building netlist checker database: Time (s): cpu = 00:00:00 ; elapsed = 00:00:00 . Memory (MB): peak = 2853.473 ; gain = 0.000 ; free physical = 898 ; free virtual = 7761
Phase 5 Sweep | Checksum: 23701b694

Time (s): cpu = 00:00:00.16 ; elapsed = 00:00:00.1 . Memory (MB): peak = 2853.473 ; gain = 0.000 ; free physical = 898 ; free virtual = 7761
Sweep | Checksum: 23701b694
INFO: [Opt 31-389] Phase Sweep created 0 cells and removed 0 cells

Phase 6 BUFG optimization
Phase 6 BUFG optimization | Checksum: 23701b694

Time (s): cpu = 00:00:00.19 ; elapsed = 00:00:00.12 . Memory (MB): peak = 2885.488 ; gain = 32.016 ; free physical = 898 ; free virtual = 7761
BUFG optimization | Checksum: 23701b694
INFO: [Opt 31-662] Phase BUFG optimization created 0 cells of which 0 are BUFGs and removed 0 cells.

Phase 7 Shift Register Optimization
INFO: [Opt 31-1064] SRL Remap converted 0 SRLs to 0 registers and converted 0 registers of register chains to 0 SRLs
Phase 7 Shift Register Optimization | Checksum: 23701b694

Time (s): cpu = 00:00:00.19 ; elapsed = 00:00:00.12 . Memory (MB): peak = 2885.488 ; gain = 32.016 ; free physical = 898 ; free virtual = 7761
Shift Register Optimization | Checksum: 23701b694
INFO: [Opt 31-389] Phase Shift Register Optimization created 0 cells and removed 0 cells

Phase 8 Post Processing Netlist
Phase 8 Post Processing Netlist | Checksum: 23701b694

Time (s): cpu = 00:00:00.19 ; elapsed = 00:00:00.12 . Memory (MB): peak = 2885.488 ; gain = 32.016 ; free physical = 897 ; free virtual = 7760
Post Processing Netlist | Checksum: 23701b694
INFO: [Opt 31-389] Phase Post Processing Netlist created 0 cells and removed 0 cells

Phase 9 Finalization

Phase 9.1 Finalizing Design Cores and Updating Shapes
Phase 9.1 Finalizing Design Cores and Updating Shapes | Checksum: 138ddf077

Time (s): cpu = 00:00:00.2 ; elapsed = 00:00:00.13 . Memory (MB): peak = 2885.488 ; gain = 32.016 ; free physical = 897 ; free virtual = 7760

Phase 9.2 Verifying Netlist Connectivity

Starting Connectivity Check Task

Time (s): cpu = 00:00:00 ; elapsed = 00:00:00 . Memory (MB): peak = 2885.488 ; gain = 0.000 ; free physical = 898 ; free virtual = 7761
Phase 9.2 Verifying Netlist Connectivity | Checksum: 138ddf077

Time (s): cpu = 00:00:00.2 ; elapsed = 00:00:00.14 . Memory (MB): peak = 2885.488 ; gain = 32.016 ; free physical = 898 ; free virtual = 7761
Phase 9 Finalization | Checksum: 138ddf077

Time (s): cpu = 00:00:00.2 ; elapsed = 00:00:00.14 . Memory (MB): peak = 2885.488 ; gain = 32.016 ; free physical = 898 ; free virtual = 7761
Opt_design Change Summary
=========================


-------------------------------------------------------------------------------------------------------------------------
|  Phase                        |  #Cells created  |  #Cells Removed  |  #Constrained objects preventing optimizations  |
-------------------------------------------------------------------------------------------------------------------------
|  Retarget                     |               0  |               0  |                                              0  |
|  Constant propagation         |               0  |               0  |                                              0  |
|  Sweep                        |               0  |               0  |                                              0  |
|  BUFG optimization            |               0  |               0  |                                              0  |
|  Shift Register Optimization  |               0  |               0  |                                              0  |
|  Post Processing Netlist      |               0  |               0  |                                              0  |
-------------------------------------------------------------------------------------------------------------------------


Ending Logic Optimization Task | Checksum: 138ddf077

Time (s): cpu = 00:00:00.2 ; elapsed = 00:00:00.14 . Memory (MB): peak = 2885.488 ; gain = 32.016 ; free physical = 898 ; free virtual = 7760

Starting Power Optimization Task
INFO: [Pwropt 34-132] Skipping clock gating for clocks with a period < 2.00 ns.
Ending Power Optimization Task | Checksum: 138ddf077

Time (s): cpu = 00:00:00 ; elapsed = 00:00:00 . Memory (MB): peak = 2885.488 ; gain = 0.000 ; free physical = 897 ; free virtual = 7760

Starting Final Cleanup Task
Ending Final Cleanup Task | Checksum: 138ddf077

Time (s): cpu = 00:00:00 ; elapsed = 00:00:00 . Memory (MB): peak = 2885.488 ; gain = 0.000 ; free physical = 897 ; free virtual = 7760
Netlist sorting complete. Time (s): cpu = 00:00:00 ; elapsed = 00:00:00 . Memory (MB): peak = 2885.488 ; gain = 0.000 ; free physical = 897 ; free virtual = 7760
INFO: [Common 17-83] Releasing license: Implementation
27 Infos, 4 Warnings, 0 Critical Warnings and 0 Errors encountered.
opt_design completed successfully
opt_design: Time (s): cpu = 00:00:09 ; elapsed = 00:00:09 . Memory (MB): peak = 2885.488 ; gain = 890.223 ; free physical = 897 ; free virtual = 7760
INFO: [Vivado 12-24828] Executing command : report_drc -file uart_forward_substitution_top_drc_opted.rpt -pb uart_forward_substitution_top_drc_opted.pb -rpx uart_forward_substitution_top_drc_opted.rpx
Command: report_drc -file uart_forward_substitution_top_drc_opted.rpt -pb uart_forward_substitution_top_drc_opted.pb -rpx uart_forward_substitution_top_drc_opted.rpx
INFO: [IP_Flow 19-234] Refreshing IP repositories
INFO: [IP_Flow 19-1704] No user IP repositories specified
INFO: [IP_Flow 19-2313] Loaded Vivado IP repository '/media/andrea/48a1bd03-3653-4c55-8d37-cd7d804e2212/amdfpga/2025.2/data/ip'.
INFO: [DRC 23-27] Running DRC with 8 threads
INFO: [Vivado_Tcl 2-168] The results of DRC are in file /home/andrea/uart_forward_subst/uart_forward_subst.runs/impl_1/uart_forward_substitution_top_drc_opted.rpt.
report_drc completed successfully
INFO: [Timing 38-480] Writing timing data to binary archive.
Wrote PlaceDB: Time (s): cpu = 00:00:00 ; elapsed = 00:00:00 . Memory (MB): peak = 2885.488 ; gain = 0.000 ; free physical = 881 ; free virtual = 7746
Wrote PulsedLatchDB: Time (s): cpu = 00:00:00 ; elapsed = 00:00:00 . Memory (MB): peak = 2885.488 ; gain = 0.000 ; free physical = 881 ; free virtual = 7746
Writing XDEF routing.
Write ShapeDB Complete: Time (s): cpu = 00:00:00 ; elapsed = 00:00:00 . Memory (MB): peak = 2885.488 ; gain = 0.000 ; free physical = 881 ; free virtual = 7746
Writing XDEF routing logical nets.
Writing XDEF routing special nets.
Wrote RouteStorage: Time (s): cpu = 00:00:00.04 ; elapsed = 00:00:00.01 . Memory (MB): peak = 2885.488 ; gain = 0.000 ; free physical = 882 ; free virtual = 7747
Wrote PlaceStorage: Time (s): cpu = 00:00:00.01 ; elapsed = 00:00:00 . Memory (MB): peak = 2885.488 ; gain = 0.000 ; free physical = 882 ; free virtual = 7747
Wrote Netlist Cache: Time (s): cpu = 00:00:00 ; elapsed = 00:00:00 . Memory (MB): peak = 2885.488 ; gain = 0.000 ; free physical = 882 ; free virtual = 7747
Wrote Device Cache: Time (s): cpu = 00:00:00 ; elapsed = 00:00:00 . Memory (MB): peak = 2885.488 ; gain = 0.000 ; free physical = 881 ; free virtual = 7747
Write Physdb Complete: Time (s): cpu = 00:00:00.06 ; elapsed = 00:00:00.02 . Memory (MB): peak = 2885.488 ; gain = 0.000 ; free physical = 881 ; free virtual = 7747
INFO: [Common 17-1381] The checkpoint '/home/andrea/uart_forward_subst/uart_forward_subst.runs/impl_1/uart_forward_substitution_top_opt.dcp' has been generated.
Command: place_design
Attempting to get a license for feature 'Implementation' and/or device 'xc7a100t'
INFO: [Common 17-349] Got license for feature 'Implementation' and/or device 'xc7a100t'
INFO: [Common 17-83] Releasing license: Implementation
INFO: [DRC 23-27] Running DRC with 8 threads
INFO: [Vivado_Tcl 4-198] DRC finished with 0 Errors
INFO: [Vivado_Tcl 4-199] Please refer to the DRC report (report_drc) for more information.
INFO: [Timing 38-35] Done setting XDC timing constraints.
Running DRC as a precondition to command place_design
INFO: [DRC 23-27] Running DRC with 8 threads
INFO: [Vivado_Tcl 4-198] DRC finished with 0 Errors
INFO: [Vivado_Tcl 4-199] Please refer to the DRC report (report_drc) for more information.
INFO: [Place 30-611] Multithreading enabled for place_design using a maximum of 8 CPUs

Starting Placer Task

Phase 1 Placer Initialization

Phase 1.1 Placer Initialization Netlist Sorting
Netlist sorting complete. Time (s): cpu = 00:00:00 ; elapsed = 00:00:00 . Memory (MB): peak = 2885.488 ; gain = 0.000 ; free physical = 869 ; free virtual = 7736
Phase 1.1 Placer Initialization Netlist Sorting | Checksum: bc56d480

Time (s): cpu = 00:00:00 ; elapsed = 00:00:00.01 . Memory (MB): peak = 2885.488 ; gain = 0.000 ; free physical = 869 ; free virtual = 7736
Netlist sorting complete. Time (s): cpu = 00:00:00 ; elapsed = 00:00:00 . Memory (MB): peak = 2885.488 ; gain = 0.000 ; free physical = 869 ; free virtual = 7736

Phase 1.2 IO Placement/ Clock Placement/ Build Placer Device
Phase 1.2 IO Placement/ Clock Placement/ Build Placer Device | Checksum: 1e545139d

Time (s): cpu = 00:00:00.57 ; elapsed = 00:00:00.33 . Memory (MB): peak = 2885.488 ; gain = 0.000 ; free physical = 865 ; free virtual = 7734

Phase 1.3 Build Placer Netlist Model
Phase 1.3 Build Placer Netlist Model | Checksum: 2383e4810

Time (s): cpu = 00:00:01 ; elapsed = 00:00:00.59 . Memory (MB): peak = 2924.531 ; gain = 39.043 ; free physical = 859 ; free virtual = 7730

Phase 1.4 Constrain Clocks/Macros
Phase 1.4 Constrain Clocks/Macros | Checksum: 2383e4810

Time (s): cpu = 00:00:01 ; elapsed = 00:00:00.6 . Memory (MB): peak = 2924.531 ; gain = 39.043 ; free physical = 859 ; free virtual = 7730
Phase 1 Placer Initialization | Checksum: 2383e4810

Time (s): cpu = 00:00:01 ; elapsed = 00:00:00.6 . Memory (MB): peak = 2924.531 ; gain = 39.043 ; free physical = 859 ; free virtual = 7730

Phase 2 Global Placement

Phase 2.1 Floorplanning
Phase 2.1 Floorplanning | Checksum: 236af2182

Time (s): cpu = 00:00:02 ; elapsed = 00:00:00.75 . Memory (MB): peak = 2924.531 ; gain = 39.043 ; free physical = 837 ; free virtual = 7708

Phase 2.2 Update Timing before SLR Path Opt
Phase 2.2 Update Timing before SLR Path Opt | Checksum: 2312ef90a

Time (s): cpu = 00:00:02 ; elapsed = 00:00:00.86 . Memory (MB): peak = 2924.531 ; gain = 39.043 ; free physical = 835 ; free virtual = 7707

Phase 2.3 Post-Processing in Floorplanning
Phase 2.3 Post-Processing in Floorplanning | Checksum: 2312ef90a

Time (s): cpu = 00:00:02 ; elapsed = 00:00:00.86 . Memory (MB): peak = 2924.531 ; gain = 39.043 ; free physical = 835 ; free virtual = 7707

Phase 2.4 Global Place Phase1
Phase 2.4 Global Place Phase1 | Checksum: 1fab216b0

Time (s): cpu = 00:00:06 ; elapsed = 00:00:02 . Memory (MB): peak = 2924.531 ; gain = 39.043 ; free physical = 769 ; free virtual = 7642

Phase 2.5 Global Place Phase2

Phase 2.5.1 UpdateTiming Before Physical Synthesis
Phase 2.5.1 UpdateTiming Before Physical Synthesis | Checksum: 26c70f4c0

Time (s): cpu = 00:00:06 ; elapsed = 00:00:02 . Memory (MB): peak = 2924.531 ; gain = 39.043 ; free physical = 785 ; free virtual = 7659

Phase 2.5.2 Physical Synthesis In Placer
INFO: [Physopt 32-1035] Found 0 LUTNM shape to break, 73 LUT instances to create LUTNM shape
INFO: [Physopt 32-1044] Break lutnm for timing: one critical 0, two critical 0, total 0, new lutff created 0
INFO: [Physopt 32-1138] End 1 Pass. Optimized 35 nets or LUTs. Breaked 0 LUT, combined 35 existing LUTs and moved 0 existing LUT
INFO: [Physopt 32-65] No nets found for high-fanout optimization.
INFO: [Physopt 32-232] Optimized 0 net. Created 0 new instance.
INFO: [Physopt 32-775] End 1 Pass. Optimized 0 net or cell. Created 0 new cell, deleted 0 existing cell and moved 0 existing cell
INFO: [Physopt 32-670] No setup violation found.  DSP Register Optimization was not performed.
INFO: [Physopt 32-670] No setup violation found.  Shift Register to Pipeline Optimization was not performed.
INFO: [Physopt 32-670] No setup violation found.  Shift Register Optimization was not performed.
INFO: [Physopt 32-670] No setup violation found.  BRAM Register Optimization was not performed.
INFO: [Physopt 32-670] No setup violation found.  URAM Register Optimization was not performed.
INFO: [Physopt 32-949] No candidate nets found for dynamic/static region interface net replication
INFO: [Physopt 32-775] End 1 Pass. Optimized 0 net or cell. Created 0 new cell, deleted 0 existing cell and moved 0 existing cell
Netlist sorting complete. Time (s): cpu = 00:00:00 ; elapsed = 00:00:00 . Memory (MB): peak = 2924.531 ; gain = 0.000 ; free physical = 779 ; free virtual = 7652

Summary of Physical Synthesis Optimizations
============================================


-----------------------------------------------------------------------------------------------------------------------------------------------------------
|  Optimization                                     |  Added Cells  |  Removed Cells  |  Optimized Cells/Nets  |  Dont Touch  |  Iterations  |  Elapsed   |
-----------------------------------------------------------------------------------------------------------------------------------------------------------
|  LUT Combining                                    |            0  |             35  |                    35  |           0  |           1  |  00:00:00  |
|  Retime                                           |            0  |              0  |                     0  |           0  |           1  |  00:00:00  |
|  Very High Fanout                                 |            0  |              0  |                     0  |           0  |           1  |  00:00:00  |
|  DSP Register                                     |            0  |              0  |                     0  |           0  |           0  |  00:00:00  |
|  Shift Register to Pipeline                       |            0  |              0  |                     0  |           0  |           0  |  00:00:00  |
|  Shift Register                                   |            0  |              0  |                     0  |           0  |           0  |  00:00:00  |
|  BRAM Register                                    |            0  |              0  |                     0  |           0  |           0  |  00:00:00  |
|  URAM Register                                    |            0  |              0  |                     0  |           0  |           0  |  00:00:00  |
|  Dynamic/Static Region Interface Net Replication  |            0  |              0  |                     0  |           0  |           1  |  00:00:00  |
|  Total                                            |            0  |             35  |                    35  |           0  |           4  |  00:00:00  |
-----------------------------------------------------------------------------------------------------------------------------------------------------------


Phase 2.5.2 Physical Synthesis In Placer | Checksum: 20e604a84

Time (s): cpu = 00:00:07 ; elapsed = 00:00:03 . Memory (MB): peak = 2924.531 ; gain = 39.043 ; free physical = 779 ; free virtual = 7652
Phase 2.5 Global Place Phase2 | Checksum: 1eee7b8cc

Time (s): cpu = 00:00:07 ; elapsed = 00:00:03 . Memory (MB): peak = 2924.531 ; gain = 39.043 ; free physical = 774 ; free virtual = 7647
Phase 2 Global Placement | Checksum: 1eee7b8cc

Time (s): cpu = 00:00:07 ; elapsed = 00:00:03 . Memory (MB): peak = 2924.531 ; gain = 39.043 ; free physical = 774 ; free virtual = 7647

Phase 3 Detail Placement

Phase 3.1 Commit Multi Column Macros
Phase 3.1 Commit Multi Column Macros | Checksum: 1bcd6f096

Time (s): cpu = 00:00:08 ; elapsed = 00:00:03 . Memory (MB): peak = 2924.531 ; gain = 39.043 ; free physical = 774 ; free virtual = 7648

Phase 3.2 Commit Most Macros & LUTRAMs
Phase 3.2 Commit Most Macros & LUTRAMs | Checksum: 2a735ffbc

Time (s): cpu = 00:00:08 ; elapsed = 00:00:03 . Memory (MB): peak = 2924.531 ; gain = 39.043 ; free physical = 775 ; free virtual = 7648

Phase 3.3 Area Swap Optimization
Phase 3.3 Area Swap Optimization | Checksum: 2014171b6

Time (s): cpu = 00:00:08 ; elapsed = 00:00:03 . Memory (MB): peak = 2924.531 ; gain = 39.043 ; free physical = 775 ; free virtual = 7648

Phase 3.4 Pipeline Register Optimization
Phase 3.4 Pipeline Register Optimization | Checksum: 2b7490002

Time (s): cpu = 00:00:08 ; elapsed = 00:00:03 . Memory (MB): peak = 2924.531 ; gain = 39.043 ; free physical = 775 ; free virtual = 7648

Phase 3.5 Small Shape Detail Placement
Phase 3.5 Small Shape Detail Placement | Checksum: 23c03130d

Time (s): cpu = 00:00:09 ; elapsed = 00:00:04 . Memory (MB): peak = 2924.531 ; gain = 39.043 ; free physical = 774 ; free virtual = 7648

Phase 3.6 Re-assign LUT pins
Phase 3.6 Re-assign LUT pins | Checksum: 1bb69c7e9

Time (s): cpu = 00:00:09 ; elapsed = 00:00:04 . Memory (MB): peak = 2924.531 ; gain = 39.043 ; free physical = 774 ; free virtual = 7647

Phase 3.7 Pipeline Register Optimization
Phase 3.7 Pipeline Register Optimization | Checksum: 1e9023a35

Time (s): cpu = 00:00:09 ; elapsed = 00:00:04 . Memory (MB): peak = 2924.531 ; gain = 39.043 ; free physical = 774 ; free virtual = 7647
Phase 3 Detail Placement | Checksum: 1e9023a35

Time (s): cpu = 00:00:09 ; elapsed = 00:00:04 . Memory (MB): peak = 2924.531 ; gain = 39.043 ; free physical = 774 ; free virtual = 7647

Phase 4 Post Placement Optimization and Clean-Up

Phase 4.1 Post Commit Optimization
INFO: [Timing 38-35] Done setting XDC timing constraints.

Phase 4.1.1 Post Placement Optimization
Post Placement Optimization Initialization | Checksum: 1cedf83ac

Phase 4.1.1.1 BUFG Insertion

Starting Physical Synthesis Task

Phase 1 Physical Synthesis Initialization
INFO: [Physopt 32-721] Multithreading enabled for phys_opt_design using a maximum of 8 CPUs
INFO: [Physopt 32-619] Estimated Timing Summary | WNS=1.643 | TNS=0.000 |
Phase 1 Physical Synthesis Initialization | Checksum: 1318b2bfe

Time (s): cpu = 00:00:00.09 ; elapsed = 00:00:00.03 . Memory (MB): peak = 2924.531 ; gain = 0.000 ; free physical = 749 ; free virtual = 7623
INFO: [Place 46-56] BUFG insertion identified 0 candidate nets. Inserted BUFG: 0, Replicated BUFG Driver: 0, Skipped due to Placement/Routing Conflicts: 0, Skipped due to Timing Degradation: 0, Skipped due to netlist editing failed: 0.
Ending Physical Synthesis Task | Checksum: 215091f70

Time (s): cpu = 00:00:00.1 ; elapsed = 00:00:00.04 . Memory (MB): peak = 2924.531 ; gain = 0.000 ; free physical = 747 ; free virtual = 7621
Phase 4.1.1.1 BUFG Insertion | Checksum: 1cedf83ac

Time (s): cpu = 00:00:10 ; elapsed = 00:00:04 . Memory (MB): peak = 2924.531 ; gain = 39.043 ; free physical = 750 ; free virtual = 7624

Phase 4.1.1.2 Post Placement Timing Optimization
INFO: [Place 30-746] Post Placement Timing Summary WNS=1.643. For the most accurate timing information please run report_timing.
Phase 4.1.1.2 Post Placement Timing Optimization | Checksum: 1fefcde58

Time (s): cpu = 00:00:10 ; elapsed = 00:00:04 . Memory (MB): peak = 2924.531 ; gain = 39.043 ; free physical = 751 ; free virtual = 7625

Time (s): cpu = 00:00:10 ; elapsed = 00:00:04 . Memory (MB): peak = 2924.531 ; gain = 39.043 ; free physical = 750 ; free virtual = 7624
Phase 4.1 Post Commit Optimization | Checksum: 1fefcde58

Time (s): cpu = 00:00:10 ; elapsed = 00:00:04 . Memory (MB): peak = 2924.531 ; gain = 39.043 ; free physical = 746 ; free virtual = 7621

Phase 4.2 Post Placement Cleanup
Phase 4.2 Post Placement Cleanup | Checksum: 1fefcde58

Time (s): cpu = 00:00:10 ; elapsed = 00:00:04 . Memory (MB): peak = 2924.531 ; gain = 39.043 ; free physical = 742 ; free virtual = 7616

Phase 4.3 Placer Reporting

Phase 4.3.1 Print Estimated Congestion
INFO: [Place 30-612] Post-Placement Estimated Congestion 
 ____________________________________________________
|           | Global Congestion | Short Congestion  |
| Direction | Region Size       | Region Size       |
|___________|___________________|___________________|
|      North|                1x1|                1x1|
|___________|___________________|___________________|
|      South|                1x1|                1x1|
|___________|___________________|___________________|
|       East|                1x1|                1x1|
|___________|___________________|___________________|
|       West|                1x1|                1x1|
|___________|___________________|___________________|

Phase 4.3.1 Print Estimated Congestion | Checksum: 1fefcde58

Time (s): cpu = 00:00:10 ; elapsed = 00:00:04 . Memory (MB): peak = 2924.531 ; gain = 39.043 ; free physical = 742 ; free virtual = 7616
Phase 4.3 Placer Reporting | Checksum: 1fefcde58

Time (s): cpu = 00:00:10 ; elapsed = 00:00:04 . Memory (MB): peak = 2924.531 ; gain = 39.043 ; free physical = 742 ; free virtual = 7616

Phase 4.4 Final Placement Cleanup
Netlist sorting complete. Time (s): cpu = 00:00:00 ; elapsed = 00:00:00 . Memory (MB): peak = 2924.531 ; gain = 0.000 ; free physical = 742 ; free virtual = 7616

Time (s): cpu = 00:00:10 ; elapsed = 00:00:04 . Memory (MB): peak = 2924.531 ; gain = 39.043 ; free physical = 742 ; free virtual = 7616
Phase 4 Post Placement Optimization and Clean-Up | Checksum: 203c83805

Time (s): cpu = 00:00:10 ; elapsed = 00:00:04 . Memory (MB): peak = 2924.531 ; gain = 39.043 ; free physical = 742 ; free virtual = 7616
Ending Placer Task | Checksum: 19d4d5d26

Time (s): cpu = 00:00:10 ; elapsed = 00:00:04 . Memory (MB): peak = 2924.531 ; gain = 39.043 ; free physical = 742 ; free virtual = 7616
64 Infos, 4 Warnings, 0 Critical Warnings and 0 Errors encountered.
place_design completed successfully
INFO: [Vivado 12-24838] Running report commands "report_control_sets, report_io, report_utilization" in parallel.
Running report generation with 3 threads.
INFO: [Vivado 12-24828] Executing command : report_control_sets -verbose -file uart_forward_substitution_top_control_sets_placed.rpt
report_control_sets: Time (s): cpu = 00:00:00.08 ; elapsed = 00:00:00.11 . Memory (MB): peak = 2924.531 ; gain = 0.000 ; free physical = 741 ; free virtual = 7620
INFO: [Vivado 12-24828] Executing command : report_utilization -file uart_forward_substitution_top_utilization_placed.rpt -pb uart_forward_substitution_top_utilization_placed.pb
INFO: [Vivado 12-24828] Executing command : report_io -file uart_forward_substitution_top_io_placed.rpt
report_io: Time (s): cpu = 00:00:00.16 ; elapsed = 00:00:00.25 . Memory (MB): peak = 2924.531 ; gain = 0.000 ; free physical = 742 ; free virtual = 7621
INFO: [Timing 38-480] Writing timing data to binary archive.
Wrote PlaceDB: Time (s): cpu = 00:00:00 ; elapsed = 00:00:00 . Memory (MB): peak = 2924.531 ; gain = 0.000 ; free physical = 742 ; free virtual = 7621
Wrote PulsedLatchDB: Time (s): cpu = 00:00:00 ; elapsed = 00:00:00 . Memory (MB): peak = 2924.531 ; gain = 0.000 ; free physical = 742 ; free virtual = 7621
Writing XDEF routing.
Write ShapeDB Complete: Time (s): cpu = 00:00:00 ; elapsed = 00:00:00.01 . Memory (MB): peak = 2924.531 ; gain = 0.000 ; free physical = 742 ; free virtual = 7621
Writing XDEF routing logical nets.
Writing XDEF routing special nets.
Wrote RouteStorage: Time (s): cpu = 00:00:00.05 ; elapsed = 00:00:00.01 . Memory (MB): peak = 2924.531 ; gain = 0.000 ; free physical = 741 ; free virtual = 7620
Wrote PlaceStorage: Time (s): cpu = 00:00:00.1 ; elapsed = 00:00:00.04 . Memory (MB): peak = 2924.531 ; gain = 0.000 ; free physical = 741 ; free virtual = 7621
Wrote Netlist Cache: Time (s): cpu = 00:00:00 ; elapsed = 00:00:00 . Memory (MB): peak = 2924.531 ; gain = 0.000 ; free physical = 741 ; free virtual = 7621
Wrote Device Cache: Time (s): cpu = 00:00:00.01 ; elapsed = 00:00:00.01 . Memory (MB): peak = 2924.531 ; gain = 0.000 ; free physical = 741 ; free virtual = 7621
Write Physdb Complete: Time (s): cpu = 00:00:00.16 ; elapsed = 00:00:00.07 . Memory (MB): peak = 2924.531 ; gain = 0.000 ; free physical = 741 ; free virtual = 7621
INFO: [Common 17-1381] The checkpoint '/home/andrea/uart_forward_subst/uart_forward_subst.runs/impl_1/uart_forward_substitution_top_placed.dcp' has been generated.
Command: phys_opt_design
Attempting to get a license for feature 'Implementation' and/or device 'xc7a100t'
INFO: [Common 17-349] Got license for feature 'Implementation' and/or device 'xc7a100t'

Starting Initial Update Timing Task

Time (s): cpu = 00:00:00.48 ; elapsed = 00:00:00.12 . Memory (MB): peak = 2924.531 ; gain = 0.000 ; free physical = 728 ; free virtual = 7607
INFO: [Vivado_Tcl 4-2279] Estimated Timing Summary | WNS= 1.643 | TNS= 0.000 | 
INFO: [Vivado_Tcl 4-383] Design worst setup slack (WNS) is greater than or equal to 0.000 ns. All physical synthesis setup optimizations will be skipped.
INFO: [Vivado_Tcl 4-232] No setup violation found. The netlist was not modified.
INFO: [Common 17-83] Releasing license: Implementation
75 Infos, 4 Warnings, 0 Critical Warnings and 0 Errors encountered.
phys_opt_design completed successfully
INFO: [Timing 38-480] Writing timing data to binary archive.
Wrote PlaceDB: Time (s): cpu = 00:00:00 ; elapsed = 00:00:00 . Memory (MB): peak = 2924.531 ; gain = 0.000 ; free physical = 728 ; free virtual = 7607
Wrote PulsedLatchDB: Time (s): cpu = 00:00:00 ; elapsed = 00:00:00 . Memory (MB): peak = 2924.531 ; gain = 0.000 ; free physical = 728 ; free virtual = 7607
Writing XDEF routing.
Write ShapeDB Complete: Time (s): cpu = 00:00:00.01 ; elapsed = 00:00:00 . Memory (MB): peak = 2924.531 ; gain = 0.000 ; free physical = 728 ; free virtual = 7607
Writing XDEF routing logical nets.
Writing XDEF routing special nets.
Wrote RouteStorage: Time (s): cpu = 00:00:00.05 ; elapsed = 00:00:00.01 . Memory (MB): peak = 2924.531 ; gain = 0.000 ; free physical = 728 ; free virtual = 7607
Wrote PlaceStorage: Time (s): cpu = 00:00:00.1 ; elapsed = 00:00:00.04 . Memory (MB): peak = 2924.531 ; gain = 0.000 ; free physical = 728 ; free virtual = 7608
Wrote Netlist Cache: Time (s): cpu = 00:00:00 ; elapsed = 00:00:00 . Memory (MB): peak = 2924.531 ; gain = 0.000 ; free physical = 728 ; free virtual = 7608
Wrote Device Cache: Time (s): cpu = 00:00:00.01 ; elapsed = 00:00:00.01 . Memory (MB): peak = 2924.531 ; gain = 0.000 ; free physical = 728 ; free virtual = 7609
Write Physdb Complete: Time (s): cpu = 00:00:00.18 ; elapsed = 00:00:00.06 . Memory (MB): peak = 2924.531 ; gain = 0.000 ; free physical = 727 ; free virtual = 7608
INFO: [Common 17-1381] The checkpoint '/home/andrea/uart_forward_subst/uart_forward_subst.runs/impl_1/uart_forward_substitution_top_physopt.dcp' has been generated.
Command: route_design
Attempting to get a license for feature 'Implementation' and/or device 'xc7a100t'
INFO: [Common 17-349] Got license for feature 'Implementation' and/or device 'xc7a100t'


Starting Routing Task
INFO: [Route 35-254] Multithreading enabled for route_design using a maximum of 8 CPUs

Phase 1 Build RT Design
Checksum: PlaceDB: 6809140f ConstDB: 0 ShapeSum: 8371e981 RouteDB: b1d25f96
Post Restoration Checksum: NetGraph: 385a64c7 | NumContArr: 519e3342 | Constraints: c2a8fa9d | Timing: c2a8fa9d
Phase 1 Build RT Design | Checksum: 20f4a8d43

Time (s): cpu = 00:00:29 ; elapsed = 00:00:25 . Memory (MB): peak = 2924.531 ; gain = 0.000 ; free physical = 802 ; free virtual = 7656

Phase 2 Router Initialization

Phase 2.1 Fix Topology Constraints
Phase 2.1 Fix Topology Constraints | Checksum: 20f4a8d43

Time (s): cpu = 00:00:29 ; elapsed = 00:00:25 . Memory (MB): peak = 2924.531 ; gain = 0.000 ; free physical = 802 ; free virtual = 7656

Phase 2.2 Pre Route Cleanup
Phase 2.2 Pre Route Cleanup | Checksum: 20f4a8d43

Time (s): cpu = 00:00:29 ; elapsed = 00:00:25 . Memory (MB): peak = 2924.531 ; gain = 0.000 ; free physical = 800 ; free virtual = 7654
 Number of Nodes with overlaps = 0

Phase 2.3 Update Timing
Phase 2.3 Update Timing | Checksum: 22ec72c7d

Time (s): cpu = 00:00:30 ; elapsed = 00:00:26 . Memory (MB): peak = 2924.531 ; gain = 0.000 ; free physical = 827 ; free virtual = 7677
INFO: [Route 35-416] Intermediate Timing Summary | WNS=1.659  | TNS=0.000  | WHS=-0.148 | THS=-19.942|


Phase 2.4 Soft Constraint Pins - Fast Budgeting
Phase 2.4 Soft Constraint Pins - Fast Budgeting | Checksum: 1e9b0fd76

Time (s): cpu = 00:00:31 ; elapsed = 00:00:26 . Memory (MB): peak = 2924.531 ; gain = 0.000 ; free physical = 829 ; free virtual = 7679

Router Utilization Summary
  Global Vertical Routing Utilization    = 0 %
  Global Horizontal Routing Utilization  = 0 %
  Routable Net Status*
  *Does not include unroutable nets such as driverless and loadless.
  Run report_route_status for detailed report.
  Number of Failed Nets               = 1273
    (Failed Nets is the sum of unrouted and partially routed nets)
  Number of Unrouted Nets             = 1273
  Number of Partially Routed Nets     = 0
  Number of Node Overlaps             = 0

Phase 2 Router Initialization | Checksum: 2338c5ab2

Time (s): cpu = 00:00:31 ; elapsed = 00:00:26 . Memory (MB): peak = 2924.531 ; gain = 0.000 ; free physical = 817 ; free virtual = 7666

Phase 3 Global Routing
Phase 3 Global Routing | Checksum: 2338c5ab2

Time (s): cpu = 00:00:31 ; elapsed = 00:00:26 . Memory (MB): peak = 2924.531 ; gain = 0.000 ; free physical = 817 ; free virtual = 7666

Phase 4 Initial Routing

Phase 4.1 Initial Net Routing Pass
Phase 4.1 Initial Net Routing Pass | Checksum: 327f175a2

Time (s): cpu = 00:00:31 ; elapsed = 00:00:26 . Memory (MB): peak = 2924.531 ; gain = 0.000 ; free physical = 816 ; free virtual = 7666
Phase 4 Initial Routing | Checksum: 327f175a2

Time (s): cpu = 00:00:31 ; elapsed = 00:00:26 . Memory (MB): peak = 2924.531 ; gain = 0.000 ; free physical = 816 ; free virtual = 7666

Phase 5 Rip-up And Reroute

Phase 5.1 Global Iteration 0
 Number of Nodes with overlaps = 73
 Number of Nodes with overlaps = 4
 Number of Nodes with overlaps = 0
INFO: [Route 35-416] Intermediate Timing Summary | WNS=1.383  | TNS=0.000  | WHS=N/A    | THS=N/A    |

Phase 5.1 Global Iteration 0 | Checksum: 27c2b7ce4

Time (s): cpu = 00:00:32 ; elapsed = 00:00:26 . Memory (MB): peak = 2924.531 ; gain = 0.000 ; free physical = 808 ; free virtual = 7658

Phase 5.2 Global Iteration 1
 Number of Nodes with overlaps = 0
INFO: [Route 35-416] Intermediate Timing Summary | WNS=1.383  | TNS=0.000  | WHS=N/A    | THS=N/A    |

Phase 5.2 Global Iteration 1 | Checksum: 15e2e16c5

Time (s): cpu = 00:00:32 ; elapsed = 00:00:26 . Memory (MB): peak = 2924.531 ; gain = 0.000 ; free physical = 808 ; free virtual = 7658
Phase 5 Rip-up And Reroute | Checksum: 15e2e16c5

Time (s): cpu = 00:00:32 ; elapsed = 00:00:26 . Memory (MB): peak = 2924.531 ; gain = 0.000 ; free physical = 808 ; free virtual = 7658

Phase 6 Delay and Skew Optimization

Phase 6.1 Delay CleanUp

Phase 6.1.1 Update Timing
Phase 6.1.1 Update Timing | Checksum: 1c47b2bcc

Time (s): cpu = 00:00:32 ; elapsed = 00:00:26 . Memory (MB): peak = 2924.531 ; gain = 0.000 ; free physical = 808 ; free virtual = 7657
INFO: [Route 35-416] Intermediate Timing Summary | WNS=1.462  | TNS=0.000  | WHS=N/A    | THS=N/A    |

Phase 6.1 Delay CleanUp | Checksum: 1c47b2bcc

Time (s): cpu = 00:00:32 ; elapsed = 00:00:26 . Memory (MB): peak = 2924.531 ; gain = 0.000 ; free physical = 808 ; free virtual = 7657

Phase 6.2 Clock Skew Optimization
Phase 6.2 Clock Skew Optimization | Checksum: 1c47b2bcc

Time (s): cpu = 00:00:32 ; elapsed = 00:00:26 . Memory (MB): peak = 2924.531 ; gain = 0.000 ; free physical = 808 ; free virtual = 7657
Phase 6 Delay and Skew Optimization | Checksum: 1c47b2bcc

Time (s): cpu = 00:00:32 ; elapsed = 00:00:26 . Memory (MB): peak = 2924.531 ; gain = 0.000 ; free physical = 808 ; free virtual = 7657

Phase 7 Post Hold Fix

Phase 7.1 Hold Fix Iter
INFO: [Route 35-416] Intermediate Timing Summary | WNS=1.462  | TNS=0.000  | WHS=0.058  | THS=0.000  |

Phase 7.1 Hold Fix Iter | Checksum: 19af0cc4c

Time (s): cpu = 00:00:33 ; elapsed = 00:00:26 . Memory (MB): peak = 2924.531 ; gain = 0.000 ; free physical = 814 ; free virtual = 7661
Phase 7 Post Hold Fix | Checksum: 19af0cc4c

Time (s): cpu = 00:00:33 ; elapsed = 00:00:26 . Memory (MB): peak = 2924.531 ; gain = 0.000 ; free physical = 814 ; free virtual = 7661

Phase 8 Route finalize

Router Utilization Summary
  Global Vertical Routing Utilization    = 0.161509 %
  Global Horizontal Routing Utilization  = 0.199986 %
  Routable Net Status*
  *Does not include unroutable nets such as driverless and loadless.
  Run report_route_status for detailed report.
  Number of Failed Nets               = 0
    (Failed Nets is the sum of unrouted and partially routed nets)
  Number of Unrouted Nets             = 0
  Number of Partially Routed Nets     = 0
  Number of Node Overlaps             = 0

Phase 8 Route finalize | Checksum: 19af0cc4c

Time (s): cpu = 00:00:33 ; elapsed = 00:00:27 . Memory (MB): peak = 2924.531 ; gain = 0.000 ; free physical = 823 ; free virtual = 7667

Phase 9 Verifying routed nets

 Verification completed successfully
Phase 9 Verifying routed nets | Checksum: 19af0cc4c

Time (s): cpu = 00:00:33 ; elapsed = 00:00:27 . Memory (MB): peak = 2924.531 ; gain = 0.000 ; free physical = 826 ; free virtual = 7666

Phase 10 Depositing Routes
Phase 10 Depositing Routes | Checksum: 2147d5316

Time (s): cpu = 00:00:33 ; elapsed = 00:00:27 . Memory (MB): peak = 2924.531 ; gain = 0.000 ; free physical = 833 ; free virtual = 7667

Phase 11 Post Process Routing
Phase 11 Post Process Routing | Checksum: 2147d5316

Time (s): cpu = 00:00:33 ; elapsed = 00:00:27 . Memory (MB): peak = 2924.531 ; gain = 0.000 ; free physical = 833 ; free virtual = 7667

Phase 12 Post Router Timing
INFO: [Route 35-57] Estimated Timing Summary | WNS=1.462  | TNS=0.000  | WHS=0.058  | THS=0.000  |

INFO: [Route 35-327] The final timing numbers are based on the router estimated timing analysis. For a complete and accurate timing signoff, please run report_timing_summary.
Phase 12 Post Router Timing | Checksum: 2147d5316

Time (s): cpu = 00:00:33 ; elapsed = 00:00:27 . Memory (MB): peak = 2924.531 ; gain = 0.000 ; free physical = 833 ; free virtual = 7667
Total Elapsed time in route_design: 26.6 secs

Phase 13 Post-Route Event Processing
Phase 13 Post-Route Event Processing | Checksum: 196a3dea1

Time (s): cpu = 00:00:33 ; elapsed = 00:00:27 . Memory (MB): peak = 2924.531 ; gain = 0.000 ; free physical = 833 ; free virtual = 7667
INFO: [Route 35-16] Router Completed Successfully
Ending Routing Task | Checksum: 196a3dea1

Time (s): cpu = 00:00:33 ; elapsed = 00:00:27 . Memory (MB): peak = 2924.531 ; gain = 0.000 ; free physical = 833 ; free virtual = 7667

Routing Is Done.
INFO: [Common 17-83] Releasing license: Implementation
88 Infos, 4 Warnings, 0 Critical Warnings and 0 Errors encountered.
route_design completed successfully
route_design: Time (s): cpu = 00:00:33 ; elapsed = 00:00:27 . Memory (MB): peak = 2924.531 ; gain = 0.000 ; free physical = 833 ; free virtual = 7667
INFO: [Vivado 12-24828] Executing command : report_drc -file uart_forward_substitution_top_drc_routed.rpt -pb uart_forward_substitution_top_drc_routed.pb -rpx uart_forward_substitution_top_drc_routed.rpx
Command: report_drc -file uart_forward_substitution_top_drc_routed.rpt -pb uart_forward_substitution_top_drc_routed.pb -rpx uart_forward_substitution_top_drc_routed.rpx
INFO: [IP_Flow 19-1839] IP Catalog is up to date.
INFO: [DRC 23-27] Running DRC with 8 threads
INFO: [Vivado_Tcl 2-168] The results of DRC are in file /home/andrea/uart_forward_subst/uart_forward_subst.runs/impl_1/uart_forward_substitution_top_drc_routed.rpt.
report_drc completed successfully
INFO: [Vivado 12-24828] Executing command : report_methodology -file uart_forward_substitution_top_methodology_drc_routed.rpt -pb uart_forward_substitution_top_methodology_drc_routed.pb -rpx uart_forward_substitution_top_methodology_drc_routed.rpx
Command: report_methodology -file uart_forward_substitution_top_methodology_drc_routed.rpt -pb uart_forward_substitution_top_methodology_drc_routed.pb -rpx uart_forward_substitution_top_methodology_drc_routed.rpx
INFO: [Timing 38-35] Done setting XDC timing constraints.
INFO: [DRC 23-133] Running Methodology with 8 threads
INFO: [Vivado_Tcl 2-1520] The results of Report Methodology are in file /home/andrea/uart_forward_subst/uart_forward_subst.runs/impl_1/uart_forward_substitution_top_methodology_drc_routed.rpt.
report_methodology completed successfully
INFO: [Vivado 12-24828] Executing command : report_timing_summary -max_paths 10 -routable_nets -report_unconstrained -file uart_forward_substitution_top_timing_summary_routed.rpt -pb uart_forward_substitution_top_timing_summary_routed.pb -rpx uart_forward_substitution_top_timing_summary_routed.rpx -warn_on_violation 
INFO: [Timing 38-35] Done setting XDC timing constraints.
INFO: [Timing 38-91] UpdateTimingParams: Speed grade: -1, Delay Type: min_max.
INFO: [Timing 38-191] Multithreading enabled for timing update using a maximum of 8 CPUs
INFO: [Vivado 12-24838] Running report commands "report_bus_skew, report_incremental_reuse, report_route_status" in parallel.
Running report generation with 3 threads.
INFO: [Vivado 12-24828] Executing command : report_incremental_reuse -file uart_forward_substitution_top_incremental_reuse_routed.rpt
INFO: [Vivado_Tcl 4-1062] Incremental flow is disabled. No incremental reuse Info to report.
INFO: [Vivado 12-24828] Executing command : report_route_status -file uart_forward_substitution_top_route_status.rpt -pb uart_forward_substitution_top_route_status.pb
INFO: [Vivado 12-24828] Executing command : report_bus_skew -warn_on_violation -file uart_forward_substitution_top_bus_skew_routed.rpt -pb uart_forward_substitution_top_bus_skew_routed.pb -rpx uart_forward_substitution_top_bus_skew_routed.rpx
INFO: [Timing 38-91] UpdateTimingParams: Speed grade: -1, Delay Type: min_max.
INFO: [Timing 38-191] Multithreading enabled for timing update using a maximum of 8 CPUs
INFO: [Vivado 12-24828] Executing command : report_power -file uart_forward_substitution_top_power_routed.rpt -pb uart_forward_substitution_top_power_summary_routed.pb -rpx uart_forward_substitution_top_power_routed.rpx
Command: report_power -file uart_forward_substitution_top_power_routed.rpt -pb uart_forward_substitution_top_power_summary_routed.pb -rpx uart_forward_substitution_top_power_routed.rpx
Running Vector-less Activity Propagation...

Finished Running Vector-less Activity Propagation
108 Infos, 4 Warnings, 0 Critical Warnings and 0 Errors encountered.
report_power completed successfully
INFO: [Vivado 12-24828] Executing command : report_clock_utilization -file uart_forward_substitution_top_clock_utilization_routed.rpt
INFO: [Timing 38-480] Writing timing data to binary archive.
Wrote PlaceDB: Time (s): cpu = 00:00:00 ; elapsed = 00:00:00 . Memory (MB): peak = 2932.535 ; gain = 0.000 ; free physical = 1003 ; free virtual = 7843
Wrote PulsedLatchDB: Time (s): cpu = 00:00:00 ; elapsed = 00:00:00 . Memory (MB): peak = 2932.535 ; gain = 0.000 ; free physical = 1003 ; free virtual = 7843
Writing XDEF routing.
Write ShapeDB Complete: Time (s): cpu = 00:00:00 ; elapsed = 00:00:00 . Memory (MB): peak = 2932.535 ; gain = 0.000 ; free physical = 1003 ; free virtual = 7843
Writing XDEF routing logical nets.
Writing XDEF routing special nets.
Wrote RouteStorage: Time (s): cpu = 00:00:00.11 ; elapsed = 00:00:00.03 . Memory (MB): peak = 2932.535 ; gain = 0.000 ; free physical = 999 ; free virtual = 7839
Wrote PlaceStorage: Time (s): cpu = 00:00:00.1 ; elapsed = 00:00:00.04 . Memory (MB): peak = 2932.535 ; gain = 0.000 ; free physical = 994 ; free virtual = 7835
Wrote Netlist Cache: Time (s): cpu = 00:00:00.01 ; elapsed = 00:00:00 . Memory (MB): peak = 2932.535 ; gain = 0.000 ; free physical = 994 ; free virtual = 7835
Wrote Device Cache: Time (s): cpu = 00:00:00 ; elapsed = 00:00:00.01 . Memory (MB): peak = 2932.535 ; gain = 0.000 ; free physical = 994 ; free virtual = 7835
Write Physdb Complete: Time (s): cpu = 00:00:00.25 ; elapsed = 00:00:00.08 . Memory (MB): peak = 2932.535 ; gain = 0.000 ; free physical = 994 ; free virtual = 7835
INFO: [Common 17-1381] The checkpoint '/home/andrea/uart_forward_subst/uart_forward_subst.runs/impl_1/uart_forward_substitution_top_routed.dcp' has been generated.
Command: write_bitstream -force uart_forward_substitution_top.bit
Attempting to get a license for feature 'Implementation' and/or device 'xc7a100t'
INFO: [Common 17-349] Got license for feature 'Implementation' and/or device 'xc7a100t'
Running DRC as a precondition to command write_bitstream
INFO: [IP_Flow 19-1839] IP Catalog is up to date.
INFO: [DRC 23-27] Running DRC with 8 threads
INFO: [Vivado 12-3199] DRC finished with 0 Errors
INFO: [Vivado 12-3200] Please refer to the DRC report (report_drc) for more information.
Integrating Hard IP ELF/MEM with the PDI.
INFO: [Designutils 20-2272] Running write_bitstream with 8 threads.
Loading data files...
Loading site data...
Loading route data...
Processing options...
Creating bitmap...
Creating bitstream...
Writing bitstream ./uart_forward_substitution_top.bit...
INFO: [Vivado 12-1842] Bitgen Completed Successfully.
INFO: [Common 17-83] Releasing license: Implementation
119 Infos, 4 Warnings, 0 Critical Warnings and 0 Errors encountered.
write_bitstream completed successfully
write_bitstream: Time (s): cpu = 00:00:13 ; elapsed = 00:00:13 . Memory (MB): peak = 3128.320 ; gain = 195.785 ; free physical = 729 ; free virtual = 7565
INFO: [Common 17-206] Exiting Vivado at Wed Dec 10 17:27:54 2025...
