Copyright 1986-2022 Xilinx, Inc. All Rights Reserved. Copyright 2022-2025 Advanced Micro Devices, Inc. All Rights Reserved.
---------------------------------------------------------------------------------------------------------------------------------------------
| Tool Version : Vivado v.2025.2 (lin64) Build 6299465 Fri Nov 14 12:34:56 MST 2025
| Date         : Wed Dec 10 17:27:10 2025
| Host         : ag-think running 64-bit Debian GNU/Linux 12 (bookworm)
| Command      : report_control_sets -verbose -file uart_forward_substitution_top_control_sets_placed.rpt
| Design       : uart_forward_substitution_top
| Device       : xc7a100t
---------------------------------------------------------------------------------------------------------------------------------------------

Control Set Information

Table of Contents
-----------------
1. Summary
2. Histogram
3. Flip-Flop Distribution
4. Detailed Control Set Information

1. Summary
----------

+----------------------------------------------------------+-------+
|                          Status                          | Count |
+----------------------------------------------------------+-------+
| Total control sets                                       |    35 |
|    Minimum number of control sets                        |    35 |
|    Addition due to synthesis replication                 |     0 |
|    Addition due to physical synthesis replication        |     0 |
| Unused register locations in slices containing registers |    60 |
+----------------------------------------------------------+-------+
* Control sets can be merged at opt_design using control_set_merge or merge_equivalent_drivers
** Run report_qor_suggestions for automated merging and remapping suggestions


2. Histogram
------------

+--------------------+-------+
|       Fanout       | Count |
+--------------------+-------+
| Total control sets |    35 |
| >= 0 to < 4        |     1 |
| >= 4 to < 6        |     6 |
| >= 6 to < 8        |     1 |
| >= 8 to < 10       |     6 |
| >= 10 to < 12      |     3 |
| >= 12 to < 14      |     0 |
| >= 14 to < 16      |     0 |
| >= 16              |    18 |
+--------------------+-------+
* Control sets can be remapped at either synth_design or opt_design


3. Flip-Flop Distribution
-------------------------

+--------------+-----------------------+------------------------+-----------------+--------------+
| Clock Enable | Synchronous Set/Reset | Asynchronous Set/Reset | Total Registers | Total Slices |
+--------------+-----------------------+------------------------+-----------------+--------------+
| No           | No                    | No                     |               5 |            2 |
| No           | No                    | Yes                    |               0 |            0 |
| No           | Yes                   | No                     |              27 |           10 |
| Yes          | No                    | No                     |             222 |           65 |
| Yes          | No                    | Yes                    |               0 |            0 |
| Yes          | Yes                   | No                     |             494 |          141 |
+--------------+-----------------------+------------------------+-----------------+--------------+


4. Detailed Control Set Information
-----------------------------------

+----------------+-------------------------------------+----------------------------------------+------------------+----------------+--------------+
|  Clock Signal  |            Enable Signal            |            Set/Reset Signal            | Slice Load Count | Bel Load Count | Bels / Slice |
+----------------+-------------------------------------+----------------------------------------+------------------+----------------+--------------+
|  clk_IBUF_BUFG | i_uart_tx/txd_reg_i_2_n_4           | i_uart_tx/txd_reg_i_1_n_4              |                1 |              1 |         1.00 |
|  clk_IBUF_BUFG | i_uart_rx/rx_word_count_reg[3][0]   | i_uart_rx/SR[0]                        |                1 |              4 |         4.00 |
|  clk_IBUF_BUFG | dut/icmp_ln19_reg_329_reg[0]_0      | i_uart_rx/SR[0]                        |                2 |              4 |         2.00 |
|  clk_IBUF_BUFG | i_uart_tx/bit_counter[3]_i_2__0_n_4 | i_uart_tx/bit_counter[3]_i_1__0_n_4    |                1 |              4 |         4.00 |
|  clk_IBUF_BUFG | i_uart_rx/next_bit                  | i_uart_rx/bit_counter[3]_i_1_n_4       |                1 |              4 |         4.00 |
|  clk_IBUF_BUFG | i_uart_rx/E[0]                      | i_uart_rx/SR[0]                        |                1 |              5 |         5.00 |
|  clk_IBUF_BUFG |                                     |                                        |                2 |              5 |         2.50 |
|  clk_IBUF_BUFG | i_uart_tx/data_to_send[6]_i_1_n_4   | i_uart_rx/SR[0]                        |                2 |              7 |         3.50 |
|  clk_IBUF_BUFG | i_uart_rx/recieved_data0            | i_uart_rx/recieved_data[7]_i_1_n_4     |                2 |              8 |         4.00 |
|  clk_IBUF_BUFG | i_uart_rx/uart_rx_data[7]_i_1_n_4   | i_uart_rx/SR[0]                        |                2 |              8 |         4.00 |
|  clk_IBUF_BUFG | i_uart_rx/rx_byte_count_reg[1][0]   | i_uart_rx/SR[0]                        |                2 |              8 |         4.00 |
|  clk_IBUF_BUFG | i_uart_rx/rx_byte_count_reg[1][1]   | i_uart_rx/SR[0]                        |                1 |              8 |         8.00 |
|  clk_IBUF_BUFG | i_uart_rx/rx_byte_count_reg[1][2]   | i_uart_rx/SR[0]                        |                2 |              8 |         4.00 |
|  clk_IBUF_BUFG | i_uart_tx/E[0]                      | i_uart_rx/SR[0]                        |                3 |              8 |         2.67 |
|  clk_IBUF_BUFG | i_uart_rx/cycle_counter0            | i_uart_rx/cycle_counter[10]_i_1__0_n_4 |                3 |             11 |         3.67 |
|  clk_IBUF_BUFG | i_uart_tx/txd_reg_i_2_n_4           | i_uart_tx/cycle_counter[10]_i_1_n_4    |                3 |             11 |         3.67 |
|  clk_IBUF_BUFG | dut/p_ZL5L_row_1_U/E[0]             | dut/p_ZL5L_row_0_U/i_fu_58_reg[3]      |                2 |             11 |         5.50 |
|  clk_IBUF_BUFG |                                     | i_uart_rx/SR[0]                        |               10 |             27 |         2.70 |
|  clk_IBUF_BUFG | i_uart_rx/rx_word_count_reg[2]_1[0] | i_uart_rx/SR[0]                        |               10 |             32 |         3.20 |
|  clk_IBUF_BUFG | i_uart_rx/rx_word_count_reg[0][0]   | i_uart_rx/SR[0]                        |               11 |             32 |         2.91 |
|  clk_IBUF_BUFG | i_uart_rx/rx_word_count_reg[0]_0[0] | i_uart_rx/SR[0]                        |               12 |             32 |         2.67 |
|  clk_IBUF_BUFG | i_uart_rx/rx_word_count_reg[1][0]   | i_uart_rx/SR[0]                        |                7 |             32 |         4.57 |
|  clk_IBUF_BUFG | dut/ap_ready_int                    | dut/flow_control_loop_pipe_U/SR[0]     |                5 |             32 |         6.40 |
|  clk_IBUF_BUFG | dut/ap_CS_fsm_state4                | dut/flow_control_loop_pipe_U/SR[0]     |                8 |             32 |         4.00 |
|  clk_IBUF_BUFG | dut/ap_CS_fsm_state4                |                                        |                6 |             32 |         5.33 |
|  clk_IBUF_BUFG | i_uart_rx/rx_word_count_reg[1]_0[0] | i_uart_rx/SR[0]                        |               11 |             32 |         2.91 |
|  clk_IBUF_BUFG | i_uart_rx/rx_word_count_reg[3]_1[0] | i_uart_rx/SR[0]                        |               10 |             32 |         3.20 |
|  clk_IBUF_BUFG | i_uart_rx/rx_word_count_reg[3]_0[0] | i_uart_rx/SR[0]                        |               10 |             32 |         3.20 |
|  clk_IBUF_BUFG | i_uart_rx/rx_word_count_reg[2][0]   | i_uart_rx/SR[0]                        |                9 |             32 |         3.56 |
|  clk_IBUF_BUFG | i_uart_rx/rx_word_count_reg[2]_2[0] | i_uart_rx/SR[0]                        |               11 |             32 |         2.91 |
|  clk_IBUF_BUFG | i_uart_rx/rx_word_count_reg[2]_0[0] | i_uart_rx/SR[0]                        |                8 |             32 |         4.00 |
|  clk_IBUF_BUFG | dut/ap_CS_fsm_state5                |                                        |                6 |             33 |         5.50 |
|  clk_IBUF_BUFG | dut/p_ZL5L_row_1_U/E[0]             |                                        |               34 |             61 |         1.79 |
|  clk_IBUF_BUFG | dut/ap_CS_fsm_state2                |                                        |               14 |             64 |         4.57 |
|  clk_IBUF_BUFG | dut/ap_CS_fsm_reg[7]_0[0]           |                                        |               11 |             76 |         6.91 |
+----------------+-------------------------------------+----------------------------------------+------------------+----------------+--------------+


